
===========================================================================
report_checks -path_delay min (Hold)
============================================================================
======================= Typical Corner ===================================

Startpoint: din2[5] (input port clocked by __VIRTUAL_CLK__)
Endpoint: dout[5] (output port clocked by __VIRTUAL_CLK__)
Path Group: __VIRTUAL_CLK__
Path Type: min

Fanout     Cap    Slew   Delay    Time   Description
-----------------------------------------------------------------------------
                  0.00    0.00    0.00   clock __VIRTUAL_CLK__ (rise edge)
                          0.00    0.00   clock network delay (ideal)
                          2.00    2.00 ^ input external delay
     1    0.00    0.02    0.01    2.01 ^ din2[5] (in)
                                         din2[5] (net)
                  0.02    0.00    2.01 ^ input14/A (sky130_fd_sc_hd__buf_2)
     5    0.03    0.14    0.16    2.17 ^ input14/X (sky130_fd_sc_hd__buf_2)
                                         net14 (net)
                  0.14    0.00    2.17 ^ _233_/A1 (sky130_fd_sc_hd__a311o_1)
     1    0.01    0.09    0.20    2.36 ^ _233_/X (sky130_fd_sc_hd__a311o_1)
                                         _161_ (net)
                  0.09    0.00    2.36 ^ _267_/B1 (sky130_fd_sc_hd__a211o_1)
     1    0.01    0.06    0.12    2.48 ^ _267_/X (sky130_fd_sc_hd__a211o_1)
                                         net25 (net)
                  0.06    0.00    2.48 ^ output25/A (sky130_fd_sc_hd__buf_2)
     1    0.03    0.17    0.19    2.68 ^ output25/X (sky130_fd_sc_hd__buf_2)
                                         dout[5] (net)
                  0.17    0.00    2.68 ^ dout[5] (out)
                                  2.68   data arrival time

                  0.00    0.00    0.00   clock __VIRTUAL_CLK__ (rise edge)
                          0.00    0.00   clock network delay (ideal)
                          0.25    0.25   clock uncertainty
                          0.00    0.25   clock reconvergence pessimism
                         -2.00   -1.75   output external delay
                                 -1.75   data required time
-----------------------------------------------------------------------------
                                 -1.75   data required time
                                 -2.68   data arrival time
-----------------------------------------------------------------------------
                                  4.43   slack (MET)


Startpoint: din1[0] (input port clocked by __VIRTUAL_CLK__)
Endpoint: dout[0] (output port clocked by __VIRTUAL_CLK__)
Path Group: __VIRTUAL_CLK__
Path Type: min

Fanout     Cap    Slew   Delay    Time   Description
-----------------------------------------------------------------------------
                  0.00    0.00    0.00   clock __VIRTUAL_CLK__ (rise edge)
                          0.00    0.00   clock network delay (ideal)
                          2.00    2.00 v input external delay
     1    0.00    0.01    0.00    2.00 v din1[0] (in)
                                         din1[0] (net)
                  0.01    0.00    2.00 v input1/A (sky130_fd_sc_hd__buf_1)
     2    0.01    0.08    0.11    2.11 v input1/X (sky130_fd_sc_hd__buf_1)
                                         net1 (net)
                  0.08    0.00    2.11 v _190_/A (sky130_fd_sc_hd__buf_2)
    10    0.03    0.08    0.18    2.29 v _190_/X (sky130_fd_sc_hd__buf_2)
                                         _118_ (net)
                  0.08    0.00    2.30 v _307_/A2 (sky130_fd_sc_hd__a31o_1)
     1    0.01    0.05    0.22    2.52 v _307_/X (sky130_fd_sc_hd__a31o_1)
                                         net20 (net)
                  0.05    0.00    2.52 v output20/A (sky130_fd_sc_hd__buf_2)
     1    0.03    0.09    0.17    2.69 v output20/X (sky130_fd_sc_hd__buf_2)
                                         dout[0] (net)
                  0.09    0.00    2.69 v dout[0] (out)
                                  2.69   data arrival time

                  0.00    0.00    0.00   clock __VIRTUAL_CLK__ (rise edge)
                          0.00    0.00   clock network delay (ideal)
                          0.25    0.25   clock uncertainty
                          0.00    0.25   clock reconvergence pessimism
                         -2.00   -1.75   output external delay
                                 -1.75   data required time
-----------------------------------------------------------------------------
                                 -1.75   data required time
                                 -2.69   data arrival time
-----------------------------------------------------------------------------
                                  4.44   slack (MET)


Startpoint: din1[6] (input port clocked by __VIRTUAL_CLK__)
Endpoint: dout[6] (output port clocked by __VIRTUAL_CLK__)
Path Group: __VIRTUAL_CLK__
Path Type: min

Fanout     Cap    Slew   Delay    Time   Description
-----------------------------------------------------------------------------
                  0.00    0.00    0.00   clock __VIRTUAL_CLK__ (rise edge)
                          0.00    0.00   clock network delay (ideal)
                          2.00    2.00 v input external delay
     1    0.00    0.01    0.00    2.00 v din1[6] (in)
                                         din1[6] (net)
                  0.01    0.00    2.00 v input7/A (sky130_fd_sc_hd__clkbuf_2)
     5    0.02    0.08    0.13    2.13 v input7/X (sky130_fd_sc_hd__clkbuf_2)
                                         net7 (net)
                  0.08    0.00    2.13 v _289_/A1 (sky130_fd_sc_hd__o211ai_1)
     1    0.00    0.08    0.18    2.32 ^ _289_/Y (sky130_fd_sc_hd__o211ai_1)
                                         _046_ (net)
                  0.08    0.00    2.32 ^ _290_/B1 (sky130_fd_sc_hd__a31o_1)
     1    0.01    0.09    0.13    2.44 ^ _290_/X (sky130_fd_sc_hd__a31o_1)
                                         _047_ (net)
                  0.09    0.00    2.44 ^ _291_/B1 (sky130_fd_sc_hd__a21o_1)
     1    0.00    0.04    0.08    2.53 ^ _291_/X (sky130_fd_sc_hd__a21o_1)
                                         net26 (net)
                  0.04    0.00    2.53 ^ output26/A (sky130_fd_sc_hd__buf_2)
     1    0.03    0.17    0.18    2.71 ^ output26/X (sky130_fd_sc_hd__buf_2)
                                         dout[6] (net)
                  0.17    0.00    2.71 ^ dout[6] (out)
                                  2.71   data arrival time

                  0.00    0.00    0.00   clock __VIRTUAL_CLK__ (rise edge)
                          0.00    0.00   clock network delay (ideal)
                          0.25    0.25   clock uncertainty
                          0.00    0.25   clock reconvergence pessimism
                         -2.00   -1.75   output external delay
                                 -1.75   data required time
-----------------------------------------------------------------------------
                                 -1.75   data required time
                                 -2.71   data arrival time
-----------------------------------------------------------------------------
                                  4.46   slack (MET)


Startpoint: din2[4] (input port clocked by __VIRTUAL_CLK__)
Endpoint: dout[4] (output port clocked by __VIRTUAL_CLK__)
Path Group: __VIRTUAL_CLK__
Path Type: min

Fanout     Cap    Slew   Delay    Time   Description
-----------------------------------------------------------------------------
                  0.00    0.00    0.00   clock __VIRTUAL_CLK__ (rise edge)
                          0.00    0.00   clock network delay (ideal)
                          2.00    2.00 ^ input external delay
     1    0.00    0.02    0.01    2.01 ^ din2[4] (in)
                                         din2[4] (net)
                  0.02    0.00    2.01 ^ input13/A (sky130_fd_sc_hd__buf_2)
     6    0.03    0.16    0.17    2.18 ^ input13/X (sky130_fd_sc_hd__buf_2)
                                         net13 (net)
                  0.16    0.00    2.18 ^ _341_/A1 (sky130_fd_sc_hd__a31o_1)
     1    0.00    0.04    0.15    2.33 ^ _341_/X (sky130_fd_sc_hd__a31o_1)
                                         _092_ (net)
                  0.04    0.00    2.33 ^ _346_/B (sky130_fd_sc_hd__or3_1)
     1    0.01    0.08    0.12    2.45 ^ _346_/X (sky130_fd_sc_hd__or3_1)
                                         _097_ (net)
                  0.08    0.00    2.45 ^ _347_/A (sky130_fd_sc_hd__clkbuf_1)
     1    0.00    0.04    0.08    2.53 ^ _347_/X (sky130_fd_sc_hd__clkbuf_1)
                                         net24 (net)
                  0.04    0.00    2.53 ^ output24/A (sky130_fd_sc_hd__buf_2)
     1    0.03    0.17    0.19    2.72 ^ output24/X (sky130_fd_sc_hd__buf_2)
                                         dout[4] (net)
                  0.17    0.00    2.72 ^ dout[4] (out)
                                  2.72   data arrival time

                  0.00    0.00    0.00   clock __VIRTUAL_CLK__ (rise edge)
                          0.00    0.00   clock network delay (ideal)
                          0.25    0.25   clock uncertainty
                          0.00    0.25   clock reconvergence pessimism
                         -2.00   -1.75   output external delay
                                 -1.75   data required time
-----------------------------------------------------------------------------
                                 -1.75   data required time
                                 -2.72   data arrival time
-----------------------------------------------------------------------------
                                  4.47   slack (MET)


Startpoint: op[2] (input port clocked by __VIRTUAL_CLK__)
Endpoint: dout[7] (output port clocked by __VIRTUAL_CLK__)
Path Group: __VIRTUAL_CLK__
Path Type: min

Fanout     Cap    Slew   Delay    Time   Description
-----------------------------------------------------------------------------
                  0.00    0.00    0.00   clock __VIRTUAL_CLK__ (rise edge)
                          0.00    0.00   clock network delay (ideal)
                          2.00    2.00 v input external delay
     1    0.00    0.01    0.00    2.00 v op[2] (in)
                                         op[2] (net)
                  0.01    0.00    2.00 v input19/A (sky130_fd_sc_hd__clkbuf_4)
     6    0.04    0.09    0.17    2.17 v input19/X (sky130_fd_sc_hd__clkbuf_4)
                                         net19 (net)
                  0.09    0.00    2.17 v _265_/A (sky130_fd_sc_hd__and3_2)
     7    0.03    0.09    0.24    2.41 v _265_/X (sky130_fd_sc_hd__and3_2)
                                         _023_ (net)
                  0.09    0.00    2.41 v _302_/A1 (sky130_fd_sc_hd__a31o_1)
     1    0.01    0.05    0.19    2.60 v _302_/X (sky130_fd_sc_hd__a31o_1)
                                         net27 (net)
                  0.05    0.00    2.60 v output27/A (sky130_fd_sc_hd__buf_2)
     1    0.03    0.09    0.17    2.78 v output27/X (sky130_fd_sc_hd__buf_2)
                                         dout[7] (net)
                  0.09    0.00    2.78 v dout[7] (out)
                                  2.78   data arrival time

                  0.00    0.00    0.00   clock __VIRTUAL_CLK__ (rise edge)
                          0.00    0.00   clock network delay (ideal)
                          0.25    0.25   clock uncertainty
                          0.00    0.25   clock reconvergence pessimism
                         -2.00   -1.75   output external delay
                                 -1.75   data required time
-----------------------------------------------------------------------------
                                 -1.75   data required time
                                 -2.78   data arrival time
-----------------------------------------------------------------------------
                                  4.53   slack (MET)


Startpoint: op[2] (input port clocked by __VIRTUAL_CLK__)
Endpoint: dout[2] (output port clocked by __VIRTUAL_CLK__)
Path Group: __VIRTUAL_CLK__
Path Type: min

Fanout     Cap    Slew   Delay    Time   Description
-----------------------------------------------------------------------------
                  0.00    0.00    0.00   clock __VIRTUAL_CLK__ (rise edge)
                          0.00    0.00   clock network delay (ideal)
                          2.00    2.00 v input external delay
     1    0.00    0.01    0.00    2.00 v op[2] (in)
                                         op[2] (net)
                  0.01    0.00    2.00 v input19/A (sky130_fd_sc_hd__clkbuf_4)
     6    0.04    0.09    0.17    2.17 v input19/X (sky130_fd_sc_hd__clkbuf_4)
                                         net19 (net)
                  0.09    0.00    2.17 v _265_/A (sky130_fd_sc_hd__and3_2)
     7    0.03    0.09    0.24    2.41 v _265_/X (sky130_fd_sc_hd__and3_2)
                                         _023_ (net)
                  0.09    0.00    2.41 v _326_/A2 (sky130_fd_sc_hd__a31o_1)
     1    0.00    0.04    0.21    2.63 v _326_/X (sky130_fd_sc_hd__a31o_1)
                                         net22 (net)
                  0.04    0.00    2.63 v output22/A (sky130_fd_sc_hd__buf_2)
     1    0.03    0.09    0.17    2.79 v output22/X (sky130_fd_sc_hd__buf_2)
                                         dout[2] (net)
                  0.09    0.00    2.79 v dout[2] (out)
                                  2.79   data arrival time

                  0.00    0.00    0.00   clock __VIRTUAL_CLK__ (rise edge)
                          0.00    0.00   clock network delay (ideal)
                          0.25    0.25   clock uncertainty
                          0.00    0.25   clock reconvergence pessimism
                         -2.00   -1.75   output external delay
                                 -1.75   data required time
-----------------------------------------------------------------------------
                                 -1.75   data required time
                                 -2.79   data arrival time
-----------------------------------------------------------------------------
                                  4.54   slack (MET)


Startpoint: op[2] (input port clocked by __VIRTUAL_CLK__)
Endpoint: dout[3] (output port clocked by __VIRTUAL_CLK__)
Path Group: __VIRTUAL_CLK__
Path Type: min

Fanout     Cap    Slew   Delay    Time   Description
-----------------------------------------------------------------------------
                  0.00    0.00    0.00   clock __VIRTUAL_CLK__ (rise edge)
                          0.00    0.00   clock network delay (ideal)
                          2.00    2.00 v input external delay
     1    0.00    0.01    0.00    2.00 v op[2] (in)
                                         op[2] (net)
                  0.01    0.00    2.00 v input19/A (sky130_fd_sc_hd__clkbuf_4)
     6    0.04    0.09    0.17    2.17 v input19/X (sky130_fd_sc_hd__clkbuf_4)
                                         net19 (net)
                  0.09    0.00    2.17 v _170_/A (sky130_fd_sc_hd__inv_2)
     2    0.02    0.08    0.10    2.27 ^ _170_/Y (sky130_fd_sc_hd__inv_2)
                                         _098_ (net)
                  0.08    0.00    2.27 ^ _172_/A (sky130_fd_sc_hd__nor2_4)
     8    0.03    0.05    0.07    2.34 v _172_/Y (sky130_fd_sc_hd__nor2_4)
                                         _100_ (net)
                  0.05    0.00    2.34 v _335_/B2 (sky130_fd_sc_hd__a221o_1)
     1    0.01    0.07    0.33    2.67 v _335_/X (sky130_fd_sc_hd__a221o_1)
                                         net23 (net)
                  0.07    0.00    2.67 v output23/A (sky130_fd_sc_hd__buf_2)
     1    0.03    0.09    0.18    2.85 v output23/X (sky130_fd_sc_hd__buf_2)
                                         dout[3] (net)
                  0.09    0.00    2.85 v dout[3] (out)
                                  2.85   data arrival time

                  0.00    0.00    0.00   clock __VIRTUAL_CLK__ (rise edge)
                          0.00    0.00   clock network delay (ideal)
                          0.25    0.25   clock uncertainty
                          0.00    0.25   clock reconvergence pessimism
                         -2.00   -1.75   output external delay
                                 -1.75   data required time
-----------------------------------------------------------------------------
                                 -1.75   data required time
                                 -2.85   data arrival time
-----------------------------------------------------------------------------
                                  4.60   slack (MET)


Startpoint: din2[1] (input port clocked by __VIRTUAL_CLK__)
Endpoint: dout[1] (output port clocked by __VIRTUAL_CLK__)
Path Group: __VIRTUAL_CLK__
Path Type: min

Fanout     Cap    Slew   Delay    Time   Description
-----------------------------------------------------------------------------
                  0.00    0.00    0.00   clock __VIRTUAL_CLK__ (rise edge)
                          0.00    0.00   clock network delay (ideal)
                          2.00    2.00 ^ input external delay
     1    0.00    0.02    0.01    2.01 ^ din2[1] (in)
                                         din2[1] (net)
                  0.02    0.00    2.01 ^ input10/A (sky130_fd_sc_hd__clkbuf_2)
     5    0.02    0.12    0.14    2.15 ^ input10/X (sky130_fd_sc_hd__clkbuf_2)
                                         net10 (net)
                  0.12    0.00    2.15 ^ _175_/A (sky130_fd_sc_hd__clkbuf_4)
    10    0.05    0.15    0.23    2.38 ^ _175_/X (sky130_fd_sc_hd__clkbuf_4)
                                         _103_ (net)
                  0.15    0.00    2.38 ^ _309_/A2 (sky130_fd_sc_hd__o22a_1)
     1    0.00    0.05    0.15    2.53 ^ _309_/X (sky130_fd_sc_hd__o22a_1)
                                         _063_ (net)
                  0.05    0.00    2.53 ^ _317_/A (sky130_fd_sc_hd__or4b_1)
     1    0.01    0.07    0.12    2.65 ^ _317_/X (sky130_fd_sc_hd__or4b_1)
                                         _071_ (net)
                  0.07    0.00    2.65 ^ _318_/A (sky130_fd_sc_hd__buf_1)
     1    0.01    0.12    0.13    2.78 ^ _318_/X (sky130_fd_sc_hd__buf_1)
                                         net21 (net)
                  0.12    0.00    2.78 ^ output21/A (sky130_fd_sc_hd__buf_2)
     1    0.03    0.17    0.21    2.99 ^ output21/X (sky130_fd_sc_hd__buf_2)
                                         dout[1] (net)
                  0.17    0.00    2.99 ^ dout[1] (out)
                                  2.99   data arrival time

                  0.00    0.00    0.00   clock __VIRTUAL_CLK__ (rise edge)
                          0.00    0.00   clock network delay (ideal)
                          0.25    0.25   clock uncertainty
                          0.00    0.25   clock reconvergence pessimism
                         -2.00   -1.75   output external delay
                                 -1.75   data required time
-----------------------------------------------------------------------------
                                 -1.75   data required time
                                 -2.99   data arrival time
-----------------------------------------------------------------------------
                                  4.74   slack (MET)



worst slack corner Typical: 4.4260
