
===========================================================================
report_checks -path_delay max (Setup)
============================================================================
======================= Typical Corner ===================================

Startpoint: din2[0] (input port clocked by __VIRTUAL_CLK__)
Endpoint: dout[6] (output port clocked by __VIRTUAL_CLK__)
Path Group: __VIRTUAL_CLK__
Path Type: max

Fanout     Cap    Slew   Delay    Time   Description
-----------------------------------------------------------------------------
                  0.00    0.00    0.00   clock __VIRTUAL_CLK__ (rise edge)
                          0.00    0.00   clock network delay (ideal)
                          2.00    2.00 v input external delay
     1    0.00    0.01    0.00    2.00 v din2[0] (in)
                                         din2[0] (net)
                  0.01    0.00    2.00 v input9/A (sky130_fd_sc_hd__clkbuf_2)
     4    0.02    0.08    0.14    2.14 v input9/X (sky130_fd_sc_hd__clkbuf_2)
                                         net9 (net)
                  0.08    0.00    2.14 v _234_/A (sky130_fd_sc_hd__or2_2)
     4    0.02    0.09    0.38    2.52 v _234_/X (sky130_fd_sc_hd__or2_2)
                                         _162_ (net)
                  0.09    0.00    2.52 v _236_/A3 (sky130_fd_sc_hd__o31a_2)
     3    0.02    0.08    0.36    2.88 v _236_/X (sky130_fd_sc_hd__o31a_2)
                                         _164_ (net)
                  0.08    0.00    2.88 v _268_/A3 (sky130_fd_sc_hd__o31a_1)
     2    0.01    0.08    0.30    3.18 v _268_/X (sky130_fd_sc_hd__o31a_1)
                                         _025_ (net)
                  0.08    0.00    3.18 v _269_/B (sky130_fd_sc_hd__xnor2_1)
     2    0.01    0.09    0.18    3.36 v _269_/Y (sky130_fd_sc_hd__xnor2_1)
                                         _026_ (net)
                  0.09    0.00    3.36 v _270_/B (sky130_fd_sc_hd__and2_1)
     3    0.01    0.08    0.23    3.59 v _270_/X (sky130_fd_sc_hd__and2_1)
                                         _027_ (net)
                  0.08    0.00    3.59 v _272_/A (sky130_fd_sc_hd__or2_2)
     2    0.02    0.09    0.38    3.97 v _272_/X (sky130_fd_sc_hd__or2_2)
                                         _029_ (net)
                  0.09    0.00    3.97 v _276_/B1 (sky130_fd_sc_hd__a311oi_4)
     3    0.02    0.31    0.37    4.35 ^ _276_/Y (sky130_fd_sc_hd__a311oi_4)
                                         _033_ (net)
                  0.31    0.00    4.35 ^ _277_/A_N (sky130_fd_sc_hd__and2b_1)
     1    0.01    0.06    0.26    4.61 v _277_/X (sky130_fd_sc_hd__and2b_1)
                                         _034_ (net)
                  0.06    0.00    4.61 v _291_/A2 (sky130_fd_sc_hd__a21o_1)
     1    0.00    0.03    0.19    4.79 v _291_/X (sky130_fd_sc_hd__a21o_1)
                                         net26 (net)
                  0.03    0.00    4.79 v output26/A (sky130_fd_sc_hd__buf_2)
     1    0.03    0.09    0.18    4.98 v output26/X (sky130_fd_sc_hd__buf_2)
                                         dout[6] (net)
                  0.09    0.00    4.98 v dout[6] (out)
                                  4.98   data arrival time

                  0.00   10.00   10.00   clock __VIRTUAL_CLK__ (rise edge)
                          0.00   10.00   clock network delay (ideal)
                         -0.25    9.75   clock uncertainty
                          0.00    9.75   clock reconvergence pessimism
                         -2.00    7.75   output external delay
                                  7.75   data required time
-----------------------------------------------------------------------------
                                  7.75   data required time
                                 -4.98   data arrival time
-----------------------------------------------------------------------------
                                  2.77   slack (MET)


Startpoint: din2[0] (input port clocked by __VIRTUAL_CLK__)
Endpoint: dout[7] (output port clocked by __VIRTUAL_CLK__)
Path Group: __VIRTUAL_CLK__
Path Type: max

Fanout     Cap    Slew   Delay    Time   Description
-----------------------------------------------------------------------------
                  0.00    0.00    0.00   clock __VIRTUAL_CLK__ (rise edge)
                          0.00    0.00   clock network delay (ideal)
                          2.00    2.00 v input external delay
     1    0.00    0.01    0.00    2.00 v din2[0] (in)
                                         din2[0] (net)
                  0.01    0.00    2.00 v input9/A (sky130_fd_sc_hd__clkbuf_2)
     4    0.02    0.08    0.14    2.14 v input9/X (sky130_fd_sc_hd__clkbuf_2)
                                         net9 (net)
                  0.08    0.00    2.14 v _234_/A (sky130_fd_sc_hd__or2_2)
     4    0.02    0.09    0.38    2.52 v _234_/X (sky130_fd_sc_hd__or2_2)
                                         _162_ (net)
                  0.09    0.00    2.52 v _236_/A3 (sky130_fd_sc_hd__o31a_2)
     3    0.02    0.08    0.36    2.88 v _236_/X (sky130_fd_sc_hd__o31a_2)
                                         _164_ (net)
                  0.08    0.00    2.88 v _268_/A3 (sky130_fd_sc_hd__o31a_1)
     2    0.01    0.08    0.30    3.18 v _268_/X (sky130_fd_sc_hd__o31a_1)
                                         _025_ (net)
                  0.08    0.00    3.18 v _269_/B (sky130_fd_sc_hd__xnor2_1)
     2    0.01    0.09    0.18    3.36 v _269_/Y (sky130_fd_sc_hd__xnor2_1)
                                         _026_ (net)
                  0.09    0.00    3.36 v _270_/B (sky130_fd_sc_hd__and2_1)
     3    0.01    0.08    0.23    3.59 v _270_/X (sky130_fd_sc_hd__and2_1)
                                         _027_ (net)
                  0.08    0.00    3.59 v _272_/A (sky130_fd_sc_hd__or2_2)
     2    0.02    0.09    0.38    3.97 v _272_/X (sky130_fd_sc_hd__or2_2)
                                         _029_ (net)
                  0.09    0.00    3.97 v _276_/B1 (sky130_fd_sc_hd__a311oi_4)
     3    0.02    0.31    0.37    4.35 ^ _276_/Y (sky130_fd_sc_hd__a311oi_4)
                                         _033_ (net)
                  0.31    0.00    4.35 ^ _296_/B (sky130_fd_sc_hd__or3_1)
     1    0.01    0.08    0.20    4.54 ^ _296_/X (sky130_fd_sc_hd__or3_1)
                                         _052_ (net)
                  0.08    0.00    4.54 ^ _302_/A3 (sky130_fd_sc_hd__a31o_1)
     1    0.01    0.07    0.17    4.71 ^ _302_/X (sky130_fd_sc_hd__a31o_1)
                                         net27 (net)
                  0.07    0.00    4.71 ^ output27/A (sky130_fd_sc_hd__buf_2)
     1    0.03    0.17    0.22    4.93 ^ output27/X (sky130_fd_sc_hd__buf_2)
                                         dout[7] (net)
                  0.17    0.00    4.93 ^ dout[7] (out)
                                  4.93   data arrival time

                  0.00   10.00   10.00   clock __VIRTUAL_CLK__ (rise edge)
                          0.00   10.00   clock network delay (ideal)
                         -0.25    9.75   clock uncertainty
                          0.00    9.75   clock reconvergence pessimism
                         -2.00    7.75   output external delay
                                  7.75   data required time
-----------------------------------------------------------------------------
                                  7.75   data required time
                                 -4.93   data arrival time
-----------------------------------------------------------------------------
                                  2.82   slack (MET)


Startpoint: op[0] (input port clocked by __VIRTUAL_CLK__)
Endpoint: dout[4] (output port clocked by __VIRTUAL_CLK__)
Path Group: __VIRTUAL_CLK__
Path Type: max

Fanout     Cap    Slew   Delay    Time   Description
-----------------------------------------------------------------------------
                  0.00    0.00    0.00   clock __VIRTUAL_CLK__ (rise edge)
                          0.00    0.00   clock network delay (ideal)
                          2.00    2.00 v input external delay
     1    0.00    0.01    0.00    2.00 v op[0] (in)
                                         op[0] (net)
                  0.01    0.00    2.00 v input17/A (sky130_fd_sc_hd__clkbuf_2)
     5    0.02    0.10    0.15    2.16 v input17/X (sky130_fd_sc_hd__clkbuf_2)
                                         net17 (net)
                  0.10    0.00    2.16 v _235_/A_N (sky130_fd_sc_hd__nand3b_4)
     9    0.03    0.13    0.25    2.40 v _235_/Y (sky130_fd_sc_hd__nand3b_4)
                                         _163_ (net)
                  0.13    0.00    2.41 v _242_/C (sky130_fd_sc_hd__and3_1)
     2    0.01    0.07    0.26    2.67 v _242_/X (sky130_fd_sc_hd__and3_1)
                                         _000_ (net)
                  0.07    0.00    2.67 v _245_/B (sky130_fd_sc_hd__or3_1)
     2    0.01    0.11    0.42    3.09 v _245_/X (sky130_fd_sc_hd__or3_1)
                                         _003_ (net)
                  0.11    0.00    3.09 v _247_/B (sky130_fd_sc_hd__and3b_2)
     3    0.02    0.07    0.28    3.37 v _247_/X (sky130_fd_sc_hd__and3b_2)
                                         _005_ (net)
                  0.07    0.00    3.37 v _250_/A2 (sky130_fd_sc_hd__o21ai_4)
     4    0.02    0.19    0.21    3.58 ^ _250_/Y (sky130_fd_sc_hd__o21ai_4)
                                         _008_ (net)
                  0.19    0.00    3.58 ^ _336_/A2 (sky130_fd_sc_hd__a31o_1)
     1    0.00    0.05    0.18    3.76 ^ _336_/X (sky130_fd_sc_hd__a31o_1)
                                         _087_ (net)
                  0.05    0.00    3.76 ^ _337_/B (sky130_fd_sc_hd__nand2_1)
     1    0.00    0.06    0.06    3.82 v _337_/Y (sky130_fd_sc_hd__nand2_1)
                                         _088_ (net)
                  0.06    0.00    3.82 v _338_/C (sky130_fd_sc_hd__and3_1)
     1    0.01    0.06    0.21    4.03 v _338_/X (sky130_fd_sc_hd__and3_1)
                                         _089_ (net)
                  0.06    0.00    4.03 v _346_/A (sky130_fd_sc_hd__or3_1)
     1    0.01    0.10    0.43    4.46 v _346_/X (sky130_fd_sc_hd__or3_1)
                                         _097_ (net)
                  0.10    0.00    4.46 v _347_/A (sky130_fd_sc_hd__clkbuf_1)
     1    0.00    0.02    0.11    4.57 v _347_/X (sky130_fd_sc_hd__clkbuf_1)
                                         net24 (net)
                  0.02    0.00    4.57 v output24/A (sky130_fd_sc_hd__buf_2)
     1    0.03    0.09    0.18    4.75 v output24/X (sky130_fd_sc_hd__buf_2)
                                         dout[4] (net)
                  0.09    0.00    4.75 v dout[4] (out)
                                  4.75   data arrival time

                  0.00   10.00   10.00   clock __VIRTUAL_CLK__ (rise edge)
                          0.00   10.00   clock network delay (ideal)
                         -0.25    9.75   clock uncertainty
                          0.00    9.75   clock reconvergence pessimism
                         -2.00    7.75   output external delay
                                  7.75   data required time
-----------------------------------------------------------------------------
                                  7.75   data required time
                                 -4.75   data arrival time
-----------------------------------------------------------------------------
                                  3.00   slack (MET)


Startpoint: din2[1] (input port clocked by __VIRTUAL_CLK__)
Endpoint: dout[5] (output port clocked by __VIRTUAL_CLK__)
Path Group: __VIRTUAL_CLK__
Path Type: max

Fanout     Cap    Slew   Delay    Time   Description
-----------------------------------------------------------------------------
                  0.00    0.00    0.00   clock __VIRTUAL_CLK__ (rise edge)
                          0.00    0.00   clock network delay (ideal)
                          2.00    2.00 ^ input external delay
     1    0.00    0.02    0.01    2.01 ^ din2[1] (in)
                                         din2[1] (net)
                  0.02    0.00    2.01 ^ input10/A (sky130_fd_sc_hd__clkbuf_2)
     5    0.02    0.12    0.15    2.16 ^ input10/X (sky130_fd_sc_hd__clkbuf_2)
                                         net10 (net)
                  0.12    0.00    2.17 ^ _175_/A (sky130_fd_sc_hd__clkbuf_4)
    10    0.05    0.15    0.25    2.42 ^ _175_/X (sky130_fd_sc_hd__clkbuf_4)
                                         _103_ (net)
                  0.15    0.00    2.42 ^ _185_/A1 (sky130_fd_sc_hd__a22oi_4)
     3    0.02    0.08    0.12    2.54 v _185_/Y (sky130_fd_sc_hd__a22oi_4)
                                         _113_ (net)
                  0.08    0.00    2.54 v _192_/C (sky130_fd_sc_hd__or3_1)
     2    0.01    0.10    0.38    2.93 v _192_/X (sky130_fd_sc_hd__or3_1)
                                         _120_ (net)
                  0.10    0.00    2.93 v _197_/A1 (sky130_fd_sc_hd__a21o_1)
     2    0.01    0.06    0.21    3.14 v _197_/X (sky130_fd_sc_hd__a21o_1)
                                         _125_ (net)
                  0.06    0.00    3.14 v _208_/B (sky130_fd_sc_hd__and2b_1)
     1    0.01    0.07    0.21    3.34 v _208_/X (sky130_fd_sc_hd__and2b_1)
                                         _136_ (net)
                  0.07    0.00    3.34 v _209_/B (sky130_fd_sc_hd__xnor2_2)
     3    0.02    0.26    0.26    3.60 ^ _209_/Y (sky130_fd_sc_hd__xnor2_2)
                                         _137_ (net)
                  0.26    0.00    3.60 ^ _210_/C (sky130_fd_sc_hd__nand3_1)
     3    0.01    0.13    0.18    3.78 v _210_/Y (sky130_fd_sc_hd__nand3_1)
                                         _138_ (net)
                  0.13    0.00    3.78 v _219_/A2 (sky130_fd_sc_hd__a21oi_1)
     1    0.01    0.19    0.24    4.03 ^ _219_/Y (sky130_fd_sc_hd__a21oi_1)
                                         _147_ (net)
                  0.19    0.00    4.03 ^ _221_/A (sky130_fd_sc_hd__nor2_1)
     1    0.01    0.09    0.13    4.15 v _221_/Y (sky130_fd_sc_hd__nor2_1)
                                         _149_ (net)
                  0.09    0.00    4.15 v _267_/A2 (sky130_fd_sc_hd__a211o_1)
     1    0.01    0.06    0.34    4.49 v _267_/X (sky130_fd_sc_hd__a211o_1)
                                         net25 (net)
                  0.06    0.00    4.49 v output25/A (sky130_fd_sc_hd__buf_2)
     1    0.03    0.09    0.20    4.69 v output25/X (sky130_fd_sc_hd__buf_2)
                                         dout[5] (net)
                  0.09    0.00    4.69 v dout[5] (out)
                                  4.69   data arrival time

                  0.00   10.00   10.00   clock __VIRTUAL_CLK__ (rise edge)
                          0.00   10.00   clock network delay (ideal)
                         -0.25    9.75   clock uncertainty
                          0.00    9.75   clock reconvergence pessimism
                         -2.00    7.75   output external delay
                                  7.75   data required time
-----------------------------------------------------------------------------
                                  7.75   data required time
                                 -4.69   data arrival time
-----------------------------------------------------------------------------
                                  3.06   slack (MET)


Startpoint: op[0] (input port clocked by __VIRTUAL_CLK__)
Endpoint: dout[1] (output port clocked by __VIRTUAL_CLK__)
Path Group: __VIRTUAL_CLK__
Path Type: max

Fanout     Cap    Slew   Delay    Time   Description
-----------------------------------------------------------------------------
                  0.00    0.00    0.00   clock __VIRTUAL_CLK__ (rise edge)
                          0.00    0.00   clock network delay (ideal)
                          2.00    2.00 v input external delay
     1    0.00    0.01    0.00    2.00 v op[0] (in)
                                         op[0] (net)
                  0.01    0.00    2.00 v input17/A (sky130_fd_sc_hd__clkbuf_2)
     5    0.02    0.10    0.15    2.16 v input17/X (sky130_fd_sc_hd__clkbuf_2)
                                         net17 (net)
                  0.10    0.00    2.16 v _235_/A_N (sky130_fd_sc_hd__nand3b_4)
     9    0.03    0.13    0.25    2.40 v _235_/Y (sky130_fd_sc_hd__nand3b_4)
                                         _163_ (net)
                  0.13    0.00    2.41 v _242_/C (sky130_fd_sc_hd__and3_1)
     2    0.01    0.07    0.26    2.67 v _242_/X (sky130_fd_sc_hd__and3_1)
                                         _000_ (net)
                  0.07    0.00    2.67 v _245_/B (sky130_fd_sc_hd__or3_1)
     2    0.01    0.11    0.42    3.09 v _245_/X (sky130_fd_sc_hd__or3_1)
                                         _003_ (net)
                  0.11    0.00    3.10 v _314_/B (sky130_fd_sc_hd__and2b_1)
     1    0.01    0.05    0.21    3.31 v _314_/X (sky130_fd_sc_hd__and2b_1)
                                         _068_ (net)
                  0.05    0.00    3.31 v _315_/A (sky130_fd_sc_hd__nor2_1)
     1    0.01    0.19    0.19    3.50 ^ _315_/Y (sky130_fd_sc_hd__nor2_1)
                                         _069_ (net)
                  0.19    0.00    3.50 ^ _316_/B (sky130_fd_sc_hd__or3b_1)
     1    0.00    0.06    0.16    3.66 ^ _316_/X (sky130_fd_sc_hd__or3b_1)
                                         _070_ (net)
                  0.06    0.00    3.66 ^ _317_/D_N (sky130_fd_sc_hd__or4b_1)
     1    0.01    0.11    0.49    4.15 v _317_/X (sky130_fd_sc_hd__or4b_1)
                                         _071_ (net)
                  0.11    0.00    4.15 v _318_/A (sky130_fd_sc_hd__buf_1)
     1    0.01    0.06    0.15    4.30 v _318_/X (sky130_fd_sc_hd__buf_1)
                                         net21 (net)
                  0.06    0.00    4.30 v output21/A (sky130_fd_sc_hd__buf_2)
     1    0.03    0.09    0.20    4.50 v output21/X (sky130_fd_sc_hd__buf_2)
                                         dout[1] (net)
                  0.09    0.00    4.50 v dout[1] (out)
                                  4.50   data arrival time

                  0.00   10.00   10.00   clock __VIRTUAL_CLK__ (rise edge)
                          0.00   10.00   clock network delay (ideal)
                         -0.25    9.75   clock uncertainty
                          0.00    9.75   clock reconvergence pessimism
                         -2.00    7.75   output external delay
                                  7.75   data required time
-----------------------------------------------------------------------------
                                  7.75   data required time
                                 -4.50   data arrival time
-----------------------------------------------------------------------------
                                  3.25   slack (MET)


Startpoint: op[0] (input port clocked by __VIRTUAL_CLK__)
Endpoint: dout[3] (output port clocked by __VIRTUAL_CLK__)
Path Group: __VIRTUAL_CLK__
Path Type: max

Fanout     Cap    Slew   Delay    Time   Description
-----------------------------------------------------------------------------
                  0.00    0.00    0.00   clock __VIRTUAL_CLK__ (rise edge)
                          0.00    0.00   clock network delay (ideal)
                          2.00    2.00 v input external delay
     1    0.00    0.01    0.00    2.00 v op[0] (in)
                                         op[0] (net)
                  0.01    0.00    2.00 v input17/A (sky130_fd_sc_hd__clkbuf_2)
     5    0.02    0.10    0.15    2.16 v input17/X (sky130_fd_sc_hd__clkbuf_2)
                                         net17 (net)
                  0.10    0.00    2.16 v _235_/A_N (sky130_fd_sc_hd__nand3b_4)
     9    0.03    0.13    0.25    2.40 v _235_/Y (sky130_fd_sc_hd__nand3b_4)
                                         _163_ (net)
                  0.13    0.00    2.41 v _242_/C (sky130_fd_sc_hd__and3_1)
     2    0.01    0.07    0.26    2.67 v _242_/X (sky130_fd_sc_hd__and3_1)
                                         _000_ (net)
                  0.07    0.00    2.67 v _245_/B (sky130_fd_sc_hd__or3_1)
     2    0.01    0.11    0.42    3.09 v _245_/X (sky130_fd_sc_hd__or3_1)
                                         _003_ (net)
                  0.11    0.00    3.09 v _247_/B (sky130_fd_sc_hd__and3b_2)
     3    0.02    0.07    0.28    3.37 v _247_/X (sky130_fd_sc_hd__and3b_2)
                                         _005_ (net)
                  0.07    0.00    3.37 v _250_/A2 (sky130_fd_sc_hd__o21ai_4)
     4    0.02    0.19    0.21    3.58 ^ _250_/Y (sky130_fd_sc_hd__o21ai_4)
                                         _008_ (net)
                  0.19    0.00    3.58 ^ _328_/B (sky130_fd_sc_hd__nand2_1)
     1    0.01    0.09    0.13    3.71 v _328_/Y (sky130_fd_sc_hd__nand2_1)
                                         _080_ (net)
                  0.09    0.00    3.71 v _329_/B (sky130_fd_sc_hd__xnor2_1)
     1    0.01    0.06    0.16    3.87 v _329_/Y (sky130_fd_sc_hd__xnor2_1)
                                         _081_ (net)
                  0.06    0.00    3.87 v _335_/A2 (sky130_fd_sc_hd__a221o_1)
     1    0.01    0.08    0.39    4.26 v _335_/X (sky130_fd_sc_hd__a221o_1)
                                         net23 (net)
                  0.08    0.00    4.26 v output23/A (sky130_fd_sc_hd__buf_2)
     1    0.03    0.09    0.20    4.46 v output23/X (sky130_fd_sc_hd__buf_2)
                                         dout[3] (net)
                  0.09    0.00    4.46 v dout[3] (out)
                                  4.46   data arrival time

                  0.00   10.00   10.00   clock __VIRTUAL_CLK__ (rise edge)
                          0.00   10.00   clock network delay (ideal)
                         -0.25    9.75   clock uncertainty
                          0.00    9.75   clock reconvergence pessimism
                         -2.00    7.75   output external delay
                                  7.75   data required time
-----------------------------------------------------------------------------
                                  7.75   data required time
                                 -4.46   data arrival time
-----------------------------------------------------------------------------
                                  3.29   slack (MET)


Startpoint: din2[0] (input port clocked by __VIRTUAL_CLK__)
Endpoint: dout[2] (output port clocked by __VIRTUAL_CLK__)
Path Group: __VIRTUAL_CLK__
Path Type: max

Fanout     Cap    Slew   Delay    Time   Description
-----------------------------------------------------------------------------
                  0.00    0.00    0.00   clock __VIRTUAL_CLK__ (rise edge)
                          0.00    0.00   clock network delay (ideal)
                          2.00    2.00 v input external delay
     1    0.00    0.01    0.00    2.00 v din2[0] (in)
                                         din2[0] (net)
                  0.01    0.00    2.00 v input9/A (sky130_fd_sc_hd__clkbuf_2)
     4    0.02    0.08    0.14    2.14 v input9/X (sky130_fd_sc_hd__clkbuf_2)
                                         net9 (net)
                  0.08    0.00    2.14 v _234_/A (sky130_fd_sc_hd__or2_2)
     4    0.02    0.09    0.38    2.52 v _234_/X (sky130_fd_sc_hd__or2_2)
                                         _162_ (net)
                  0.09    0.00    2.52 v _240_/C (sky130_fd_sc_hd__and3_1)
     2    0.01    0.08    0.25    2.77 v _240_/X (sky130_fd_sc_hd__and3_1)
                                         _168_ (net)
                  0.08    0.00    2.77 v _248_/C (sky130_fd_sc_hd__or3_1)
     1    0.01    0.09    0.36    3.13 v _248_/X (sky130_fd_sc_hd__or3_1)
                                         _006_ (net)
                  0.09    0.00    3.13 v _249_/B (sky130_fd_sc_hd__and2_2)
     2    0.02    0.07    0.26    3.39 v _249_/X (sky130_fd_sc_hd__and2_2)
                                         _007_ (net)
                  0.07    0.00    3.39 v _319_/A (sky130_fd_sc_hd__or3_1)
     1    0.00    0.08    0.40    3.79 v _319_/X (sky130_fd_sc_hd__or3_1)
                                         _072_ (net)
                  0.08    0.00    3.79 v _326_/A3 (sky130_fd_sc_hd__a31o_1)
     1    0.00    0.04    0.24    4.03 v _326_/X (sky130_fd_sc_hd__a31o_1)
                                         net22 (net)
                  0.04    0.00    4.03 v output22/A (sky130_fd_sc_hd__buf_2)
     1    0.03    0.09    0.19    4.22 v output22/X (sky130_fd_sc_hd__buf_2)
                                         dout[2] (net)
                  0.09    0.00    4.22 v dout[2] (out)
                                  4.22   data arrival time

                  0.00   10.00   10.00   clock __VIRTUAL_CLK__ (rise edge)
                          0.00   10.00   clock network delay (ideal)
                         -0.25    9.75   clock uncertainty
                          0.00    9.75   clock reconvergence pessimism
                         -2.00    7.75   output external delay
                                  7.75   data required time
-----------------------------------------------------------------------------
                                  7.75   data required time
                                 -4.22   data arrival time
-----------------------------------------------------------------------------
                                  3.53   slack (MET)


Startpoint: op[0] (input port clocked by __VIRTUAL_CLK__)
Endpoint: dout[0] (output port clocked by __VIRTUAL_CLK__)
Path Group: __VIRTUAL_CLK__
Path Type: max

Fanout     Cap    Slew   Delay    Time   Description
-----------------------------------------------------------------------------
                  0.00    0.00    0.00   clock __VIRTUAL_CLK__ (rise edge)
                          0.00    0.00   clock network delay (ideal)
                          2.00    2.00 v input external delay
     1    0.00    0.01    0.00    2.00 v op[0] (in)
                                         op[0] (net)
                  0.01    0.00    2.00 v input17/A (sky130_fd_sc_hd__clkbuf_2)
     5    0.02    0.10    0.15    2.16 v input17/X (sky130_fd_sc_hd__clkbuf_2)
                                         net17 (net)
                  0.10    0.00    2.16 v _171_/A (sky130_fd_sc_hd__or2_2)
     4    0.02    0.10    0.40    2.55 v _171_/X (sky130_fd_sc_hd__or2_2)
                                         _099_ (net)
                  0.10    0.00    2.55 v _224_/B (sky130_fd_sc_hd__or2_1)
     1    0.01    0.07    0.27    2.82 v _224_/X (sky130_fd_sc_hd__or2_1)
                                         _152_ (net)
                  0.07    0.00    2.82 v _225_/A (sky130_fd_sc_hd__clkbuf_4)
     8    0.03    0.08    0.20    3.03 v _225_/X (sky130_fd_sc_hd__clkbuf_4)
                                         _153_ (net)
                  0.08    0.00    3.03 v _306_/A2 (sky130_fd_sc_hd__o21ai_1)
     1    0.00    0.13    0.16    3.19 ^ _306_/Y (sky130_fd_sc_hd__o21ai_1)
                                         _061_ (net)
                  0.13    0.00    3.19 ^ _307_/B1 (sky130_fd_sc_hd__a31o_1)
     1    0.01    0.08    0.15    3.34 ^ _307_/X (sky130_fd_sc_hd__a31o_1)
                                         net20 (net)
                  0.08    0.00    3.34 ^ output20/A (sky130_fd_sc_hd__buf_2)
     1    0.03    0.17    0.22    3.56 ^ output20/X (sky130_fd_sc_hd__buf_2)
                                         dout[0] (net)
                  0.17    0.00    3.56 ^ dout[0] (out)
                                  3.56   data arrival time

                  0.00   10.00   10.00   clock __VIRTUAL_CLK__ (rise edge)
                          0.00   10.00   clock network delay (ideal)
                         -0.25    9.75   clock uncertainty
                          0.00    9.75   clock reconvergence pessimism
                         -2.00    7.75   output external delay
                                  7.75   data required time
-----------------------------------------------------------------------------
                                  7.75   data required time
                                 -3.56   data arrival time
-----------------------------------------------------------------------------
                                  4.19   slack (MET)



worst slack corner Typical: 2.7730
