OpenROAD b16bda7e82721d10566ff7e2b68f1ff0be9f9e38 
Features included (+) or not (-): +Charts +GPU +GUI +Python
This program is licensed under the BSD-3 license. See the LICENSE file for details.
Components of this program may be licensed under more restrictive licenses which must be honored.
define_corners Typical
read_liberty -corner Typical /home/bugrakurgn/.volare/sky130A/libs.ref/sky130_fd_sc_hd/lib/sky130_fd_sc_hd__tt_025C_1v80.lib
Using 1e-12 for capacitance...
Using 1e+03 for resistance...
Using 1e-09 for time...
Using 1e+00 for voltage...
Using 1e-03 for current...
Using 1e-09 for power...
Using 1e-06 for distance...
[INFO ODB-0227] LEF file: /openlane/designs/Sixth_Project/runs/RUN_2025.06.05_09.53.21/tmp/merged.nom.lef, created 13 layers, 25 vias, 441 library cells
Reading netlist '/openlane/designs/Sixth_Project/runs/RUN_2025.06.05_09.53.21/results/synthesis/semi_cpu_top.v'…
Reading design constraints file at '/openlane/designs/Sixth_Project/semi_cpu_top.sdc'…
[INFO IFP-0001] Added 86 rows of 512 site unithd.
[INFO IFP-0030] Inserted 0 tiecells using sky130_fd_sc_hd__conb_1/LO.
[INFO IFP-0030] Inserted 0 tiecells using sky130_fd_sc_hd__conb_1/HI.
[INFO] Extracting DIE_AREA and CORE_AREA from the floorplan
[INFO] Floorplanned on a die area of 0.0 0.0 246.91 257.63 (microns). Saving to /openlane/designs/Sixth_Project/runs/RUN_2025.06.05_09.53.21/reports/floorplan/3-initial_fp_die_area.rpt.
[INFO] Floorplanned on a core area of 5.52 10.88 241.04 244.8 (microns). Saving to /openlane/designs/Sixth_Project/runs/RUN_2025.06.05_09.53.21/reports/floorplan/3-initial_fp_core_area.rpt.
Writing OpenROAD database to '/openlane/designs/Sixth_Project/runs/RUN_2025.06.05_09.53.21/tmp/floorplan/3-initial_fp.odb'…
Writing layout to '/openlane/designs/Sixth_Project/runs/RUN_2025.06.05_09.53.21/tmp/floorplan/3-initial_fp.def'…
Writing timing constraints to '/openlane/designs/Sixth_Project/runs/RUN_2025.06.05_09.53.21/tmp/floorplan/3-initial_fp.sdc'…
