Thu May 29 18:32:50 +0000 2025 - Executing "{openroad -exit -no_init -python /openlane/scripts/odbpy/lefutil.py get_metal_layers -o /openlane/designs/top_module_project5/runs/RUN_2025.05.29_18.32.50/tmp/layers.list /home/pinarizmir/.volare/sky130A/libs.ref/sky130_fd_sc_hd/techlef/sky130_fd_sc_hd__nom.tlef}"

Thu May 29 18:32:50 +0000 2025 - Executing "{/openlane/scripts/mergeLef.py -o /openlane/designs/top_module_project5/runs/RUN_2025.05.29_18.32.50/tmp/merged.nom.lef -i /home/pinarizmir/.volare/sky130A/libs.ref/sky130_fd_sc_hd/techlef/sky130_fd_sc_hd__nom.tlef {/home/pinarizmir/.volare/sky130A/libs.ref/sky130_fd_sc_hd/lef/sky130_fd_sc_hd.lef /home/pinarizmir/.volare/sky130A/libs.ref/sky130_fd_sc_hd/lef/sky130_ef_sc_hd.lef} |& tee /dev/null}"

Thu May 29 18:32:50 +0000 2025 - Executing "{/openlane/scripts/mergeLef.py -o /openlane/designs/top_module_project5/runs/RUN_2025.05.29_18.32.50/tmp/merged.min.lef -i /home/pinarizmir/.volare/sky130A/libs.ref/sky130_fd_sc_hd/techlef/sky130_fd_sc_hd__min.tlef {/home/pinarizmir/.volare/sky130A/libs.ref/sky130_fd_sc_hd/lef/sky130_fd_sc_hd.lef /home/pinarizmir/.volare/sky130A/libs.ref/sky130_fd_sc_hd/lef/sky130_ef_sc_hd.lef} |& tee /dev/null}"

Thu May 29 18:32:51 +0000 2025 - Executing "{/openlane/scripts/mergeLef.py -o /openlane/designs/top_module_project5/runs/RUN_2025.05.29_18.32.50/tmp/merged.max.lef -i /home/pinarizmir/.volare/sky130A/libs.ref/sky130_fd_sc_hd/techlef/sky130_fd_sc_hd__max.tlef {/home/pinarizmir/.volare/sky130A/libs.ref/sky130_fd_sc_hd/lef/sky130_fd_sc_hd.lef /home/pinarizmir/.volare/sky130A/libs.ref/sky130_fd_sc_hd/lef/sky130_ef_sc_hd.lef} |& tee /dev/null}"

Thu May 29 18:32:51 +0000 2025 - Executing "{python3 /openlane/scripts/mergeLib.py --output /openlane/designs/top_module_project5/runs/RUN_2025.05.29_18.32.50/tmp/synthesis/merged.lib --name sky130A_merged /home/pinarizmir/.volare/sky130A/libs.ref/sky130_fd_sc_hd/lib/sky130_fd_sc_hd__tt_025C_1v80.lib}"

Thu May 29 18:32:51 +0000 2025 - Executing "{python3 /openlane/scripts/libtrim.py --cell-file /openlane/designs/top_module_project5/runs/RUN_2025.05.29_18.32.50/tmp/synthesis/trimmed.lib.exclude.list --output /openlane/designs/top_module_project5/runs/RUN_2025.05.29_18.32.50/tmp/synthesis/trimmed.lib /openlane/designs/top_module_project5/runs/RUN_2025.05.29_18.32.50/tmp/synthesis/merged.lib}"

Thu May 29 18:32:51 +0000 2025 - Executing "{python3 /openlane/scripts/libtrim.py --cell-file /openlane/designs/top_module_project5/runs/RUN_2025.05.29_18.32.50/tmp/cts/cts.lib.exclude.list --output /openlane/designs/top_module_project5/runs/RUN_2025.05.29_18.32.50/tmp/cts/cts.lib /home/pinarizmir/.volare/sky130A/libs.ref/sky130_fd_sc_hd/lib/sky130_fd_sc_hd__tt_025C_1v80.lib}"

Thu May 29 18:32:51 +0000 2025 - Executing "{python3 /openlane/scripts/libtrim.py --cell-file /openlane/designs/top_module_project5/runs/RUN_2025.05.29_18.32.50/tmp/cts/cts-fastest.lib.exclude.list --output /openlane/designs/top_module_project5/runs/RUN_2025.05.29_18.32.50/tmp/cts/cts-fastest.lib /home/pinarizmir/.volare/sky130A/libs.ref/sky130_fd_sc_hd/lib/sky130_fd_sc_hd__ff_n40C_1v95.lib}"

Thu May 29 18:32:51 +0000 2025 - Executing "{python3 /openlane/scripts/libtrim.py --cell-file /openlane/designs/top_module_project5/runs/RUN_2025.05.29_18.32.50/tmp/cts/cts-slowest.lib.exclude.list --output /openlane/designs/top_module_project5/runs/RUN_2025.05.29_18.32.50/tmp/cts/cts-slowest.lib /home/pinarizmir/.volare/sky130A/libs.ref/sky130_fd_sc_hd/lib/sky130_fd_sc_hd__ss_100C_1v60.lib}"

Thu May 29 18:32:51 +0000 2025 - Executing "{python3 /openlane/scripts/new_tracks.py -i /home/pinarizmir/.volare/sky130A/libs.tech/openlane/sky130_fd_sc_hd/tracks.info -o /openlane/designs/top_module_project5/runs/RUN_2025.05.29_18.32.50/tmp/routing/config.tracks}"

Thu May 29 18:32:51 +0000 2025 - Executing "{echo {OpenLane e73fb3c57e687a0023fcd4dcfd1566ecd478362a} > /openlane/designs/top_module_project5/runs/RUN_2025.05.29_18.32.50/OPENLANE_COMMIT}"

Thu May 29 18:32:52 +0000 2025 - Executing "{yosys -c /openlane/scripts/yosys/blackbox.tcl}"

Thu May 29 18:32:52 +0000 2025 - Executing "{verilator -Wall --lint-only --Wno-DECLFILENAME --top-module top_module_project5 /openlane/designs/top_module_project5/runs/RUN_2025.05.29_18.32.50/tmp/synthesis/blackbox/sky130_fd_sc_hd__blackbox.v /openlane/designs/top_module_project5/src/alu.v /openlane/designs/top_module_project5/src/top_module_project5.v /openlane/designs/top_module_project5/src/register_file.v /openlane/designs/top_module_project5/src/instruction_decoder.v /openlane/designs/top_module_project5/src/seven_segment_decoder.v -Wno-fatal --relative-includes |& tee /openlane/designs/top_module_project5/runs/RUN_2025.05.29_18.32.50/logs/synthesis/linter.log /dev/null}"

Thu May 29 18:32:52 +0000 2025 - Executing "{sed -E {s/^([[:space:]]+)pg_pin(.*)/\1pin\2\n\1    direction : "inout";/g} /home/pinarizmir/.volare/sky130A/libs.ref/sky130_fd_sc_hd/lib/sky130_fd_sc_hd__tt_025C_1v80.lib > /openlane/designs/top_module_project5/runs/RUN_2025.05.29_18.32.50/tmp/synthesis/1-sky130_fd_sc_hd__tt_025C_1v80.no_pg.lib}"

Thu May 29 18:32:52 +0000 2025 - Executing "{sed -E {s/^([[:space:]]+)pg_pin(.*)/\1pin\2\n\1    direction : "inout";/g} /openlane/designs/top_module_project5/runs/RUN_2025.05.29_18.32.50/tmp/synthesis/trimmed.lib > /openlane/designs/top_module_project5/runs/RUN_2025.05.29_18.32.50/tmp/synthesis/1-trimmed.no_pg.lib}"

Thu May 29 18:32:52 +0000 2025 - Executing "yosys -c /openlane/scripts/yosys/synth.tcl |& tee /dev/null /openlane/designs/top_module_project5/runs/RUN_2025.05.29_18.32.50/logs/synthesis/1-synthesis.log"

Thu May 29 18:32:52 +0000 2025 - Executing "{yosys -c /openlane/scripts/yosys/synth.tcl |& tee /dev/null /openlane/designs/top_module_project5/runs/RUN_2025.05.29_18.32.50/logs/synthesis/1-synthesis.log}"

Thu May 29 18:32:55 +0000 2025 - Executing "{sed -i.bak -e {s/\(set ::env(CURRENT_NETLIST)\).*/\1 \/openlane\/designs\/top_module_project5\/runs\/RUN_2025.05.29_18.32.50\/results\/synthesis\/top_module_project5.v/} /openlane/designs/top_module_project5/runs/RUN_2025.05.29_18.32.50/config.tcl}"

Thu May 29 18:32:55 +0000 2025 - Executing "{sed -i.bak /defparam/d /openlane/designs/top_module_project5/runs/RUN_2025.05.29_18.32.50/results/synthesis/top_module_project5.v}"

Thu May 29 18:32:55 +0000 2025 - Executing "sta -exit -no_init /openlane/scripts/openroad/sta/multi_corner.tcl |& tee /dev/null /openlane/designs/top_module_project5/runs/RUN_2025.05.29_18.32.50/logs/synthesis/2-sta.log"

Thu May 29 18:32:55 +0000 2025 - Executing "{sta -exit -no_init /openlane/scripts/openroad/sta/multi_corner.tcl |& tee /dev/null /openlane/designs/top_module_project5/runs/RUN_2025.05.29_18.32.50/logs/synthesis/2-sta.log}"

Thu May 29 18:32:56 +0000 2025 - Executing "openroad -exit /openlane/scripts/openroad/floorplan.tcl |& tee /dev/null /openlane/designs/top_module_project5/runs/RUN_2025.05.29_18.32.50/logs/floorplan/3-initial_fp.log"

Thu May 29 18:32:56 +0000 2025 - Executing "{openroad -exit /openlane/scripts/openroad/floorplan.tcl |& tee /dev/null /openlane/designs/top_module_project5/runs/RUN_2025.05.29_18.32.50/logs/floorplan/3-initial_fp.log}"

Thu May 29 18:32:56 +0000 2025 - Executing "{openroad -exit -no_init -python /openlane/scripts/odbpy/defutil.py extract_core_dims --output-data /openlane/designs/top_module_project5/runs/RUN_2025.05.29_18.32.50/tmp/dimensions.txt --input-lef /openlane/designs/top_module_project5/runs/RUN_2025.05.29_18.32.50/tmp/merged.nom.lef /openlane/designs/top_module_project5/runs/RUN_2025.05.29_18.32.50/tmp/floorplan/3-initial_fp.def}"

Thu May 29 18:32:56 +0000 2025 - Executing "{openroad -exit -no_init -python /openlane/scripts/odbpy/io_place.py --config /openlane/designs/top_module_project5/pin_order.cfg --hor-layer met3 --ver-layer met2 --ver-width-mult 2 --hor-width-mult 2 --hor-extension 0 --ver-extension 0 --length 4 --unmatched-error --input-lef /openlane/designs/top_module_project5/runs/RUN_2025.05.29_18.32.50/tmp/merged.nom.lef --output-def /openlane/designs/top_module_project5/runs/RUN_2025.05.29_18.32.50/tmp/floorplan/4-io.def --output /openlane/designs/top_module_project5/runs/RUN_2025.05.29_18.32.50/tmp/floorplan/4-io.odb /openlane/designs/top_module_project5/runs/RUN_2025.05.29_18.32.50/tmp/floorplan/3-initial_fp.odb |& tee /dev/null /openlane/designs/top_module_project5/runs/RUN_2025.05.29_18.32.50/logs/floorplan/4-place_io.log}"

Thu May 29 18:32:57 +0000 2025 - Executing "openroad -exit /openlane/scripts/openroad/tapcell.tcl |& tee /dev/null /openlane/designs/top_module_project5/runs/RUN_2025.05.29_18.32.50/logs/floorplan/5-tap.log"

Thu May 29 18:32:57 +0000 2025 - Executing "{openroad -exit /openlane/scripts/openroad/tapcell.tcl |& tee /dev/null /openlane/designs/top_module_project5/runs/RUN_2025.05.29_18.32.50/logs/floorplan/5-tap.log}"

Thu May 29 18:32:57 +0000 2025 - Executing "openroad -exit /openlane/scripts/openroad/pdn.tcl |& tee /dev/null /openlane/designs/top_module_project5/runs/RUN_2025.05.29_18.32.50/logs/floorplan/6-pdn.log"

Thu May 29 18:32:57 +0000 2025 - Executing "{openroad -exit /openlane/scripts/openroad/pdn.tcl |& tee /dev/null /openlane/designs/top_module_project5/runs/RUN_2025.05.29_18.32.50/logs/floorplan/6-pdn.log}"

Thu May 29 18:32:58 +0000 2025 - Executing "{openroad -exit -no_init -python /openlane/scripts/odbpy/random_place.py --input-lef /openlane/designs/top_module_project5/runs/RUN_2025.05.29_18.32.50/tmp/merged.nom.lef --output-def /openlane/designs/top_module_project5/runs/RUN_2025.05.29_18.32.50/tmp/placement/7-global.def --output /openlane/designs/top_module_project5/runs/RUN_2025.05.29_18.32.50/tmp/placement/7-global.odb /openlane/designs/top_module_project5/runs/RUN_2025.05.29_18.32.50/results/floorplan/top_module_project5.odb |& tee /dev/null /openlane/designs/top_module_project5/runs/RUN_2025.05.29_18.32.50/logs/placement/7-global.log}"

Thu May 29 18:32:58 +0000 2025 - Executing "openroad -exit /openlane/scripts/openroad/resizer.tcl |& tee /dev/null /openlane/designs/top_module_project5/runs/RUN_2025.05.29_18.32.50/logs/placement/8-resizer.log"

Thu May 29 18:32:58 +0000 2025 - Executing "{openroad -exit /openlane/scripts/openroad/resizer.tcl |& tee /dev/null /openlane/designs/top_module_project5/runs/RUN_2025.05.29_18.32.50/logs/placement/8-resizer.log}"

Thu May 29 18:33:00 +0000 2025 - Executing "{sed -i.bak -e {s/\(set ::env(CURRENT_NETLIST)\).*/\1 \/openlane\/designs\/top_module_project5\/runs\/RUN_2025.05.29_18.32.50\/tmp\/placement\/8-resizer.nl.v/} /openlane/designs/top_module_project5/runs/RUN_2025.05.29_18.32.50/config.tcl}"

Thu May 29 18:33:01 +0000 2025 - Executing "openroad -exit /openlane/scripts/openroad/dpl.tcl |& tee /dev/null /openlane/designs/top_module_project5/runs/RUN_2025.05.29_18.32.50/logs/placement/9-detailed.log"

Thu May 29 18:33:01 +0000 2025 - Executing "{openroad -exit /openlane/scripts/openroad/dpl.tcl |& tee /dev/null /openlane/designs/top_module_project5/runs/RUN_2025.05.29_18.32.50/logs/placement/9-detailed.log}"

Thu May 29 18:33:01 +0000 2025 - Executing "{sed -i.bak -e {s/\(set ::env(CURRENT_NETLIST)\).*/\1 \/openlane\/designs\/top_module_project5\/runs\/RUN_2025.05.29_18.32.50\/results\/placement\/top_module_project5.nl.v/} /openlane/designs/top_module_project5/runs/RUN_2025.05.29_18.32.50/config.tcl}"

Thu May 29 18:33:01 +0000 2025 - Executing "openroad -exit /openlane/scripts/openroad/sta/multi_corner.tcl |& tee /dev/null /openlane/designs/top_module_project5/runs/RUN_2025.05.29_18.32.50/logs/placement/10-dpl_sta.log"

Thu May 29 18:33:01 +0000 2025 - Executing "{openroad -exit /openlane/scripts/openroad/sta/multi_corner.tcl |& tee /dev/null /openlane/designs/top_module_project5/runs/RUN_2025.05.29_18.32.50/logs/placement/10-dpl_sta.log}"

Thu May 29 18:33:02 +0000 2025 - Executing "openroad -exit /openlane/scripts/openroad/cts.tcl |& tee /dev/null /openlane/designs/top_module_project5/runs/RUN_2025.05.29_18.32.50/logs/cts/11-cts.log"

Thu May 29 18:33:02 +0000 2025 - Executing "{openroad -exit /openlane/scripts/openroad/cts.tcl |& tee /dev/null /openlane/designs/top_module_project5/runs/RUN_2025.05.29_18.32.50/logs/cts/11-cts.log}"

Thu May 29 18:33:07 +0000 2025 - Executing "openroad -exit /openlane/scripts/openroad/sta/multi_corner.tcl |& tee /dev/null /openlane/designs/top_module_project5/runs/RUN_2025.05.29_18.32.50/logs/cts/12-cts_sta.log"

Thu May 29 18:33:07 +0000 2025 - Executing "{openroad -exit /openlane/scripts/openroad/sta/multi_corner.tcl |& tee /dev/null /openlane/designs/top_module_project5/runs/RUN_2025.05.29_18.32.50/logs/cts/12-cts_sta.log}"

Thu May 29 18:33:08 +0000 2025 - Executing "openroad -exit /openlane/scripts/openroad/resizer_timing.tcl |& tee /dev/null /openlane/designs/top_module_project5/runs/RUN_2025.05.29_18.32.50/logs/cts/13-resizer.log"

Thu May 29 18:33:08 +0000 2025 - Executing "{openroad -exit /openlane/scripts/openroad/resizer_timing.tcl |& tee /dev/null /openlane/designs/top_module_project5/runs/RUN_2025.05.29_18.32.50/logs/cts/13-resizer.log}"

Thu May 29 18:33:10 +0000 2025 - Executing "{sed -i.bak -e {s/\(set ::env(CURRENT_NETLIST)\).*/\1 \/openlane\/designs\/top_module_project5\/runs\/RUN_2025.05.29_18.32.50\/tmp\/cts\/13-top_module_project5.resized.nl.v/} /openlane/designs/top_module_project5/runs/RUN_2025.05.29_18.32.50/config.tcl}"

Thu May 29 18:33:10 +0000 2025 - Executing "openroad -exit /openlane/scripts/openroad/resizer_routing_design.tcl |& tee /dev/null /openlane/designs/top_module_project5/runs/RUN_2025.05.29_18.32.50/logs/routing/14-resizer_design.log"

Thu May 29 18:33:10 +0000 2025 - Executing "{openroad -exit /openlane/scripts/openroad/resizer_routing_design.tcl |& tee /dev/null /openlane/designs/top_module_project5/runs/RUN_2025.05.29_18.32.50/logs/routing/14-resizer_design.log}"

Thu May 29 18:33:13 +0000 2025 - Executing "{sed -i.bak -e {s/\(set ::env(CURRENT_NETLIST)\).*/\1 \/openlane\/designs\/top_module_project5\/runs\/RUN_2025.05.29_18.32.50\/tmp\/14-top_module_project5.nl.v/} /openlane/designs/top_module_project5/runs/RUN_2025.05.29_18.32.50/config.tcl}"

Thu May 29 18:33:13 +0000 2025 - Executing "openroad -exit /openlane/scripts/openroad/sta/multi_corner.tcl |& tee /dev/null /openlane/designs/top_module_project5/runs/RUN_2025.05.29_18.32.50/logs/routing/15-rsz_design_sta.log"

Thu May 29 18:33:13 +0000 2025 - Executing "{openroad -exit /openlane/scripts/openroad/sta/multi_corner.tcl |& tee /dev/null /openlane/designs/top_module_project5/runs/RUN_2025.05.29_18.32.50/logs/routing/15-rsz_design_sta.log}"

Thu May 29 18:33:14 +0000 2025 - Executing "openroad -exit /openlane/scripts/openroad/resizer_routing_timing.tcl |& tee /dev/null /openlane/designs/top_module_project5/runs/RUN_2025.05.29_18.32.50/logs/routing/16-resizer_timing.log"

Thu May 29 18:33:14 +0000 2025 - Executing "{openroad -exit /openlane/scripts/openroad/resizer_routing_timing.tcl |& tee /dev/null /openlane/designs/top_module_project5/runs/RUN_2025.05.29_18.32.50/logs/routing/16-resizer_timing.log}"

Thu May 29 18:33:16 +0000 2025 - Executing "{sed -i.bak -e {s/\(set ::env(CURRENT_NETLIST)\).*/\1 \/openlane\/designs\/top_module_project5\/runs\/RUN_2025.05.29_18.32.50\/tmp\/16-top_module_project5.nl.v/} /openlane/designs/top_module_project5/runs/RUN_2025.05.29_18.32.50/config.tcl}"

Thu May 29 18:33:16 +0000 2025 - Executing "openroad -exit /openlane/scripts/openroad/sta/multi_corner.tcl |& tee /dev/null /openlane/designs/top_module_project5/runs/RUN_2025.05.29_18.32.50/logs/routing/17-rsz_timing_sta.log"

Thu May 29 18:33:16 +0000 2025 - Executing "{openroad -exit /openlane/scripts/openroad/sta/multi_corner.tcl |& tee /dev/null /openlane/designs/top_module_project5/runs/RUN_2025.05.29_18.32.50/logs/routing/17-rsz_timing_sta.log}"

Thu May 29 18:33:17 +0000 2025 - Executing "{openroad -exit -no_init -python /openlane/scripts/odbpy/diodes.py place --diode-cell sky130_fd_sc_hd__diode_2 --diode-pin DIODE --threshold 90 --side-strategy source --port-protect none --input-lef /openlane/designs/top_module_project5/runs/RUN_2025.05.29_18.32.50/tmp/merged.nom.lef --output-def /openlane/designs/top_module_project5/runs/RUN_2025.05.29_18.32.50/tmp/routing/18-diodes.def --output /openlane/designs/top_module_project5/runs/RUN_2025.05.29_18.32.50/tmp/routing/18-diodes.odb /openlane/designs/top_module_project5/runs/RUN_2025.05.29_18.32.50/tmp/16-top_module_project5.odb |& tee /dev/null /openlane/designs/top_module_project5/runs/RUN_2025.05.29_18.32.50/logs/routing/18-diodes.log}"

Thu May 29 18:33:18 +0000 2025 - Executing "openroad -exit /openlane/scripts/openroad/dpl.tcl |& tee /dev/null /openlane/designs/top_module_project5/runs/RUN_2025.05.29_18.32.50/logs/routing/19-diode_legalization.log"

Thu May 29 18:33:18 +0000 2025 - Executing "{openroad -exit /openlane/scripts/openroad/dpl.tcl |& tee /dev/null /openlane/designs/top_module_project5/runs/RUN_2025.05.29_18.32.50/logs/routing/19-diode_legalization.log}"

Thu May 29 18:33:18 +0000 2025 - Executing "{sed -i.bak -e {s/\(set ::env(CURRENT_NETLIST)\).*/\1 \/openlane\/designs\/top_module_project5\/runs\/RUN_2025.05.29_18.32.50\/tmp\/routing\/.\/18-diodes_legalized.nl.v/} /openlane/designs/top_module_project5/runs/RUN_2025.05.29_18.32.50/config.tcl}"

Thu May 29 18:33:19 +0000 2025 - Executing "openroad -exit /openlane/scripts/openroad/groute.tcl |& tee /dev/null /openlane/designs/top_module_project5/runs/RUN_2025.05.29_18.32.50/logs/routing/20-global.log"

Thu May 29 18:33:19 +0000 2025 - Executing "{openroad -exit /openlane/scripts/openroad/groute.tcl |& tee /dev/null /openlane/designs/top_module_project5/runs/RUN_2025.05.29_18.32.50/logs/routing/20-global.log}"

Thu May 29 18:33:20 +0000 2025 - Executing "openroad -exit /openlane/scripts/openroad/write_views.tcl |& tee /dev/null /openlane/designs/top_module_project5/runs/RUN_2025.05.29_18.32.50/logs/routing/20-global_write_netlist.log"

Thu May 29 18:33:20 +0000 2025 - Executing "{openroad -exit /openlane/scripts/openroad/write_views.tcl |& tee /dev/null /openlane/designs/top_module_project5/runs/RUN_2025.05.29_18.32.50/logs/routing/20-global_write_netlist.log}"

Thu May 29 18:33:33 +0000 2025 - Executing "{sed -i.bak -e {s/\(set ::env(CURRENT_NETLIST)\).*/\1 \/openlane\/designs\/top_module_project5\/runs\/RUN_2025.05.29_18.32.50\/tmp\/routing\/global.nl.v/} /openlane/designs/top_module_project5/runs/RUN_2025.05.29_18.32.50/config.tcl}"

Thu May 29 18:33:20 +0000 2025 - Executing "openroad -exit /openlane/scripts/openroad/sta/multi_corner.tcl |& tee /dev/null /openlane/designs/top_module_project5/runs/RUN_2025.05.29_18.32.50/logs/routing/22-grt_sta.log"

Thu May 29 18:33:20 +0000 2025 - Executing "{openroad -exit /openlane/scripts/openroad/sta/multi_corner.tcl |& tee /dev/null /openlane/designs/top_module_project5/runs/RUN_2025.05.29_18.32.50/logs/routing/22-grt_sta.log}"

Thu May 29 18:33:21 +0000 2025 - Executing "openroad -exit /openlane/scripts/openroad/fill.tcl |& tee /dev/null /openlane/designs/top_module_project5/runs/RUN_2025.05.29_18.32.50/logs/routing/23-fill.log"

Thu May 29 18:33:21 +0000 2025 - Executing "{openroad -exit /openlane/scripts/openroad/fill.tcl |& tee /dev/null /openlane/designs/top_module_project5/runs/RUN_2025.05.29_18.32.50/logs/routing/23-fill.log}"

Thu May 29 18:33:22 +0000 2025 - Executing "{sed -i.bak -e {s/\(set ::env(CURRENT_NETLIST)\).*/\1 \/openlane\/designs\/top_module_project5\/runs\/RUN_2025.05.29_18.32.50\/tmp\/routing\/23-fill.nl.v/} /openlane/designs/top_module_project5/runs/RUN_2025.05.29_18.32.50/config.tcl}"

Thu May 29 18:33:23 +0000 2025 - Executing "openroad -exit -metrics /openlane/designs/top_module_project5/runs/RUN_2025.05.29_18.32.50/reports/routing/24-drt_metrics.json /openlane/scripts/openroad/droute.tcl |& tee /dev/null /openlane/designs/top_module_project5/runs/RUN_2025.05.29_18.32.50/logs/routing/24-detailed.log"

Thu May 29 18:33:23 +0000 2025 - Executing "{openroad -exit -metrics /openlane/designs/top_module_project5/runs/RUN_2025.05.29_18.32.50/reports/routing/24-drt_metrics.json /openlane/scripts/openroad/droute.tcl |& tee /dev/null /openlane/designs/top_module_project5/runs/RUN_2025.05.29_18.32.50/logs/routing/24-detailed.log}"

Thu May 29 18:34:48 +0000 2025 - Executing "{sed -i.bak -e {s/\(set ::env(CURRENT_NETLIST)\).*/\1 \/openlane\/designs\/top_module_project5\/runs\/RUN_2025.05.29_18.32.50\/results\/routing\/top_module_project5.nl.v/} /openlane/designs/top_module_project5/runs/RUN_2025.05.29_18.32.50/config.tcl}"

Thu May 29 18:34:48 +0000 2025 - Executing "{python3 /openlane/scripts/drc_rosetta.py tr to_klayout -o /openlane/designs/top_module_project5/runs/RUN_2025.05.29_18.32.50/reports/routing/drt.klayout.xml --design-name top_module_project5 /openlane/designs/top_module_project5/runs/RUN_2025.05.29_18.32.50/reports/routing/drt.drc}"

Thu May 29 18:34:48 +0000 2025 - Executing "{openroad -exit -no_init -python /openlane/scripts/odbpy/wire_lengths.py --report-out /openlane/designs/top_module_project5/runs/RUN_2025.05.29_18.32.50/reports/routing/25-wire_lengths.csv --input-lef /openlane/designs/top_module_project5/runs/RUN_2025.05.29_18.32.50/tmp/merged.nom.lef --output-def /openlane/designs/top_module_project5/runs/RUN_2025.05.29_18.32.50/results/routing/top_module_project5.def --output /openlane/designs/top_module_project5/runs/RUN_2025.05.29_18.32.50/results/routing/top_module_project5.odb /openlane/designs/top_module_project5/runs/RUN_2025.05.29_18.32.50/results/routing/top_module_project5.odb |& tee /dev/null /openlane/designs/top_module_project5/runs/RUN_2025.05.29_18.32.50/logs/routing/25-wire_lengths.log}"

Thu May 29 18:34:49 +0000 2025 - Executing "openroad -exit /openlane/scripts/openroad/rcx.tcl |& tee /dev/null /openlane/designs/top_module_project5/runs/RUN_2025.05.29_18.32.50/logs/signoff/26-parasitics_extraction.min.log"

Thu May 29 18:34:49 +0000 2025 - Executing "{openroad -exit /openlane/scripts/openroad/rcx.tcl |& tee /dev/null /openlane/designs/top_module_project5/runs/RUN_2025.05.29_18.32.50/logs/signoff/26-parasitics_extraction.min.log}"

Thu May 29 18:34:51 +0000 2025 - Executing "sta -exit -no_init /openlane/scripts/openroad/sta/multi_corner.tcl |& tee /dev/null /openlane/designs/top_module_project5/runs/RUN_2025.05.29_18.32.50/logs/signoff/27-rcx_mcsta.min.log"

Thu May 29 18:34:51 +0000 2025 - Executing "{sta -exit -no_init /openlane/scripts/openroad/sta/multi_corner.tcl |& tee /dev/null /openlane/designs/top_module_project5/runs/RUN_2025.05.29_18.32.50/logs/signoff/27-rcx_mcsta.min.log}"

Thu May 29 18:34:57 +0000 2025 - Executing "openroad -exit /openlane/scripts/openroad/rcx.tcl |& tee /dev/null /openlane/designs/top_module_project5/runs/RUN_2025.05.29_18.32.50/logs/signoff/28-parasitics_extraction.max.log"

Thu May 29 18:34:57 +0000 2025 - Executing "{openroad -exit /openlane/scripts/openroad/rcx.tcl |& tee /dev/null /openlane/designs/top_module_project5/runs/RUN_2025.05.29_18.32.50/logs/signoff/28-parasitics_extraction.max.log}"

Thu May 29 18:34:59 +0000 2025 - Executing "sta -exit -no_init /openlane/scripts/openroad/sta/multi_corner.tcl |& tee /dev/null /openlane/designs/top_module_project5/runs/RUN_2025.05.29_18.32.50/logs/signoff/29-rcx_mcsta.max.log"

Thu May 29 18:34:59 +0000 2025 - Executing "{sta -exit -no_init /openlane/scripts/openroad/sta/multi_corner.tcl |& tee /dev/null /openlane/designs/top_module_project5/runs/RUN_2025.05.29_18.32.50/logs/signoff/29-rcx_mcsta.max.log}"

Thu May 29 18:35:06 +0000 2025 - Executing "openroad -exit /openlane/scripts/openroad/rcx.tcl |& tee /dev/null /openlane/designs/top_module_project5/runs/RUN_2025.05.29_18.32.50/logs/signoff/30-parasitics_extraction.nom.log"

Thu May 29 18:35:06 +0000 2025 - Executing "{openroad -exit /openlane/scripts/openroad/rcx.tcl |& tee /dev/null /openlane/designs/top_module_project5/runs/RUN_2025.05.29_18.32.50/logs/signoff/30-parasitics_extraction.nom.log}"

Thu May 29 18:35:08 +0000 2025 - Executing "sta -exit -no_init /openlane/scripts/openroad/sta/multi_corner.tcl |& tee /dev/null /openlane/designs/top_module_project5/runs/RUN_2025.05.29_18.32.50/logs/signoff/31-rcx_mcsta.nom.log"

Thu May 29 18:35:08 +0000 2025 - Executing "{sta -exit -no_init /openlane/scripts/openroad/sta/multi_corner.tcl |& tee /dev/null /openlane/designs/top_module_project5/runs/RUN_2025.05.29_18.32.50/logs/signoff/31-rcx_mcsta.nom.log}"

Thu May 29 18:35:15 +0000 2025 - Executing "openroad -exit /openlane/scripts/openroad/irdrop.tcl |& tee /dev/null /openlane/designs/top_module_project5/runs/RUN_2025.05.29_18.32.50/logs/signoff/32-irdrop.log"

Thu May 29 18:35:15 +0000 2025 - Executing "{openroad -exit /openlane/scripts/openroad/irdrop.tcl |& tee /dev/null /openlane/designs/top_module_project5/runs/RUN_2025.05.29_18.32.50/logs/signoff/32-irdrop.log}"

Thu May 29 18:35:21 +0000 2025 - Executing "magic -noconsole -dnull -rcfile /home/pinarizmir/.volare/sky130A/libs.tech/magic/sky130A.magicrc < /openlane/scripts/magic/wrapper.tcl |& tee /dev/null /openlane/designs/top_module_project5/runs/RUN_2025.05.29_18.32.50/logs/signoff/33-gdsii.log"

Thu May 29 18:35:21 +0000 2025 - Executing "{magic -noconsole -dnull -rcfile /home/pinarizmir/.volare/sky130A/libs.tech/magic/sky130A.magicrc < /openlane/scripts/magic/wrapper.tcl |& tee /dev/null /openlane/designs/top_module_project5/runs/RUN_2025.05.29_18.32.50/logs/signoff/33-gdsii.log}"

Thu May 29 18:35:34 +0000 2025 - Executing "magic -noconsole -dnull -rcfile /home/pinarizmir/.volare/sky130A/libs.tech/magic/sky130A.magicrc < /openlane/scripts/magic/wrapper.tcl |& tee /dev/null /openlane/designs/top_module_project5/runs/RUN_2025.05.29_18.32.50/logs/signoff/33-gds_ptrs.log"

Thu May 29 18:35:34 +0000 2025 - Executing "{magic -noconsole -dnull -rcfile /home/pinarizmir/.volare/sky130A/libs.tech/magic/sky130A.magicrc < /openlane/scripts/magic/wrapper.tcl |& tee /dev/null /openlane/designs/top_module_project5/runs/RUN_2025.05.29_18.32.50/logs/signoff/33-gds_ptrs.log}"

Thu May 29 18:35:45 +0000 2025 - Executing "{sed -i.bak -n {/^<< properties >>/,/^<< end >>/p} /openlane/designs/top_module_project5/runs/RUN_2025.05.29_18.32.50/tmp/signoff/gds_ptrs.mag}"

Thu May 29 18:35:45 +0000 2025 - Executing "magic -noconsole -dnull -rcfile /home/pinarizmir/.volare/sky130A/libs.tech/magic/sky130A.magicrc < /openlane/scripts/magic/wrapper.tcl |& tee /dev/null /openlane/designs/top_module_project5/runs/RUN_2025.05.29_18.32.50/logs/signoff/33-lef.log"

Thu May 29 18:35:58 +0000 2025 - Executing "{magic -noconsole -dnull -rcfile /home/pinarizmir/.volare/sky130A/libs.tech/magic/sky130A.magicrc < /openlane/scripts/magic/wrapper.tcl |& tee /dev/null /openlane/designs/top_module_project5/runs/RUN_2025.05.29_18.32.50/logs/signoff/33-lef.log}"

Thu May 29 18:36:02 +0000 2025 - Executing "magic -noconsole -dnull -rcfile /home/pinarizmir/.volare/sky130A/libs.tech/magic/sky130A.magicrc < /openlane/scripts/magic/wrapper.tcl |& tee /dev/null /openlane/designs/top_module_project5/runs/RUN_2025.05.29_18.32.50/logs/signoff/33-maglef.log"

Thu May 29 18:36:02 +0000 2025 - Executing "{magic -noconsole -dnull -rcfile /home/pinarizmir/.volare/sky130A/libs.tech/magic/sky130A.magicrc < /openlane/scripts/magic/wrapper.tcl |& tee /dev/null /openlane/designs/top_module_project5/runs/RUN_2025.05.29_18.32.50/logs/signoff/33-maglef.log}"

Thu May 29 18:36:02 +0000 2025 - Executing "{python3 /openlane/scripts/klayout/stream_out.py --output /openlane/designs/top_module_project5/runs/RUN_2025.05.29_18.32.50/results/signoff/top_module_project5.klayout.gds --lyt /home/pinarizmir/.volare/sky130A/libs.tech/klayout/tech/sky130A.lyt --lym /home/pinarizmir/.volare/sky130A/libs.tech/klayout/tech/sky130A.map --lyp /home/pinarizmir/.volare/sky130A/libs.tech/klayout/tech/sky130A.lyp --top top_module_project5 --with-gds-file /home/pinarizmir/.volare/sky130A/libs.ref/sky130_fd_sc_hd/gds/sky130_fd_sc_hd.gds --input-lef /openlane/designs/top_module_project5/runs/RUN_2025.05.29_18.32.50/tmp/merged.nom.lef /openlane/designs/top_module_project5/runs/RUN_2025.05.29_18.32.50/results/routing/top_module_project5.def |& tee /dev/null /openlane/designs/top_module_project5/runs/RUN_2025.05.29_18.32.50/logs/signoff/34-gdsii-klayout.log}"

Thu May 29 18:36:03 +0000 2025 - Executing "{klayout -b -r /openlane/scripts/klayout/xor.drc -rd a=/openlane/designs/top_module_project5/runs/RUN_2025.05.29_18.32.50/results/signoff/top_module_project5.gds -rd b=/openlane/designs/top_module_project5/runs/RUN_2025.05.29_18.32.50/results/signoff/top_module_project5.klayout.gds -rd jobs=1 -rd rdb_out=/openlane/designs/top_module_project5/runs/RUN_2025.05.29_18.32.50/reports/signoff/35-xor.xml -rd ignore=81/14 -rd rpt_out=/openlane/designs/top_module_project5/runs/RUN_2025.05.29_18.32.50/reports/signoff/35-xor.rpt |& tee /dev/null /openlane/designs/top_module_project5/runs/RUN_2025.05.29_18.32.50/logs/signoff/35-xor.log}"

Thu May 29 18:36:27 +0000 2025 - Executing "magic -noconsole -dnull -rcfile /home/pinarizmir/.volare/sky130A/libs.tech/magic/sky130A.magicrc < /openlane/scripts/magic/wrapper.tcl |& tee /dev/null /openlane/designs/top_module_project5/runs/RUN_2025.05.29_18.32.50/logs/signoff/36-spice.log"

Thu May 29 18:36:27 +0000 2025 - Executing "{magic -noconsole -dnull -rcfile /home/pinarizmir/.volare/sky130A/libs.tech/magic/sky130A.magicrc < /openlane/scripts/magic/wrapper.tcl |& tee /dev/null /openlane/designs/top_module_project5/runs/RUN_2025.05.29_18.32.50/logs/signoff/36-spice.log}"

Thu May 29 18:36:46 +0000 2025 - Executing "{openroad -exit -no_init -python /openlane/scripts/odbpy/power_utils.py write_powered_def --output /openlane/designs/top_module_project5/runs/RUN_2025.05.29_18.32.50/tmp/signoff/36-top_module_project5.p.def --input-lef /openlane/designs/top_module_project5/runs/RUN_2025.05.29_18.32.50/tmp/merged.nom.lef --power-port VPWR --ground-port VGND --powered-netlist {} /openlane/designs/top_module_project5/runs/RUN_2025.05.29_18.32.50/results/routing/top_module_project5.def |& tee /dev/null /openlane/designs/top_module_project5/runs/RUN_2025.05.29_18.32.50/logs/signoff/37-write_powered_def.log}"

Thu May 29 18:36:47 +0000 2025 - Executing "openroad -exit /openlane/scripts/openroad/write_views.tcl |& tee /dev/null /openlane/designs/top_module_project5/runs/RUN_2025.05.29_18.32.50/logs/signoff/37-write_powered_verilog.log"

Thu May 29 18:36:47 +0000 2025 - Executing "{openroad -exit /openlane/scripts/openroad/write_views.tcl |& tee /dev/null /openlane/designs/top_module_project5/runs/RUN_2025.05.29_18.32.50/logs/signoff/37-write_powered_verilog.log}"

Thu May 29 18:36:48 +0000 2025 - Executing "{sed -i.bak -e {s/\(set ::env(CURRENT_NETLIST)\).*/\1 \/openlane\/designs\/top_module_project5\/runs\/RUN_2025.05.29_18.32.50\/tmp\/signoff\/36-top_module_project5.nl.v/} /openlane/designs/top_module_project5/runs/RUN_2025.05.29_18.32.50/config.tcl}"

Thu May 29 18:36:49 +0000 2025 - Executing "{netgen -batch source /openlane/designs/top_module_project5/runs/RUN_2025.05.29_18.32.50/tmp/signoff/39-setup_file.lef.lvs |& tee /dev/null /openlane/designs/top_module_project5/runs/RUN_2025.05.29_18.32.50/logs/signoff/39-lvs.lef.log}"

Thu May 29 18:37:08 +0000 2025 - Executing "magic -noconsole -dnull -rcfile /home/pinarizmir/.volare/sky130A/libs.tech/magic/sky130A.magicrc < /openlane/scripts/magic/wrapper.tcl |& tee /dev/null /openlane/designs/top_module_project5/runs/RUN_2025.05.29_18.32.50/logs/signoff/40-drc.log"

Thu May 29 18:37:08 +0000 2025 - Executing "{magic -noconsole -dnull -rcfile /home/pinarizmir/.volare/sky130A/libs.tech/magic/sky130A.magicrc < /openlane/scripts/magic/wrapper.tcl |& tee /dev/null /openlane/designs/top_module_project5/runs/RUN_2025.05.29_18.32.50/logs/signoff/40-drc.log}"

Thu May 29 18:39:36 +0000 2025 - Executing "{python3 /openlane/scripts/drc_rosetta.py magic to_tcl -o /openlane/designs/top_module_project5/runs/RUN_2025.05.29_18.32.50/reports/signoff/drc.tcl /openlane/designs/top_module_project5/runs/RUN_2025.05.29_18.32.50/reports/signoff/drc.rpt}"

Thu May 29 18:39:36 +0000 2025 - Executing "{python3 /openlane/scripts/drc_rosetta.py magic to_tr -o /openlane/designs/top_module_project5/runs/RUN_2025.05.29_18.32.50/reports/signoff/drc.tr /openlane/designs/top_module_project5/runs/RUN_2025.05.29_18.32.50/reports/signoff/drc.rpt}"

Thu May 29 18:39:36 +0000 2025 - Executing "{python3 /openlane/scripts/drc_rosetta.py tr to_klayout -o /openlane/designs/top_module_project5/runs/RUN_2025.05.29_18.32.50/reports/signoff/drc.klayout.xml --design-name top_module_project5 /openlane/designs/top_module_project5/runs/RUN_2025.05.29_18.32.50/reports/signoff/drc.tr}"

Thu May 29 18:39:37 +0000 2025 - Executing "{python3 /openlane/scripts/drc_rosetta.py magic to_rdb -o /openlane/designs/top_module_project5/runs/RUN_2025.05.29_18.32.50/reports/signoff/drc.rdb /openlane/designs/top_module_project5/runs/RUN_2025.05.29_18.32.50/reports/signoff/drc.rpt}"

Thu May 29 18:39:37 +0000 2025 - Executing "{klayout -b -zz -r /home/pinarizmir/.volare/sky130A/libs.tech/klayout/drc/sky130A_mr.drc -rd topcell=top_module_project5 -rd input=/openlane/designs/top_module_project5/runs/RUN_2025.05.29_18.32.50/results/signoff/top_module_project5.gds -rd report=/openlane/designs/top_module_project5/runs/RUN_2025.05.29_18.32.50/reports/signoff/violations.xml -rd feol=true -rd beol=true -rd floating_metal=false -rd seal=true -rd thread=1 |& tee /dev/null /openlane/designs/top_module_project5/runs/RUN_2025.05.29_18.32.50/logs/signoff/41-drc-klayout.log}"

Thu May 29 18:41:24 +0000 2025 - Executing "{python3 /openlane/scripts/klayout/xml_drc_report_to_json.py --xml-file /openlane/designs/top_module_project5/runs/RUN_2025.05.29_18.32.50/reports/signoff/violations.xml --json-file /openlane/designs/top_module_project5/runs/RUN_2025.05.29_18.32.50/reports/signoff/violations.json}"

Thu May 29 18:41:24 +0000 2025 - Executing "openroad -exit /openlane/scripts/openroad/antenna_check.tcl |& tee /dev/null /openlane/designs/top_module_project5/runs/RUN_2025.05.29_18.32.50/logs/signoff/42-arc.log"

Thu May 29 18:41:24 +0000 2025 - Executing "{openroad -exit /openlane/scripts/openroad/antenna_check.tcl |& tee /dev/null /openlane/designs/top_module_project5/runs/RUN_2025.05.29_18.32.50/logs/signoff/42-arc.log}"

Thu May 29 18:41:26 +0000 2025 - Executing "{python3 /openlane/scripts/extract_antenna_violators.py --output /openlane/designs/top_module_project5/runs/RUN_2025.05.29_18.32.50/reports/signoff/42-antenna_violators.rpt --plain-out /openlane/designs/top_module_project5/runs/RUN_2025.05.29_18.32.50/reports/signoff/42-antenna_violators_pins.txt /openlane/designs/top_module_project5/runs/RUN_2025.05.29_18.32.50/logs/signoff/42-arc.log}"

Thu May 29 18:41:26 +0000 2025 - Executing "{python3 /openlane/scripts/write_runtime.py --conclude --seconds --time-in 1748544086 {flow completed}}"

Thu May 29 18:41:26 +0000 2025 - Executing "{python3 /openlane/scripts/generate_reports.py -d /openlane/designs/top_module_project5 --design_name top_module_project5 --tag RUN_2025.05.29_18.32.50 --output_file /openlane/designs/top_module_project5/runs/RUN_2025.05.29_18.32.50/reports/metrics.csv --man_report /openlane/designs/top_module_project5/runs/RUN_2025.05.29_18.32.50/reports/manufacturability.rpt --run_path /openlane/designs/top_module_project5/runs/RUN_2025.05.29_18.32.50}"

