OpenROAD b16bda7e82721d10566ff7e2b68f1ff0be9f9e38 
Features included (+) or not (-): +Charts +GPU +GUI +Python
This program is licensed under the BSD-3 license. See the LICENSE file for details.
Components of this program may be licensed under more restrictive licenses which must be honored.
define_corners Typical
read_liberty -corner Typical /home/pinarizmir/.volare/sky130A/libs.ref/sky130_fd_sc_hd/lib/sky130_fd_sc_hd__tt_025C_1v80.lib
Using 1e-12 for capacitance...
Using 1e+03 for resistance...
Using 1e-09 for time...
Using 1e+00 for voltage...
Using 1e-03 for current...
Using 1e-09 for power...
Using 1e-06 for distance...
[INFO]: Reading ODB at '/openlane/designs/top_module_project6/runs/RUN_2025.05.29_19.10.38/tmp/routing/./18-diodes_legalized.odb'…
Reading design constraints file at '/openlane/scripts/base.sdc'…
[INFO]: Setting output delay to: 10.0
[INFO]: Setting input delay to: 10.0
[INFO]: Setting load to: 0.033442
[INFO]: Setting clock uncertainty to: 0.25
[INFO]: Setting clock transition to: 0.15
[INFO]: Setting timing derate to: 5.0 %
[INFO]: Setting signal min routing layer to: met1 and clock min routing layer to met3. 
[INFO]: Setting signal max routing layer to: met5 and clock max routing layer to met5. 
-congestion_iterations 50 -verbose -congestion_report_file /openlane/designs/top_module_project6/runs/RUN_2025.05.29_19.10.38/tmp/routing/groute-congestion.rpt
[INFO GRT-0020] Min routing layer: met1
[INFO GRT-0021] Max routing layer: met5
[INFO GRT-0022] Global adjustment: 30%
[INFO GRT-0023] Grid origin: (0, 0)
[INFO GRT-0043] No OR_DEFAULT vias defined.
[INFO GRT-0088] Layer li1     Track-Pitch = 0.4600  line-2-Via Pitch: 0.3400
[INFO GRT-0088] Layer met1    Track-Pitch = 0.3400  line-2-Via Pitch: 0.3400
[INFO GRT-0088] Layer met2    Track-Pitch = 0.4600  line-2-Via Pitch: 0.3500
[INFO GRT-0088] Layer met3    Track-Pitch = 0.6800  line-2-Via Pitch: 0.6150
[INFO GRT-0088] Layer met4    Track-Pitch = 0.9200  line-2-Via Pitch: 1.0400
[INFO GRT-0088] Layer met5    Track-Pitch = 3.4000  line-2-Via Pitch: 3.1100
[INFO GRT-0019] Found 169 clock nets.
[INFO GRT-0001] Minimum degree: 2
[INFO GRT-0002] Maximum degree: 23
[INFO GRT-0003] Macros: 0
[INFO GRT-0043] No OR_DEFAULT vias defined.
[INFO GRT-0004] Blockages: 8014

[INFO GRT-0053] Routing resources analysis:
          Routing      Original      Derated      Resource
Layer     Direction    Resources     Resources    Reduction (%)
---------------------------------------------------------------
li1        Vertical            0             0          0.00%
met1       Horizontal     417456        204968          50.90%
met2       Vertical       312912        206799          33.91%
met3       Horizontal     208656        144435          30.78%
met4       Vertical       125568         79391          36.77%
met5       Horizontal      41616         19877          52.24%
---------------------------------------------------------------

[INFO GRT-0101] Running extra iterations to remove overflow.
[INFO GRT-0197] Via related to pin nodes: 32309
[INFO GRT-0198] Via related Steiner nodes: 1371
[INFO GRT-0199] Via filling finished.
[INFO GRT-0111] Final number of vias: 54453
[INFO GRT-0112] Final usage 3D: 555283

[INFO GRT-0096] Final congestion report:
Layer         Resource        Demand        Usage (%)    Max H / Max V / Total Overflow
---------------------------------------------------------------------------------------
li1                  0             0            0.00%             0 /  0 /  0
met1            204968        128015           62.46%             0 /  0 /  0
met2            206799        142905           69.10%             0 /  0 /  0
met3            144435         68459           47.40%             0 /  0 /  0
met4             79391         47084           59.31%             0 /  0 /  0
met5             19877          5461           27.47%             0 /  0 /  0
---------------------------------------------------------------------------------------
Total           655470        391924           59.79%             0 /  0 /  0

[INFO GRT-0018] Total wirelength: 2899297 um
[INFO GRT-0014] Routed nets: 3576
Setting global connections for newly added cells…
Writing OpenROAD database to '/openlane/designs/top_module_project6/runs/RUN_2025.05.29_19.10.38/tmp/routing/20-global.odb'…
Writing layout to '/openlane/designs/top_module_project6/runs/RUN_2025.05.29_19.10.38/tmp/routing/20-global.def'…
Writing routing guides to '/openlane/designs/top_module_project6/runs/RUN_2025.05.29_19.10.38/tmp/routing/20-global.guide'…
