
===========================================================================
report_checks -unconstrained
===========================================================================
======================= Typical Corner ===================================

Startpoint: reset (input port clocked by clk)
Endpoint: _5055_ (recovery check against rising-edge clock clk)
Path Group: asynchronous
Path Type: max

Fanout     Cap    Slew   Delay    Time   Description
-----------------------------------------------------------------------------
                          0.00    0.00   clock clk (rise edge)
                          0.00    0.00   clock network delay (propagated)
                         10.00   10.00 v input external delay
     1    0.01    0.02    0.01   10.01 v reset (in)
                                         reset (net)
                  0.02    0.00   10.01 v input2/A (sky130_fd_sc_hd__buf_12)
    10    0.05    0.04    0.14   10.16 v input2/X (sky130_fd_sc_hd__buf_12)
                                         net2 (net)
                  0.04    0.00   10.16 v _4644_/A (sky130_fd_sc_hd__clkinv_8)
     2    0.00    0.02    0.04   10.19 ^ _4644_/Y (sky130_fd_sc_hd__clkinv_8)
                                         _0004_ (net)
                  0.02    0.00   10.19 ^ _5055_/RESET_B (sky130_fd_sc_hd__dfrtp_4)
                                 10.19   data arrival time

                         50.00   50.00   clock clk (rise edge)
                          0.00   50.00   clock source latency
     1    0.01    0.04    0.03   50.03 ^ clk (in)
                                         clk (net)
                  0.04    0.00   50.03 ^ clkbuf_0_clk/A (sky130_fd_sc_hd__clkbuf_16)
     8    0.02    0.04    0.12   50.14 ^ clkbuf_0_clk/X (sky130_fd_sc_hd__clkbuf_16)
                                         clknet_0_clk (net)
                  0.04    0.00   50.14 ^ clkbuf_2_0_0_clk/A (sky130_fd_sc_hd__clkbuf_8)
     8    0.02    0.05    0.13   50.27 ^ clkbuf_2_0_0_clk/X (sky130_fd_sc_hd__clkbuf_8)
                                         clknet_2_0_0_clk (net)
                  0.05    0.00   50.27 ^ clkbuf_4_3_0_clk/A (sky130_fd_sc_hd__clkbuf_8)
     4    0.02    0.05    0.12   50.39 ^ clkbuf_4_3_0_clk/X (sky130_fd_sc_hd__clkbuf_8)
                                         clknet_4_3_0_clk (net)
                  0.05    0.00   50.39 ^ clkbuf_5_6__f_clk/A (sky130_fd_sc_hd__clkbuf_16)
    14    0.02    0.05    0.12   50.52 ^ clkbuf_5_6__f_clk/X (sky130_fd_sc_hd__clkbuf_16)
                                         clknet_5_6__leaf_clk (net)
                  0.05    0.00   50.52 ^ _5055_/CLK (sky130_fd_sc_hd__dfrtp_4)
                         -0.25   50.27   clock uncertainty
                          0.00   50.27   clock reconvergence pessimism
                          0.23   50.50   library recovery time
                                 50.50   data required time
-----------------------------------------------------------------------------
                                 50.50   data required time
                                -10.19   data arrival time
-----------------------------------------------------------------------------
                                 40.30   slack (MET)


Startpoint: control (input port clocked by clk)
Endpoint: seg_out[5] (output port clocked by clk)
Path Group: clk
Path Type: max

Fanout     Cap    Slew   Delay    Time   Description
-----------------------------------------------------------------------------
                          0.00    0.00   clock clk (rise edge)
                          0.00    0.00   clock network delay (propagated)
                         10.00   10.00 ^ input external delay
     1    0.01    0.05    0.03   10.03 ^ control (in)
                                         control (net)
                  0.05    0.00   10.03 ^ input1/A (sky130_fd_sc_hd__buf_12)
     8    0.04    0.06    0.12   10.15 ^ input1/X (sky130_fd_sc_hd__buf_12)
                                         net1 (net)
                  0.06    0.00   10.15 ^ _2328_/A (sky130_fd_sc_hd__buf_12)
    20    0.06    0.08    0.14   10.30 ^ _2328_/X (sky130_fd_sc_hd__buf_12)
                                         _0427_ (net)
                  0.08    0.00   10.30 ^ _2344_/A (sky130_fd_sc_hd__buf_12)
    20    0.06    0.08    0.15   10.45 ^ _2344_/X (sky130_fd_sc_hd__buf_12)
                                         _0443_ (net)
                  0.08    0.00   10.45 ^ _2395_/A (sky130_fd_sc_hd__buf_12)
    20    0.05    0.07    0.14   10.59 ^ _2395_/X (sky130_fd_sc_hd__buf_12)
                                         _0494_ (net)
                  0.07    0.00   10.59 ^ _2396_/D_N (sky130_fd_sc_hd__or4bb_4)
     6    0.02    0.11    0.52   11.12 v _2396_/X (sky130_fd_sc_hd__or4bb_4)
                                         _0495_ (net)
                  0.11    0.00   11.12 v _2415_/A2 (sky130_fd_sc_hd__a211oi_4)
     2    0.00    0.15    0.25   11.37 ^ _2415_/Y (sky130_fd_sc_hd__a211oi_4)
                                         _0514_ (net)
                  0.15    0.00   11.37 ^ wire550/A (sky130_fd_sc_hd__clkbuf_4)
     4    0.01    0.04    0.17   11.54 ^ wire550/X (sky130_fd_sc_hd__clkbuf_4)
                                         net550 (net)
                  0.04    0.00   11.54 ^ wire548/A (sky130_fd_sc_hd__clkbuf_4)
     6    0.02    0.07    0.15   11.69 ^ wire548/X (sky130_fd_sc_hd__clkbuf_4)
                                         net548 (net)
                  0.07    0.00   11.69 ^ wire546/A (sky130_fd_sc_hd__buf_2)
     2    0.00    0.03    0.11   11.79 ^ wire546/X (sky130_fd_sc_hd__buf_2)
                                         net546 (net)
                  0.03    0.00   11.79 ^ wire545/A (sky130_fd_sc_hd__buf_4)
     4    0.01    0.05    0.11   11.91 ^ wire545/X (sky130_fd_sc_hd__buf_4)
                                         net545 (net)
                  0.05    0.00   11.91 ^ max_cap544/A (sky130_fd_sc_hd__clkbuf_2)
     2    0.01    0.05    0.11   12.02 ^ max_cap544/X (sky130_fd_sc_hd__clkbuf_2)
                                         net544 (net)
                  0.05    0.00   12.02 ^ _2578_/S (sky130_fd_sc_hd__mux2_4)
     2    0.00    0.05    0.30   12.32 v _2578_/X (sky130_fd_sc_hd__mux2_4)
                                         _0677_ (net)
                  0.05    0.00   12.32 v _2579_/B (sky130_fd_sc_hd__or2_4)
     2    0.00    0.04    0.23   12.55 v _2579_/X (sky130_fd_sc_hd__or2_4)
                                         _0678_ (net)
                  0.04    0.00   12.55 v _2580_/B1 (sky130_fd_sc_hd__o211a_1)
     1    0.01    0.07    0.16   12.70 v _2580_/X (sky130_fd_sc_hd__o211a_1)
                                         _0679_ (net)
                  0.07    0.00   12.70 v wire493/A (sky130_fd_sc_hd__buf_12)
     2    0.01    0.02    0.13   12.84 v wire493/X (sky130_fd_sc_hd__buf_12)
                                         net493 (net)
                  0.02    0.00   12.84 v _2581_/B1 (sky130_fd_sc_hd__a211o_4)
     2    0.00    0.05    0.30   13.14 v _2581_/X (sky130_fd_sc_hd__a211o_4)
                                         _0680_ (net)
                  0.05    0.00   13.14 v _2582_/C1 (sky130_fd_sc_hd__o221a_1)
     1    0.01    0.07    0.14   13.28 v _2582_/X (sky130_fd_sc_hd__o221a_1)
                                         _0681_ (net)
                  0.07    0.00   13.28 v wire456/A (sky130_fd_sc_hd__buf_8)
     6    0.02    0.03    0.14   13.42 v wire456/X (sky130_fd_sc_hd__buf_8)
                                         net456 (net)
                  0.03    0.00   13.42 v load_slew455/A (sky130_fd_sc_hd__buf_6)
     6    0.02    0.04    0.13   13.55 v load_slew455/X (sky130_fd_sc_hd__buf_6)
                                         net455 (net)
                  0.04    0.00   13.55 v _3192_/C1 (sky130_fd_sc_hd__a211o_4)
     4    0.01    0.05    0.28   13.82 v _3192_/X (sky130_fd_sc_hd__a211o_4)
                                         _1285_ (net)
                  0.05    0.00   13.82 v _3209_/A1 (sky130_fd_sc_hd__a21o_4)
     4    0.02    0.06    0.24   14.06 v _3209_/X (sky130_fd_sc_hd__a21o_4)
                                         _1302_ (net)
                  0.06    0.00   14.06 v _3216_/A1 (sky130_fd_sc_hd__a21o_4)
     6    0.03    0.07    0.25   14.32 v _3216_/X (sky130_fd_sc_hd__a21o_4)
                                         _1309_ (net)
                  0.07    0.00   14.32 v _3223_/A1 (sky130_fd_sc_hd__a211o_4)
     4    0.02    0.08    0.38   14.70 v _3223_/X (sky130_fd_sc_hd__a211o_4)
                                         _1316_ (net)
                  0.08    0.00   14.70 v _3228_/A2 (sky130_fd_sc_hd__a31o_4)
     4    0.02    0.06    0.28   14.98 v _3228_/X (sky130_fd_sc_hd__a31o_4)
                                         _1321_ (net)
                  0.06    0.00   14.98 v _3230_/A2 (sky130_fd_sc_hd__a21o_4)
     4    0.02    0.06    0.26   15.23 v _3230_/X (sky130_fd_sc_hd__a21o_4)
                                         _1323_ (net)
                  0.06    0.00   15.23 v load_slew206/A (sky130_fd_sc_hd__buf_6)
     6    0.01    0.03    0.13   15.36 v load_slew206/X (sky130_fd_sc_hd__buf_6)
                                         net206 (net)
                  0.03    0.00   15.36 v _3256_/A1 (sky130_fd_sc_hd__a21bo_1)
     2    0.02    0.10    0.23   15.59 v _3256_/X (sky130_fd_sc_hd__a21bo_1)
                                         _1349_ (net)
                  0.10    0.00   15.59 v max_cap182/A (sky130_fd_sc_hd__buf_12)
     4    0.01    0.02    0.15   15.74 v max_cap182/X (sky130_fd_sc_hd__buf_12)
                                         net182 (net)
                  0.02    0.00   15.74 v _3411_/A2 (sky130_fd_sc_hd__a21o_4)
     2    0.02    0.05    0.23   15.97 v _3411_/X (sky130_fd_sc_hd__a21o_4)
                                         _1503_ (net)
                  0.05    0.00   15.97 v _3413_/A (sky130_fd_sc_hd__xnor2_4)
     2    0.00    0.05    0.14   16.11 v _3413_/Y (sky130_fd_sc_hd__xnor2_4)
                                         _1505_ (net)
                  0.05    0.00   16.11 v wire153/A (sky130_fd_sc_hd__clkbuf_8)
     2    0.01    0.03    0.13   16.25 v wire153/X (sky130_fd_sc_hd__clkbuf_8)
                                         net153 (net)
                  0.03    0.00   16.25 v _3423_/A2 (sky130_fd_sc_hd__a21o_4)
     4    0.01    0.04    0.22   16.47 v _3423_/X (sky130_fd_sc_hd__a21o_4)
                                         _1515_ (net)
                  0.04    0.00   16.47 v _3424_/C (sky130_fd_sc_hd__and3_2)
     2    0.01    0.05    0.22   16.69 v _3424_/X (sky130_fd_sc_hd__and3_2)
                                         _1516_ (net)
                  0.05    0.00   16.69 v _3444_/A1 (sky130_fd_sc_hd__o22a_4)
     8    0.02    0.07    0.29   16.98 v _3444_/X (sky130_fd_sc_hd__o22a_4)
                                         _1536_ (net)
                  0.07    0.00   16.98 v wire28/A (sky130_fd_sc_hd__clkbuf_16)
     8    0.03    0.04    0.17   17.15 v wire28/X (sky130_fd_sc_hd__clkbuf_16)
                                         net28 (net)
                  0.04    0.00   17.15 v _3449_/B (sky130_fd_sc_hd__nand2_8)
     8    0.02    0.07    0.08   17.23 ^ _3449_/Y (sky130_fd_sc_hd__nand2_8)
                                         _1541_ (net)
                  0.07    0.00   17.23 ^ load_slew20/A (sky130_fd_sc_hd__buf_12)
     4    0.01    0.03    0.10   17.34 ^ load_slew20/X (sky130_fd_sc_hd__buf_12)
                                         net20 (net)
                  0.03    0.00   17.34 ^ _3461_/A2 (sky130_fd_sc_hd__a21oi_4)
     4    0.01    0.04    0.05   17.39 v _3461_/Y (sky130_fd_sc_hd__a21oi_4)
                                         _1550_ (net)
                  0.04    0.00   17.39 v max_cap17/A (sky130_fd_sc_hd__buf_4)
     2    0.01    0.03    0.13   17.52 v max_cap17/X (sky130_fd_sc_hd__buf_4)
                                         net17 (net)
                  0.03    0.00   17.52 v wire16/A (sky130_fd_sc_hd__buf_6)
     2    0.00    0.02    0.10   17.62 v wire16/X (sky130_fd_sc_hd__buf_6)
                                         net16 (net)
                  0.02    0.00   17.62 v _3467_/A0 (sky130_fd_sc_hd__mux2_2)
     2    0.01    0.06    0.28   17.90 v _3467_/X (sky130_fd_sc_hd__mux2_2)
                                         _1554_ (net)
                  0.06    0.00   17.90 v _3468_/A (sky130_fd_sc_hd__clkbuf_16)
     2    0.00    0.02    0.15   18.05 v _3468_/X (sky130_fd_sc_hd__clkbuf_16)
                                         net12 (net)
                  0.02    0.00   18.05 v output12/A (sky130_fd_sc_hd__buf_2)
     1    0.03    0.09    0.18   18.23 v output12/X (sky130_fd_sc_hd__buf_2)
                                         seg_out[5] (net)
                  0.09    0.00   18.23 v seg_out[5] (out)
                                 18.23   data arrival time

                         50.00   50.00   clock clk (rise edge)
                          0.00   50.00   clock network delay (propagated)
                         -0.25   49.75   clock uncertainty
                          0.00   49.75   clock reconvergence pessimism
                        -10.00   39.75   output external delay
                                 39.75   data required time
-----------------------------------------------------------------------------
                                 39.75   data required time
                                -18.23   data arrival time
-----------------------------------------------------------------------------
                                 21.52   slack (MET)




===========================================================================
report_checks --slack_max -0.01
============================================================================
======================= Typical Corner ===================================

No paths found.


===========================================================================
 report_check_types -max_slew -max_cap -max_fanout -violators
============================================================================
======================= Typical Corner ===================================

max fanout

Pin                                   Limit Fanout  Slack
---------------------------------------------------------
clkbuf_5_27__f_clk/X                     10     22    -12 (VIOLATED)
_2317_/X                                 10     20    -10 (VIOLATED)
_2319_/X                                 10     20    -10 (VIOLATED)
_2321_/X                                 10     20    -10 (VIOLATED)
_2326_/X                                 10     20    -10 (VIOLATED)
_2328_/X                                 10     20    -10 (VIOLATED)
_2333_/X                                 10     20    -10 (VIOLATED)
_2334_/X                                 10     20    -10 (VIOLATED)
_2335_/X                                 10     20    -10 (VIOLATED)
_2339_/X                                 10     20    -10 (VIOLATED)
_2343_/X                                 10     20    -10 (VIOLATED)
_2344_/X                                 10     20    -10 (VIOLATED)
_2346_/X                                 10     20    -10 (VIOLATED)
_2348_/X                                 10     20    -10 (VIOLATED)
_2349_/X                                 10     20    -10 (VIOLATED)
_2350_/X                                 10     20    -10 (VIOLATED)
_2351_/X                                 10     20    -10 (VIOLATED)
_2353_/X                                 10     20    -10 (VIOLATED)
_2354_/X                                 10     20    -10 (VIOLATED)
_2360_/X                                 10     20    -10 (VIOLATED)
_2361_/X                                 10     20    -10 (VIOLATED)
_2362_/X                                 10     20    -10 (VIOLATED)
_2365_/X                                 10     20    -10 (VIOLATED)
_2373_/X                                 10     20    -10 (VIOLATED)
_2375_/X                                 10     20    -10 (VIOLATED)
_2376_/X                                 10     20    -10 (VIOLATED)
_2379_/X                                 10     20    -10 (VIOLATED)
_2380_/X                                 10     20    -10 (VIOLATED)
_2381_/X                                 10     20    -10 (VIOLATED)
_2382_/X                                 10     20    -10 (VIOLATED)
_2387_/X                                 10     20    -10 (VIOLATED)
_2388_/X                                 10     20    -10 (VIOLATED)
_2389_/X                                 10     20    -10 (VIOLATED)
_2394_/X                                 10     20    -10 (VIOLATED)
_2395_/X                                 10     20    -10 (VIOLATED)
_2404_/X                                 10     20    -10 (VIOLATED)
_2411_/X                                 10     20    -10 (VIOLATED)
_2412_/X                                 10     20    -10 (VIOLATED)
_2413_/X                                 10     20    -10 (VIOLATED)
_2416_/X                                 10     20    -10 (VIOLATED)
_2417_/X                                 10     20    -10 (VIOLATED)
_2418_/X                                 10     20    -10 (VIOLATED)
_2419_/X                                 10     20    -10 (VIOLATED)
_2421_/X                                 10     20    -10 (VIOLATED)
_2422_/X                                 10     20    -10 (VIOLATED)
_2423_/X                                 10     20    -10 (VIOLATED)
_2429_/X                                 10     20    -10 (VIOLATED)
_2430_/X                                 10     20    -10 (VIOLATED)
_2431_/X                                 10     20    -10 (VIOLATED)
_2432_/X                                 10     20    -10 (VIOLATED)
_2433_/X                                 10     20    -10 (VIOLATED)
_2434_/X                                 10     20    -10 (VIOLATED)
_2440_/X                                 10     20    -10 (VIOLATED)
_2441_/X                                 10     20    -10 (VIOLATED)
_2442_/X                                 10     20    -10 (VIOLATED)
_2444_/X                                 10     20    -10 (VIOLATED)
_2445_/X                                 10     20    -10 (VIOLATED)
_2446_/X                                 10     20    -10 (VIOLATED)
_2448_/X                                 10     20    -10 (VIOLATED)
_2449_/X                                 10     20    -10 (VIOLATED)
_2450_/X                                 10     20    -10 (VIOLATED)
_2453_/X                                 10     20    -10 (VIOLATED)
_2454_/X                                 10     20    -10 (VIOLATED)
_2455_/X                                 10     20    -10 (VIOLATED)
_2457_/X                                 10     20    -10 (VIOLATED)
_2464_/X                                 10     20    -10 (VIOLATED)
_2471_/X                                 10     20    -10 (VIOLATED)
_2484_/X                                 10     20    -10 (VIOLATED)
_2487_/X                                 10     20    -10 (VIOLATED)
_2490_/X                                 10     20    -10 (VIOLATED)
_2491_/X                                 10     20    -10 (VIOLATED)
_2492_/X                                 10     20    -10 (VIOLATED)
_2494_/X                                 10     20    -10 (VIOLATED)
_2498_/X                                 10     20    -10 (VIOLATED)
_2505_/X                                 10     20    -10 (VIOLATED)
_2511_/X                                 10     20    -10 (VIOLATED)
_2522_/X                                 10     20    -10 (VIOLATED)
_2523_/X                                 10     20    -10 (VIOLATED)
_2525_/X                                 10     20    -10 (VIOLATED)
_2527_/X                                 10     20    -10 (VIOLATED)
_2528_/X                                 10     20    -10 (VIOLATED)
_2539_/X                                 10     20    -10 (VIOLATED)
_2547_/X                                 10     20    -10 (VIOLATED)
_2548_/X                                 10     20    -10 (VIOLATED)
_2549_/X                                 10     20    -10 (VIOLATED)
_2574_/X                                 10     20    -10 (VIOLATED)
_2985_/X                                 10     20    -10 (VIOLATED)
_3065_/X                                 10     20    -10 (VIOLATED)
_3120_/X                                 10     20    -10 (VIOLATED)
_3141_/X                                 10     20    -10 (VIOLATED)
_3164_/X                                 10     20    -10 (VIOLATED)
_3167_/X                                 10     20    -10 (VIOLATED)
_3168_/X                                 10     20    -10 (VIOLATED)
_3264_/X                                 10     20    -10 (VIOLATED)
_3270_/X                                 10     20    -10 (VIOLATED)
_3271_/X                                 10     20    -10 (VIOLATED)
_3280_/X                                 10     20    -10 (VIOLATED)
_3283_/X                                 10     20    -10 (VIOLATED)
_3482_/X                                 10     20    -10 (VIOLATED)
_3485_/X                                 10     20    -10 (VIOLATED)
_3488_/X                                 10     20    -10 (VIOLATED)
_3491_/X                                 10     20    -10 (VIOLATED)
_3494_/X                                 10     20    -10 (VIOLATED)
_3497_/X                                 10     20    -10 (VIOLATED)
_3500_/X                                 10     20    -10 (VIOLATED)
_3503_/X                                 10     20    -10 (VIOLATED)
_3506_/X                                 10     20    -10 (VIOLATED)
_3509_/X                                 10     20    -10 (VIOLATED)
_3512_/X                                 10     20    -10 (VIOLATED)
_3513_/X                                 10     20    -10 (VIOLATED)
_3516_/X                                 10     20    -10 (VIOLATED)
_3519_/X                                 10     20    -10 (VIOLATED)
_3522_/X                                 10     20    -10 (VIOLATED)
_3525_/X                                 10     20    -10 (VIOLATED)
_3528_/X                                 10     20    -10 (VIOLATED)
_3531_/X                                 10     20    -10 (VIOLATED)
_3543_/X                                 10     20    -10 (VIOLATED)
_3547_/X                                 10     20    -10 (VIOLATED)
_3554_/X                                 10     20    -10 (VIOLATED)
_3579_/X                                 10     20    -10 (VIOLATED)
_3581_/X                                 10     20    -10 (VIOLATED)
_3628_/X                                 10     20    -10 (VIOLATED)
_3651_/X                                 10     20    -10 (VIOLATED)
_3842_/X                                 10     20    -10 (VIOLATED)
_3957_/X                                 10     20    -10 (VIOLATED)
_3978_/X                                 10     20    -10 (VIOLATED)
_3999_/X                                 10     20    -10 (VIOLATED)
_4029_/X                                 10     20    -10 (VIOLATED)
_4050_/X                                 10     20    -10 (VIOLATED)
_4071_/X                                 10     20    -10 (VIOLATED)
_4101_/X                                 10     20    -10 (VIOLATED)
_4122_/X                                 10     20    -10 (VIOLATED)
_4143_/X                                 10     20    -10 (VIOLATED)
_4169_/X                                 10     20    -10 (VIOLATED)
_4190_/X                                 10     20    -10 (VIOLATED)
_4211_/X                                 10     20    -10 (VIOLATED)
_4237_/X                                 10     20    -10 (VIOLATED)
_4258_/X                                 10     20    -10 (VIOLATED)
_4279_/X                                 10     20    -10 (VIOLATED)
_4305_/X                                 10     20    -10 (VIOLATED)
_4326_/X                                 10     20    -10 (VIOLATED)
_4347_/X                                 10     20    -10 (VIOLATED)
_4371_/X                                 10     20    -10 (VIOLATED)
_4392_/X                                 10     20    -10 (VIOLATED)
_4413_/X                                 10     20    -10 (VIOLATED)
_4438_/X                                 10     20    -10 (VIOLATED)
_4459_/X                                 10     20    -10 (VIOLATED)
_4480_/X                                 10     20    -10 (VIOLATED)
_4506_/X                                 10     20    -10 (VIOLATED)
_4527_/X                                 10     20    -10 (VIOLATED)
_4548_/X                                 10     20    -10 (VIOLATED)
clkbuf_5_16__f_clk/X                     10     20    -10 (VIOLATED)
clkbuf_5_17__f_clk/X                     10     20    -10 (VIOLATED)
clkbuf_5_21__f_clk/X                     10     20    -10 (VIOLATED)
clkbuf_5_26__f_clk/X                     10     20    -10 (VIOLATED)
clkbuf_5_29__f_clk/X                     10     20    -10 (VIOLATED)
_2342_/X                                 10     18     -8 (VIOLATED)
_2984_/Y                                 10     18     -8 (VIOLATED)
_3147_/X                                 10     18     -8 (VIOLATED)
clkbuf_5_15__f_clk/X                     10     18     -8 (VIOLATED)
clkbuf_5_18__f_clk/X                     10     18     -8 (VIOLATED)
clkbuf_5_19__f_clk/X                     10     18     -8 (VIOLATED)
clkbuf_5_20__f_clk/X                     10     18     -8 (VIOLATED)
clkbuf_5_2__f_clk/X                      10     18     -8 (VIOLATED)
clkbuf_5_31__f_clk/X                     10     18     -8 (VIOLATED)
clkbuf_5_3__f_clk/X                      10     18     -8 (VIOLATED)
clkbuf_5_4__f_clk/X                      10     18     -8 (VIOLATED)
clkbuf_5_5__f_clk/X                      10     18     -8 (VIOLATED)
_2386_/X                                 10     16     -6 (VIOLATED)
_3269_/X                                 10     16     -6 (VIOLATED)
_3377_/X                                 10     16     -6 (VIOLATED)
clkbuf_5_0__f_clk/X                      10     16     -6 (VIOLATED)
clkbuf_5_10__f_clk/X                     10     16     -6 (VIOLATED)
clkbuf_5_12__f_clk/X                     10     16     -6 (VIOLATED)
clkbuf_5_14__f_clk/X                     10     16     -6 (VIOLATED)
clkbuf_5_24__f_clk/X                     10     16     -6 (VIOLATED)
clkbuf_5_28__f_clk/X                     10     16     -6 (VIOLATED)
clkbuf_5_7__f_clk/X                      10     16     -6 (VIOLATED)
clkbuf_5_8__f_clk/X                      10     16     -6 (VIOLATED)
_3299_/X                                 10     14     -4 (VIOLATED)
_3312_/Y                                 10     14     -4 (VIOLATED)
_3329_/X                                 10     14     -4 (VIOLATED)
_3332_/Y                                 10     14     -4 (VIOLATED)
clkbuf_5_11__f_clk/X                     10     14     -4 (VIOLATED)
clkbuf_5_13__f_clk/X                     10     14     -4 (VIOLATED)
clkbuf_5_1__f_clk/X                      10     14     -4 (VIOLATED)
clkbuf_5_23__f_clk/X                     10     14     -4 (VIOLATED)
clkbuf_5_25__f_clk/X                     10     14     -4 (VIOLATED)
clkbuf_5_30__f_clk/X                     10     14     -4 (VIOLATED)
clkbuf_5_6__f_clk/X                      10     14     -4 (VIOLATED)
clkbuf_5_9__f_clk/X                      10     14     -4 (VIOLATED)
wire115/X                                10     14     -4 (VIOLATED)
wire351/X                                10     14     -4 (VIOLATED)
wire597/X                                10     14     -4 (VIOLATED)
_2420_/X                                 10     12     -2 (VIOLATED)
_2564_/Y                                 10     12     -2 (VIOLATED)
_3039_/Y                                 10     12     -2 (VIOLATED)
_3191_/X                                 10     12     -2 (VIOLATED)
_3832_/X                                 10     12     -2 (VIOLATED)
clkbuf_5_22__f_clk/X                     10     12     -2 (VIOLATED)
load_slew441/X                           10     12     -2 (VIOLATED)
load_slew530/X                           10     12     -2 (VIOLATED)
max_cap513/X                             10     12     -2 (VIOLATED)
wire36/X                                 10     12     -2 (VIOLATED)
wire39/X                                 10     12     -2 (VIOLATED)
wire412/X                                10     12     -2 (VIOLATED)
wire487/X                                10     12     -2 (VIOLATED)
wire590/X                                10     12     -2 (VIOLATED)


max slew violations count Typical: 0
max fanout violations count Typical: 208
max cap violations count Typical: 0

===========================================================================
report_parasitic_annotation -report_unannotated
============================================================================
Found 3657 unannotated drivers.
 clk
 control
 reset
 _2317_/X
 _2318_/X
 _2319_/X
 _2320_/Y
 _2321_/X
 _2322_/X
 _2323_/Y
 _2324_/X
 _2325_/X
 _2326_/X
 _2327_/X
 _2328_/X
 _2329_/X
 _2330_/Y
 _2331_/X
 _2332_/X
 _2333_/X
 _2334_/X
 _2335_/X
 _2336_/Y
 _2337_/X
 _2338_/X
 _2339_/X
 _2340_/X
 _2341_/X
 _2342_/X
 _2343_/X
 _2344_/X
 _2345_/Y
 _2346_/X
 _2347_/X
 _2348_/X
 _2349_/X
 _2350_/X
 _2351_/X
 _2352_/X
 _2353_/X
 _2354_/X
 _2355_/X
 _2356_/X
 _2357_/Y
 _2358_/X
 _2359_/Y
 _2360_/X
 _2361_/X
 _2362_/X
 _2363_/Y
 _2364_/X
 _2365_/X
 _2366_/X
 _2367_/X
 _2368_/Y
 _2369_/X
 _2370_/Y
 _2371_/Y
 _2372_/X
 _2373_/X
 _2374_/Y
 _2375_/X
 _2376_/X
 _2377_/X
 _2378_/X
 _2379_/X
 _2380_/X
 _2381_/X
 _2382_/X
 _2383_/X
 _2384_/Y
 _2385_/X
 _2386_/X
 _2387_/X
 _2388_/X
 _2389_/X
 _2390_/X
 _2391_/X
 _2392_/Y
 _2393_/Y
 _2394_/X
 _2395_/X
 _2396_/X
 _2397_/X
 _2398_/Y
 _2399_/X
 _2400_/Y
 _2401_/Y
 _2402_/X
 _2403_/X
 _2404_/X
 _2405_/Y
 _2406_/X
 _2407_/X
 _2408_/Y
 _2409_/X
 _2410_/Y
 _2411_/X
 _2412_/X
 _2413_/X
 _2414_/Y
 _2415_/Y
 _2416_/X
 _2417_/X
 _2418_/X
 _2419_/X
 _2420_/X
 _2421_/X
 _2422_/X
 _2423_/X
 _2424_/X
 _2425_/X
 _2426_/X
 _2427_/X
 _2428_/X
 _2429_/X
 _2430_/X
 _2431_/X
 _2432_/X
 _2433_/X
 _2434_/X
 _2435_/X
 _2436_/Y
 _2437_/Y
 _2438_/X
 _2439_/X
 _2440_/X
 _2441_/X
 _2442_/X
 _2443_/X
 _2444_/X
 _2445_/X
 _2446_/X
 _2447_/Y
 _2448_/X
 _2449_/X
 _2450_/X
 _2451_/Y
 _2452_/Y
 _2453_/X
 _2454_/X
 _2455_/X
 _2456_/X
 _2457_/X
 _2458_/X
 _2459_/X
 _2460_/X
 _2461_/X
 _2462_/X
 _2463_/X
 _2464_/X
 _2465_/X
 _2466_/X
 _2467_/X
 _2468_/X
 _2469_/X
 _2470_/X
 _2471_/X
 _2472_/X
 _2473_/X
 _2474_/X
 _2475_/X
 _2476_/X
 _2477_/X
 _2478_/X
 _2479_/X
 _2480_/X
 _2481_/Y
 _2482_/Y
 _2483_/X
 _2484_/X
 _2485_/Y
 _2486_/Y
 _2487_/X
 _2488_/Y
 _2489_/Y
 _2490_/X
 _2491_/X
 _2492_/X
 _2493_/Y
 _2494_/X
 _2495_/X
 _2496_/X
 _2497_/Y
 _2498_/X
 _2499_/Y
 _2500_/X
 _2501_/X
 _2502_/X
 _2503_/X
 _2504_/Y
 _2505_/X
 _2506_/X
 _2507_/X
 _2508_/X
 _2509_/X
 _2510_/Y
 _2511_/X
 _2512_/X
 _2513_/X
 _2514_/Y
 _2515_/X
 _2516_/X
 _2517_/X
 _2518_/Y
 _2519_/Y
 _2520_/X
 _2521_/X
 _2522_/X
 _2523_/X
 _2524_/X
 _2525_/X
 _2526_/X
 _2527_/X
 _2528_/X
 _2529_/X
 _2530_/X
 _2531_/X
 _2532_/X
 _2533_/X
 _2534_/X
 _2535_/X
 _2536_/X
 _2537_/X
 _2538_/X
 _2539_/X
 _2540_/X
 _2541_/X
 _2542_/X
 _2543_/Y
 _2544_/X
 _2545_/X
 _2546_/X
 _2547_/X
 _2548_/X
 _2549_/X
 _2550_/X
 _2551_/X
 _2552_/X
 _2553_/X
 _2554_/X
 _2555_/X
 _2556_/X
 _2557_/X
 _2558_/X
 _2559_/X
 _2560_/X
 _2561_/X
 _2562_/X
 _2563_/X
 _2564_/Y
 _2565_/X
 _2566_/X
 _2567_/X
 _2568_/X
 _2569_/X
 _2570_/X
 _2571_/X
 _2572_/X
 _2573_/X
 _2574_/X
 _2575_/X
 _2576_/X
 _2577_/X
 _2578_/X
 _2579_/X
 _2580_/X
 _2581_/X
 _2582_/X
 _2583_/Y
 _2584_/X
 _2585_/X
 _2586_/X
 _2587_/X
 _2588_/X
 _2589_/X
 _2590_/X
 _2591_/X
 _2592_/X
 _2593_/X
 _2594_/X
 _2595_/X
 _2596_/X
 _2597_/X
 _2598_/X
 _2599_/X
 _2600_/X
 _2601_/Y
 _2602_/X
 _2603_/X
 _2604_/X
 _2605_/X
 _2606_/X
 _2607_/X
 _2608_/X
 _2609_/X
 _2610_/Y
 _2611_/X
 _2612_/X
 _2613_/X
 _2614_/X
 _2615_/X
 _2616_/X
 _2617_/X
 _2618_/X
 _2619_/X
 _2620_/X
 _2621_/X
 _2622_/X
 _2623_/X
 _2624_/X
 _2625_/X
 _2626_/X
 _2627_/X
 _2628_/X
 _2629_/X
 _2630_/X
 _2631_/X
 _2632_/X
 _2633_/X
 _2634_/X
 _2635_/X
 _2636_/X
 _2637_/Y
 _2638_/X
 _2639_/X
 _2640_/X
 _2641_/X
 _2642_/X
 _2643_/X
 _2644_/X
 _2645_/X
 _2646_/X
 _2647_/X
 _2648_/X
 _2649_/X
 _2650_/X
 _2651_/X
 _2652_/X
 _2653_/Y
 _2654_/X
 _2655_/X
 _2656_/X
 _2657_/X
 _2658_/X
 _2659_/X
 _2660_/X
 _2661_/X
 _2662_/X
 _2663_/X
 _2664_/X
 _2665_/X
 _2666_/X
 _2667_/X
 _2668_/X
 _2669_/X
 _2670_/X
 _2671_/X
 _2672_/Y
 _2673_/X
 _2674_/X
 _2675_/X
 _2676_/X
 _2677_/X
 _2678_/X
 _2679_/X
 _2680_/X
 _2681_/X
 _2682_/X
 _2683_/X
 _2684_/X
 _2685_/X
 _2686_/X
 _2687_/X
 _2688_/X
 _2689_/Y
 _2690_/X
 _2691_/Y
 _2692_/X
 _2693_/X
 _2694_/X
 _2695_/X
 _2696_/X
 _2697_/X
 _2698_/X
 _2699_/X
 _2700_/X
 _2701_/X
 _2702_/X
 _2703_/X
 _2704_/X
 _2705_/X
 _2706_/X
 _2707_/X
 _2708_/X
 _2709_/Y
 _2710_/X
 _2711_/X
 _2712_/Y
 _2713_/Y
 _2714_/Y
 _2715_/Y
 _2716_/X
 _2717_/X
 _2718_/Y
 _2719_/Y
 _2720_/X
 _2721_/X
 _2722_/X
 _2723_/X
 _2724_/X
 _2725_/X
 _2726_/X
 _2727_/X
 _2728_/X
 _2729_/Y
 _2730_/X
 _2731_/X
 _2732_/X
 _2733_/Y
 _2734_/X
 _2735_/X
 _2736_/X
 _2737_/X
 _2738_/X
 _2739_/X
 _2740_/X
 _2741_/X
 _2742_/X
 _2743_/X
 _2744_/X
 _2745_/X
 _2746_/X
 _2747_/X
 _2748_/X
 _2749_/X
 _2750_/Y
 _2751_/Y
 _2752_/X
 _2753_/Y
 _2754_/Y
 _2755_/Y
 _2756_/Y
 _2757_/X
 _2758_/X
 _2759_/Y
 _2760_/Y
 _2761_/X
 _2762_/X
 _2763_/X
 _2764_/X
 _2765_/Y
 _2766_/X
 _2767_/X
 _2768_/X
 _2769_/X
 _2770_/X
 _2771_/X
 _2772_/Y
 _2773_/X
 _2774_/X
 _2775_/Y
 _2776_/X
 _2777_/X
 _2778_/X
 _2779_/X
 _2780_/X
 _2781_/X
 _2782_/X
 _2783_/X
 _2784_/X
 _2785_/X
 _2786_/X
 _2787_/X
 _2788_/X
 _2789_/X
 _2790_/X
 _2791_/Y
 _2792_/X
 _2793_/X
 _2794_/Y
 _2795_/X
 _2796_/X
 _2797_/X
 _2798_/X
 _2799_/X
 _2800_/X
 _2801_/X
 _2802_/X
 _2803_/X
 _2804_/X
 _2805_/X
 _2806_/X
 _2807_/X
 _2808_/X
 _2809_/X
 _2810_/X
 _2811_/X
 _2812_/X
 _2813_/X
 _2814_/X
 _2815_/X
 _2816_/X
 _2817_/X
 _2818_/X
 _2819_/X
 _2820_/X
 _2821_/X
 _2822_/X
 _2823_/X
 _2824_/X
 _2825_/X
 _2826_/X
 _2827_/X
 _2828_/X
 _2829_/X
 _2830_/X
 _2831_/X
 _2832_/X
 _2833_/X
 _2834_/X
 _2835_/X
 _2836_/X
 _2837_/X
 _2838_/X
 _2839_/X
 _2840_/X
 _2841_/X
 _2842_/X
 _2843_/X
 _2844_/X
 _2845_/X
 _2846_/X
 _2847_/X
 _2848_/X
 _2849_/X
 _2850_/X
 _2851_/X
 _2852_/X
 _2853_/X
 _2854_/X
 _2855_/X
 _2856_/X
 _2857_/X
 _2858_/X
 _2859_/X
 _2860_/X
 _2861_/X
 _2862_/X
 _2863_/X
 _2864_/X
 _2865_/X
 _2866_/X
 _2867_/X
 _2868_/X
 _2869_/X
 _2870_/X
 _2871_/X
 _2872_/X
 _2873_/X
 _2874_/X
 _2875_/X
 _2876_/X
 _2877_/X
 _2878_/X
 _2879_/X
 _2880_/X
 _2881_/Y
 _2882_/Y
 _2883_/Y
 _2884_/Y
 _2885_/X
 _2886_/X
 _2887_/Y
 _2888_/Y
 _2889_/X
 _2890_/X
 _2891_/X
 _2892_/X
 _2893_/Y
 _2894_/X
 _2895_/X
 _2896_/X
 _2897_/X
 _2898_/X
 _2899_/X
 _2900_/X
 _2901_/Y
 _2902_/X
 _2903_/X
 _2904_/X
 _2905_/Y
 _2906_/Y
 _2907_/Y
 _2908_/Y
 _2909_/Y
 _2910_/X
 _2911_/X
 _2912_/Y
 _2913_/Y
 _2914_/X
 _2915_/X
 _2916_/X
 _2917_/X
 _2918_/Y
 _2919_/X
 _2920_/X
 _2921_/X
 _2922_/X
 _2923_/X
 _2924_/X
 _2925_/X
 _2926_/X
 _2927_/X
 _2928_/X
 _2929_/X
 _2930_/Y
 _2931_/Y
 _2932_/Y
 _2933_/X
 _2934_/X
 _2935_/Y
 _2936_/Y
 _2937_/X
 _2938_/X
 _2939_/X
 _2940_/X
 _2941_/Y
 _2942_/X
 _2943_/X
 _2944_/X
 _2945_/X
 _2946_/X
 _2947_/X
 _2948_/X
 _2949_/X
 _2950_/X
 _2951_/X
 _2952_/X
 _2953_/X
 _2954_/X
 _2955_/X
 _2956_/X
 _2957_/X
 _2958_/X
 _2959_/X
 _2960_/X
 _2961_/X
 _2962_/X
 _2963_/X
 _2964_/X
 _2965_/X
 _2966_/X
 _2967_/X
 _2968_/Y
 _2969_/Y
 _2970_/Y
 _2971_/Y
 _2972_/Y
 _2973_/X
 _2974_/X
 _2975_/Y
 _2976_/Y
 _2977_/X
 _2978_/X
 _2979_/X
 _2980_/X
 _2981_/Y
 _2982_/X
 _2983_/X
 _2984_/Y
 _2985_/X
 _2986_/X
 _2987_/X
 _2988_/X
 _2989_/X
 _2990_/Y
 _2991_/X
 _2992_/X
 _2993_/X
 _2994_/Y
 _2995_/X
 _2996_/X
 _2997_/X
 _2998_/X
 _2999_/Y
 _3000_/Y
 _3001_/Y
 _3002_/X
 _3003_/X
 _3004_/Y
 _3005_/Y
 _3006_/X
 _3007_/X
 _3008_/X
 _3009_/X
 _3010_/Y
 _3011_/X
 _3012_/X
 _3013_/X
 _3014_/X
 _3015_/X
 _3016_/X
 _3017_/Y
 _3018_/X
 _3019_/X
 _3020_/X
 _3021_/Y
 _3022_/X
 _3023_/X
 _3024_/X
 _3025_/X
 _3026_/X
 _3027_/X
 _3028_/X
 _3029_/X
 _3030_/X
 _3031_/X
 _3032_/X
 _3033_/X
 _3034_/X
 _3035_/X
 _3036_/X
 _3037_/X
 _3038_/X
 _3039_/Y
 _3040_/Y
 _3041_/X
 _3042_/Y
 _3043_/Y
 _3044_/Y
 _3045_/X
 _3046_/X
 _3047_/Y
 _3048_/Y
 _3049_/X
 _3050_/X
 _3051_/X
 _3052_/X
 _3053_/Y
 _3054_/X
 _3055_/X
 _3056_/X
 _3057_/X
 _3058_/X
 _3059_/X
 _3060_/X
 _3061_/X
 _3062_/X
 _3063_/Y
 _3064_/Y
 _3065_/X
 _3066_/Y
 _3067_/Y
 _3068_/Y
 _3069_/X
 _3070_/X
 _3071_/Y
 _3072_/Y
 _3073_/X
 _3074_/X
 _3075_/X
 _3076_/X
 _3077_/Y
 _3078_/X
 _3079_/X
 _3080_/X
 _3081_/X
 _3082_/X
 _3083_/X
 _3084_/X
 _3085_/X
 _3086_/X
 _3087_/X
 _3088_/Y
 _3089_/X
 _3090_/Y
 _3091_/Y
 _3092_/Y
 _3093_/X
 _3094_/X
 _3095_/Y
 _3096_/Y
 _3097_/X
 _3098_/X
 _3099_/X
 _3100_/X
 _3101_/Y
 _3102_/X
 _3103_/X
 _3104_/X
 _3105_/X
 _3106_/X
 _3107_/X
 _3108_/X
 _3109_/X
 _3110_/X
 _3111_/Y
 _3112_/X
 _3113_/X
 _3114_/X
 _3115_/X
 _3116_/Y
 _3117_/X
 _3118_/X
 _3119_/Y
 _3120_/X
 _3121_/Y
 _3122_/X
 _3123_/X
 _3124_/X
 _3125_/Y
 _3126_/Y
 _3127_/X
 _3128_/Y
 _3129_/X
 _3130_/X
 _3131_/X
 _3132_/X
 _3133_/Y
 _3134_/Y
 _3135_/X
 _3136_/X
 _3137_/X
 _3138_/X
 _3139_/Y
 _3140_/Y
 _3141_/X
 _3142_/X
 _3143_/X
 _3144_/X
 _3145_/X
 _3146_/X
 _3147_/X
 _3148_/X
 _3149_/X
 _3150_/X
 _3151_/Y
 _3152_/X
 _3153_/X
 _3154_/Y
 _3155_/X
 _3156_/Y
 _3157_/X
 _3158_/X
 _3159_/X
 _3160_/Y
 _3161_/X
 _3162_/X
 _3163_/Y
 _3164_/X
 _3165_/Y
 _3166_/Y
 _3167_/X
 _3168_/X
 _3169_/X
 _3170_/Y
 _3171_/Y
 _3172_/X
 _3173_/Y
 _3174_/X
 _3175_/X
 _3176_/Y
 _3177_/X
 _3178_/Y
 _3179_/Y
 _3180_/Y
 _3181_/Y
 _3182_/Y
 _3183_/Y
 _3184_/X
 _3185_/X
 _3186_/Y
 _3187_/X
 _3188_/Y
 _3189_/Y
 _3190_/X
 _3191_/X
 _3192_/X
 _3193_/X
 _3194_/Y
 _3195_/X
 _3196_/X
 _3197_/X
 _3198_/Y
 _3199_/Y
 _3200_/X
 _3201_/Y
 _3202_/Y
 _3203_/Y
 _3204_/Y
 _3205_/X
 _3206_/Y
 _3207_/X
 _3208_/X
 _3209_/X
 _3210_/Y
 _3211_/Y
 _3212_/Y
 _3213_/X
 _3214_/X
 _3215_/X
 _3216_/X
 _3217_/X
 _3218_/X
 _3219_/X
 _3220_/X
 _3221_/Y
 _3222_/X
 _3223_/X
 _3224_/Y
 _3225_/X
 _3226_/X
 _3227_/X
 _3228_/X
 _3229_/X
 _3230_/X
 _3231_/Y
 _3232_/X
 _3233_/Y
 _3234_/X
 _3235_/X
 _3236_/Y
 _3237_/Y
 _3238_/Y
 _3239_/Y
 _3240_/Y
 _3241_/X
 _3242_/X
 _3243_/Y
 _3244_/Y
 _3245_/X
 _3246_/Y
 _3247_/Y
 _3248_/X
 _3249_/Y
 _3250_/X
 _3251_/Y
 _3252_/X
 _3253_/X
 _3254_/X
 _3255_/Y
 _3256_/X
 _3257_/Y
 _3258_/Y
 _3259_/Y
 _3260_/X
 _3261_/X
 _3262_/Y
 _3263_/X
 _3264_/X
 _3265_/X
 _3266_/X
 _3267_/X
 _3268_/X
 _3269_/X
 _3270_/X
 _3271_/X
 _3272_/X
 _3273_/X
 _3274_/X
 _3275_/X
 _3276_/X
 _3277_/X
 _3278_/X
 _3279_/Y
 _3280_/X
 _3281_/Y
 _3282_/Y
 _3283_/X
 _3284_/Y
 _3285_/X
 _3286_/Y
 _3287_/X
 _3288_/X
 _3289_/X
 _3290_/X
 _3291_/X
 _3292_/Y
 _3293_/X
 _3294_/X
 _3295_/X
 _3296_/Y
 _3297_/X
 _3298_/X
 _3299_/X
 _3300_/X
 _3301_/X
 _3302_/Y
 _3303_/X
 _3304_/X
 _3305_/Y
 _3306_/X
 _3307_/X
 _3308_/X
 _3309_/Y
 _3310_/X
 _3311_/X
 _3312_/Y
 _3313_/X
 _3314_/Y
 _3315_/Y
 _3316_/Y
 _3317_/X
 _3318_/Y
 _3319_/Y
 _3320_/X
 _3321_/X
 _3322_/Y
 _3323_/X
 _3324_/X
 _3325_/Y
 _3326_/Y
 _3327_/Y
 _3328_/X
 _3329_/X
 _3330_/Y
 _3331_/X
 _3332_/Y
 _3333_/X
 _3334_/Y
 _3335_/Y
 _3336_/Y
 _3337_/Y
 _3338_/Y
 _3339_/X
 _3340_/X
 _3341_/X
 _3342_/X
 _3343_/Y
 _3344_/Y
 _3345_/X
 _3346_/X
 _3347_/X
 _3348_/Y
 _3349_/X
 _3350_/X
 _3351_/X
 _3352_/Y
 _3353_/Y
 _3354_/X
 _3355_/X
 _3356_/X
 _3357_/Y
 _3358_/Y
 _3359_/X
 _3360_/Y
 _3361_/X
 _3362_/X
 _3363_/X
 _3364_/X
 _3365_/X
 _3366_/X
 _3367_/X
 _3368_/Y
 _3369_/X
 _3370_/Y
 _3371_/X
 _3372_/Y
 _3373_/Y
 _3374_/X
 _3375_/X
 _3376_/X
 _3377_/X
 _3378_/X
 _3379_/X
 _3380_/X
 _3381_/X
 _3382_/Y
 _3383_/X
 _3384_/Y
 _3385_/X
 _3386_/X
 _3387_/X
 _3388_/X
 _3389_/X
 _3390_/X
 _3391_/X
 _3392_/Y
 _3393_/X
 _3394_/X
 _3395_/X
 _3396_/X
 _3397_/X
 _3398_/X
 _3399_/X
 _3400_/Y
 _3401_/X
 _3402_/Y
 _3403_/Y
 _3404_/Y
 _3405_/X
 _3406_/X
 _3407_/X
 _3408_/Y
 _3409_/X
 _3410_/X
 _3411_/X
 _3412_/X
 _3413_/Y
 _3414_/X
 _3415_/X
 _3416_/X
 _3417_/Y
 _3418_/X
 _3419_/Y
 _3420_/Y
 _3421_/X
 _3422_/Y
 _3423_/X
 _3424_/X
 _3425_/X
 _3426_/Y
 _3427_/X
 _3428_/Y
 _3429_/X
 _3430_/X
 _3431_/Y
 _3432_/X
 _3433_/X
 _3434_/Y
 _3435_/X
 _3436_/Y
 _3437_/X
 _3438_/X
 _3439_/X
 _3440_/Y
 _3441_/X
 _3442_/X
 _3443_/Y
 _3444_/X
 _3445_/Y
 _3446_/X
 _3447_/X
 _3448_/Y
 _3449_/Y
 _3450_/X
 _3451_/Y
 _3452_/Y
 _3453_/Y
 _3454_/X
 _3455_/Y
 _3456_/X
 _3457_/Y
 _3458_/Y
 _3459_/X
 _3460_/X
 _3461_/Y
 _3462_/Y
 _3463_/X
 _3464_/Y
 _3465_/Y
 _3466_/X
 _3467_/X
 _3468_/X
 _3469_/X
 _3470_/Y
 _3471_/X
 _3472_/X
 _3473_/Y
 _3474_/Y
 _3475_/Y
 _3476_/Y
 _3477_/Y
 _3478_/Y
 _3479_/X
 _3480_/X
 _3481_/X
 _3482_/X
 _3483_/X
 _3484_/X
 _3485_/X
 _3486_/X
 _3487_/X
 _3488_/X
 _3489_/X
 _3490_/X
 _3491_/X
 _3492_/X
 _3493_/X
 _3494_/X
 _3495_/X
 _3496_/X
 _3497_/X
 _3498_/X
 _3499_/X
 _3500_/X
 _3501_/X
 _3502_/X
 _3503_/X
 _3504_/X
 _3505_/X
 _3506_/X
 _3507_/X
 _3508_/X
 _3509_/X
 _3510_/X
 _3511_/X
 _3512_/X
 _3513_/X
 _3514_/X
 _3515_/X
 _3516_/X
 _3517_/X
 _3518_/X
 _3519_/X
 _3520_/X
 _3521_/X
 _3522_/X
 _3523_/X
 _3524_/X
 _3525_/X
 _3526_/X
 _3527_/X
 _3528_/X
 _3529_/X
 _3530_/X
 _3531_/X
 _3532_/Y
 _3533_/X
 _3534_/X
 _3535_/Y
 _3536_/X
 _3537_/Y
 _3538_/X
 _3539_/X
 _3540_/Y
 _3541_/Y
 _3542_/X
 _3543_/X
 _3544_/X
 _3545_/X
 _3546_/X
 _3547_/X
 _3548_/Y
 _3549_/X
 _3550_/X
 _3551_/Y
 _3552_/X
 _3553_/X
 _3554_/X
 _3555_/Y
 _3556_/X
 _3557_/Y
 _3558_/Y
 _3559_/Y
 _3560_/X
 _3561_/Y
 _3562_/Y
 _3563_/X
 _3564_/X
 _3565_/X
 _3566_/X
 _3567_/X
 _3568_/Y
 _3569_/X
 _3570_/X
 _3571_/Y
 _3572_/X
 _3573_/Y
 _3574_/X
 _3575_/X
 _3576_/Y
 _3577_/Y
 _3578_/X
 _3579_/X
 _3580_/X
 _3581_/X
 _3582_/X
 _3583_/X
 _3584_/X
 _3585_/Y
 _3586_/X
 _3587_/X
 _3588_/Y
 _3589_/Y
 _3590_/X
 _3591_/X
 _3592_/Y
 _3593_/Y
 _3594_/Y
 _3595_/X
 _3596_/X
 _3597_/Y
 _3598_/X
 _3599_/Y
 _3600_/X
 _3601_/X
 _3602_/X
 _3603_/X
 _3604_/Y
 _3605_/X
 _3606_/X
 _3607_/X
 _3608_/X
 _3609_/X
 _3610_/Y
 _3611_/Y
 _3612_/X
 _3613_/X
 _3614_/X
 _3615_/Y
 _3616_/Y
 _3617_/X
 _3618_/Y
 _3619_/X
 _3620_/X
 _3621_/X
 _3622_/Y
 _3623_/Y
 _3624_/Y
 _3625_/X
 _3626_/X
 _3627_/Y
 _3628_/X
 _3629_/X
 _3630_/X
 _3631_/X
 _3632_/Y
 _3633_/X
 _3634_/X
 _3635_/Y
 _3636_/X
 _3637_/Y
 _3638_/Y
 _3639_/X
 _3640_/X
 _3641_/Y
 _3642_/Y
 _3643_/X
 _3644_/X
 _3645_/X
 _3646_/Y
 _3647_/X
 _3648_/X
 _3649_/X
 _3650_/Y
 _3651_/X
 _3652_/X
 _3653_/X
 _3654_/X
 _3655_/X
 _3656_/Y
 _3657_/Y
 _3658_/X
 _3659_/X
 _3660_/X
 _3661_/X
 _3662_/Y
 _3663_/X
 _3664_/X
 _3665_/X
 _3666_/X
 _3667_/Y
 _3668_/Y
 _3669_/Y
 _3670_/Y
 _3671_/Y
 _3672_/Y
 _3673_/Y
 _3674_/Y
 _3675_/Y
 _3676_/X
 _3677_/X
 _3678_/X
 _3679_/X
 _3680_/Y
 _3681_/Y
 _3682_/X
 _3683_/X
 _3684_/X
 _3685_/X
 _3686_/X
 _3687_/Y
 _3688_/X
 _3689_/Y
 _3690_/X
 _3691_/Y
 _3692_/X
 _3693_/Y
 _3694_/X
 _3695_/X
 _3696_/Y
 _3697_/X
 _3698_/Y
 _3699_/X
 _3700_/Y
 _3701_/X
 _3702_/X
 _3703_/X
 _3704_/X
 _3705_/X
 _3706_/Y
 _3707_/X
 _3708_/X
 _3709_/X
 _3710_/Y
 _3711_/X
 _3712_/X
 _3713_/Y
 _3714_/Y
 _3715_/X
 _3716_/Y
 _3717_/Y
 _3718_/X
 _3719_/Y
 _3720_/X
 _3721_/Y
 _3722_/X
 _3723_/X
 _3724_/X
 _3725_/X
 _3726_/Y
 _3727_/X
 _3728_/X
 _3729_/X
 _3730_/Y
 _3731_/Y
 _3732_/Y
 _3733_/Y
 _3734_/Y
 _3735_/X
 _3736_/Y
 _3737_/X
 _3738_/Y
 _3739_/X
 _3740_/X
 _3741_/Y
 _3742_/X
 _3743_/X
 _3744_/X
 _3745_/X
 _3746_/X
 _3747_/Y
 _3748_/X
 _3749_/Y
 _3750_/Y
 _3751_/X
 _3752_/Y
 _3753_/Y
 _3754_/X
 _3755_/X
 _3756_/Y
 _3757_/X
 _3758_/Y
 _3759_/X
 _3760_/Y
 _3761_/X
 _3762_/X
 _3763_/X
 _3764_/X
 _3765_/X
 _3766_/X
 _3767_/X
 _3768_/X
 _3769_/X
 _3770_/Y
 _3771_/X
 _3772_/X
 _3773_/Y
 _3774_/Y
 _3775_/Y
 _3776_/X
 _3777_/Y
 _3778_/Y
 _3779_/X
 _3780_/X
 _3781_/X
 _3782_/X
 _3783_/Y
 _3784_/X
 _3785_/X
 _3786_/X
 _3787_/X
 _3788_/Y
 _3789_/Y
 _3790_/X
 _3791_/X
 _3792_/X
 _3793_/Y
 _3794_/Y
 _3795_/X
 _3796_/X
 _3797_/X
 _3798_/X
 _3799_/Y
 _3800_/X
 _3801_/X
 _3802_/X
 _3803_/Y
 _3804_/X
 _3805_/X
 _3806_/Y
 _3807_/Y
 _3808_/Y
 _3809_/X
 _3810_/Y
 _3811_/X
 _3812_/Y
 _3813_/X
 _3814_/X
 _3815_/X
 _3816_/Y
 _3817_/Y
 _3818_/X
 _3819_/X
 _3820_/Y
 _3821_/X
 _3822_/X
 _3823_/Y
 _3824_/X
 _3825_/Y
 _3826_/Y
 _3827_/X
 _3828_/X
 _3829_/X
 _3830_/X
 _3831_/Y
 _3832_/X
 _3833_/X
 _3834_/X
 _3835_/Y
 _3836_/X
 _3837_/X
 _3838_/X
 _3839_/X
 _3840_/X
 _3841_/X
 _3842_/X
 _3843_/X
 _3844_/X
 _3845_/X
 _3846_/X
 _3847_/Y
 _3848_/Y
 _3849_/X
 _3850_/Y
 _3851_/Y
 _3852_/X
 _3853_/X
 _3854_/X
 _3855_/Y
 _3856_/Y
 _3857_/X
 _3858_/Y
 _3859_/Y
 _3860_/Y
 _3861_/Y
 _3862_/X
 _3863_/Y
 _3864_/Y
 _3865_/X
 _3866_/Y
 _3867_/Y
 _3868_/Y
 _3869_/X
 _3870_/X
 _3871_/Y
 _3872_/X
 _3873_/Y
 _3874_/X
 _3875_/Y
 _3876_/X
 _3877_/Y
 _3878_/Y
 _3879_/X
 _3880_/Y
 _3881_/X
 _3882_/X
 _3883_/Y
 _3884_/X
 _3885_/X
 _3886_/Y
 _3887_/X
 _3888_/Y
 _3889_/X
 _3890_/X
 _3891_/X
 _3892_/X
 _3893_/X
 _3894_/X
 _3895_/X
 _3896_/X
 _3897_/X
 _3898_/X
 _3899_/X
 _3900_/X
 _3901_/X
 _3902_/X
 _3903_/X
 _3904_/X
 _3905_/X
 _3906_/X
 _3907_/X
 _3908_/X
 _3909_/X
 _3910_/X
 _3911_/X
 _3912_/X
 _3913_/X
 _3914_/X
 _3915_/X
 _3916_/X
 _3917_/X
 _3918_/X
 _3919_/X
 _3920_/X
 _3921_/X
 _3922_/X
 _3923_/X
 _3924_/X
 _3925_/X
 _3926_/X
 _3927_/X
 _3928_/X
 _3929_/X
 _3930_/X
 _3931_/X
 _3932_/X
 _3933_/X
 _3934_/X
 _3935_/X
 _3936_/X
 _3937_/X
 _3938_/X
 _3939_/X
 _3940_/X
 _3941_/X
 _3942_/X
 _3943_/X
 _3944_/X
 _3945_/X
 _3946_/X
 _3947_/X
 _3948_/X
 _3949_/X
 _3950_/X
 _3951_/X
 _3952_/X
 _3953_/X
 _3954_/X
 _3955_/X
 _3956_/X
 _3957_/X
 _3958_/X
 _3959_/X
 _3960_/X
 _3961_/X
 _3962_/X
 _3963_/X
 _3964_/X
 _3965_/X
 _3966_/X
 _3967_/X
 _3968_/X
 _3969_/X
 _3970_/X
 _3971_/X
 _3972_/X
 _3973_/X
 _3974_/X
 _3975_/X
 _3976_/X
 _3977_/X
 _3978_/X
 _3979_/X
 _3980_/X
 _3981_/X
 _3982_/X
 _3983_/X
 _3984_/X
 _3985_/X
 _3986_/X
 _3987_/X
 _3988_/X
 _3989_/X
 _3990_/X
 _3991_/X
 _3992_/X
 _3993_/X
 _3994_/X
 _3995_/X
 _3996_/X
 _3997_/X
 _3998_/X
 _3999_/X
 _4000_/X
 _4001_/X
 _4002_/X
 _4003_/X
 _4004_/X
 _4005_/X
 _4006_/X
 _4007_/X
 _4008_/X
 _4009_/X
 _4010_/X
 _4011_/X
 _4012_/X
 _4013_/X
 _4014_/X
 _4015_/X
 _4016_/X
 _4017_/X
 _4018_/X
 _4019_/X
 _4020_/X
 _4021_/X
 _4022_/X
 _4023_/X
 _4024_/Y
 _4025_/Y
 _4026_/Y
 _4027_/X
 _4028_/Y
 _4029_/X
 _4030_/X
 _4031_/X
 _4032_/X
 _4033_/X
 _4034_/X
 _4035_/X
 _4036_/X
 _4037_/X
 _4038_/X
 _4039_/X
 _4040_/X
 _4041_/X
 _4042_/X
 _4043_/X
 _4044_/X
 _4045_/X
 _4046_/X
 _4047_/X
 _4048_/X
 _4049_/X
 _4050_/X
 _4051_/X
 _4052_/X
 _4053_/X
 _4054_/X
 _4055_/X
 _4056_/X
 _4057_/X
 _4058_/X
 _4059_/X
 _4060_/X
 _4061_/X
 _4062_/X
 _4063_/X
 _4064_/X
 _4065_/X
 _4066_/X
 _4067_/X
 _4068_/X
 _4069_/X
 _4070_/X
 _4071_/X
 _4072_/X
 _4073_/X
 _4074_/X
 _4075_/X
 _4076_/X
 _4077_/X
 _4078_/X
 _4079_/X
 _4080_/X
 _4081_/X
 _4082_/X
 _4083_/X
 _4084_/X
 _4085_/X
 _4086_/X
 _4087_/X
 _4088_/X
 _4089_/X
 _4090_/X
 _4091_/X
 _4092_/X
 _4093_/X
 _4094_/X
 _4095_/X
 _4096_/X
 _4097_/Y
 _4098_/X
 _4099_/X
 _4100_/X
 _4101_/X
 _4102_/X
 _4103_/X
 _4104_/X
 _4105_/X
 _4106_/X
 _4107_/X
 _4108_/X
 _4109_/X
 _4110_/X
 _4111_/X
 _4112_/X
 _4113_/X
 _4114_/X
 _4115_/X
 _4116_/X
 _4117_/X
 _4118_/X
 _4119_/X
 _4120_/X
 _4121_/X
 _4122_/X
 _4123_/X
 _4124_/X
 _4125_/X
 _4126_/X
 _4127_/X
 _4128_/X
 _4129_/X
 _4130_/X
 _4131_/X
 _4132_/X
 _4133_/X
 _4134_/X
 _4135_/X
 _4136_/X
 _4137_/X
 _4138_/X
 _4139_/X
 _4140_/X
 _4141_/X
 _4142_/X
 _4143_/X
 _4144_/X
 _4145_/X
 _4146_/X
 _4147_/X
 _4148_/X
 _4149_/X
 _4150_/X
 _4151_/X
 _4152_/X
 _4153_/X
 _4154_/X
 _4155_/X
 _4156_/X
 _4157_/X
 _4158_/X
 _4159_/X
 _4160_/X
 _4161_/X
 _4162_/X
 _4163_/X
 _4164_/X
 _4165_/X
 _4166_/X
 _4167_/X
 _4168_/Y
 _4169_/X
 _4170_/X
 _4171_/X
 _4172_/X
 _4173_/X
 _4174_/X
 _4175_/X
 _4176_/X
 _4177_/X
 _4178_/X
 _4179_/X
 _4180_/X
 _4181_/X
 _4182_/X
 _4183_/X
 _4184_/X
 _4185_/X
 _4186_/X
 _4187_/X
 _4188_/X
 _4189_/X
 _4190_/X
 _4191_/X
 _4192_/X
 _4193_/X
 _4194_/X
 _4195_/X
 _4196_/X
 _4197_/X
 _4198_/X
 _4199_/X
 _4200_/X
 _4201_/X
 _4202_/X
 _4203_/X
 _4204_/X
 _4205_/X
 _4206_/X
 _4207_/X
 _4208_/X
 _4209_/X
 _4210_/X
 _4211_/X
 _4212_/X
 _4213_/X
 _4214_/X
 _4215_/X
 _4216_/X
 _4217_/X
 _4218_/X
 _4219_/X
 _4220_/X
 _4221_/X
 _4222_/X
 _4223_/X
 _4224_/X
 _4225_/X
 _4226_/X
 _4227_/X
 _4228_/X
 _4229_/X
 _4230_/X
 _4231_/X
 _4232_/X
 _4233_/X
 _4234_/X
 _4235_/X
 _4236_/Y
 _4237_/X
 _4238_/X
 _4239_/X
 _4240_/X
 _4241_/X
 _4242_/X
 _4243_/X
 _4244_/X
 _4245_/X
 _4246_/X
 _4247_/X
 _4248_/X
 _4249_/X
 _4250_/X
 _4251_/X
 _4252_/X
 _4253_/X
 _4254_/X
 _4255_/X
 _4256_/X
 _4257_/X
 _4258_/X
 _4259_/X
 _4260_/X
 _4261_/X
 _4262_/X
 _4263_/X
 _4264_/X
 _4265_/X
 _4266_/X
 _4267_/X
 _4268_/X
 _4269_/X
 _4270_/X
 _4271_/X
 _4272_/X
 _4273_/X
 _4274_/X
 _4275_/X
 _4276_/X
 _4277_/X
 _4278_/X
 _4279_/X
 _4280_/X
 _4281_/X
 _4282_/X
 _4283_/X
 _4284_/X
 _4285_/X
 _4286_/X
 _4287_/X
 _4288_/X
 _4289_/X
 _4290_/X
 _4291_/X
 _4292_/X
 _4293_/X
 _4294_/X
 _4295_/X
 _4296_/X
 _4297_/X
 _4298_/X
 _4299_/X
 _4300_/X
 _4301_/X
 _4302_/X
 _4303_/X
 _4304_/X
 _4305_/X
 _4306_/X
 _4307_/X
 _4308_/X
 _4309_/X
 _4310_/X
 _4311_/X
 _4312_/X
 _4313_/X
 _4314_/X
 _4315_/X
 _4316_/X
 _4317_/X
 _4318_/X
 _4319_/X
 _4320_/X
 _4321_/X
 _4322_/X
 _4323_/X
 _4324_/X
 _4325_/X
 _4326_/X
 _4327_/X
 _4328_/X
 _4329_/X
 _4330_/X
 _4331_/X
 _4332_/X
 _4333_/X
 _4334_/X
 _4335_/X
 _4336_/X
 _4337_/X
 _4338_/X
 _4339_/X
 _4340_/X
 _4341_/X
 _4342_/X
 _4343_/X
 _4344_/X
 _4345_/X
 _4346_/X
 _4347_/X
 _4348_/X
 _4349_/X
 _4350_/X
 _4351_/X
 _4352_/X
 _4353_/X
 _4354_/X
 _4355_/X
 _4356_/X
 _4357_/X
 _4358_/X
 _4359_/X
 _4360_/X
 _4361_/X
 _4362_/X
 _4363_/X
 _4364_/X
 _4365_/X
 _4366_/X
 _4367_/X
 _4368_/X
 _4369_/X
 _4370_/Y
 _4371_/X
 _4372_/X
 _4373_/X
 _4374_/X
 _4375_/X
 _4376_/X
 _4377_/X
 _4378_/X
 _4379_/X
 _4380_/X
 _4381_/X
 _4382_/X
 _4383_/X
 _4384_/X
 _4385_/X
 _4386_/X
 _4387_/X
 _4388_/X
 _4389_/X
 _4390_/X
 _4391_/X
 _4392_/X
 _4393_/X
 _4394_/X
 _4395_/X
 _4396_/X
 _4397_/X
 _4398_/X
 _4399_/X
 _4400_/X
 _4401_/X
 _4402_/X
 _4403_/X
 _4404_/X
 _4405_/X
 _4406_/X
 _4407_/X
 _4408_/X
 _4409_/X
 _4410_/X
 _4411_/X
 _4412_/X
 _4413_/X
 _4414_/X
 _4415_/X
 _4416_/X
 _4417_/X
 _4418_/X
 _4419_/X
 _4420_/X
 _4421_/X
 _4422_/X
 _4423_/X
 _4424_/X
 _4425_/X
 _4426_/X
 _4427_/X
 _4428_/X
 _4429_/X
 _4430_/X
 _4431_/X
 _4432_/X
 _4433_/X
 _4434_/X
 _4435_/X
 _4436_/X
 _4437_/X
 _4438_/X
 _4439_/X
 _4440_/X
 _4441_/X
 _4442_/X
 _4443_/X
 _4444_/X
 _4445_/X
 _4446_/X
 _4447_/X
 _4448_/X
 _4449_/X
 _4450_/X
 _4451_/X
 _4452_/X
 _4453_/X
 _4454_/X
 _4455_/X
 _4456_/X
 _4457_/X
 _4458_/X
 _4459_/X
 _4460_/X
 _4461_/X
 _4462_/X
 _4463_/X
 _4464_/X
 _4465_/X
 _4466_/X
 _4467_/X
 _4468_/X
 _4469_/X
 _4470_/X
 _4471_/X
 _4472_/X
 _4473_/X
 _4474_/X
 _4475_/X
 _4476_/X
 _4477_/X
 _4478_/X
 _4479_/X
 _4480_/X
 _4481_/X
 _4482_/X
 _4483_/X
 _4484_/X
 _4485_/X
 _4486_/X
 _4487_/X
 _4488_/X
 _4489_/X
 _4490_/X
 _4491_/X
 _4492_/X
 _4493_/X
 _4494_/X
 _4495_/X
 _4496_/X
 _4497_/X
 _4498_/X
 _4499_/X
 _4500_/X
 _4501_/X
 _4502_/X
 _4503_/X
 _4504_/X
 _4505_/X
 _4506_/X
 _4507_/X
 _4508_/X
 _4509_/X
 _4510_/X
 _4511_/X
 _4512_/X
 _4513_/X
 _4514_/X
 _4515_/X
 _4516_/X
 _4517_/X
 _4518_/X
 _4519_/X
 _4520_/X
 _4521_/X
 _4522_/X
 _4523_/X
 _4524_/X
 _4525_/X
 _4526_/X
 _4527_/X
 _4528_/X
 _4529_/X
 _4530_/X
 _4531_/X
 _4532_/X
 _4533_/X
 _4534_/X
 _4535_/X
 _4536_/X
 _4537_/X
 _4538_/X
 _4539_/X
 _4540_/X
 _4541_/X
 _4542_/X
 _4543_/X
 _4544_/X
 _4545_/X
 _4546_/X
 _4547_/X
 _4548_/X
 _4549_/X
 _4550_/X
 _4551_/X
 _4552_/X
 _4553_/X
 _4554_/X
 _4555_/X
 _4556_/X
 _4557_/X
 _4558_/X
 _4559_/X
 _4560_/X
 _4561_/X
 _4562_/X
 _4563_/X
 _4564_/X
 _4565_/X
 _4566_/X
 _4567_/X
 _4568_/X
 _4569_/X
 _4570_/X
 _4571_/X
 _4572_/X
 _4573_/X
 _4574_/X
 _4575_/X
 _4576_/X
 _4577_/X
 _4578_/X
 _4579_/X
 _4580_/X
 _4581_/X
 _4582_/X
 _4583_/X
 _4584_/X
 _4585_/X
 _4586_/X
 _4587_/X
 _4588_/X
 _4589_/X
 _4590_/X
 _4591_/X
 _4592_/X
 _4593_/X
 _4594_/X
 _4595_/X
 _4596_/X
 _4597_/X
 _4598_/X
 _4599_/X
 _4600_/X
 _4601_/X
 _4602_/X
 _4603_/X
 _4604_/X
 _4605_/X
 _4606_/X
 _4607_/X
 _4608_/X
 _4609_/X
 _4610_/X
 _4611_/X
 _4612_/X
 _4613_/X
 _4614_/X
 _4615_/X
 _4616_/X
 _4617_/X
 _4618_/X
 _4619_/X
 _4620_/X
 _4621_/X
 _4622_/X
 _4623_/X
 _4624_/X
 _4625_/X
 _4626_/X
 _4627_/X
 _4628_/X
 _4629_/X
 _4630_/X
 _4631_/X
 _4632_/X
 _4633_/X
 _4634_/X
 _4635_/X
 _4636_/X
 _4637_/Y
 _4638_/Y
 _4639_/Y
 _4640_/Y
 _4641_/Y
 _4642_/Y
 _4643_/Y
 _4644_/Y
 _4645_/Q
 _4646_/Q
 _4647_/Q
 _4648_/Q
 _4649_/Q
 _4650_/Q
 _4651_/Q
 _4652_/Q
 _4653_/Q
 _4654_/Q
 _4655_/Q
 _4656_/Q
 _4657_/Q
 _4658_/Q
 _4659_/Q
 _4660_/Q
 _4661_/Q
 _4662_/Q
 _4663_/Q
 _4664_/Q
 _4665_/Q
 _4666_/Q
 _4667_/Q
 _4668_/Q
 _4669_/Q
 _4670_/Q
 _4671_/Q
 _4672_/Q
 _4673_/Q
 _4674_/Q
 _4675_/Q
 _4676_/Q
 _4677_/Q
 _4678_/Q
 _4679_/Q
 _4680_/Q
 _4681_/Q
 _4682_/Q
 _4683_/Q
 _4684_/Q
 _4685_/Q
 _4686_/Q
 _4687_/Q
 _4688_/Q
 _4689_/Q
 _4690_/Q
 _4691_/Q
 _4692_/Q
 _4693_/Q
 _4694_/Q
 _4695_/Q
 _4696_/Q
 _4697_/Q
 _4698_/Q
 _4699_/Q
 _4700_/Q
 _4701_/Q
 _4702_/Q
 _4703_/Q
 _4704_/Q
 _4705_/Q
 _4706_/Q
 _4707_/Q
 _4708_/Q
 _4709_/Q
 _4710_/Q
 _4711_/Q
 _4712_/Q
 _4713_/Q
 _4714_/Q
 _4715_/Q
 _4716_/Q
 _4717_/Q
 _4718_/Q
 _4719_/Q
 _4720_/Q
 _4721_/Q
 _4722_/Q
 _4723_/Q
 _4724_/Q
 _4725_/Q
 _4726_/Q
 _4727_/Q
 _4728_/Q
 _4729_/Q
 _4730_/Q
 _4731_/Q
 _4732_/Q
 _4733_/Q
 _4734_/Q
 _4735_/Q
 _4736_/Q
 _4737_/Q
 _4738_/Q
 _4739_/Q
 _4740_/Q
 _4741_/Q
 _4742_/Q
 _4743_/Q
 _4744_/Q
 _4745_/Q
 _4746_/Q
 _4747_/Q
 _4748_/Q
 _4749_/Q
 _4750_/Q
 _4751_/Q
 _4752_/Q
 _4753_/Q
 _4754_/Q
 _4755_/Q
 _4756_/Q
 _4757_/Q
 _4758_/Q
 _4759_/Q
 _4760_/Q
 _4761_/Q
 _4762_/Q
 _4763_/Q
 _4764_/Q
 _4765_/Q
 _4766_/Q
 _4767_/Q
 _4768_/Q
 _4769_/Q
 _4770_/Q
 _4771_/Q
 _4772_/Q
 _4773_/Q
 _4774_/Q
 _4775_/Q
 _4776_/Q
 _4777_/Q
 _4778_/Q
 _4779_/Q
 _4780_/Q
 _4781_/Q
 _4782_/Q
 _4783_/Q
 _4784_/Q
 _4785_/Q
 _4786_/Q
 _4787_/Q
 _4788_/Q
 _4789_/Q
 _4790_/Q
 _4791_/Q
 _4792_/Q
 _4793_/Q
 _4794_/Q
 _4795_/Q
 _4796_/Q
 _4797_/Q
 _4798_/Q
 _4799_/Q
 _4800_/Q
 _4801_/Q
 _4802_/Q
 _4803_/Q
 _4804_/Q
 _4805_/Q
 _4806_/Q
 _4807_/Q
 _4808_/Q
 _4809_/Q
 _4810_/Q
 _4811_/Q
 _4812_/Q
 _4813_/Q
 _4814_/Q
 _4815_/Q
 _4816_/Q
 _4817_/Q
 _4818_/Q
 _4819_/Q
 _4820_/Q
 _4821_/Q
 _4822_/Q
 _4823_/Q
 _4824_/Q
 _4825_/Q
 _4826_/Q
 _4827_/Q
 _4828_/Q
 _4829_/Q
 _4830_/Q
 _4831_/Q
 _4832_/Q
 _4833_/Q
 _4834_/Q
 _4835_/Q
 _4836_/Q
 _4837_/Q
 _4838_/Q
 _4839_/Q
 _4840_/Q
 _4841_/Q
 _4842_/Q
 _4843_/Q
 _4844_/Q
 _4845_/Q
 _4846_/Q
 _4847_/Q
 _4848_/Q
 _4849_/Q
 _4850_/Q
 _4851_/Q
 _4852_/Q
 _4853_/Q
 _4854_/Q
 _4855_/Q
 _4856_/Q
 _4857_/Q
 _4858_/Q
 _4859_/Q
 _4860_/Q
 _4861_/Q
 _4862_/Q
 _4863_/Q
 _4864_/Q
 _4865_/Q
 _4866_/Q
 _4867_/Q
 _4868_/Q
 _4869_/Q
 _4870_/Q
 _4871_/Q
 _4872_/Q
 _4873_/Q
 _4874_/Q
 _4875_/Q
 _4876_/Q
 _4877_/Q
 _4878_/Q
 _4879_/Q
 _4880_/Q
 _4881_/Q
 _4882_/Q
 _4883_/Q
 _4884_/Q
 _4885_/Q
 _4886_/Q
 _4887_/Q
 _4888_/Q
 _4889_/Q
 _4890_/Q
 _4891_/Q
 _4892_/Q
 _4893_/Q
 _4894_/Q
 _4895_/Q
 _4896_/Q
 _4897_/Q
 _4898_/Q
 _4899_/Q
 _4900_/Q
 _4901_/Q
 _4902_/Q
 _4903_/Q
 _4904_/Q
 _4905_/Q
 _4906_/Q
 _4907_/Q
 _4908_/Q
 _4909_/Q
 _4910_/Q
 _4911_/Q
 _4912_/Q
 _4913_/Q
 _4914_/Q
 _4915_/Q
 _4916_/Q
 _4917_/Q
 _4918_/Q
 _4919_/Q
 _4920_/Q
 _4921_/Q
 _4922_/Q
 _4923_/Q
 _4924_/Q
 _4925_/Q
 _4926_/Q
 _4927_/Q
 _4928_/Q
 _4929_/Q
 _4930_/Q
 _4931_/Q
 _4932_/Q
 _4933_/Q
 _4934_/Q
 _4935_/Q
 _4936_/Q
 _4937_/Q
 _4938_/Q
 _4939_/Q
 _4940_/Q
 _4941_/Q
 _4942_/Q
 _4943_/Q
 _4944_/Q
 _4945_/Q
 _4946_/Q
 _4947_/Q
 _4948_/Q
 _4949_/Q
 _4950_/Q
 _4951_/Q
 _4952_/Q
 _4953_/Q
 _4954_/Q
 _4955_/Q
 _4956_/Q
 _4957_/Q
 _4958_/Q
 _4959_/Q
 _4960_/Q
 _4961_/Q
 _4962_/Q
 _4963_/Q
 _4964_/Q
 _4965_/Q
 _4966_/Q
 _4967_/Q
 _4968_/Q
 _4969_/Q
 _4970_/Q
 _4971_/Q
 _4972_/Q
 _4973_/Q
 _4974_/Q
 _4975_/Q
 _4976_/Q
 _4977_/Q
 _4978_/Q
 _4979_/Q
 _4980_/Q
 _4981_/Q
 _4982_/Q
 _4983_/Q
 _4984_/Q
 _4985_/Q
 _4986_/Q
 _4987_/Q
 _4988_/Q
 _4989_/Q
 _4990_/Q
 _4991_/Q
 _4992_/Q
 _4993_/Q
 _4994_/Q
 _4995_/Q
 _4996_/Q
 _4997_/Q
 _4998_/Q
 _4999_/Q
 _5000_/Q
 _5001_/Q
 _5002_/Q
 _5003_/Q
 _5004_/Q
 _5005_/Q
 _5006_/Q
 _5007_/Q
 _5008_/Q
 _5009_/Q
 _5010_/Q
 _5011_/Q
 _5012_/Q
 _5013_/Q
 _5014_/Q
 _5015_/Q
 _5016_/Q
 _5017_/Q
 _5018_/Q
 _5019_/Q
 _5020_/Q
 _5021_/Q
 _5022_/Q
 _5023_/Q
 _5024_/Q
 _5025_/Q
 _5026_/Q
 _5027_/Q
 _5028_/Q
 _5029_/Q
 _5030_/Q
 _5031_/Q
 _5032_/Q
 _5033_/Q
 _5034_/Q
 _5035_/Q
 _5036_/Q
 _5037_/Q
 _5038_/Q
 _5039_/Q
 _5040_/Q
 _5041_/Q
 _5042_/Q
 _5043_/Q
 _5044_/Q
 _5045_/Q
 _5046_/Q
 _5047_/Q
 _5048_/Q
 _5049_/Q
 _5050_/Q
 _5051_/Q
 _5052_/Q
 _5053_/Q
 _5054_/Q
 _5055_/Q
 clkbuf_0_clk/X
 clkbuf_2_0_0_clk/X
 clkbuf_2_1_0_clk/X
 clkbuf_2_2_0_clk/X
 clkbuf_2_3_0_clk/X
 clkbuf_4_0_0_clk/X
 clkbuf_4_10_0_clk/X
 clkbuf_4_11_0_clk/X
 clkbuf_4_12_0_clk/X
 clkbuf_4_13_0_clk/X
 clkbuf_4_14_0_clk/X
 clkbuf_4_15_0_clk/X
 clkbuf_4_1_0_clk/X
 clkbuf_4_2_0_clk/X
 clkbuf_4_3_0_clk/X
 clkbuf_4_4_0_clk/X
 clkbuf_4_5_0_clk/X
 clkbuf_4_6_0_clk/X
 clkbuf_4_7_0_clk/X
 clkbuf_4_8_0_clk/X
 clkbuf_4_9_0_clk/X
 clkbuf_5_0__f_clk/X
 clkbuf_5_10__f_clk/X
 clkbuf_5_11__f_clk/X
 clkbuf_5_12__f_clk/X
 clkbuf_5_13__f_clk/X
 clkbuf_5_14__f_clk/X
 clkbuf_5_15__f_clk/X
 clkbuf_5_16__f_clk/X
 clkbuf_5_17__f_clk/X
 clkbuf_5_18__f_clk/X
 clkbuf_5_19__f_clk/X
 clkbuf_5_1__f_clk/X
 clkbuf_5_20__f_clk/X
 clkbuf_5_21__f_clk/X
 clkbuf_5_22__f_clk/X
 clkbuf_5_23__f_clk/X
 clkbuf_5_24__f_clk/X
 clkbuf_5_25__f_clk/X
 clkbuf_5_26__f_clk/X
 clkbuf_5_27__f_clk/X
 clkbuf_5_28__f_clk/X
 clkbuf_5_29__f_clk/X
 clkbuf_5_2__f_clk/X
 clkbuf_5_30__f_clk/X
 clkbuf_5_31__f_clk/X
 clkbuf_5_3__f_clk/X
 clkbuf_5_4__f_clk/X
 clkbuf_5_5__f_clk/X
 clkbuf_5_6__f_clk/X
 clkbuf_5_7__f_clk/X
 clkbuf_5_8__f_clk/X
 clkbuf_5_9__f_clk/X
 clkbuf_leaf_101_clk/X
 clkbuf_leaf_102_clk/X
 clkbuf_leaf_103_clk/X
 clkbuf_leaf_105_clk/X
 clkbuf_leaf_106_clk/X
 clkbuf_leaf_107_clk/X
 clkbuf_leaf_109_clk/X
 clkbuf_leaf_10_clk/X
 clkbuf_leaf_110_clk/X
 clkbuf_leaf_116_clk/X
 clkbuf_leaf_117_clk/X
 clkbuf_leaf_119_clk/X
 clkbuf_leaf_11_clk/X
 clkbuf_leaf_120_clk/X
 clkbuf_leaf_122_clk/X
 clkbuf_leaf_123_clk/X
 clkbuf_leaf_124_clk/X
 clkbuf_leaf_127_clk/X
 clkbuf_leaf_128_clk/X
 clkbuf_leaf_131_clk/X
 clkbuf_leaf_133_clk/X
 clkbuf_leaf_134_clk/X
 clkbuf_leaf_135_clk/X
 clkbuf_leaf_137_clk/X
 clkbuf_leaf_138_clk/X
 clkbuf_leaf_13_clk/X
 clkbuf_leaf_140_clk/X
 clkbuf_leaf_143_clk/X
 clkbuf_leaf_146_clk/X
 clkbuf_leaf_14_clk/X
 clkbuf_leaf_151_clk/X
 clkbuf_leaf_152_clk/X
 clkbuf_leaf_154_clk/X
 clkbuf_leaf_156_clk/X
 clkbuf_leaf_159_clk/X
 clkbuf_leaf_15_clk/X
 clkbuf_leaf_165_clk/X
 clkbuf_leaf_167_clk/X
 clkbuf_leaf_173_clk/X
 clkbuf_leaf_178_clk/X
 clkbuf_leaf_17_clk/X
 clkbuf_leaf_180_clk/X
 clkbuf_leaf_181_clk/X
 clkbuf_leaf_183_clk/X
 clkbuf_leaf_186_clk/X
 clkbuf_leaf_187_clk/X
 clkbuf_leaf_191_clk/X
 clkbuf_leaf_194_clk/X
 clkbuf_leaf_196_clk/X
 clkbuf_leaf_198_clk/X
 clkbuf_leaf_200_clk/X
 clkbuf_leaf_203_clk/X
 clkbuf_leaf_20_clk/X
 clkbuf_leaf_211_clk/X
 clkbuf_leaf_214_clk/X
 clkbuf_leaf_215_clk/X
 clkbuf_leaf_219_clk/X
 clkbuf_leaf_220_clk/X
 clkbuf_leaf_221_clk/X
 clkbuf_leaf_222_clk/X
 clkbuf_leaf_223_clk/X
 clkbuf_leaf_227_clk/X
 clkbuf_leaf_229_clk/X
 clkbuf_leaf_22_clk/X
 clkbuf_leaf_230_clk/X
 clkbuf_leaf_232_clk/X
 clkbuf_leaf_233_clk/X
 clkbuf_leaf_236_clk/X
 clkbuf_leaf_237_clk/X
 clkbuf_leaf_23_clk/X
 clkbuf_leaf_240_clk/X
 clkbuf_leaf_243_clk/X
 clkbuf_leaf_25_clk/X
 clkbuf_leaf_26_clk/X
 clkbuf_leaf_27_clk/X
 clkbuf_leaf_28_clk/X
 clkbuf_leaf_2_clk/X
 clkbuf_leaf_30_clk/X
 clkbuf_leaf_32_clk/X
 clkbuf_leaf_39_clk/X
 clkbuf_leaf_42_clk/X
 clkbuf_leaf_43_clk/X
 clkbuf_leaf_45_clk/X
 clkbuf_leaf_47_clk/X
 clkbuf_leaf_49_clk/X
 clkbuf_leaf_50_clk/X
 clkbuf_leaf_55_clk/X
 clkbuf_leaf_57_clk/X
 clkbuf_leaf_58_clk/X
 clkbuf_leaf_60_clk/X
 clkbuf_leaf_61_clk/X
 clkbuf_leaf_63_clk/X
 clkbuf_leaf_65_clk/X
 clkbuf_leaf_66_clk/X
 clkbuf_leaf_68_clk/X
 clkbuf_leaf_69_clk/X
 clkbuf_leaf_71_clk/X
 clkbuf_leaf_72_clk/X
 clkbuf_leaf_73_clk/X
 clkbuf_leaf_74_clk/X
 clkbuf_leaf_79_clk/X
 clkbuf_leaf_7_clk/X
 clkbuf_leaf_82_clk/X
 clkbuf_leaf_83_clk/X
 clkbuf_leaf_84_clk/X
 clkbuf_leaf_85_clk/X
 clkbuf_leaf_86_clk/X
 clkbuf_leaf_87_clk/X
 clkbuf_leaf_89_clk/X
 clkbuf_leaf_90_clk/X
 clkbuf_leaf_91_clk/X
 clkbuf_leaf_96_clk/X
 clkbuf_leaf_97_clk/X
 clkbuf_leaf_98_clk/X
 clkbuf_leaf_99_clk/X
 clkload0/X
 clkload1/X
 clkload10/Y
 clkload11/Y
 clkload12/Y
 clkload13/Y
 clkload14/Y
 clkload15/Y
 clkload16/X
 clkload17/X
 clkload18/X
 clkload19/X
 clkload2/X
 clkload20/X
 clkload21/X
 clkload22/X
 clkload23/X
 clkload24/Y
 clkload25/Y
 clkload26/Y
 clkload27/Y
 clkload28/X
 clkload29/Y
 clkload3/X
 clkload30/X
 clkload31/Y
 clkload32/Y
 clkload33/Y
 clkload34/Y
 clkload35/Y
 clkload36/Y
 clkload37/Y
 clkload38/X
 clkload39/Y
 clkload4/Y
 clkload40/Y
 clkload41/Y
 clkload42/X
 clkload43/X
 clkload44/Y
 clkload45/Y
 clkload46/Y
 clkload47/X
 clkload48/X
 clkload49/X
 clkload5/Y
 clkload50/X
 clkload51/X
 clkload52/X
 clkload53/X
 clkload54/X
 clkload55/X
 clkload56/X
 clkload57/X
 clkload58/X
 clkload59/X
 clkload6/Y
 clkload60/X
 clkload61/Y
 clkload62/X
 clkload63/X
 clkload64/X
 clkload65/X
 clkload66/X
 clkload67/X
 clkload68/X
 clkload69/X
 clkload7/Y
 clkload70/X
 clkload71/X
 clkload72/X
 clkload73/X
 clkload74/X
 clkload75/X
 clkload76/X
 clkload77/X
 clkload78/X
 clkload79/X
 clkload8/X
 clkload80/X
 clkload9/Y
 input1/X
 input2/X
 load_slew116/X
 load_slew126/X
 load_slew158/X
 load_slew162/X
 load_slew168/X
 load_slew2/X
 load_slew20/X
 load_slew201/X
 load_slew202/X
 load_slew206/X
 load_slew207/X
 load_slew23/X
 load_slew265/X
 load_slew291/X
 load_slew292/X
 load_slew298/X
 load_slew30/X
 load_slew347/X
 load_slew349/X
 load_slew350/X
 load_slew359/X
 load_slew360/X
 load_slew37/X
 load_slew372/X
 load_slew397/X
 load_slew398/X
 load_slew420/X
 load_slew422/X
 load_slew429/X
 load_slew430/X
 load_slew434/X
 load_slew437/X
 load_slew440/X
 load_slew441/X
 load_slew445/X
 load_slew448/X
 load_slew449/X
 load_slew454/X
 load_slew455/X
 load_slew478/X
 load_slew480/X
 load_slew495/X
 load_slew499/X
 load_slew515/X
 load_slew518/X
 load_slew52/X
 load_slew527/X
 load_slew528/X
 load_slew530/X
 load_slew542/X
 load_slew554/X
 load_slew556/X
 load_slew586/X
 load_slew587/X
 load_slew588/X
 load_slew589/X
 load_slew598/X
 load_slew6/X
 load_slew602/X
 load_slew610/X
 load_slew612/X
 load_slew615/X
 load_slew621/X
 load_slew623/X
 load_slew635/X
 load_slew641/X
 load_slew644/X
 load_slew653/X
 load_slew656/X
 load_slew7/X
 max_cap100/X
 max_cap104/X
 max_cap106/X
 max_cap114/X
 max_cap123/X
 max_cap125/X
 max_cap130/X
 max_cap139/X
 max_cap142/X
 max_cap144/X
 max_cap145/X
 max_cap159/X
 max_cap17/X
 max_cap178/X
 max_cap181/X
 max_cap182/X
 max_cap187/X
 max_cap190/X
 max_cap191/X
 max_cap195/X
 max_cap208/X
 max_cap210/X
 max_cap212/X
 max_cap214/X
 max_cap215/X
 max_cap223/X
 max_cap224/X
 max_cap230/X
 max_cap232/X
 max_cap234/X
 max_cap236/X
 max_cap237/X
 max_cap239/X
 max_cap241/X
 max_cap243/X
 max_cap244/X
 max_cap252/X
 max_cap253/X
 max_cap257/X
 max_cap262/X
 max_cap267/X
 max_cap27/X
 max_cap270/X
 max_cap283/X
 max_cap285/X
 max_cap289/X
 max_cap290/X
 max_cap303/X
 max_cap306/X
 max_cap315/X
 max_cap317/X
 max_cap32/X
 max_cap320/X
 max_cap321/X
 max_cap323/X
 max_cap324/X
 max_cap33/X
 max_cap334/X
 max_cap336/X
 max_cap339/X
 max_cap341/X
 max_cap343/X
 max_cap345/X
 max_cap346/X
 max_cap35/X
 max_cap354/X
 max_cap361/X
 max_cap368/X
 max_cap371/X
 max_cap374/X
 max_cap377/X
 max_cap378/X
 max_cap382/X
 max_cap385/X
 max_cap388/X
 max_cap391/X
 max_cap400/X
 max_cap403/X
 max_cap405/X
 max_cap41/X
 max_cap414/X
 max_cap424/X
 max_cap427/X
 max_cap432/X
 max_cap433/X
 max_cap435/X
 max_cap452/X
 max_cap458/X
 max_cap459/X
 max_cap46/X
 max_cap461/X
 max_cap462/X
 max_cap464/X
 max_cap466/X
 max_cap469/X
 max_cap47/X
 max_cap474/X
 max_cap488/X
 max_cap49/X
 max_cap497/X
 max_cap500/X
 max_cap502/X
 max_cap506/X
 max_cap507/X
 max_cap513/X
 max_cap524/X
 max_cap526/X
 max_cap529/X
 max_cap536/X
 max_cap539/X
 max_cap544/X
 max_cap547/X
 max_cap553/X
 max_cap557/X
 max_cap559/X
 max_cap565/X
 max_cap567/X
 max_cap570/X
 max_cap575/X
 max_cap581/X
 max_cap585/X
 max_cap594/X
 max_cap595/X
 max_cap596/X
 max_cap60/X
 max_cap600/X
 max_cap604/X
 max_cap607/X
 max_cap614/X
 max_cap62/X
 max_cap63/X
 max_cap630/X
 max_cap634/X
 max_cap637/X
 max_cap640/X
 max_cap645/X
 max_cap646/X
 max_cap648/X
 max_cap649/X
 max_cap650/X
 max_cap651/X
 max_cap658/X
 max_cap659/X
 max_cap69/X
 max_cap71/X
 max_cap73/X
 max_cap77/X
 max_cap80/X
 max_cap82/X
 max_cap83/X
 max_cap86/X
 max_cap87/X
 max_cap92/X
 max_cap95/X
 max_cap96/X
 max_cap97/X
 max_cap99/X
 output10/X
 output11/X
 output12/X
 output13/X
 output3/X
 output4/X
 output5/X
 output6/X
 output7/X
 output8/X
 output9/X
 wire1/X
 wire101/X
 wire102/X
 wire103/X
 wire105/X
 wire107/X
 wire108/X
 wire109/X
 wire110/X
 wire111/X
 wire112/X
 wire113/X
 wire115/X
 wire117/X
 wire118/X
 wire119/X
 wire120/X
 wire121/X
 wire122/X
 wire124/X
 wire127/X
 wire128/X
 wire129/X
 wire131/X
 wire132/X
 wire133/X
 wire134/X
 wire135/X
 wire136/X
 wire137/X
 wire138/X
 wire14/X
 wire140/X
 wire141/X
 wire143/X
 wire146/X
 wire147/X
 wire148/X
 wire149/X
 wire15/X
 wire150/X
 wire151/X
 wire152/X
 wire153/X
 wire154/X
 wire155/X
 wire156/X
 wire157/X
 wire16/X
 wire160/X
 wire161/X
 wire163/X
 wire164/X
 wire165/X
 wire166/X
 wire167/X
 wire169/X
 wire170/X
 wire171/X
 wire172/X
 wire173/X
 wire174/X
 wire175/X
 wire176/X
 wire177/X
 wire179/X
 wire18/X
 wire180/X
 wire183/X
 wire184/X
 wire185/X
 wire186/X
 wire188/X
 wire189/X
 wire19/X
 wire192/X
 wire193/X
 wire194/X
 wire196/X
 wire197/X
 wire198/X
 wire199/X
 wire200/X
 wire203/X
 wire204/X
 wire205/X
 wire209/X
 wire21/X
 wire211/X
 wire213/X
 wire216/X
 wire217/X
 wire218/X
 wire219/X
 wire22/X
 wire220/X
 wire221/X
 wire222/X
 wire225/X
 wire226/X
 wire227/X
 wire228/X
 wire229/X
 wire231/X
 wire233/X
 wire235/X
 wire238/X
 wire24/X
 wire240/X
 wire242/X
 wire245/X
 wire246/X
 wire247/X
 wire248/X
 wire249/X
 wire25/X
 wire250/X
 wire251/X
 wire254/X
 wire255/X
 wire256/X
 wire258/X
 wire259/X
 wire26/X
 wire260/X
 wire261/X
 wire263/X
 wire264/X
 wire266/X
 wire268/X
 wire269/X
 wire271/X
 wire272/X
 wire273/X
 wire274/X
 wire275/X
 wire276/X
 wire277/X
 wire278/X
 wire279/X
 wire28/X
 wire280/X
 wire281/X
 wire282/X
 wire284/X
 wire286/X
 wire287/X
 wire288/X
 wire29/X
 wire293/X
 wire294/X
 wire295/X
 wire296/X
 wire297/X
 wire299/X
 wire3/X
 wire300/X
 wire301/X
 wire302/X
 wire304/X
 wire305/X
 wire307/X
 wire308/X
 wire309/X
 wire31/X
 wire310/X
 wire311/X
 wire312/X
 wire313/X
 wire314/X
 wire316/X
 wire318/X
 wire319/X
 wire322/X
 wire325/X
 wire326/X
 wire327/X
 wire328/X
 wire329/X
 wire330/X
 wire331/X
 wire332/X
 wire333/X
 wire335/X
 wire337/X
 wire338/X
 wire34/X
 wire340/X
 wire342/X
 wire344/X
 wire348/X
 wire351/X
 wire352/X
 wire353/X
 wire355/X
 wire356/X
 wire357/X
 wire358/X
 wire36/X
 wire362/X
 wire363/X
 wire364/X
 wire365/X
 wire366/X
 wire367/X
 wire369/X
 wire370/X
 wire373/X
 wire375/X
 wire376/X
 wire379/X
 wire38/X
 wire380/X
 wire381/X
 wire383/X
 wire384/X
 wire386/X
 wire387/X
 wire389/X
 wire39/X
 wire390/X
 wire392/X
 wire393/X
 wire394/X
 wire395/X
 wire396/X
 wire399/X
 wire4/X
 wire40/X
 wire401/X
 wire402/X
 wire404/X
 wire406/X
 wire407/X
 wire408/X
 wire409/X
 wire410/X
 wire411/X
 wire412/X
 wire413/X
 wire415/X
 wire416/X
 wire417/X
 wire418/X
 wire419/X
 wire42/X
 wire421/X
 wire423/X
 wire425/X
 wire426/X
 wire428/X
 wire43/X
 wire431/X
 wire436/X
 wire438/X
 wire439/X
 wire44/X
 wire442/X
 wire443/X
 wire444/X
 wire446/X
 wire447/X
 wire45/X
 wire450/X
 wire451/X
 wire453/X
 wire456/X
 wire457/X
 wire460/X
 wire463/X
 wire465/X
 wire467/X
 wire468/X
 wire470/X
 wire471/X
 wire472/X
 wire473/X
 wire475/X
 wire476/X
 wire477/X
 wire479/X
 wire48/X
 wire481/X
 wire482/X
 wire483/X
 wire484/X
 wire485/X
 wire486/X
 wire487/X
 wire489/X
 wire490/X
 wire491/X
 wire492/X
 wire493/X
 wire494/X
 wire496/X
 wire498/X
 wire5/X
 wire50/X
 wire501/X
 wire503/X
 wire504/X
 wire505/X
 wire508/X
 wire509/X
 wire51/X
 wire510/X
 wire511/X
 wire512/X
 wire514/X
 wire516/X
 wire517/X
 wire519/X
 wire520/X
 wire521/X
 wire522/X
 wire523/X
 wire525/X
 wire53/X
 wire531/X
 wire532/X
 wire533/X
 wire534/X
 wire535/X
 wire537/X
 wire538/X
 wire54/X
 wire540/X
 wire541/X
 wire543/X
 wire545/X
 wire546/X
 wire548/X
 wire549/X
 wire55/X
 wire550/X
 wire551/X
 wire552/X
 wire555/X
 wire558/X
 wire56/X
 wire560/X
 wire561/X
 wire562/X
 wire563/X
 wire564/X
 wire566/X
 wire568/X
 wire569/X
 wire57/X
 wire571/X
 wire572/X
 wire573/X
 wire574/X
 wire576/X
 wire577/X
 wire578/X
 wire579/X
 wire58/X
 wire580/X
 wire582/X
 wire583/X
 wire584/X
 wire59/X
 wire590/X
 wire591/X
 wire592/X
 wire593/X
 wire597/X
 wire599/X
 wire601/X
 wire603/X
 wire605/X
 wire606/X
 wire608/X
 wire609/X
 wire61/X
 wire611/X
 wire613/X
 wire616/X
 wire617/X
 wire618/X
 wire619/X
 wire620/X
 wire622/X
 wire624/X
 wire625/X
 wire626/X
 wire627/X
 wire628/X
 wire629/X
 wire631/X
 wire632/X
 wire633/X
 wire636/X
 wire638/X
 wire639/X
 wire64/X
 wire642/X
 wire643/X
 wire647/X
 wire65/X
 wire652/X
 wire654/X
 wire655/X
 wire657/X
 wire66/X
 wire67/X
 wire68/X
 wire70/X
 wire72/X
 wire74/X
 wire75/X
 wire76/X
 wire78/X
 wire79/X
 wire81/X
 wire84/X
 wire85/X
 wire88/X
 wire89/X
 wire90/X
 wire91/X
 wire93/X
 wire94/X
 wire98/X
Found 0 partially unannotated drivers.

===========================================================================
max slew violation count 0
max fanout violation count 208
max cap violation count 0
============================================================================

===========================================================================
check_setup -verbose -unconstrained_endpoints -multiple_clock -no_clock -no_input_delay -loops -generated_clocks
===========================================================================
