Instance,Terminal,Layer,X location,Y location,Voltage
FILLER_0_27_185,VGND,li1,90.8500,87.0400,0.000003
FILLER_0_27_181,VGND,li1,89.7000,87.0400,0.000003
FILLER_0_27_169,VGND,li1,86.0200,87.0400,0.000003
FILLER_0_27_167,VGND,li1,82.5700,87.0400,0.000003
FILLER_0_27_163,VGND,li1,81.4200,87.0400,0.000003
FILLER_0_27_147,VGND,li1,73.3700,87.0400,0.000002
FILLER_0_27_141,VGND,li1,71.7600,87.0400,0.000002
FILLER_0_27_137,VGND,li1,69.2300,87.0400,0.000002
FILLER_0_27_125,VGND,li1,65.7800,87.0400,0.000002
FILLER_0_27_113,VGND,li1,60.2600,87.0400,0.000001
FILLER_0_27_109,VGND,li1,56.3500,87.0400,0.000001
FILLER_0_27_97,VGND,li1,52.9000,87.0400,0.000001
FILLER_0_27_85,VGND,li1,47.3800,87.0400,0.000001
FILLER_0_27_81,VGND,li1,43.4700,87.0400,0.000001
FILLER_0_27_69,VGND,li1,40.0200,87.0400,0.000002
FILLER_0_27_57,VGND,li1,34.5000,87.0400,0.000002
FILLER_0_27_48,VGND,li1,29.4400,87.0400,0.000003
FILLER_0_27_41,VGND,li1,24.6100,87.0400,0.000004
FILLER_0_27_29,VGND,li1,21.6200,87.0400,0.000004
FILLER_0_27_20,VGND,li1,16.5600,87.0400,0.000003
FILLER_0_27_11,VGND,li1,11.5000,87.0400,0.000004
FILLER_0_26_188,VGND,li1,92.4600,81.6000,0.000008
FILLER_0_26_178,VGND,li1,87.6300,81.6000,0.000008
FILLER_0_26_174,VGND,li1,86.4800,81.6000,0.000008
FILLER_0_26_163,VGND,li1,81.4200,81.6000,0.000010
FILLER_0_26_154,VGND,li1,77.2800,81.6000,0.000011
FILLER_0_26_137,VGND,li1,69.2300,81.6000,0.000011
FILLER_0_26_116,VGND,li1,60.7200,81.6000,0.000009
FILLER_0_26_104,VGND,li1,56.1200,81.6000,0.000009
FILLER_0_26_97,VGND,li1,50.8300,81.6000,0.000009
FILLER_0_26_92,VGND,li1,48.0700,81.6000,0.000008
FILLER_0_26_88,VGND,li1,46.9200,81.6000,0.000008
FILLER_0_26_82,VGND,li1,43.7000,81.6000,0.000008
FILLER_0_26_66,VGND,li1,36.5700,81.6000,0.000007
FILLER_0_26_58,VGND,li1,32.4300,81.6000,0.000007
FILLER_0_26_52,VGND,li1,30.8200,81.6000,0.000007
FILLER_0_26_35,VGND,li1,24.3800,81.6000,0.000007
FILLER_0_26_27,VGND,li1,18.1700,81.6000,0.000007
FILLER_0_26_15,VGND,li1,15.1800,81.6000,0.000006
FILLER_0_26_3,VGND,li1,9.6600,81.6000,0.000007
FILLER_0_25_169,VGND,li1,86.0200,81.6000,0.000008
FILLER_0_25_160,VGND,li1,80.9600,81.6000,0.000010
FILLER_0_25_148,VGND,li1,76.3600,81.6000,0.000011
FILLER_0_25_136,VGND,li1,70.8400,81.6000,0.000011
FILLER_0_25_123,VGND,li1,63.0200,81.6000,0.000009
FILLER_0_25_113,VGND,li1,58.1900,81.6000,0.000009
FILLER_0_25_108,VGND,li1,56.1200,81.6000,0.000009
FILLER_0_25_96,VGND,li1,52.4400,81.6000,0.000009
FILLER_0_25_81,VGND,li1,44.6200,81.6000,0.000008
FILLER_0_25_69,VGND,li1,40.0200,81.6000,0.000006
FILLER_0_25_57,VGND,li1,34.5000,81.6000,0.000007
FILLER_0_25_48,VGND,li1,29.4400,81.6000,0.000007
FILLER_0_25_36,VGND,li1,24.8400,81.6000,0.000007
FILLER_0_25_12,VGND,li1,11.5000,81.6000,0.000007
FILLER_0_25_3,VGND,li1,7.1300,81.6000,0.000007
FILLER_0_24_189,VGND,li1,92.6900,76.1600,0.000005
FILLER_0_24_177,VGND,li1,88.3200,76.1600,0.000004
FILLER_0_24_169,VGND,li1,83.4900,76.1600,0.000006
FILLER_0_24_157,VGND,li1,80.5000,76.1600,0.000006
FILLER_0_24_148,VGND,li1,74.0600,76.1600,0.000007
FILLER_0_24_139,VGND,li1,69.6900,76.1600,0.000007
FILLER_0_24_120,VGND,li1,62.1000,76.1600,0.000005
FILLER_0_24_108,VGND,li1,57.9600,76.1600,0.000006
FILLER_0_24_97,VGND,li1,51.0600,76.1600,0.000006
FILLER_0_24_85,VGND,li1,47.3800,76.1600,0.000006
FILLER_0_24_83,VGND,li1,43.9300,76.1600,0.000005
FILLER_0_24_79,VGND,li1,42.7800,76.1600,0.000005
FILLER_0_24_75,VGND,li1,40.2500,76.1600,0.000005
FILLER_0_24_67,VGND,li1,38.1800,76.1600,0.000004
FILLER_0_24_53,VGND,li1,30.1300,76.1600,0.000005
FILLER_0_24_41,VGND,li1,27.1400,76.1600,0.000005
FILLER_0_24_29,VGND,li1,21.6200,76.1600,0.000005
FILLER_0_24_27,VGND,li1,18.1700,76.1600,0.000005
FILLER_0_24_15,VGND,li1,15.1800,76.1600,0.000004
FILLER_0_24_3,VGND,li1,9.6600,76.1600,0.000004
FILLER_0_23_188,VGND,li1,92.4600,76.1600,0.000005
FILLER_0_23_176,VGND,li1,89.2400,76.1600,0.000004
FILLER_0_23_166,VGND,li1,82.3400,76.1600,0.000006
FILLER_0_23_154,VGND,li1,79.1200,76.1600,0.000006
FILLER_0_23_131,VGND,li1,66.0100,76.1600,0.000006
FILLER_0_23_125,VGND,li1,64.4000,76.1600,0.000005
FILLER_0_23_113,VGND,li1,60.2600,76.1600,0.000006
FILLER_0_23_109,VGND,li1,56.3500,76.1600,0.000006
FILLER_0_23_101,VGND,li1,53.8200,76.1600,0.000006
FILLER_0_23_79,VGND,li1,43.7000,76.1600,0.000005
FILLER_0_23_57,VGND,li1,34.5000,76.1600,0.000005
FILLER_0_23_53,VGND,li1,30.5900,76.1600,0.000005
FILLER_0_23_47,VGND,li1,27.3700,76.1600,0.000005
FILLER_0_23_39,VGND,li1,25.3000,76.1600,0.000005
FILLER_0_23_27,VGND,li1,20.7000,76.1600,0.000005
FILLER_0_23_19,VGND,li1,14.9500,76.1600,0.000004
FILLER_0_23_7,VGND,li1,11.5000,76.1600,0.000004
FILLER_0_22_187,VGND,li1,92.2300,70.7200,0.000006
FILLER_0_22_175,VGND,li1,88.7800,70.7200,0.000005
FILLER_0_22_167,VGND,li1,82.8000,70.7200,0.000006
FILLER_0_22_159,VGND,li1,80.5000,70.7200,0.000006
FILLER_0_22_145,VGND,li1,72.4500,70.7200,0.000006
FILLER_0_22_141,VGND,li1,71.3000,70.7200,0.000006
FILLER_0_22_137,VGND,li1,69.2300,70.7200,0.000005
FILLER_0_22_125,VGND,li1,65.7800,70.7200,0.000004
FILLER_0_22_113,VGND,li1,60.2600,70.7200,0.000004
FILLER_0_22_101,VGND,li1,54.7400,70.7200,0.000004
FILLER_0_22_93,VGND,li1,49.2200,70.7200,0.000004
FILLER_0_22_85,VGND,li1,45.0800,70.7200,0.000004
FILLER_0_22_83,VGND,li1,43.9300,70.7200,0.000003
FILLER_0_22_77,VGND,li1,42.3200,70.7200,0.000003
FILLER_0_22_65,VGND,li1,38.1800,70.7200,0.000002
FILLER_0_22_53,VGND,li1,32.6600,70.7200,0.000002
FILLER_0_22_41,VGND,li1,27.1400,70.7200,0.000002
FILLER_0_22_29,VGND,li1,21.6200,70.7200,0.000002
FILLER_0_22_27,VGND,li1,18.1700,70.7200,0.000002
FILLER_0_22_15,VGND,li1,15.1800,70.7200,0.000002
FILLER_0_22_3,VGND,li1,9.6600,70.7200,0.000002
FILLER_0_21_185,VGND,li1,90.8500,70.7200,0.000006
FILLER_0_21_181,VGND,li1,89.7000,70.7200,0.000005
FILLER_0_21_169,VGND,li1,86.0200,70.7200,0.000006
FILLER_0_21_164,VGND,li1,81.8800,70.7200,0.000006
FILLER_0_21_152,VGND,li1,78.2000,70.7200,0.000006
FILLER_0_21_140,VGND,li1,71.3000,70.7200,0.000006
FILLER_0_21_134,VGND,li1,67.6200,70.7200,0.000005
FILLER_0_21_126,VGND,li1,65.3200,70.7200,0.000004
FILLER_0_21_113,VGND,li1,59.3400,70.7200,0.000004
FILLER_0_21_109,VGND,li1,56.3500,70.7200,0.000004
FILLER_0_21_101,VGND,li1,53.8200,70.7200,0.000004
FILLER_0_21_89,VGND,li1,49.2200,70.7200,0.000004
FILLER_0_21_81,VGND,li1,43.0100,70.7200,0.000003
FILLER_0_21_69,VGND,li1,40.0200,70.7200,0.000003
FILLER_0_21_57,VGND,li1,34.5000,70.7200,0.000002
FILLER_0_21_55,VGND,li1,31.0500,70.7200,0.000002
FILLER_0_21_43,VGND,li1,28.0600,70.7200,0.000002
FILLER_0_21_31,VGND,li1,22.5400,70.7200,0.000002
FILLER_0_21_19,VGND,li1,17.0200,70.7200,0.000002
FILLER_0_21_7,VGND,li1,11.5000,70.7200,0.000002
FILLER_0_20_186,VGND,li1,92.0000,65.2800,0.000003
FILLER_0_20_174,VGND,li1,88.3200,65.2800,0.000003
FILLER_0_20_162,VGND,li1,82.8000,65.2800,0.000005
FILLER_0_20_145,VGND,li1,72.4500,65.2800,0.000006
FILLER_0_20_141,VGND,li1,71.3000,65.2800,0.000006
FILLER_0_20_132,VGND,li1,68.0800,65.2800,0.000005
FILLER_0_20_117,VGND,li1,61.1800,65.2800,0.000005
FILLER_0_20_105,VGND,li1,56.5800,65.2800,0.000006
FILLER_0_20_93,VGND,li1,51.0600,65.2800,0.000006
FILLER_0_20_83,VGND,li1,43.9300,65.2800,0.000007
FILLER_0_20_77,VGND,li1,42.3200,65.2800,0.000006
FILLER_0_20_65,VGND,li1,38.1800,65.2800,0.000006
FILLER_0_20_61,VGND,li1,33.8100,65.2800,0.000008
FILLER_0_20_53,VGND,li1,31.7400,65.2800,0.000008
FILLER_0_20_41,VGND,li1,27.1400,65.2800,0.000008
FILLER_0_20_29,VGND,li1,21.6200,65.2800,0.000008
FILLER_0_20_27,VGND,li1,18.1700,65.2800,0.000008
FILLER_0_20_21,VGND,li1,15.4100,65.2800,0.000006
FILLER_0_20_15,VGND,li1,13.8000,65.2800,0.000006
FILLER_0_20_3,VGND,li1,9.6600,65.2800,0.000007
FILLER_0_19_189,VGND,li1,92.6900,65.2800,0.000003
FILLER_0_19_181,VGND,li1,90.6200,65.2800,0.000003
FILLER_0_19_169,VGND,li1,86.0200,65.2800,0.000003
FILLER_0_19_165,VGND,li1,82.1100,65.2800,0.000005
FILLER_0_19_153,VGND,li1,78.6600,65.2800,0.000005
FILLER_0_19_141,VGND,li1,73.1400,65.2800,0.000006
FILLER_0_19_133,VGND,li1,66.9300,65.2800,0.000005
FILLER_0_19_125,VGND,li1,64.8600,65.2800,0.000004
FILLER_0_19_113,VGND,li1,60.2600,65.2800,0.000005
FILLER_0_19_104,VGND,li1,55.2000,65.2800,0.000006
FILLER_0_19_91,VGND,li1,49.2200,65.2800,0.000006
FILLER_0_19_79,VGND,li1,44.6200,65.2800,0.000007
FILLER_0_19_73,VGND,li1,39.3300,65.2800,0.000006
FILLER_0_19_57,VGND,li1,32.2000,65.2800,0.000008
FILLER_0_19_55,VGND,li1,31.0500,65.2800,0.000008
FILLER_0_19_19,VGND,li1,14.7200,65.2800,0.000006
FILLER_0_19_7,VGND,li1,11.5000,65.2800,0.000006
FILLER_0_18_178,VGND,li1,90.1600,59.8400,0.000006
FILLER_0_18_166,VGND,li1,84.6400,59.8400,0.000007
FILLER_0_18_154,VGND,li1,79.1200,59.8400,0.000007
FILLER_0_18_138,VGND,li1,69.4600,59.8400,0.000007
FILLER_0_18_121,VGND,li1,63.0200,59.8400,0.000005
FILLER_0_18_111,VGND,li1,56.8100,59.8400,0.000006
FILLER_0_18_105,VGND,li1,55.2000,59.8400,0.000007
FILLER_0_18_94,VGND,li1,49.6800,59.8400,0.000007
FILLER_0_18_89,VGND,li1,46.6900,59.8400,0.000007
FILLER_0_18_85,VGND,li1,45.5400,59.8400,0.000006
FILLER_0_18_83,VGND,li1,43.9300,59.8400,0.000006
FILLER_0_18_73,VGND,li1,40.0200,59.8400,0.000005
FILLER_0_18_68,VGND,li1,37.0300,59.8400,0.000005
FILLER_0_18_53,VGND,li1,32.6600,59.8400,0.000005
FILLER_0_18_41,VGND,li1,27.1400,59.8400,0.000005
FILLER_0_18_29,VGND,li1,21.6200,59.8400,0.000005
FILLER_0_18_25,VGND,li1,17.7100,59.8400,0.000005
FILLER_0_18_17,VGND,li1,15.1800,59.8400,0.000004
FILLER_0_18_3,VGND,li1,8.7400,59.8400,0.000005
FILLER_0_17_184,VGND,li1,90.6200,59.8400,0.000007
FILLER_0_17_169,VGND,li1,85.1000,59.8400,0.000006
FILLER_0_17_160,VGND,li1,80.9600,59.8400,0.000007
FILLER_0_17_148,VGND,li1,76.3600,59.8400,0.000007
FILLER_0_17_141,VGND,li1,70.8400,59.8400,0.000007
FILLER_0_17_133,VGND,li1,68.5400,59.8400,0.000006
FILLER_0_17_121,VGND,li1,63.9400,59.8400,0.000005
FILLER_0_17_113,VGND,li1,58.1900,59.8400,0.000006
FILLER_0_17_111,VGND,li1,56.8100,59.8400,0.000006
FILLER_0_17_103,VGND,li1,54.7400,59.8400,0.000007
FILLER_0_17_84,VGND,li1,46.9200,59.8400,0.000007
FILLER_0_17_72,VGND,li1,41.4000,59.8400,0.000005
FILLER_0_17_65,VGND,li1,35.6500,59.8400,0.000005
FILLER_0_17_57,VGND,li1,33.5800,59.8400,0.000005
FILLER_0_17_53,VGND,li1,30.5900,59.8400,0.000005
FILLER_0_17_45,VGND,li1,28.0600,59.8400,0.000005
FILLER_0_17_33,VGND,li1,23.4600,59.8400,0.000005
FILLER_0_17_27,VGND,li1,18.1700,59.8400,0.000005
FILLER_0_17_19,VGND,li1,16.1000,59.8400,0.000005
FILLER_0_17_7,VGND,li1,11.5000,59.8400,0.000005
FILLER_0_16_189,VGND,li1,92.6900,54.4000,0.000003
FILLER_0_16_177,VGND,li1,89.7000,54.4000,0.000003
FILLER_0_16_165,VGND,li1,84.1800,54.4000,0.000004
FILLER_0_16_155,VGND,li1,78.2000,54.4000,0.000004
FILLER_0_16_137,VGND,li1,69.2300,54.4000,0.000004
FILLER_0_16_125,VGND,li1,65.7800,54.4000,0.000003
FILLER_0_16_109,VGND,li1,58.4200,54.4000,0.000003
FILLER_0_16_97,VGND,li1,52.9000,54.4000,0.000003
FILLER_0_16_85,VGND,li1,47.3800,54.4000,0.000003
FILLER_0_16_81,VGND,li1,43.4700,54.4000,0.000003
FILLER_0_16_69,VGND,li1,40.0200,54.4000,0.000004
FILLER_0_16_57,VGND,li1,34.5000,54.4000,0.000005
FILLER_0_16_51,VGND,li1,29.2100,54.4000,0.000007
FILLER_0_16_47,VGND,li1,28.0600,54.4000,0.000007
FILLER_0_16_33,VGND,li1,20.9300,54.4000,0.000008
FILLER_0_16_29,VGND,li1,19.7800,54.4000,0.000008
FILLER_0_16_25,VGND,li1,17.7100,54.4000,0.000007
FILLER_0_16_17,VGND,li1,15.1800,54.4000,0.000006
FILLER_0_16_7,VGND,li1,8.9700,54.4000,0.000007
FILLER_0_16_3,VGND,li1,7.8200,54.4000,0.000007
FILLER_0_15_185,VGND,li1,90.8500,54.4000,0.000003
FILLER_0_15_181,VGND,li1,89.7000,54.4000,0.000003
FILLER_0_15_169,VGND,li1,86.0200,54.4000,0.000003
FILLER_0_15_156,VGND,li1,80.0400,54.4000,0.000004
FILLER_0_15_144,VGND,li1,74.5200,54.4000,0.000004
FILLER_0_15_125,VGND,li1,65.7800,54.4000,0.000003
FILLER_0_15_113,VGND,li1,60.2600,54.4000,0.000003
FILLER_0_15_111,VGND,li1,56.8100,54.4000,0.000003
FILLER_0_15_105,VGND,li1,55.2000,54.4000,0.000003
FILLER_0_15_93,VGND,li1,51.0600,54.4000,0.000003
FILLER_0_15_81,VGND,li1,45.5400,54.4000,0.000003
FILLER_0_15_69,VGND,li1,40.0200,54.4000,0.000004
FILLER_0_15_57,VGND,li1,34.5000,54.4000,0.000005
FILLER_0_15_54,VGND,li1,30.8200,54.4000,0.000007
FILLER_0_15_46,VGND,li1,28.5200,54.4000,0.000007
FILLER_0_15_27,VGND,li1,18.4000,54.4000,0.000007
FILLER_0_15_15,VGND,li1,15.1800,54.4000,0.000006
FILLER_0_15_8,VGND,li1,9.4300,54.4000,0.000007
FILLER_0_15_3,VGND,li1,7.1300,54.4000,0.000007
FILLER_0_14_187,VGND,li1,92.2300,48.9600,0.000007
FILLER_0_14_158,VGND,li1,80.0400,48.9600,0.000008
FILLER_0_14_141,VGND,li1,71.3000,48.9600,0.000007
FILLER_0_14_137,VGND,li1,69.2300,48.9600,0.000006
FILLER_0_14_129,VGND,li1,66.7000,48.9600,0.000005
FILLER_0_14_117,VGND,li1,62.1000,48.9600,0.000005
FILLER_0_14_108,VGND,li1,56.1200,48.9600,0.000005
FILLER_0_14_97,VGND,li1,51.0600,48.9600,0.000005
FILLER_0_14_85,VGND,li1,47.3800,48.9600,0.000005
FILLER_0_14_80,VGND,li1,43.2400,48.9600,0.000004
FILLER_0_14_68,VGND,li1,39.5600,48.9600,0.000004
FILLER_0_14_56,VGND,li1,34.0400,48.9600,0.000005
FILLER_0_14_44,VGND,li1,28.5200,48.9600,0.000007
FILLER_0_14_29,VGND,li1,21.6200,48.9600,0.000007
FILLER_0_14_27,VGND,li1,18.1700,48.9600,0.000006
FILLER_0_14_23,VGND,li1,17.0200,48.9600,0.000006
FILLER_0_14_11,VGND,li1,13.3400,48.9600,0.000006
FILLER_0_14_7,VGND,li1,8.9700,48.9600,0.000007
FILLER_0_13_189,VGND,li1,92.6900,48.9600,0.000007
FILLER_0_13_182,VGND,li1,89.4700,48.9600,0.000007
FILLER_0_13_174,VGND,li1,87.4000,48.9600,0.000006
FILLER_0_13_161,VGND,li1,79.8100,48.9600,0.000008
FILLER_0_13_149,VGND,li1,76.8200,48.9600,0.000008
FILLER_0_13_137,VGND,li1,71.3000,48.9600,0.000007
FILLER_0_13_125,VGND,li1,65.7800,48.9600,0.000005
FILLER_0_13_113,VGND,li1,60.2600,48.9600,0.000005
FILLER_0_13_111,VGND,li1,56.8100,48.9600,0.000005
FILLER_0_13_105,VGND,li1,55.2000,48.9600,0.000005
FILLER_0_13_93,VGND,li1,51.0600,48.9600,0.000005
FILLER_0_13_81,VGND,li1,45.5400,48.9600,0.000005
FILLER_0_13_69,VGND,li1,40.0200,48.9600,0.000004
FILLER_0_13_57,VGND,li1,34.5000,48.9600,0.000005
FILLER_0_13_43,VGND,li1,25.5300,48.9600,0.000007
FILLER_0_13_39,VGND,li1,24.3800,48.9600,0.000007
FILLER_0_13_27,VGND,li1,20.7000,48.9600,0.000007
FILLER_0_13_17,VGND,li1,14.0300,48.9600,0.000006
FILLER_0_13_6,VGND,li1,9.2000,48.9600,0.000007
FILLER_0_12_177,VGND,li1,87.4000,43.5200,0.000005
FILLER_0_12_169,VGND,li1,85.1000,43.5200,0.000005
FILLER_0_12_157,VGND,li1,80.5000,43.5200,0.000005
FILLER_0_12_141,VGND,li1,71.0700,43.5200,0.000005
FILLER_0_12_136,VGND,li1,69.0000,43.5200,0.000004
FILLER_0_12_124,VGND,li1,65.3200,43.5200,0.000003
FILLER_0_12_112,VGND,li1,59.8000,43.5200,0.000003
FILLER_0_12_100,VGND,li1,54.2800,43.5200,0.000003
FILLER_0_12_88,VGND,li1,48.7600,43.5200,0.000003
FILLER_0_12_83,VGND,li1,43.9300,43.5200,0.000002
FILLER_0_12_77,VGND,li1,42.3200,43.5200,0.000002
FILLER_0_12_65,VGND,li1,38.1800,43.5200,0.000002
FILLER_0_12_53,VGND,li1,32.6600,43.5200,0.000003
FILLER_0_12_41,VGND,li1,27.1400,43.5200,0.000003
FILLER_0_12_29,VGND,li1,21.6200,43.5200,0.000003
FILLER_0_12_24,VGND,li1,17.4800,43.5200,0.000003
FILLER_0_12_12,VGND,li1,13.8000,43.5200,0.000002
FILLER_0_12_3,VGND,li1,8.2800,43.5200,0.000003
FILLER_0_11_189,VGND,li1,92.6900,43.5200,0.000006
FILLER_0_11_181,VGND,li1,90.6200,43.5200,0.000006
FILLER_0_11_169,VGND,li1,86.0200,43.5200,0.000005
FILLER_0_11_167,VGND,li1,82.5700,43.5200,0.000005
FILLER_0_11_159,VGND,li1,79.5800,43.5200,0.000005
FILLER_0_11_147,VGND,li1,75.9000,43.5200,0.000005
FILLER_0_11_137,VGND,li1,69.4600,43.5200,0.000004
FILLER_0_11_125,VGND,li1,65.7800,43.5200,0.000003
FILLER_0_11_121,VGND,li1,61.4100,43.5200,0.000003
FILLER_0_11_113,VGND,li1,59.3400,43.5200,0.000003
FILLER_0_11_111,VGND,li1,56.8100,43.5200,0.000003
FILLER_0_11_99,VGND,li1,53.8200,43.5200,0.000003
FILLER_0_11_91,VGND,li1,47.8400,43.5200,0.000003
FILLER_0_11_83,VGND,li1,45.5400,43.5200,0.000002
FILLER_0_11_71,VGND,li1,40.9400,43.5200,0.000002
FILLER_0_11_50,VGND,li1,29.9000,43.5200,0.000003
FILLER_0_11_38,VGND,li1,25.7600,43.5200,0.000003
FILLER_0_11_32,VGND,li1,20.4700,43.5200,0.000003
FILLER_0_11_13,VGND,li1,14.2600,43.5200,0.000002
FILLER_0_10_189,VGND,li1,92.6900,38.0800,0.000002
FILLER_0_10_183,VGND,li1,91.0800,38.0800,0.000002
FILLER_0_10_177,VGND,li1,87.6300,38.0800,0.000002
FILLER_0_10_165,VGND,li1,84.1800,38.0800,0.000003
FILLER_0_10_153,VGND,li1,78.6600,38.0800,0.000003
FILLER_0_10_141,VGND,li1,73.1400,38.0800,0.000003
FILLER_0_10_139,VGND,li1,69.6900,38.0800,0.000003
FILLER_0_10_133,VGND,li1,68.0800,38.0800,0.000003
FILLER_0_10_121,VGND,li1,63.9400,38.0800,0.000002
FILLER_0_10_109,VGND,li1,58.4200,38.0800,0.000003
FILLER_0_10_97,VGND,li1,52.9000,38.0800,0.000003
FILLER_0_10_85,VGND,li1,47.3800,38.0800,0.000003
FILLER_0_10_82,VGND,li1,43.7000,38.0800,0.000003
FILLER_0_10_74,VGND,li1,39.7900,38.0800,0.000003
FILLER_0_10_66,VGND,li1,37.7200,38.0800,0.000003
FILLER_0_10_54,VGND,li1,33.1200,38.0800,0.000003
FILLER_0_10_42,VGND,li1,27.6000,38.0800,0.000004
FILLER_0_10_19,VGND,li1,15.1800,38.0800,0.000004
FILLER_0_10_9,VGND,li1,9.8900,38.0800,0.000004
FILLER_0_10_3,VGND,li1,8.2800,38.0800,0.000004
FILLER_0_9_189,VGND,li1,92.6900,38.0800,0.000002
FILLER_0_9_181,VGND,li1,90.6200,38.0800,0.000002
FILLER_0_9_169,VGND,li1,86.0200,38.0800,0.000002
FILLER_0_9_166,VGND,li1,82.3400,38.0800,0.000003
FILLER_0_9_157,VGND,li1,78.4300,38.0800,0.000003
FILLER_0_9_145,VGND,li1,74.9800,38.0800,0.000003
FILLER_0_9_136,VGND,li1,68.5400,38.0800,0.000003
FILLER_0_9_125,VGND,li1,64.4000,38.0800,0.000002
FILLER_0_9_113,VGND,li1,60.2600,38.0800,0.000003
FILLER_0_9_104,VGND,li1,55.2000,38.0800,0.000003
FILLER_0_9_92,VGND,li1,50.6000,38.0800,0.000003
FILLER_0_9_80,VGND,li1,45.0800,38.0800,0.000003
FILLER_0_9_69,VGND,li1,37.9500,38.0800,0.000003
FILLER_0_9_57,VGND,li1,34.5000,38.0800,0.000003
FILLER_0_9_55,VGND,li1,31.0500,38.0800,0.000004
FILLER_0_9_43,VGND,li1,28.0600,38.0800,0.000004
FILLER_0_9_31,VGND,li1,22.5400,38.0800,0.000005
FILLER_0_9_19,VGND,li1,17.0200,38.0800,0.000004
FILLER_0_9_7,VGND,li1,11.5000,38.0800,0.000004
FILLER_0_8_183,VGND,li1,90.3900,32.6400,0.000003
FILLER_0_8_171,VGND,li1,86.9400,32.6400,0.000004
FILLER_0_8_153,VGND,li1,76.1300,32.6400,0.000005
FILLER_0_8_141,VGND,li1,73.1400,32.6400,0.000005
FILLER_0_8_138,VGND,li1,69.4600,32.6400,0.000005
FILLER_0_8_126,VGND,li1,66.2400,32.6400,0.000004
FILLER_0_8_120,VGND,li1,61.4100,32.6400,0.000004
FILLER_0_8_112,VGND,li1,58.8800,32.6400,0.000004
FILLER_0_8_100,VGND,li1,54.2800,32.6400,0.000005
FILLER_0_8_85,VGND,li1,45.3100,32.6400,0.000005
FILLER_0_8_81,VGND,li1,43.4700,32.6400,0.000004
FILLER_0_8_69,VGND,li1,40.0200,32.6400,0.000004
FILLER_0_8_57,VGND,li1,34.5000,32.6400,0.000004
FILLER_0_8_45,VGND,li1,28.9800,32.6400,0.000004
FILLER_0_8_41,VGND,li1,24.6100,32.6400,0.000004
FILLER_0_8_29,VGND,li1,21.6200,32.6400,0.000004
FILLER_0_8_27,VGND,li1,18.1700,32.6400,0.000004
FILLER_0_8_23,VGND,li1,17.0200,32.6400,0.000004
FILLER_0_8_15,VGND,li1,12.6500,32.6400,0.000003
FILLER_0_8_3,VGND,li1,9.6600,32.6400,0.000004
FILLER_0_7_185,VGND,li1,90.8500,32.6400,0.000003
FILLER_0_7_181,VGND,li1,89.7000,32.6400,0.000003
FILLER_0_7_169,VGND,li1,86.0200,32.6400,0.000004
FILLER_0_7_167,VGND,li1,82.5700,32.6400,0.000004
FILLER_0_7_158,VGND,li1,78.6600,32.6400,0.000005
FILLER_0_7_150,VGND,li1,76.3600,32.6400,0.000005
FILLER_0_7_138,VGND,li1,71.7600,32.6400,0.000005
FILLER_0_7_131,VGND,li1,66.0100,32.6400,0.000004
FILLER_0_7_125,VGND,li1,64.4000,32.6400,0.000004
FILLER_0_7_113,VGND,li1,60.2600,32.6400,0.000004
FILLER_0_7_110,VGND,li1,56.5800,32.6400,0.000004
FILLER_0_7_102,VGND,li1,54.2800,32.6400,0.000005
FILLER_0_7_95,VGND,li1,49.4500,32.6400,0.000005
FILLER_0_7_89,VGND,li1,47.8400,32.6400,0.000005
FILLER_0_7_77,VGND,li1,43.7000,32.6400,0.000004
FILLER_0_7_65,VGND,li1,38.1800,32.6400,0.000004
FILLER_0_7_48,VGND,li1,29.4400,32.6400,0.000004
FILLER_0_7_36,VGND,li1,24.8400,32.6400,0.000004
FILLER_0_7_24,VGND,li1,19.3200,32.6400,0.000004
FILLER_0_7_12,VGND,li1,13.8000,32.6400,0.000003
FILLER_0_6_184,VGND,li1,91.5400,27.2000,0.000003
FILLER_0_6_172,VGND,li1,87.4000,27.2000,0.000003
FILLER_0_6_162,VGND,li1,80.2700,27.2000,0.000005
FILLER_0_6_150,VGND,li1,77.2800,27.2000,0.000005
FILLER_0_6_139,VGND,li1,69.6900,27.2000,0.000005
FILLER_0_6_135,VGND,li1,68.5400,27.2000,0.000005
FILLER_0_6_109,VGND,li1,56.5800,27.2000,0.000005
FILLER_0_6_97,VGND,li1,52.9000,27.2000,0.000004
FILLER_0_6_85,VGND,li1,47.3800,27.2000,0.000003
FILLER_0_6_81,VGND,li1,43.4700,27.2000,0.000003
FILLER_0_6_73,VGND,li1,40.9400,27.2000,0.000003
FILLER_0_6_61,VGND,li1,36.3400,27.2000,0.000002
FILLER_0_6_49,VGND,li1,30.8200,27.2000,0.000003
FILLER_0_6_37,VGND,li1,25.3000,27.2000,0.000003
FILLER_0_6_29,VGND,li1,19.5500,27.2000,0.000003
FILLER_0_6_27,VGND,li1,18.1700,27.2000,0.000003
FILLER_0_6_15,VGND,li1,15.1800,27.2000,0.000003
FILLER_0_6_3,VGND,li1,9.6600,27.2000,0.000004
FILLER_0_5_189,VGND,li1,92.6900,27.2000,0.000003
FILLER_0_5_181,VGND,li1,90.6200,27.2000,0.000003
FILLER_0_5_169,VGND,li1,86.0200,27.2000,0.000003
FILLER_0_5_156,VGND,li1,80.0400,27.2000,0.000005
FILLER_0_5_150,VGND,li1,75.2100,27.2000,0.000005
FILLER_0_5_138,VGND,li1,71.7600,27.2000,0.000005
FILLER_0_5_130,VGND,li1,65.5500,27.2000,0.000005
FILLER_0_5_123,VGND,li1,62.5600,27.2000,0.000005
FILLER_0_5_113,VGND,li1,58.4200,27.2000,0.000005
FILLER_0_5_109,VGND,li1,56.3500,27.2000,0.000005
FILLER_0_5_101,VGND,li1,53.8200,27.2000,0.000004
FILLER_0_5_89,VGND,li1,49.2200,27.2000,0.000004
FILLER_0_5_77,VGND,li1,43.7000,27.2000,0.000003
FILLER_0_5_69,VGND,li1,37.9500,27.2000,0.000002
FILLER_0_5_57,VGND,li1,34.5000,27.2000,0.000003
FILLER_0_5_54,VGND,li1,30.8200,27.2000,0.000003
FILLER_0_5_46,VGND,li1,28.5200,27.2000,0.000003
FILLER_0_5_37,VGND,li1,23.2300,27.2000,0.000003
FILLER_0_5_29,VGND,li1,20.7000,27.2000,0.000003
FILLER_0_5_17,VGND,li1,16.1000,27.2000,0.000003
FILLER_0_5_7,VGND,li1,9.6600,27.2000,0.000004
FILLER_0_4_189,VGND,li1,92.6900,21.7600,0.000006
FILLER_0_4_185,VGND,li1,91.5400,21.7600,0.000006
FILLER_0_4_173,VGND,li1,87.8600,21.7600,0.000006
FILLER_0_4_160,VGND,li1,79.5800,21.7600,0.000006
FILLER_0_4_156,VGND,li1,77.7400,21.7600,0.000006
FILLER_0_4_148,VGND,li1,75.4400,21.7600,0.000006
FILLER_0_4_137,VGND,li1,69.2300,21.7600,0.000006
FILLER_0_4_125,VGND,li1,65.7800,21.7600,0.000005
FILLER_0_4_96,VGND,li1,49.9100,21.7600,0.000006
FILLER_0_4_92,VGND,li1,48.7600,21.7600,0.000006
FILLER_0_4_83,VGND,li1,43.9300,21.7600,0.000004
FILLER_0_4_77,VGND,li1,42.3200,21.7600,0.000004
FILLER_0_4_65,VGND,li1,38.1800,21.7600,0.000003
FILLER_0_4_53,VGND,li1,32.6600,21.7600,0.000003
FILLER_0_4_41,VGND,li1,27.1400,21.7600,0.000003
FILLER_0_4_29,VGND,li1,21.6200,21.7600,0.000003
FILLER_0_4_27,VGND,li1,18.1700,21.7600,0.000002
FILLER_0_4_15,VGND,li1,15.1800,21.7600,0.000002
FILLER_0_4_3,VGND,li1,9.6600,21.7600,0.000003
FILLER_0_3_185,VGND,li1,90.8500,21.7600,0.000006
FILLER_0_3_181,VGND,li1,89.7000,21.7600,0.000005
FILLER_0_3_175,VGND,li1,86.2500,21.7600,0.000006
FILLER_0_3_169,VGND,li1,84.6400,21.7600,0.000006
FILLER_0_3_167,VGND,li1,82.5700,21.7600,0.000006
FILLER_0_3_161,VGND,li1,80.9600,21.7600,0.000006
FILLER_0_3_149,VGND,li1,76.8200,21.7600,0.000006
FILLER_0_3_143,VGND,li1,71.5300,21.7600,0.000006
FILLER_0_3_137,VGND,li1,69.9200,21.7600,0.000006
FILLER_0_3_125,VGND,li1,65.7800,21.7600,0.000005
FILLER_0_3_113,VGND,li1,60.2600,21.7600,0.000006
FILLER_0_3_110,VGND,li1,56.5800,21.7600,0.000006
FILLER_0_3_102,VGND,li1,54.2800,21.7600,0.000007
FILLER_0_3_93,VGND,li1,48.7600,21.7600,0.000006
FILLER_0_3_81,VGND,li1,45.5400,21.7600,0.000005
FILLER_0_3_69,VGND,li1,40.0200,21.7600,0.000003
FILLER_0_3_57,VGND,li1,34.5000,21.7600,0.000003
FILLER_0_3_52,VGND,li1,30.3600,21.7600,0.000003
FILLER_0_3_48,VGND,li1,27.8300,21.7600,0.000003
FILLER_0_3_36,VGND,li1,24.8400,21.7600,0.000003
FILLER_0_3_24,VGND,li1,19.3200,21.7600,0.000002
FILLER_0_3_15,VGND,li1,13.1100,21.7600,0.000002
FILLER_0_3_7,VGND,li1,10.5800,21.7600,0.000003
FILLER_0_2_187,VGND,li1,92.2300,16.3200,0.000001
FILLER_0_2_179,VGND,li1,89.7000,16.3200,0.000001
FILLER_0_2_167,VGND,li1,85.1000,16.3200,0.000001
FILLER_0_2_155,VGND,li1,79.5800,16.3200,0.000002
FILLER_0_2_141,VGND,li1,71.7600,16.3200,0.000002
FILLER_0_2_139,VGND,li1,69.6900,16.3200,0.000002
FILLER_0_2_127,VGND,li1,66.7000,16.3200,0.000002
FILLER_0_2_115,VGND,li1,61.1800,16.3200,0.000003
FILLER_0_2_103,VGND,li1,55.6600,16.3200,0.000003
FILLER_0_2_91,VGND,li1,50.1400,16.3200,0.000003
FILLER_0_2_85,VGND,li1,45.0800,16.3200,0.000003
FILLER_0_2_72,VGND,li1,41.4000,16.3200,0.000003
FILLER_0_2_60,VGND,li1,35.8800,16.3200,0.000003
FILLER_0_2_48,VGND,li1,30.3600,16.3200,0.000003
FILLER_0_2_36,VGND,li1,24.8400,16.3200,0.000004
FILLER_0_2_27,VGND,li1,18.1700,16.3200,0.000004
FILLER_0_2_15,VGND,li1,15.1800,16.3200,0.000004
FILLER_0_2_3,VGND,li1,9.6600,16.3200,0.000006
FILLER_0_1_189,VGND,li1,92.6900,16.3200,0.000001
FILLER_0_1_181,VGND,li1,90.6200,16.3200,0.000001
FILLER_0_1_169,VGND,li1,86.0200,16.3200,0.000001
FILLER_0_1_167,VGND,li1,82.5700,16.3200,0.000001
FILLER_0_1_159,VGND,li1,80.5000,16.3200,0.000002
FILLER_0_1_147,VGND,li1,75.9000,16.3200,0.000002
FILLER_0_1_142,VGND,li1,71.0700,16.3200,0.000002
FILLER_0_1_138,VGND,li1,69.9200,16.3200,0.000002
FILLER_0_1_126,VGND,li1,66.2400,16.3200,0.000002
FILLER_0_1_117,VGND,li1,59.5700,16.3200,0.000003
FILLER_0_1_113,VGND,li1,58.4200,16.3200,0.000003
FILLER_0_1_102,VGND,li1,53.3600,16.3200,0.000003
FILLER_0_1_90,VGND,li1,49.6800,16.3200,0.000003
FILLER_0_1_81,VGND,li1,43.7000,16.3200,0.000003
FILLER_0_1_69,VGND,li1,40.0200,16.3200,0.000002
FILLER_0_1_57,VGND,li1,34.5000,16.3200,0.000003
FILLER_0_1_53,VGND,li1,30.5900,16.3200,0.000003
FILLER_0_1_45,VGND,li1,28.0600,16.3200,0.000003
FILLER_0_1_33,VGND,li1,23.4600,16.3200,0.000004
FILLER_0_1_26,VGND,li1,18.1700,16.3200,0.000004
FILLER_0_1_14,VGND,li1,14.7200,16.3200,0.000004
FILLER_0_0_185,VGND,li1,90.8500,10.8800,0.000005
FILLER_0_0_179,VGND,li1,88.0900,10.8800,0.000005
FILLER_0_0_173,VGND,li1,86.4800,10.8800,0.000005
FILLER_0_0_164,VGND,li1,81.8800,10.8800,0.000005
FILLER_0_0_153,VGND,li1,77.2800,10.8800,0.000004
FILLER_0_0_141,VGND,li1,73.1400,10.8800,0.000004
FILLER_0_0_137,VGND,li1,69.2300,10.8800,0.000003
FILLER_0_0_125,VGND,li1,65.7800,10.8800,0.000003
FILLER_0_0_113,VGND,li1,60.2600,10.8800,0.000003
FILLER_0_0_111,VGND,li1,56.8100,10.8800,0.000003
FILLER_0_0_103,VGND,li1,54.7400,10.8800,0.000003
FILLER_0_0_96,VGND,li1,49.9100,10.8800,0.000004
FILLER_0_0_88,VGND,li1,47.8400,10.8800,0.000004
FILLER_0_0_81,VGND,li1,43.4700,10.8800,0.000003
FILLER_0_0_69,VGND,li1,40.0200,10.8800,0.000002
FILLER_0_0_57,VGND,li1,34.5000,10.8800,0.000003
FILLER_0_0_55,VGND,li1,31.0500,10.8800,0.000003
FILLER_0_0_47,VGND,li1,28.9800,10.8800,0.000003
FILLER_0_0_35,VGND,li1,24.3800,10.8800,0.000004
FILLER_0_0_26,VGND,li1,17.9400,10.8800,0.000004
FILLER_0_0_14,VGND,li1,14.7200,10.8800,0.000003
FILLER_0_0_3,VGND,li1,7.3600,10.8800,0.000004
ANTENNA_2,VGND,li1,78.6600,21.7600,0.000006
ANTENNA_1,VGND,li1,74.9800,76.1600,0.000007
clone1,VGND,li1,59.1100,59.8400,0.000006
output27,VGND,li1,92.0000,10.8800,0.000005
output26,VGND,li1,92.0000,21.7600,0.000006
output25,VGND,li1,92.0000,32.6400,0.000003
output24,VGND,li1,92.0000,43.5200,0.000006
output23,VGND,li1,92.0000,59.8400,0.000007
output22,VGND,li1,92.0000,70.7200,0.000006
output21,VGND,li1,88.7800,81.6000,0.000007
output20,VGND,li1,92.0000,87.0400,0.000003
input19,VGND,li1,20.2400,10.8800,0.000004
input18,VGND,li1,51.5200,10.8800,0.000004
input17,VGND,li1,84.1800,10.8800,0.000005
input16,VGND,li1,7.8200,48.9600,0.000008
input15,VGND,li1,7.8200,59.8400,0.000006
input14,VGND,li1,7.8200,65.2800,0.000007
input13,VGND,li1,7.8200,70.7200,0.000003
input12,VGND,li1,7.8200,76.1600,0.000005
input11,VGND,li1,10.1200,81.6000,0.000007
input10,VGND,li1,7.8200,87.0400,0.000005
input9,VGND,li1,9.6600,87.0400,0.000004
input8,VGND,li1,9.6600,16.3200,0.000006
input7,VGND,li1,7.8200,16.3200,0.000007
input6,VGND,li1,7.8200,21.7600,0.000003
input5,VGND,li1,7.8200,27.2000,0.000005
input4,VGND,li1,10.1200,32.6400,0.000004
input3,VGND,li1,7.8200,38.0800,0.000005
input2,VGND,li1,9.2000,43.5200,0.000003
input1,VGND,li1,7.5900,48.9600,0.000008
TAP_TAPCELL_ROW_27_145,VGND,li1,83.0300,86.7480,0.000003
TAP_TAPCELL_ROW_27_144,VGND,li1,70.1500,86.7480,0.000002
TAP_TAPCELL_ROW_27_143,VGND,li1,57.2700,86.7480,0.000001
TAP_TAPCELL_ROW_27_142,VGND,li1,44.3900,86.7480,0.000001
TAP_TAPCELL_ROW_27_141,VGND,li1,31.5100,86.7480,0.000003
TAP_TAPCELL_ROW_27_140,VGND,li1,18.6300,86.7480,0.000004
TAP_TAPCELL_ROW_26_139,VGND,li1,70.1500,81.8910,0.000011
TAP_TAPCELL_ROW_26_138,VGND,li1,44.3900,81.8910,0.000008
TAP_TAPCELL_ROW_26_137,VGND,li1,18.6300,81.8910,0.000007
TAP_TAPCELL_ROW_25_136,VGND,li1,83.0300,81.3080,0.000010
TAP_TAPCELL_ROW_25_135,VGND,li1,57.2700,81.3080,0.000009
TAP_TAPCELL_ROW_25_134,VGND,li1,31.5100,81.3080,0.000007
TAP_TAPCELL_ROW_24_133,VGND,li1,70.1500,76.4510,0.000007
TAP_TAPCELL_ROW_24_132,VGND,li1,44.3900,76.4510,0.000005
TAP_TAPCELL_ROW_24_131,VGND,li1,18.6300,76.4510,0.000005
TAP_TAPCELL_ROW_23_130,VGND,li1,83.0300,75.8680,0.000006
TAP_TAPCELL_ROW_23_129,VGND,li1,57.2700,75.8680,0.000006
TAP_TAPCELL_ROW_23_128,VGND,li1,31.5100,75.8680,0.000005
TAP_TAPCELL_ROW_22_127,VGND,li1,70.1500,71.0110,0.000006
TAP_TAPCELL_ROW_22_126,VGND,li1,44.3900,71.0110,0.000004
TAP_TAPCELL_ROW_22_125,VGND,li1,18.6300,71.0110,0.000002
TAP_TAPCELL_ROW_21_124,VGND,li1,83.0300,70.4280,0.000006
TAP_TAPCELL_ROW_21_123,VGND,li1,57.2700,70.4280,0.000004
TAP_TAPCELL_ROW_21_122,VGND,li1,31.5100,70.4280,0.000002
TAP_TAPCELL_ROW_20_121,VGND,li1,70.1500,65.5710,0.000005
TAP_TAPCELL_ROW_20_120,VGND,li1,44.3900,65.5710,0.000007
TAP_TAPCELL_ROW_20_119,VGND,li1,18.6300,65.5710,0.000008
TAP_TAPCELL_ROW_19_118,VGND,li1,83.0300,64.9880,0.000005
TAP_TAPCELL_ROW_19_117,VGND,li1,57.2700,64.9880,0.000005
TAP_TAPCELL_ROW_19_116,VGND,li1,31.5100,64.9880,0.000008
TAP_TAPCELL_ROW_18_115,VGND,li1,70.1500,60.1310,0.000007
TAP_TAPCELL_ROW_18_114,VGND,li1,44.3900,60.1310,0.000006
TAP_TAPCELL_ROW_18_113,VGND,li1,18.6300,60.1310,0.000005
TAP_TAPCELL_ROW_17_112,VGND,li1,83.0300,59.5480,0.000007
TAP_TAPCELL_ROW_17_111,VGND,li1,57.2700,59.5480,0.000006
TAP_TAPCELL_ROW_17_110,VGND,li1,31.5100,59.5480,0.000005
TAP_TAPCELL_ROW_16_109,VGND,li1,70.1500,54.6910,0.000004
TAP_TAPCELL_ROW_16_108,VGND,li1,44.3900,54.6910,0.000003
TAP_TAPCELL_ROW_16_107,VGND,li1,18.6300,54.6910,0.000007
TAP_TAPCELL_ROW_15_106,VGND,li1,83.0300,54.1080,0.000004
TAP_TAPCELL_ROW_15_105,VGND,li1,57.2700,54.1080,0.000003
TAP_TAPCELL_ROW_15_104,VGND,li1,31.5100,54.1080,0.000007
TAP_TAPCELL_ROW_14_103,VGND,li1,70.1500,49.2510,0.000006
TAP_TAPCELL_ROW_14_102,VGND,li1,44.3900,49.2510,0.000004
TAP_TAPCELL_ROW_14_101,VGND,li1,18.6300,49.2510,0.000006
TAP_TAPCELL_ROW_13_100,VGND,li1,83.0300,48.6680,0.000008
TAP_TAPCELL_ROW_13_99,VGND,li1,57.2700,48.6680,0.000005
TAP_TAPCELL_ROW_13_98,VGND,li1,31.5100,48.6680,0.000006
TAP_TAPCELL_ROW_12_97,VGND,li1,70.1500,43.8110,0.000004
TAP_TAPCELL_ROW_12_96,VGND,li1,44.3900,43.8110,0.000002
TAP_TAPCELL_ROW_12_95,VGND,li1,18.6300,43.8110,0.000003
TAP_TAPCELL_ROW_11_94,VGND,li1,83.0300,43.2280,0.000005
TAP_TAPCELL_ROW_11_93,VGND,li1,57.2700,43.2280,0.000003
TAP_TAPCELL_ROW_11_92,VGND,li1,31.5100,43.2280,0.000003
TAP_TAPCELL_ROW_10_91,VGND,li1,70.1500,38.3710,0.000003
TAP_TAPCELL_ROW_10_90,VGND,li1,44.3900,38.3710,0.000003
TAP_TAPCELL_ROW_10_89,VGND,li1,18.6300,38.3710,0.000004
TAP_TAPCELL_ROW_9_88,VGND,li1,83.0300,37.7880,0.000003
TAP_TAPCELL_ROW_9_87,VGND,li1,57.2700,37.7880,0.000003
TAP_TAPCELL_ROW_9_86,VGND,li1,31.5100,37.7880,0.000004
TAP_TAPCELL_ROW_8_85,VGND,li1,70.1500,32.9310,0.000005
TAP_TAPCELL_ROW_8_84,VGND,li1,44.3900,32.9310,0.000004
TAP_TAPCELL_ROW_8_83,VGND,li1,18.6300,32.9310,0.000004
TAP_TAPCELL_ROW_7_82,VGND,li1,83.0300,32.3480,0.000004
TAP_TAPCELL_ROW_7_81,VGND,li1,57.2700,32.3480,0.000004
TAP_TAPCELL_ROW_7_80,VGND,li1,31.5100,32.3480,0.000004
TAP_TAPCELL_ROW_6_79,VGND,li1,70.1500,27.4910,0.000005
TAP_TAPCELL_ROW_6_78,VGND,li1,44.3900,27.4910,0.000003
TAP_TAPCELL_ROW_6_77,VGND,li1,18.6300,27.4910,0.000003
TAP_TAPCELL_ROW_5_76,VGND,li1,83.0300,26.9080,0.000004
TAP_TAPCELL_ROW_5_75,VGND,li1,57.2700,26.9080,0.000005
TAP_TAPCELL_ROW_5_74,VGND,li1,31.5100,26.9080,0.000003
TAP_TAPCELL_ROW_4_73,VGND,li1,70.1500,22.0510,0.000006
TAP_TAPCELL_ROW_4_72,VGND,li1,44.3900,22.0510,0.000005
TAP_TAPCELL_ROW_4_71,VGND,li1,18.6300,22.0510,0.000002
TAP_TAPCELL_ROW_3_70,VGND,li1,83.0300,21.4680,0.000006
TAP_TAPCELL_ROW_3_69,VGND,li1,57.2700,21.4680,0.000006
TAP_TAPCELL_ROW_3_68,VGND,li1,31.5100,21.4680,0.000003
TAP_TAPCELL_ROW_2_67,VGND,li1,70.1500,16.6110,0.000002
TAP_TAPCELL_ROW_2_66,VGND,li1,44.3900,16.6110,0.000003
TAP_TAPCELL_ROW_2_65,VGND,li1,18.6300,16.6110,0.000004
TAP_TAPCELL_ROW_1_64,VGND,li1,83.0300,16.0280,0.000001
TAP_TAPCELL_ROW_1_63,VGND,li1,57.2700,16.0280,0.000003
TAP_TAPCELL_ROW_1_62,VGND,li1,31.5100,16.0280,0.000003
TAP_TAPCELL_ROW_0_61,VGND,li1,83.0300,11.1710,0.000005
TAP_TAPCELL_ROW_0_60,VGND,li1,70.1500,11.1710,0.000003
TAP_TAPCELL_ROW_0_59,VGND,li1,57.2700,11.1710,0.000003
TAP_TAPCELL_ROW_0_58,VGND,li1,44.3900,11.1710,0.000003
TAP_TAPCELL_ROW_0_57,VGND,li1,31.5100,11.1710,0.000003
TAP_TAPCELL_ROW_0_56,VGND,li1,18.6300,11.1710,0.000004
PHY_EDGE_ROW_27_Left_55,VGND,li1,6.2100,87.0400,0.000005
PHY_EDGE_ROW_26_Left_54,VGND,li1,6.2100,81.6000,0.000007
PHY_EDGE_ROW_25_Left_53,VGND,li1,6.2100,81.6000,0.000007
PHY_EDGE_ROW_24_Left_52,VGND,li1,6.2100,76.1600,0.000005
PHY_EDGE_ROW_23_Left_51,VGND,li1,6.2100,76.1600,0.000005
PHY_EDGE_ROW_22_Left_50,VGND,li1,6.2100,70.7200,0.000003
PHY_EDGE_ROW_21_Left_49,VGND,li1,6.2100,70.7200,0.000003
PHY_EDGE_ROW_20_Left_48,VGND,li1,6.2100,65.2800,0.000007
PHY_EDGE_ROW_19_Left_47,VGND,li1,6.2100,65.2800,0.000007
PHY_EDGE_ROW_18_Left_46,VGND,li1,6.2100,59.8400,0.000006
PHY_EDGE_ROW_17_Left_45,VGND,li1,6.2100,59.8400,0.000006
PHY_EDGE_ROW_16_Left_44,VGND,li1,6.2100,54.4000,0.000007
PHY_EDGE_ROW_15_Left_43,VGND,li1,6.2100,54.4000,0.000007
PHY_EDGE_ROW_14_Left_42,VGND,li1,6.2100,48.9600,0.000008
PHY_EDGE_ROW_13_Left_41,VGND,li1,6.2100,48.9600,0.000008
PHY_EDGE_ROW_12_Left_40,VGND,li1,6.2100,43.5200,0.000003
PHY_EDGE_ROW_11_Left_39,VGND,li1,6.2100,43.5200,0.000003
PHY_EDGE_ROW_10_Left_38,VGND,li1,6.2100,38.0800,0.000005
PHY_EDGE_ROW_9_Left_37,VGND,li1,6.2100,38.0800,0.000005
PHY_EDGE_ROW_8_Left_36,VGND,li1,6.2100,32.6400,0.000004
PHY_EDGE_ROW_7_Left_35,VGND,li1,6.2100,32.6400,0.000004
PHY_EDGE_ROW_6_Left_34,VGND,li1,6.2100,27.2000,0.000005
PHY_EDGE_ROW_5_Left_33,VGND,li1,6.2100,27.2000,0.000005
PHY_EDGE_ROW_4_Left_32,VGND,li1,6.2100,21.7600,0.000003
PHY_EDGE_ROW_3_Left_31,VGND,li1,6.2100,21.7600,0.000003
PHY_EDGE_ROW_2_Left_30,VGND,li1,6.2100,16.3200,0.000007
PHY_EDGE_ROW_1_Left_29,VGND,li1,6.2100,16.3200,0.000007
PHY_EDGE_ROW_0_Left_28,VGND,li1,6.2100,10.8800,0.000004
PHY_EDGE_ROW_27_Right_27,VGND,li1,93.6100,87.0400,0.000003
PHY_EDGE_ROW_26_Right_26,VGND,li1,93.6100,81.6000,0.000008
PHY_EDGE_ROW_25_Right_25,VGND,li1,93.6100,81.6000,0.000008
PHY_EDGE_ROW_24_Right_24,VGND,li1,93.6100,76.1600,0.000005
PHY_EDGE_ROW_23_Right_23,VGND,li1,93.6100,76.1600,0.000005
PHY_EDGE_ROW_22_Right_22,VGND,li1,93.6100,70.7200,0.000006
PHY_EDGE_ROW_21_Right_21,VGND,li1,93.6100,70.7200,0.000006
PHY_EDGE_ROW_20_Right_20,VGND,li1,93.6100,65.2800,0.000003
PHY_EDGE_ROW_19_Right_19,VGND,li1,93.6100,65.2800,0.000003
PHY_EDGE_ROW_18_Right_18,VGND,li1,93.6100,59.8400,0.000007
PHY_EDGE_ROW_17_Right_17,VGND,li1,93.6100,59.8400,0.000007
PHY_EDGE_ROW_16_Right_16,VGND,li1,93.6100,54.4000,0.000003
PHY_EDGE_ROW_15_Right_15,VGND,li1,93.6100,54.4000,0.000003
PHY_EDGE_ROW_14_Right_14,VGND,li1,93.6100,48.9600,0.000007
PHY_EDGE_ROW_13_Right_13,VGND,li1,93.6100,48.9600,0.000007
PHY_EDGE_ROW_12_Right_12,VGND,li1,93.6100,43.5200,0.000006
PHY_EDGE_ROW_11_Right_11,VGND,li1,93.6100,43.5200,0.000006
PHY_EDGE_ROW_10_Right_10,VGND,li1,93.6100,38.0800,0.000002
PHY_EDGE_ROW_9_Right_9,VGND,li1,93.6100,38.0800,0.000002
PHY_EDGE_ROW_8_Right_8,VGND,li1,93.6100,32.6400,0.000003
PHY_EDGE_ROW_7_Right_7,VGND,li1,93.6100,32.6400,0.000003
PHY_EDGE_ROW_6_Right_6,VGND,li1,93.6100,27.2000,0.000003
PHY_EDGE_ROW_5_Right_5,VGND,li1,93.6100,27.2000,0.000003
PHY_EDGE_ROW_4_Right_4,VGND,li1,93.6100,21.7600,0.000006
PHY_EDGE_ROW_3_Right_3,VGND,li1,93.6100,21.7600,0.000006
PHY_EDGE_ROW_2_Right_2,VGND,li1,93.6100,16.3200,0.000001
PHY_EDGE_ROW_1_Right_1,VGND,li1,93.6100,16.3200,0.000001
PHY_EDGE_ROW_0_Right_0,VGND,li1,93.6100,10.8800,0.000005
_347_,VGND,li1,89.0100,38.0800,0.000002
_346_,VGND,li1,34.7300,65.2800,0.000008
_345_,VGND,li1,71.9900,54.4000,0.000004
_344_,VGND,li1,52.4400,81.6000,0.000009
_343_,VGND,li1,67.3900,27.2000,0.000005
_342_,VGND,li1,37.2600,59.8400,0.000005
_341_,VGND,li1,34.2700,81.6000,0.000007
_340_,VGND,li1,20.2400,81.6000,0.000008
_339_,VGND,li1,9.8900,48.9600,0.000007
_338_,VGND,li1,72.9100,21.7600,0.000006
_337_,VGND,li1,45.3100,10.8800,0.000003
_336_,VGND,li1,46.2300,21.7600,0.000005
_335_,VGND,li1,61.6400,16.3200,0.000003
_334_,VGND,li1,33.5800,43.5200,0.000003
_333_,VGND,li1,45.3100,43.5200,0.000002
_332_,VGND,li1,84.8700,76.1600,0.000005
_331_,VGND,li1,8.2800,81.6000,0.000007
_330_,VGND,li1,53.5900,76.1600,0.000006
_329_,VGND,li1,53.5900,48.9600,0.000005
_328_,VGND,li1,75.6700,81.6000,0.000011
_327_,VGND,li1,51.0600,32.6400,0.000005
_326_,VGND,li1,75.2100,54.4000,0.000004
_325_,VGND,li1,9.8900,10.8800,0.000004
_324_,VGND,li1,40.4800,38.0800,0.000003
_323_,VGND,li1,84.4100,21.7600,0.000006
_322_,VGND,li1,41.6300,38.0800,0.000003
_321_,VGND,li1,19.7800,16.3200,0.000004
_320_,VGND,li1,70.1500,54.4000,0.000004
_319_,VGND,li1,79.3500,81.6000,0.000010
_318_,VGND,li1,25.0700,48.9600,0.000007
_317_,VGND,li1,89.7000,48.9600,0.000007
_316_,VGND,li1,71.9900,76.1600,0.000007
_315_,VGND,li1,28.7500,21.7600,0.000003
_314_,VGND,li1,80.5000,38.0800,0.000003
_313_,VGND,li1,10.3500,43.5200,0.000003
_312_,VGND,li1,48.0700,81.6000,0.000008
_311_,VGND,li1,71.9900,21.7600,0.000006
_310_,VGND,li1,49.9100,32.6400,0.000005
_309_,VGND,li1,70.6100,38.0800,0.000003
_308_,VGND,li1,8.2800,54.4000,0.000007
_307_,VGND,li1,44.8500,70.7200,0.000004
_306_,VGND,li1,62.1000,54.4000,0.000003
_305_,VGND,li1,68.7700,65.2800,0.000005
_304_,VGND,li1,91.0800,48.9600,0.000007
_303_,VGND,li1,76.5900,76.1600,0.000007
_302_,VGND,li1,88.5500,59.8400,0.000006
_301_,VGND,li1,74.9800,16.3200,0.000002
_300_,VGND,li1,66.9300,59.8400,0.000006
_299_,VGND,li1,39.7900,27.2000,0.000002
_298_,VGND,li1,71.7600,27.2000,0.000005
_297_,VGND,li1,51.0600,70.7200,0.000004
_296_,VGND,li1,30.5900,54.4000,0.000007
_295_,VGND,li1,92.0000,32.6400,0.000003
_294_,VGND,li1,40.2500,81.6000,0.000006
_293_,VGND,li1,74.0600,70.7200,0.000006
_292_,VGND,li1,60.4900,27.2000,0.000005
_291_,VGND,li1,81.8800,27.2000,0.000004
_290_,VGND,li1,29.6700,48.9600,0.000006
_289_,VGND,li1,36.8000,43.5200,0.000002
_288_,VGND,li1,18.6300,43.5200,0.000003
_287_,VGND,li1,20.4700,16.3200,0.000004
_286_,VGND,li1,13.5700,38.0800,0.000004
_285_,VGND,li1,41.1700,76.1600,0.000005
_284_,VGND,li1,36.1100,59.8400,0.000005
_283_,VGND,li1,17.2500,38.0800,0.000004
_282_,VGND,li1,91.0800,76.1600,0.000005
_281_,VGND,li1,41.1700,76.1600,0.000005
_280_,VGND,li1,11.5000,38.0800,0.000004
_279_,VGND,li1,19.7800,54.4000,0.000008
_278_,VGND,li1,85.3300,76.1600,0.000005
_277_,VGND,li1,46.9200,70.7200,0.000004
_276_,VGND,li1,20.0100,65.2800,0.000008
_275_,VGND,li1,76.5900,27.2000,0.000005
_274_,VGND,li1,71.9900,59.8400,0.000007
_273_,VGND,li1,34.7300,65.2800,0.000008
_272_,VGND,li1,16.7900,76.1600,0.000005
_271_,VGND,li1,62.7900,32.6400,0.000004
_270_,VGND,li1,28.7500,76.1600,0.000005
_269_,VGND,li1,51.2900,59.8400,0.000007
_268_,VGND,li1,38.8700,76.1600,0.000004
_267_,VGND,li1,83.9500,81.6000,0.000009
_266_,VGND,li1,89.4700,10.8800,0.000004
_265_,VGND,li1,25.3000,54.4000,0.000008
_264_,VGND,li1,80.5000,54.4000,0.000004
_263_,VGND,li1,71.7600,43.5200,0.000005
_262_,VGND,li1,67.3900,81.6000,0.000010
_261_,VGND,li1,72.4500,59.8400,0.000007
_260_,VGND,li1,62.3300,70.7200,0.000004
_259_,VGND,li1,80.7300,32.6400,0.000005
_258_,VGND,li1,42.3200,59.8400,0.000006
_257_,VGND,li1,76.3600,65.2800,0.000006
_256_,VGND,li1,45.3100,81.6000,0.000008
_255_,VGND,li1,79.8100,10.8800,0.000005
_254_,VGND,li1,90.3900,43.5200,0.000006
_253_,VGND,li1,19.5500,59.8400,0.000005
_252_,VGND,li1,33.3500,76.1600,0.000005
_251_,VGND,li1,61.6400,21.7600,0.000006
_250_,VGND,li1,21.8500,38.0800,0.000005
_249_,VGND,li1,81.4200,48.9600,0.000008
_248_,VGND,li1,21.8500,43.5200,0.000003
_247_,VGND,li1,33.5800,32.6400,0.000004
_246_,VGND,li1,49.6800,43.5200,0.000003
_245_,VGND,li1,11.2700,54.4000,0.000007
_244_,VGND,li1,60.4900,81.6000,0.000009
_243_,VGND,li1,49.2200,81.6000,0.000009
_242_,VGND,li1,21.3900,27.2000,0.000003
_241_,VGND,li1,24.1500,54.4000,0.000008
_240_,VGND,li1,47.1500,32.6400,0.000005
_239_,VGND,li1,71.9900,81.6000,0.000011
_238_,VGND,li1,40.7100,65.2800,0.000006
_237_,VGND,li1,75.6700,70.7200,0.000006
_236_,VGND,li1,46.4600,65.2800,0.000007
_235_,VGND,li1,69.9200,76.1600,0.000007
_234_,VGND,li1,52.2100,59.8400,0.000007
_233_,VGND,li1,81.8800,21.7600,0.000006
_232_,VGND,li1,11.7300,48.9600,0.000006
_231_,VGND,li1,46.4600,16.3200,0.000003
_230_,VGND,li1,38.1800,59.8400,0.000005
_229_,VGND,li1,47.1500,76.1600,0.000006
_228_,VGND,li1,52.2100,65.2800,0.000006
_227_,VGND,li1,84.4100,48.9600,0.000008
_226_,VGND,li1,74.2900,81.6000,0.000011
_225_,VGND,li1,15.1800,21.7600,0.000002
_224_,VGND,li1,60.0300,59.8400,0.000006
_223_,VGND,li1,90.8500,81.6000,0.000008
_222_,VGND,li1,28.2900,81.6000,0.000007
_221_,VGND,li1,11.2700,16.3200,0.000006
_220_,VGND,li1,66.9300,38.0800,0.000003
_219_,VGND,li1,72.2200,16.3200,0.000002
_218_,VGND,li1,74.9800,59.8400,0.000007
_217_,VGND,li1,88.7800,43.5200,0.000005
_216_,VGND,li1,69.0000,70.7200,0.000005
_215_,VGND,li1,27.8300,65.2800,0.000008
_214_,VGND,li1,16.7900,65.2800,0.000008
_213_,VGND,li1,26.9100,48.9600,0.000007
_212_,VGND,li1,8.0500,32.6400,0.000004
_211_,VGND,li1,25.3000,27.2000,0.000003
_210_,VGND,li1,81.4200,43.5200,0.000005
_209_,VGND,li1,65.5500,81.6000,0.000010
_208_,VGND,li1,67.6200,32.6400,0.000004
_207_,VGND,li1,62.3300,43.5200,0.000003
_206_,VGND,li1,55.6600,16.3200,0.000003
_205_,VGND,li1,73.8300,48.9600,0.000007
_204_,VGND,li1,74.7500,43.5200,0.000005
_203_,VGND,li1,74.9800,76.1600,0.000007
_202_,VGND,li1,25.5300,32.6400,0.000004
_201_,VGND,li1,66.4700,76.1600,0.000006
_200_,VGND,li1,73.8300,27.2000,0.000005
_199_,VGND,li1,64.6300,65.2800,0.000004
_198_,VGND,li1,90.8500,81.6000,0.000008
_197_,VGND,li1,84.6400,70.7200,0.000006
_196_,VGND,li1,50.3700,76.1600,0.000006
_195_,VGND,li1,14.4900,32.6400,0.000004
_194_,VGND,li1,16.3300,48.9600,0.000006
_193_,VGND,li1,47.8400,59.8400,0.000007
_192_,VGND,li1,37.9500,65.2800,0.000006
_191_,VGND,li1,76.8200,48.9600,0.000008
_190_,VGND,li1,92.0000,54.4000,0.000003
_189_,VGND,li1,17.0200,81.6000,0.000007
_188_,VGND,li1,55.2000,21.7600,0.000007
_187_,VGND,li1,77.0500,87.0400,0.000003
_186_,VGND,li1,50.8300,21.7600,0.000006
_185_,VGND,li1,80.2700,32.6400,0.000005
_184_,VGND,li1,26.2200,87.0400,0.000004
_183_,VGND,li1,64.1700,27.2000,0.000005
_182_,VGND,li1,84.8700,48.9600,0.000007
_181_,VGND,li1,22.3100,54.4000,0.000008
_180_,VGND,li1,13.5700,87.0400,0.000003
_179_,VGND,li1,65.3200,81.6000,0.000010
_178_,VGND,li1,11.9600,27.2000,0.000004
_177_,VGND,li1,58.1900,48.9600,0.000005
_176_,VGND,li1,11.0400,54.4000,0.000007
_175_,VGND,li1,11.9600,59.8400,0.000005
_174_,VGND,li1,45.7700,16.3200,0.000003
_173_,VGND,li1,60.7200,27.2000,0.000005
_172_,VGND,li1,65.5500,27.2000,0.000005
_171_,VGND,li1,87.6300,21.7600,0.000006
_170_,VGND,li1,83.9500,27.2000,0.000004
