Instance,Terminal,Layer,X location,Y location,Voltage
FILLER_0_27_185,VPWR,li1,90.8500,84.3200,1.799987
FILLER_0_27_181,VPWR,li1,89.7000,84.3200,1.799988
FILLER_0_27_169,VPWR,li1,86.0200,84.3200,1.799989
FILLER_0_27_167,VPWR,li1,82.5700,84.3200,1.799990
FILLER_0_27_163,VPWR,li1,81.4200,84.3200,1.799990
FILLER_0_27_147,VPWR,li1,73.3700,84.3200,1.799989
FILLER_0_27_141,VPWR,li1,71.7600,84.3200,1.799989
FILLER_0_27_137,VPWR,li1,69.2300,84.3200,1.799990
FILLER_0_27_125,VPWR,li1,65.7800,84.3200,1.799991
FILLER_0_27_113,VPWR,li1,60.2600,84.3200,1.799993
FILLER_0_27_109,VPWR,li1,56.3500,84.3200,1.799993
FILLER_0_27_97,VPWR,li1,52.9000,84.3200,1.799993
FILLER_0_27_85,VPWR,li1,47.3800,84.3200,1.799992
FILLER_0_27_81,VPWR,li1,43.4700,84.3200,1.799993
FILLER_0_27_69,VPWR,li1,40.0200,84.3200,1.799993
FILLER_0_27_57,VPWR,li1,34.5000,84.3200,1.799995
FILLER_0_27_48,VPWR,li1,29.4400,84.3200,1.799994
FILLER_0_27_41,VPWR,li1,24.6100,84.3200,1.799994
FILLER_0_27_29,VPWR,li1,21.6200,84.3200,1.799994
FILLER_0_27_20,VPWR,li1,16.5600,84.3200,1.799995
FILLER_0_27_11,VPWR,li1,11.5000,84.3200,1.799996
FILLER_0_26_188,VPWR,li1,92.4600,84.3200,1.799987
FILLER_0_26_178,VPWR,li1,87.6300,84.3200,1.799989
FILLER_0_26_174,VPWR,li1,86.4800,84.3200,1.799989
FILLER_0_26_163,VPWR,li1,81.4200,84.3200,1.799990
FILLER_0_26_154,VPWR,li1,77.2800,84.3200,1.799989
FILLER_0_26_137,VPWR,li1,69.2300,84.3200,1.799990
FILLER_0_26_116,VPWR,li1,60.7200,84.3200,1.799993
FILLER_0_26_104,VPWR,li1,56.1200,84.3200,1.799993
FILLER_0_26_97,VPWR,li1,50.8300,84.3200,1.799992
FILLER_0_26_92,VPWR,li1,48.0700,84.3200,1.799992
FILLER_0_26_88,VPWR,li1,46.9200,84.3200,1.799992
FILLER_0_26_82,VPWR,li1,43.7000,84.3200,1.799993
FILLER_0_26_66,VPWR,li1,36.5700,84.3200,1.799994
FILLER_0_26_58,VPWR,li1,32.4300,84.3200,1.799994
FILLER_0_26_52,VPWR,li1,30.8200,84.3200,1.799994
FILLER_0_26_35,VPWR,li1,24.3800,84.3200,1.799994
FILLER_0_26_27,VPWR,li1,18.1700,84.3200,1.799995
FILLER_0_26_15,VPWR,li1,15.1800,84.3200,1.799996
FILLER_0_26_3,VPWR,li1,9.6600,84.3200,1.799996
FILLER_0_25_169,VPWR,li1,86.0200,78.8800,1.799995
FILLER_0_25_160,VPWR,li1,80.9600,78.8800,1.799994
FILLER_0_25_148,VPWR,li1,76.3600,78.8800,1.799993
FILLER_0_25_136,VPWR,li1,70.8400,78.8800,1.799992
FILLER_0_25_123,VPWR,li1,63.0200,78.8800,1.799992
FILLER_0_25_113,VPWR,li1,58.1900,78.8800,1.799993
FILLER_0_25_108,VPWR,li1,56.1200,78.8800,1.799993
FILLER_0_25_96,VPWR,li1,52.4400,78.8800,1.799993
FILLER_0_25_81,VPWR,li1,44.6200,78.8800,1.799993
FILLER_0_25_69,VPWR,li1,40.0200,78.8800,1.799994
FILLER_0_25_57,VPWR,li1,34.5000,78.8800,1.799994
FILLER_0_25_48,VPWR,li1,29.4400,78.8800,1.799994
FILLER_0_25_36,VPWR,li1,24.8400,78.8800,1.799993
FILLER_0_25_12,VPWR,li1,11.5000,78.8800,1.799995
FILLER_0_25_3,VPWR,li1,7.1300,78.8800,1.799995
FILLER_0_24_189,VPWR,li1,92.6900,78.8800,1.799994
FILLER_0_24_177,VPWR,li1,88.3200,78.8800,1.799994
FILLER_0_24_169,VPWR,li1,83.4900,78.8800,1.799994
FILLER_0_24_157,VPWR,li1,80.5000,78.8800,1.799994
FILLER_0_24_148,VPWR,li1,74.0600,78.8800,1.799992
FILLER_0_24_139,VPWR,li1,69.6900,78.8800,1.799992
FILLER_0_24_120,VPWR,li1,62.1000,78.8800,1.799993
FILLER_0_24_108,VPWR,li1,57.9600,78.8800,1.799993
FILLER_0_24_97,VPWR,li1,51.0600,78.8800,1.799993
FILLER_0_24_85,VPWR,li1,47.3800,78.8800,1.799993
FILLER_0_24_83,VPWR,li1,43.9300,78.8800,1.799994
FILLER_0_24_79,VPWR,li1,42.7800,78.8800,1.799994
FILLER_0_24_75,VPWR,li1,40.2500,78.8800,1.799994
FILLER_0_24_67,VPWR,li1,38.1800,78.8800,1.799994
FILLER_0_24_53,VPWR,li1,30.1300,78.8800,1.799994
FILLER_0_24_41,VPWR,li1,27.1400,78.8800,1.799994
FILLER_0_24_29,VPWR,li1,21.6200,78.8800,1.799993
FILLER_0_24_27,VPWR,li1,18.1700,78.8800,1.799993
FILLER_0_24_15,VPWR,li1,15.1800,78.8800,1.799993
FILLER_0_24_3,VPWR,li1,9.6600,78.8800,1.799995
FILLER_0_23_188,VPWR,li1,92.4600,73.4400,1.799996
FILLER_0_23_176,VPWR,li1,89.2400,73.4400,1.799996
FILLER_0_23_166,VPWR,li1,82.3400,73.4400,1.799995
FILLER_0_23_154,VPWR,li1,79.1200,73.4400,1.799995
FILLER_0_23_131,VPWR,li1,66.0100,73.4400,1.799996
FILLER_0_23_125,VPWR,li1,64.4000,73.4400,1.799996
FILLER_0_23_113,VPWR,li1,60.2600,73.4400,1.799997
FILLER_0_23_109,VPWR,li1,56.3500,73.4400,1.799996
FILLER_0_23_101,VPWR,li1,53.8200,73.4400,1.799996
FILLER_0_23_79,VPWR,li1,43.7000,73.4400,1.799995
FILLER_0_23_57,VPWR,li1,34.5000,73.4400,1.799997
FILLER_0_23_53,VPWR,li1,30.5900,73.4400,1.799996
FILLER_0_23_47,VPWR,li1,27.3700,73.4400,1.799996
FILLER_0_23_39,VPWR,li1,25.3000,73.4400,1.799996
FILLER_0_23_27,VPWR,li1,20.7000,73.4400,1.799996
FILLER_0_23_19,VPWR,li1,14.9500,73.4400,1.799996
FILLER_0_23_7,VPWR,li1,11.5000,73.4400,1.799997
FILLER_0_22_187,VPWR,li1,92.2300,73.4400,1.799996
FILLER_0_22_175,VPWR,li1,88.7800,73.4400,1.799996
FILLER_0_22_167,VPWR,li1,82.8000,73.4400,1.799995
FILLER_0_22_159,VPWR,li1,80.5000,73.4400,1.799995
FILLER_0_22_145,VPWR,li1,72.4500,73.4400,1.799995
FILLER_0_22_141,VPWR,li1,71.3000,73.4400,1.799995
FILLER_0_22_137,VPWR,li1,69.2300,73.4400,1.799995
FILLER_0_22_125,VPWR,li1,65.7800,73.4400,1.799996
FILLER_0_22_113,VPWR,li1,60.2600,73.4400,1.799997
FILLER_0_22_101,VPWR,li1,54.7400,73.4400,1.799996
FILLER_0_22_93,VPWR,li1,49.2200,73.4400,1.799995
FILLER_0_22_85,VPWR,li1,45.0800,73.4400,1.799995
FILLER_0_22_83,VPWR,li1,43.9300,73.4400,1.799995
FILLER_0_22_77,VPWR,li1,42.3200,73.4400,1.799996
FILLER_0_22_65,VPWR,li1,38.1800,73.4400,1.799996
FILLER_0_22_53,VPWR,li1,32.6600,73.4400,1.799997
FILLER_0_22_41,VPWR,li1,27.1400,73.4400,1.799996
FILLER_0_22_29,VPWR,li1,21.6200,73.4400,1.799996
FILLER_0_22_27,VPWR,li1,18.1700,73.4400,1.799996
FILLER_0_22_15,VPWR,li1,15.1800,73.4400,1.799996
FILLER_0_22_3,VPWR,li1,9.6600,73.4400,1.799997
FILLER_0_21_185,VPWR,li1,90.8500,68.0000,1.799996
FILLER_0_21_181,VPWR,li1,89.7000,68.0000,1.799996
FILLER_0_21_169,VPWR,li1,86.0200,68.0000,1.799996
FILLER_0_21_164,VPWR,li1,81.8800,68.0000,1.799995
FILLER_0_21_152,VPWR,li1,78.2000,68.0000,1.799994
FILLER_0_21_140,VPWR,li1,71.3000,68.0000,1.799993
FILLER_0_21_134,VPWR,li1,67.6200,68.0000,1.799994
FILLER_0_21_126,VPWR,li1,65.3200,68.0000,1.799994
FILLER_0_21_113,VPWR,li1,59.3400,68.0000,1.799996
FILLER_0_21_109,VPWR,li1,56.3500,68.0000,1.799996
FILLER_0_21_101,VPWR,li1,53.8200,68.0000,1.799996
FILLER_0_21_89,VPWR,li1,49.2200,68.0000,1.799996
FILLER_0_21_81,VPWR,li1,43.0100,68.0000,1.799996
FILLER_0_21_69,VPWR,li1,40.0200,68.0000,1.799997
FILLER_0_21_57,VPWR,li1,34.5000,68.0000,1.799997
FILLER_0_21_55,VPWR,li1,31.0500,68.0000,1.799997
FILLER_0_21_43,VPWR,li1,28.0600,68.0000,1.799997
FILLER_0_21_31,VPWR,li1,22.5400,68.0000,1.799997
FILLER_0_21_19,VPWR,li1,17.0200,68.0000,1.799997
FILLER_0_21_7,VPWR,li1,11.5000,68.0000,1.799998
FILLER_0_20_186,VPWR,li1,92.0000,68.0000,1.799996
FILLER_0_20_174,VPWR,li1,88.3200,68.0000,1.799996
FILLER_0_20_162,VPWR,li1,82.8000,68.0000,1.799995
FILLER_0_20_145,VPWR,li1,72.4500,68.0000,1.799993
FILLER_0_20_141,VPWR,li1,71.3000,68.0000,1.799993
FILLER_0_20_132,VPWR,li1,68.0800,68.0000,1.799994
FILLER_0_20_117,VPWR,li1,61.1800,68.0000,1.799995
FILLER_0_20_105,VPWR,li1,56.5800,68.0000,1.799996
FILLER_0_20_93,VPWR,li1,51.0600,68.0000,1.799996
FILLER_0_20_83,VPWR,li1,43.9300,68.0000,1.799996
FILLER_0_20_77,VPWR,li1,42.3200,68.0000,1.799996
FILLER_0_20_65,VPWR,li1,38.1800,68.0000,1.799997
FILLER_0_20_61,VPWR,li1,33.8100,68.0000,1.799997
FILLER_0_20_53,VPWR,li1,31.7400,68.0000,1.799997
FILLER_0_20_41,VPWR,li1,27.1400,68.0000,1.799997
FILLER_0_20_29,VPWR,li1,21.6200,68.0000,1.799997
FILLER_0_20_27,VPWR,li1,18.1700,68.0000,1.799997
FILLER_0_20_21,VPWR,li1,15.4100,68.0000,1.799998
FILLER_0_20_15,VPWR,li1,13.8000,68.0000,1.799998
FILLER_0_20_3,VPWR,li1,9.6600,68.0000,1.799998
FILLER_0_19_189,VPWR,li1,92.6900,62.5600,1.799998
FILLER_0_19_181,VPWR,li1,90.6200,62.5600,1.799998
FILLER_0_19_169,VPWR,li1,86.0200,62.5600,1.799998
FILLER_0_19_165,VPWR,li1,82.1100,62.5600,1.799997
FILLER_0_19_153,VPWR,li1,78.6600,62.5600,1.799996
FILLER_0_19_141,VPWR,li1,73.1400,62.5600,1.799995
FILLER_0_19_133,VPWR,li1,66.9300,62.5600,1.799995
FILLER_0_19_125,VPWR,li1,64.8600,62.5600,1.799995
FILLER_0_19_113,VPWR,li1,60.2600,62.5600,1.799996
FILLER_0_19_104,VPWR,li1,55.2000,62.5600,1.799994
FILLER_0_19_91,VPWR,li1,49.2200,62.5600,1.799993
FILLER_0_19_79,VPWR,li1,44.6200,62.5600,1.799992
FILLER_0_19_73,VPWR,li1,39.3300,62.5600,1.799992
FILLER_0_19_57,VPWR,li1,32.2000,62.5600,1.799992
FILLER_0_19_55,VPWR,li1,31.0500,62.5600,1.799992
FILLER_0_19_19,VPWR,li1,14.7200,62.5600,1.799992
FILLER_0_19_7,VPWR,li1,11.5000,62.5600,1.799993
FILLER_0_18_178,VPWR,li1,90.1600,62.5600,1.799998
FILLER_0_18_166,VPWR,li1,84.6400,62.5600,1.799998
FILLER_0_18_154,VPWR,li1,79.1200,62.5600,1.799996
FILLER_0_18_138,VPWR,li1,69.4600,62.5600,1.799995
FILLER_0_18_121,VPWR,li1,63.0200,62.5600,1.799995
FILLER_0_18_111,VPWR,li1,56.8100,62.5600,1.799994
FILLER_0_18_105,VPWR,li1,55.2000,62.5600,1.799994
FILLER_0_18_94,VPWR,li1,49.6800,62.5600,1.799993
FILLER_0_18_89,VPWR,li1,46.6900,62.5600,1.799992
FILLER_0_18_85,VPWR,li1,45.5400,62.5600,1.799992
FILLER_0_18_83,VPWR,li1,43.9300,62.5600,1.799992
FILLER_0_18_73,VPWR,li1,40.0200,62.5600,1.799992
FILLER_0_18_68,VPWR,li1,37.0300,62.5600,1.799992
FILLER_0_18_53,VPWR,li1,32.6600,62.5600,1.799992
FILLER_0_18_41,VPWR,li1,27.1400,62.5600,1.799991
FILLER_0_18_29,VPWR,li1,21.6200,62.5600,1.799990
FILLER_0_18_25,VPWR,li1,17.7100,62.5600,1.799991
FILLER_0_18_17,VPWR,li1,15.1800,62.5600,1.799992
FILLER_0_18_3,VPWR,li1,8.7400,62.5600,1.799993
FILLER_0_17_184,VPWR,li1,90.6200,57.1200,1.799992
FILLER_0_17_169,VPWR,li1,85.1000,57.1200,1.799994
FILLER_0_17_160,VPWR,li1,80.9600,57.1200,1.799993
FILLER_0_17_148,VPWR,li1,76.3600,57.1200,1.799993
FILLER_0_17_141,VPWR,li1,70.8400,57.1200,1.799993
FILLER_0_17_133,VPWR,li1,68.5400,57.1200,1.799994
FILLER_0_17_121,VPWR,li1,63.9400,57.1200,1.799995
FILLER_0_17_113,VPWR,li1,58.1900,57.1200,1.799996
FILLER_0_17_111,VPWR,li1,56.8100,57.1200,1.799996
FILLER_0_17_103,VPWR,li1,54.7400,57.1200,1.799996
FILLER_0_17_84,VPWR,li1,46.9200,57.1200,1.799996
FILLER_0_17_72,VPWR,li1,41.4000,57.1200,1.799996
FILLER_0_17_65,VPWR,li1,35.6500,57.1200,1.799997
FILLER_0_17_57,VPWR,li1,33.5800,57.1200,1.799996
FILLER_0_17_53,VPWR,li1,30.5900,57.1200,1.799996
FILLER_0_17_45,VPWR,li1,28.0600,57.1200,1.799996
FILLER_0_17_33,VPWR,li1,23.4600,57.1200,1.799995
FILLER_0_17_27,VPWR,li1,18.1700,57.1200,1.799996
FILLER_0_17_19,VPWR,li1,16.1000,57.1200,1.799996
FILLER_0_17_7,VPWR,li1,11.5000,57.1200,1.799996
FILLER_0_16_189,VPWR,li1,92.6900,57.1200,1.799992
FILLER_0_16_177,VPWR,li1,89.7000,57.1200,1.799992
FILLER_0_16_165,VPWR,li1,84.1800,57.1200,1.799994
FILLER_0_16_155,VPWR,li1,78.2000,57.1200,1.799993
FILLER_0_16_137,VPWR,li1,69.2300,57.1200,1.799994
FILLER_0_16_125,VPWR,li1,65.7800,57.1200,1.799995
FILLER_0_16_109,VPWR,li1,58.4200,57.1200,1.799996
FILLER_0_16_97,VPWR,li1,52.9000,57.1200,1.799996
FILLER_0_16_85,VPWR,li1,47.3800,57.1200,1.799996
FILLER_0_16_81,VPWR,li1,43.4700,57.1200,1.799996
FILLER_0_16_69,VPWR,li1,40.0200,57.1200,1.799996
FILLER_0_16_57,VPWR,li1,34.5000,57.1200,1.799996
FILLER_0_16_51,VPWR,li1,29.2100,57.1200,1.799996
FILLER_0_16_47,VPWR,li1,28.0600,57.1200,1.799996
FILLER_0_16_33,VPWR,li1,20.9300,57.1200,1.799995
FILLER_0_16_29,VPWR,li1,19.7800,57.1200,1.799995
FILLER_0_16_25,VPWR,li1,17.7100,57.1200,1.799996
FILLER_0_16_17,VPWR,li1,15.1800,57.1200,1.799996
FILLER_0_16_7,VPWR,li1,8.9700,57.1200,1.799997
FILLER_0_16_3,VPWR,li1,7.8200,57.1200,1.799997
FILLER_0_15_185,VPWR,li1,90.8500,51.6800,1.799995
FILLER_0_15_181,VPWR,li1,89.7000,51.6800,1.799995
FILLER_0_15_169,VPWR,li1,86.0200,51.6800,1.799995
FILLER_0_15_156,VPWR,li1,80.0400,51.6800,1.799995
FILLER_0_15_144,VPWR,li1,74.5200,51.6800,1.799995
FILLER_0_15_125,VPWR,li1,65.7800,51.6800,1.799996
FILLER_0_15_113,VPWR,li1,60.2600,51.6800,1.799996
FILLER_0_15_111,VPWR,li1,56.8100,51.6800,1.799996
FILLER_0_15_105,VPWR,li1,55.2000,51.6800,1.799995
FILLER_0_15_93,VPWR,li1,51.0600,51.6800,1.799995
FILLER_0_15_81,VPWR,li1,45.5400,51.6800,1.799996
FILLER_0_15_69,VPWR,li1,40.0200,51.6800,1.799996
FILLER_0_15_57,VPWR,li1,34.5000,51.6800,1.799996
FILLER_0_15_54,VPWR,li1,30.8200,51.6800,1.799995
FILLER_0_15_46,VPWR,li1,28.5200,51.6800,1.799994
FILLER_0_15_27,VPWR,li1,18.4000,51.6800,1.799993
FILLER_0_15_15,VPWR,li1,15.1800,51.6800,1.799994
FILLER_0_15_8,VPWR,li1,9.4300,51.6800,1.799994
FILLER_0_15_3,VPWR,li1,7.1300,51.6800,1.799994
FILLER_0_14_187,VPWR,li1,92.2300,51.6800,1.799994
FILLER_0_14_158,VPWR,li1,80.0400,51.6800,1.799995
FILLER_0_14_141,VPWR,li1,71.3000,51.6800,1.799995
FILLER_0_14_137,VPWR,li1,69.2300,51.6800,1.799995
FILLER_0_14_129,VPWR,li1,66.7000,51.6800,1.799996
FILLER_0_14_117,VPWR,li1,62.1000,51.6800,1.799996
FILLER_0_14_108,VPWR,li1,56.1200,51.6800,1.799996
FILLER_0_14_97,VPWR,li1,51.0600,51.6800,1.799995
FILLER_0_14_85,VPWR,li1,47.3800,51.6800,1.799996
FILLER_0_14_80,VPWR,li1,43.2400,51.6800,1.799996
FILLER_0_14_68,VPWR,li1,39.5600,51.6800,1.799996
FILLER_0_14_56,VPWR,li1,34.0400,51.6800,1.799996
FILLER_0_14_44,VPWR,li1,28.5200,51.6800,1.799994
FILLER_0_14_29,VPWR,li1,21.6200,51.6800,1.799993
FILLER_0_14_27,VPWR,li1,18.1700,51.6800,1.799993
FILLER_0_14_23,VPWR,li1,17.0200,51.6800,1.799993
FILLER_0_14_11,VPWR,li1,13.3400,51.6800,1.799994
FILLER_0_14_7,VPWR,li1,8.9700,51.6800,1.799994
FILLER_0_13_189,VPWR,li1,92.6900,46.2400,1.799990
FILLER_0_13_182,VPWR,li1,89.4700,46.2400,1.799991
FILLER_0_13_174,VPWR,li1,87.4000,46.2400,1.799992
FILLER_0_13_161,VPWR,li1,79.8100,46.2400,1.799992
FILLER_0_13_149,VPWR,li1,76.8200,46.2400,1.799993
FILLER_0_13_137,VPWR,li1,71.3000,46.2400,1.799994
FILLER_0_13_125,VPWR,li1,65.7800,46.2400,1.799996
FILLER_0_13_113,VPWR,li1,60.2600,46.2400,1.799997
FILLER_0_13_111,VPWR,li1,56.8100,46.2400,1.799997
FILLER_0_13_105,VPWR,li1,55.2000,46.2400,1.799997
FILLER_0_13_93,VPWR,li1,51.0600,46.2400,1.799997
FILLER_0_13_81,VPWR,li1,45.5400,46.2400,1.799998
FILLER_0_13_69,VPWR,li1,40.0200,46.2400,1.799998
FILLER_0_13_57,VPWR,li1,34.5000,46.2400,1.799998
FILLER_0_13_43,VPWR,li1,25.5300,46.2400,1.799997
FILLER_0_13_39,VPWR,li1,24.3800,46.2400,1.799997
FILLER_0_13_27,VPWR,li1,20.7000,46.2400,1.799996
FILLER_0_13_17,VPWR,li1,14.0300,46.2400,1.799996
FILLER_0_13_6,VPWR,li1,9.2000,46.2400,1.799997
FILLER_0_12_177,VPWR,li1,87.4000,46.2400,1.799992
FILLER_0_12_169,VPWR,li1,85.1000,46.2400,1.799993
FILLER_0_12_157,VPWR,li1,80.5000,46.2400,1.799992
FILLER_0_12_141,VPWR,li1,71.0700,46.2400,1.799994
FILLER_0_12_136,VPWR,li1,69.0000,46.2400,1.799995
FILLER_0_12_124,VPWR,li1,65.3200,46.2400,1.799996
FILLER_0_12_112,VPWR,li1,59.8000,46.2400,1.799997
FILLER_0_12_100,VPWR,li1,54.2800,46.2400,1.799997
FILLER_0_12_88,VPWR,li1,48.7600,46.2400,1.799997
FILLER_0_12_83,VPWR,li1,43.9300,46.2400,1.799998
FILLER_0_12_77,VPWR,li1,42.3200,46.2400,1.799998
FILLER_0_12_65,VPWR,li1,38.1800,46.2400,1.799998
FILLER_0_12_53,VPWR,li1,32.6600,46.2400,1.799997
FILLER_0_12_41,VPWR,li1,27.1400,46.2400,1.799997
FILLER_0_12_29,VPWR,li1,21.6200,46.2400,1.799996
FILLER_0_12_24,VPWR,li1,17.4800,46.2400,1.799996
FILLER_0_12_12,VPWR,li1,13.8000,46.2400,1.799996
FILLER_0_12_3,VPWR,li1,8.2800,46.2400,1.799997
FILLER_0_11_189,VPWR,li1,92.6900,40.8000,1.799998
FILLER_0_11_181,VPWR,li1,90.6200,40.8000,1.799998
FILLER_0_11_169,VPWR,li1,86.0200,40.8000,1.799998
FILLER_0_11_167,VPWR,li1,82.5700,40.8000,1.799998
FILLER_0_11_159,VPWR,li1,79.5800,40.8000,1.799998
FILLER_0_11_147,VPWR,li1,75.9000,40.8000,1.799998
FILLER_0_11_137,VPWR,li1,69.4600,40.8000,1.799998
FILLER_0_11_125,VPWR,li1,65.7800,40.8000,1.799998
FILLER_0_11_121,VPWR,li1,61.4100,40.8000,1.799998
FILLER_0_11_113,VPWR,li1,59.3400,40.8000,1.799998
FILLER_0_11_111,VPWR,li1,56.8100,40.8000,1.799998
FILLER_0_11_99,VPWR,li1,53.8200,40.8000,1.799998
FILLER_0_11_91,VPWR,li1,47.8400,40.8000,1.799997
FILLER_0_11_83,VPWR,li1,45.5400,40.8000,1.799997
FILLER_0_11_71,VPWR,li1,40.9400,40.8000,1.799997
FILLER_0_11_50,VPWR,li1,29.9000,40.8000,1.799996
FILLER_0_11_38,VPWR,li1,25.7600,40.8000,1.799995
FILLER_0_11_32,VPWR,li1,20.4700,40.8000,1.799994
FILLER_0_11_13,VPWR,li1,14.2600,40.8000,1.799995
FILLER_0_10_189,VPWR,li1,92.6900,40.8000,1.799998
FILLER_0_10_183,VPWR,li1,91.0800,40.8000,1.799998
FILLER_0_10_177,VPWR,li1,87.6300,40.8000,1.799998
FILLER_0_10_165,VPWR,li1,84.1800,40.8000,1.799999
FILLER_0_10_153,VPWR,li1,78.6600,40.8000,1.799998
FILLER_0_10_141,VPWR,li1,73.1400,40.8000,1.799998
FILLER_0_10_139,VPWR,li1,69.6900,40.8000,1.799998
FILLER_0_10_133,VPWR,li1,68.0800,40.8000,1.799998
FILLER_0_10_121,VPWR,li1,63.9400,40.8000,1.799998
FILLER_0_10_109,VPWR,li1,58.4200,40.8000,1.799998
FILLER_0_10_97,VPWR,li1,52.9000,40.8000,1.799998
FILLER_0_10_85,VPWR,li1,47.3800,40.8000,1.799997
FILLER_0_10_82,VPWR,li1,43.7000,40.8000,1.799997
FILLER_0_10_74,VPWR,li1,39.7900,40.8000,1.799997
FILLER_0_10_66,VPWR,li1,37.7200,40.8000,1.799997
FILLER_0_10_54,VPWR,li1,33.1200,40.8000,1.799996
FILLER_0_10_42,VPWR,li1,27.6000,40.8000,1.799995
FILLER_0_10_19,VPWR,li1,15.1800,40.8000,1.799995
FILLER_0_10_9,VPWR,li1,9.8900,40.8000,1.799996
FILLER_0_10_3,VPWR,li1,8.2800,40.8000,1.799996
FILLER_0_9_189,VPWR,li1,92.6900,35.3600,1.799992
FILLER_0_9_181,VPWR,li1,90.6200,35.3600,1.799992
FILLER_0_9_169,VPWR,li1,86.0200,35.3600,1.799994
FILLER_0_9_166,VPWR,li1,82.3400,35.3600,1.799993
FILLER_0_9_157,VPWR,li1,78.4300,35.3600,1.799993
FILLER_0_9_145,VPWR,li1,74.9800,35.3600,1.799993
FILLER_0_9_136,VPWR,li1,68.5400,35.3600,1.799994
FILLER_0_9_125,VPWR,li1,64.4000,35.3600,1.799995
FILLER_0_9_113,VPWR,li1,60.2600,35.3600,1.799996
FILLER_0_9_104,VPWR,li1,55.2000,35.3600,1.799996
FILLER_0_9_92,VPWR,li1,50.6000,35.3600,1.799996
FILLER_0_9_80,VPWR,li1,45.0800,35.3600,1.799996
FILLER_0_9_69,VPWR,li1,37.9500,35.3600,1.799997
FILLER_0_9_57,VPWR,li1,34.5000,35.3600,1.799998
FILLER_0_9_55,VPWR,li1,31.0500,35.3600,1.799998
FILLER_0_9_43,VPWR,li1,28.0600,35.3600,1.799998
FILLER_0_9_31,VPWR,li1,22.5400,35.3600,1.799998
FILLER_0_9_19,VPWR,li1,17.0200,35.3600,1.799998
FILLER_0_9_7,VPWR,li1,11.5000,35.3600,1.799998
FILLER_0_8_183,VPWR,li1,90.3900,35.3600,1.799992
FILLER_0_8_171,VPWR,li1,86.9400,35.3600,1.799994
FILLER_0_8_153,VPWR,li1,76.1300,35.3600,1.799993
FILLER_0_8_141,VPWR,li1,73.1400,35.3600,1.799993
FILLER_0_8_138,VPWR,li1,69.4600,35.3600,1.799994
FILLER_0_8_126,VPWR,li1,66.2400,35.3600,1.799994
FILLER_0_8_120,VPWR,li1,61.4100,35.3600,1.799996
FILLER_0_8_112,VPWR,li1,58.8800,35.3600,1.799996
FILLER_0_8_100,VPWR,li1,54.2800,35.3600,1.799996
FILLER_0_8_85,VPWR,li1,45.3100,35.3600,1.799996
FILLER_0_8_81,VPWR,li1,43.4700,35.3600,1.799996
FILLER_0_8_69,VPWR,li1,40.0200,35.3600,1.799996
FILLER_0_8_57,VPWR,li1,34.5000,35.3600,1.799998
FILLER_0_8_45,VPWR,li1,28.9800,35.3600,1.799998
FILLER_0_8_41,VPWR,li1,24.6100,35.3600,1.799998
FILLER_0_8_29,VPWR,li1,21.6200,35.3600,1.799998
FILLER_0_8_27,VPWR,li1,18.1700,35.3600,1.799998
FILLER_0_8_23,VPWR,li1,17.0200,35.3600,1.799998
FILLER_0_8_15,VPWR,li1,12.6500,35.3600,1.799998
FILLER_0_8_3,VPWR,li1,9.6600,35.3600,1.799998
FILLER_0_7_185,VPWR,li1,90.8500,29.9200,1.799996
FILLER_0_7_181,VPWR,li1,89.7000,29.9200,1.799996
FILLER_0_7_169,VPWR,li1,86.0200,29.9200,1.799996
FILLER_0_7_167,VPWR,li1,82.5700,29.9200,1.799995
FILLER_0_7_158,VPWR,li1,78.6600,29.9200,1.799995
FILLER_0_7_150,VPWR,li1,76.3600,29.9200,1.799994
FILLER_0_7_138,VPWR,li1,71.7600,29.9200,1.799994
FILLER_0_7_131,VPWR,li1,66.0100,29.9200,1.799995
FILLER_0_7_125,VPWR,li1,64.4000,29.9200,1.799995
FILLER_0_7_113,VPWR,li1,60.2600,29.9200,1.799996
FILLER_0_7_110,VPWR,li1,56.5800,29.9200,1.799996
FILLER_0_7_102,VPWR,li1,54.2800,29.9200,1.799996
FILLER_0_7_95,VPWR,li1,49.4500,29.9200,1.799996
FILLER_0_7_89,VPWR,li1,47.8400,29.9200,1.799996
FILLER_0_7_77,VPWR,li1,43.7000,29.9200,1.799996
FILLER_0_7_65,VPWR,li1,38.1800,29.9200,1.799997
FILLER_0_7_48,VPWR,li1,29.4400,29.9200,1.799996
FILLER_0_7_36,VPWR,li1,24.8400,29.9200,1.799996
FILLER_0_7_24,VPWR,li1,19.3200,29.9200,1.799997
FILLER_0_7_12,VPWR,li1,13.8000,29.9200,1.799997
FILLER_0_6_184,VPWR,li1,91.5400,29.9200,1.799996
FILLER_0_6_172,VPWR,li1,87.4000,29.9200,1.799996
FILLER_0_6_162,VPWR,li1,80.2700,29.9200,1.799995
FILLER_0_6_150,VPWR,li1,77.2800,29.9200,1.799994
FILLER_0_6_139,VPWR,li1,69.6900,29.9200,1.799994
FILLER_0_6_135,VPWR,li1,68.5400,29.9200,1.799994
FILLER_0_6_109,VPWR,li1,56.5800,29.9200,1.799996
FILLER_0_6_97,VPWR,li1,52.9000,29.9200,1.799996
FILLER_0_6_85,VPWR,li1,47.3800,29.9200,1.799996
FILLER_0_6_81,VPWR,li1,43.4700,29.9200,1.799996
FILLER_0_6_73,VPWR,li1,40.9400,29.9200,1.799996
FILLER_0_6_61,VPWR,li1,36.3400,29.9200,1.799997
FILLER_0_6_49,VPWR,li1,30.8200,29.9200,1.799996
FILLER_0_6_37,VPWR,li1,25.3000,29.9200,1.799996
FILLER_0_6_29,VPWR,li1,19.5500,29.9200,1.799997
FILLER_0_6_27,VPWR,li1,18.1700,29.9200,1.799997
FILLER_0_6_15,VPWR,li1,15.1800,29.9200,1.799997
FILLER_0_6_3,VPWR,li1,9.6600,29.9200,1.799997
FILLER_0_5_189,VPWR,li1,92.6900,24.4800,1.799997
FILLER_0_5_181,VPWR,li1,90.6200,24.4800,1.799997
FILLER_0_5_169,VPWR,li1,86.0200,24.4800,1.799997
FILLER_0_5_156,VPWR,li1,80.0400,24.4800,1.799996
FILLER_0_5_150,VPWR,li1,75.2100,24.4800,1.799995
FILLER_0_5_138,VPWR,li1,71.7600,24.4800,1.799995
FILLER_0_5_130,VPWR,li1,65.5500,24.4800,1.799994
FILLER_0_5_123,VPWR,li1,62.5600,24.4800,1.799994
FILLER_0_5_113,VPWR,li1,58.4200,24.4800,1.799994
FILLER_0_5_109,VPWR,li1,56.3500,24.4800,1.799994
FILLER_0_5_101,VPWR,li1,53.8200,24.4800,1.799993
FILLER_0_5_89,VPWR,li1,49.2200,24.4800,1.799994
FILLER_0_5_77,VPWR,li1,43.7000,24.4800,1.799995
FILLER_0_5_69,VPWR,li1,37.9500,24.4800,1.799996
FILLER_0_5_57,VPWR,li1,34.5000,24.4800,1.799997
FILLER_0_5_54,VPWR,li1,30.8200,24.4800,1.799997
FILLER_0_5_46,VPWR,li1,28.5200,24.4800,1.799996
FILLER_0_5_37,VPWR,li1,23.2300,24.4800,1.799996
FILLER_0_5_29,VPWR,li1,20.7000,24.4800,1.799996
FILLER_0_5_17,VPWR,li1,16.1000,24.4800,1.799996
FILLER_0_5_7,VPWR,li1,9.6600,24.4800,1.799997
FILLER_0_4_189,VPWR,li1,92.6900,24.4800,1.799997
FILLER_0_4_185,VPWR,li1,91.5400,24.4800,1.799997
FILLER_0_4_173,VPWR,li1,87.8600,24.4800,1.799997
FILLER_0_4_160,VPWR,li1,79.5800,24.4800,1.799996
FILLER_0_4_156,VPWR,li1,77.7400,24.4800,1.799996
FILLER_0_4_148,VPWR,li1,75.4400,24.4800,1.799995
FILLER_0_4_137,VPWR,li1,69.2300,24.4800,1.799995
FILLER_0_4_125,VPWR,li1,65.7800,24.4800,1.799994
FILLER_0_4_96,VPWR,li1,49.9100,24.4800,1.799994
FILLER_0_4_92,VPWR,li1,48.7600,24.4800,1.799994
FILLER_0_4_83,VPWR,li1,43.9300,24.4800,1.799995
FILLER_0_4_77,VPWR,li1,42.3200,24.4800,1.799995
FILLER_0_4_65,VPWR,li1,38.1800,24.4800,1.799996
FILLER_0_4_53,VPWR,li1,32.6600,24.4800,1.799997
FILLER_0_4_41,VPWR,li1,27.1400,24.4800,1.799996
FILLER_0_4_29,VPWR,li1,21.6200,24.4800,1.799996
FILLER_0_4_27,VPWR,li1,18.1700,24.4800,1.799996
FILLER_0_4_15,VPWR,li1,15.1800,24.4800,1.799996
FILLER_0_4_3,VPWR,li1,9.6600,24.4800,1.799997
FILLER_0_3_185,VPWR,li1,90.8500,19.0400,1.799994
FILLER_0_3_181,VPWR,li1,89.7000,19.0400,1.799994
FILLER_0_3_175,VPWR,li1,86.2500,19.0400,1.799996
FILLER_0_3_169,VPWR,li1,84.6400,19.0400,1.799996
FILLER_0_3_167,VPWR,li1,82.5700,19.0400,1.799996
FILLER_0_3_161,VPWR,li1,80.9600,19.0400,1.799996
FILLER_0_3_149,VPWR,li1,76.8200,19.0400,1.799996
FILLER_0_3_143,VPWR,li1,71.5300,19.0400,1.799996
FILLER_0_3_137,VPWR,li1,69.9200,19.0400,1.799996
FILLER_0_3_125,VPWR,li1,65.7800,19.0400,1.799997
FILLER_0_3_113,VPWR,li1,60.2600,19.0400,1.799998
FILLER_0_3_110,VPWR,li1,56.5800,19.0400,1.799998
FILLER_0_3_102,VPWR,li1,54.2800,19.0400,1.799998
FILLER_0_3_93,VPWR,li1,48.7600,19.0400,1.799998
FILLER_0_3_81,VPWR,li1,45.5400,19.0400,1.799998
FILLER_0_3_69,VPWR,li1,40.0200,19.0400,1.799998
FILLER_0_3_57,VPWR,li1,34.5000,19.0400,1.799999
FILLER_0_3_52,VPWR,li1,30.3600,19.0400,1.799998
FILLER_0_3_48,VPWR,li1,27.8300,19.0400,1.799998
FILLER_0_3_36,VPWR,li1,24.8400,19.0400,1.799998
FILLER_0_3_24,VPWR,li1,19.3200,19.0400,1.799998
FILLER_0_3_15,VPWR,li1,13.1100,19.0400,1.799998
FILLER_0_3_7,VPWR,li1,10.5800,19.0400,1.799998
FILLER_0_2_187,VPWR,li1,92.2300,19.0400,1.799993
FILLER_0_2_179,VPWR,li1,89.7000,19.0400,1.799994
FILLER_0_2_167,VPWR,li1,85.1000,19.0400,1.799996
FILLER_0_2_155,VPWR,li1,79.5800,19.0400,1.799996
FILLER_0_2_141,VPWR,li1,71.7600,19.0400,1.799996
FILLER_0_2_139,VPWR,li1,69.6900,19.0400,1.799996
FILLER_0_2_127,VPWR,li1,66.7000,19.0400,1.799997
FILLER_0_2_115,VPWR,li1,61.1800,19.0400,1.799998
FILLER_0_2_103,VPWR,li1,55.6600,19.0400,1.799998
FILLER_0_2_91,VPWR,li1,50.1400,19.0400,1.799998
FILLER_0_2_85,VPWR,li1,45.0800,19.0400,1.799998
FILLER_0_2_72,VPWR,li1,41.4000,19.0400,1.799998
FILLER_0_2_60,VPWR,li1,35.8800,19.0400,1.799999
FILLER_0_2_48,VPWR,li1,30.3600,19.0400,1.799998
FILLER_0_2_36,VPWR,li1,24.8400,19.0400,1.799998
FILLER_0_2_27,VPWR,li1,18.1700,19.0400,1.799998
FILLER_0_2_15,VPWR,li1,15.1800,19.0400,1.799998
FILLER_0_2_3,VPWR,li1,9.6600,19.0400,1.799998
FILLER_0_1_189,VPWR,li1,92.6900,13.6000,1.799992
FILLER_0_1_181,VPWR,li1,90.6200,13.6000,1.799992
FILLER_0_1_169,VPWR,li1,86.0200,13.6000,1.799994
FILLER_0_1_167,VPWR,li1,82.5700,13.6000,1.799994
FILLER_0_1_159,VPWR,li1,80.5000,13.6000,1.799994
FILLER_0_1_147,VPWR,li1,75.9000,13.6000,1.799994
FILLER_0_1_142,VPWR,li1,71.0700,13.6000,1.799994
FILLER_0_1_138,VPWR,li1,69.9200,13.6000,1.799995
FILLER_0_1_126,VPWR,li1,66.2400,13.6000,1.799995
FILLER_0_1_117,VPWR,li1,59.5700,13.6000,1.799995
FILLER_0_1_113,VPWR,li1,58.4200,13.6000,1.799995
FILLER_0_1_102,VPWR,li1,53.3600,13.6000,1.799994
FILLER_0_1_90,VPWR,li1,49.6800,13.6000,1.799994
FILLER_0_1_81,VPWR,li1,43.7000,13.6000,1.799994
FILLER_0_1_69,VPWR,li1,40.0200,13.6000,1.799995
FILLER_0_1_57,VPWR,li1,34.5000,13.6000,1.799996
FILLER_0_1_53,VPWR,li1,30.5900,13.6000,1.799995
FILLER_0_1_45,VPWR,li1,28.0600,13.6000,1.799994
FILLER_0_1_33,VPWR,li1,23.4600,13.6000,1.799993
FILLER_0_1_26,VPWR,li1,18.1700,13.6000,1.799993
FILLER_0_1_14,VPWR,li1,14.7200,13.6000,1.799993
FILLER_0_0_185,VPWR,li1,90.8500,13.6000,1.799992
FILLER_0_0_179,VPWR,li1,88.0900,13.6000,1.799993
FILLER_0_0_173,VPWR,li1,86.4800,13.6000,1.799994
FILLER_0_0_164,VPWR,li1,81.8800,13.6000,1.799994
FILLER_0_0_153,VPWR,li1,77.2800,13.6000,1.799994
FILLER_0_0_141,VPWR,li1,73.1400,13.6000,1.799994
FILLER_0_0_137,VPWR,li1,69.2300,13.6000,1.799995
FILLER_0_0_125,VPWR,li1,65.7800,13.6000,1.799995
FILLER_0_0_113,VPWR,li1,60.2600,13.6000,1.799995
FILLER_0_0_111,VPWR,li1,56.8100,13.6000,1.799994
FILLER_0_0_103,VPWR,li1,54.7400,13.6000,1.799994
FILLER_0_0_96,VPWR,li1,49.9100,13.6000,1.799994
FILLER_0_0_88,VPWR,li1,47.8400,13.6000,1.799994
FILLER_0_0_81,VPWR,li1,43.4700,13.6000,1.799994
FILLER_0_0_69,VPWR,li1,40.0200,13.6000,1.799995
FILLER_0_0_57,VPWR,li1,34.5000,13.6000,1.799996
FILLER_0_0_55,VPWR,li1,31.0500,13.6000,1.799995
FILLER_0_0_47,VPWR,li1,28.9800,13.6000,1.799994
FILLER_0_0_35,VPWR,li1,24.3800,13.6000,1.799993
FILLER_0_0_26,VPWR,li1,17.9400,13.6000,1.799993
FILLER_0_0_14,VPWR,li1,14.7200,13.6000,1.799993
FILLER_0_0_3,VPWR,li1,7.3600,13.6000,1.799992
ANTENNA_2,VPWR,li1,78.6600,24.4800,1.799996
ANTENNA_1,VPWR,li1,74.9800,78.8800,1.799992
clone1,VPWR,li1,59.1100,62.5600,1.799996
output27,VPWR,li1,92.0000,13.6000,1.799992
output26,VPWR,li1,92.0000,19.0400,1.799993
output25,VPWR,li1,92.0000,35.3600,1.799992
output24,VPWR,li1,92.0000,46.2400,1.799990
output23,VPWR,li1,92.0000,57.1200,1.799992
output22,VPWR,li1,92.0000,68.0000,1.799996
output21,VPWR,li1,88.7800,84.3200,1.799988
output20,VPWR,li1,92.0000,84.3200,1.799987
input19,VPWR,li1,20.2400,13.6000,1.799993
input18,VPWR,li1,51.5200,13.6000,1.799994
input17,VPWR,li1,84.1800,13.6000,1.799994
input16,VPWR,li1,7.8200,51.6800,1.799994
input15,VPWR,li1,7.8200,57.1200,1.799997
input14,VPWR,li1,7.8200,62.5600,1.799993
input13,VPWR,li1,7.8200,68.0000,1.799997
input12,VPWR,li1,7.8200,73.4400,1.799997
input11,VPWR,li1,10.1200,78.8800,1.799995
input10,VPWR,li1,7.8200,84.3200,1.799996
input9,VPWR,li1,9.6600,84.3200,1.799996
input8,VPWR,li1,9.6600,13.6000,1.799993
input7,VPWR,li1,7.8200,13.6000,1.799992
input6,VPWR,li1,7.8200,19.0400,1.799998
input5,VPWR,li1,7.8200,24.4800,1.799996
input4,VPWR,li1,10.1200,29.9200,1.799997
input3,VPWR,li1,7.8200,35.3600,1.799998
input2,VPWR,li1,9.2000,40.8000,1.799996
input1,VPWR,li1,7.5900,46.2400,1.799996
TAP_TAPCELL_ROW_27_145,VPWR,li1,83.0300,84.6260,1.799990
TAP_TAPCELL_ROW_27_144,VPWR,li1,70.1500,84.6260,1.799990
TAP_TAPCELL_ROW_27_143,VPWR,li1,57.2700,84.6260,1.799993
TAP_TAPCELL_ROW_27_142,VPWR,li1,44.3900,84.6260,1.799993
TAP_TAPCELL_ROW_27_141,VPWR,li1,31.5100,84.6260,1.799994
TAP_TAPCELL_ROW_27_140,VPWR,li1,18.6300,84.6260,1.799995
TAP_TAPCELL_ROW_26_139,VPWR,li1,70.1500,84.0130,1.799990
TAP_TAPCELL_ROW_26_138,VPWR,li1,44.3900,84.0130,1.799993
TAP_TAPCELL_ROW_26_137,VPWR,li1,18.6300,84.0130,1.799995
TAP_TAPCELL_ROW_25_136,VPWR,li1,83.0300,79.1860,1.799994
TAP_TAPCELL_ROW_25_135,VPWR,li1,57.2700,79.1860,1.799993
TAP_TAPCELL_ROW_25_134,VPWR,li1,31.5100,79.1860,1.799994
TAP_TAPCELL_ROW_24_133,VPWR,li1,70.1500,78.5730,1.799992
TAP_TAPCELL_ROW_24_132,VPWR,li1,44.3900,78.5730,1.799994
TAP_TAPCELL_ROW_24_131,VPWR,li1,18.6300,78.5730,1.799993
TAP_TAPCELL_ROW_23_130,VPWR,li1,83.0300,73.7460,1.799995
TAP_TAPCELL_ROW_23_129,VPWR,li1,57.2700,73.7460,1.799996
TAP_TAPCELL_ROW_23_128,VPWR,li1,31.5100,73.7460,1.799996
TAP_TAPCELL_ROW_22_127,VPWR,li1,70.1500,73.1330,1.799995
TAP_TAPCELL_ROW_22_126,VPWR,li1,44.3900,73.1330,1.799995
TAP_TAPCELL_ROW_22_125,VPWR,li1,18.6300,73.1330,1.799996
TAP_TAPCELL_ROW_21_124,VPWR,li1,83.0300,68.3060,1.799995
TAP_TAPCELL_ROW_21_123,VPWR,li1,57.2700,68.3060,1.799996
TAP_TAPCELL_ROW_21_122,VPWR,li1,31.5100,68.3060,1.799997
TAP_TAPCELL_ROW_20_121,VPWR,li1,70.1500,67.6930,1.799993
TAP_TAPCELL_ROW_20_120,VPWR,li1,44.3900,67.6930,1.799996
TAP_TAPCELL_ROW_20_119,VPWR,li1,18.6300,67.6930,1.799997
TAP_TAPCELL_ROW_19_118,VPWR,li1,83.0300,62.8660,1.799997
TAP_TAPCELL_ROW_19_117,VPWR,li1,57.2700,62.8660,1.799995
TAP_TAPCELL_ROW_19_116,VPWR,li1,31.5100,62.8660,1.799992
TAP_TAPCELL_ROW_18_115,VPWR,li1,70.1500,62.2530,1.799995
TAP_TAPCELL_ROW_18_114,VPWR,li1,44.3900,62.2530,1.799992
TAP_TAPCELL_ROW_18_113,VPWR,li1,18.6300,62.2530,1.799991
TAP_TAPCELL_ROW_17_112,VPWR,li1,83.0300,57.4260,1.799994
TAP_TAPCELL_ROW_17_111,VPWR,li1,57.2700,57.4260,1.799996
TAP_TAPCELL_ROW_17_110,VPWR,li1,31.5100,57.4260,1.799996
TAP_TAPCELL_ROW_16_109,VPWR,li1,70.1500,56.8130,1.799994
TAP_TAPCELL_ROW_16_108,VPWR,li1,44.3900,56.8130,1.799996
TAP_TAPCELL_ROW_16_107,VPWR,li1,18.6300,56.8130,1.799996
TAP_TAPCELL_ROW_15_106,VPWR,li1,83.0300,51.9860,1.799995
TAP_TAPCELL_ROW_15_105,VPWR,li1,57.2700,51.9860,1.799996
TAP_TAPCELL_ROW_15_104,VPWR,li1,31.5100,51.9860,1.799995
TAP_TAPCELL_ROW_14_103,VPWR,li1,70.1500,51.3730,1.799995
TAP_TAPCELL_ROW_14_102,VPWR,li1,44.3900,51.3730,1.799996
TAP_TAPCELL_ROW_14_101,VPWR,li1,18.6300,51.3730,1.799993
TAP_TAPCELL_ROW_13_100,VPWR,li1,83.0300,46.5460,1.799993
TAP_TAPCELL_ROW_13_99,VPWR,li1,57.2700,46.5460,1.799997
TAP_TAPCELL_ROW_13_98,VPWR,li1,31.5100,46.5460,1.799997
TAP_TAPCELL_ROW_12_97,VPWR,li1,70.1500,45.9330,1.799995
TAP_TAPCELL_ROW_12_96,VPWR,li1,44.3900,45.9330,1.799998
TAP_TAPCELL_ROW_12_95,VPWR,li1,18.6300,45.9330,1.799996
TAP_TAPCELL_ROW_11_94,VPWR,li1,83.0300,41.1060,1.799998
TAP_TAPCELL_ROW_11_93,VPWR,li1,57.2700,41.1060,1.799998
TAP_TAPCELL_ROW_11_92,VPWR,li1,31.5100,41.1060,1.799996
TAP_TAPCELL_ROW_10_91,VPWR,li1,70.1500,40.4930,1.799998
TAP_TAPCELL_ROW_10_90,VPWR,li1,44.3900,40.4930,1.799997
TAP_TAPCELL_ROW_10_89,VPWR,li1,18.6300,40.4930,1.799995
TAP_TAPCELL_ROW_9_88,VPWR,li1,83.0300,35.6660,1.799993
TAP_TAPCELL_ROW_9_87,VPWR,li1,57.2700,35.6660,1.799996
TAP_TAPCELL_ROW_9_86,VPWR,li1,31.5100,35.6660,1.799998
TAP_TAPCELL_ROW_8_85,VPWR,li1,70.1500,35.0530,1.799994
TAP_TAPCELL_ROW_8_84,VPWR,li1,44.3900,35.0530,1.799996
TAP_TAPCELL_ROW_8_83,VPWR,li1,18.6300,35.0530,1.799998
TAP_TAPCELL_ROW_7_82,VPWR,li1,83.0300,30.2260,1.799995
TAP_TAPCELL_ROW_7_81,VPWR,li1,57.2700,30.2260,1.799996
TAP_TAPCELL_ROW_7_80,VPWR,li1,31.5100,30.2260,1.799996
TAP_TAPCELL_ROW_6_79,VPWR,li1,70.1500,29.6130,1.799994
TAP_TAPCELL_ROW_6_78,VPWR,li1,44.3900,29.6130,1.799996
TAP_TAPCELL_ROW_6_77,VPWR,li1,18.6300,29.6130,1.799997
TAP_TAPCELL_ROW_5_76,VPWR,li1,83.0300,24.7860,1.799996
TAP_TAPCELL_ROW_5_75,VPWR,li1,57.2700,24.7860,1.799994
TAP_TAPCELL_ROW_5_74,VPWR,li1,31.5100,24.7860,1.799997
TAP_TAPCELL_ROW_4_73,VPWR,li1,70.1500,24.1730,1.799995
TAP_TAPCELL_ROW_4_72,VPWR,li1,44.3900,24.1730,1.799994
TAP_TAPCELL_ROW_4_71,VPWR,li1,18.6300,24.1730,1.799996
TAP_TAPCELL_ROW_3_70,VPWR,li1,83.0300,19.3460,1.799996
TAP_TAPCELL_ROW_3_69,VPWR,li1,57.2700,19.3460,1.799998
TAP_TAPCELL_ROW_3_68,VPWR,li1,31.5100,19.3460,1.799998
TAP_TAPCELL_ROW_2_67,VPWR,li1,70.1500,18.7330,1.799996
TAP_TAPCELL_ROW_2_66,VPWR,li1,44.3900,18.7330,1.799998
TAP_TAPCELL_ROW_2_65,VPWR,li1,18.6300,18.7330,1.799998
TAP_TAPCELL_ROW_1_64,VPWR,li1,83.0300,13.9060,1.799994
TAP_TAPCELL_ROW_1_63,VPWR,li1,57.2700,13.9060,1.799994
TAP_TAPCELL_ROW_1_62,VPWR,li1,31.5100,13.9060,1.799995
TAP_TAPCELL_ROW_0_61,VPWR,li1,83.0300,13.2930,1.799994
TAP_TAPCELL_ROW_0_60,VPWR,li1,70.1500,13.2930,1.799995
TAP_TAPCELL_ROW_0_59,VPWR,li1,57.2700,13.2930,1.799994
TAP_TAPCELL_ROW_0_58,VPWR,li1,44.3900,13.2930,1.799994
TAP_TAPCELL_ROW_0_57,VPWR,li1,31.5100,13.2930,1.799995
TAP_TAPCELL_ROW_0_56,VPWR,li1,18.6300,13.2930,1.799993
PHY_EDGE_ROW_27_Left_55,VPWR,li1,6.2100,84.3200,1.799996
PHY_EDGE_ROW_26_Left_54,VPWR,li1,6.2100,84.3200,1.799996
PHY_EDGE_ROW_25_Left_53,VPWR,li1,6.2100,78.8800,1.799995
PHY_EDGE_ROW_24_Left_52,VPWR,li1,6.2100,78.8800,1.799995
PHY_EDGE_ROW_23_Left_51,VPWR,li1,6.2100,73.4400,1.799997
PHY_EDGE_ROW_22_Left_50,VPWR,li1,6.2100,73.4400,1.799997
PHY_EDGE_ROW_21_Left_49,VPWR,li1,6.2100,68.0000,1.799997
PHY_EDGE_ROW_20_Left_48,VPWR,li1,6.2100,68.0000,1.799997
PHY_EDGE_ROW_19_Left_47,VPWR,li1,6.2100,62.5600,1.799993
PHY_EDGE_ROW_18_Left_46,VPWR,li1,6.2100,62.5600,1.799993
PHY_EDGE_ROW_17_Left_45,VPWR,li1,6.2100,57.1200,1.799997
PHY_EDGE_ROW_16_Left_44,VPWR,li1,6.2100,57.1200,1.799997
PHY_EDGE_ROW_15_Left_43,VPWR,li1,6.2100,51.6800,1.799994
PHY_EDGE_ROW_14_Left_42,VPWR,li1,6.2100,51.6800,1.799994
PHY_EDGE_ROW_13_Left_41,VPWR,li1,6.2100,46.2400,1.799996
PHY_EDGE_ROW_12_Left_40,VPWR,li1,6.2100,46.2400,1.799996
PHY_EDGE_ROW_11_Left_39,VPWR,li1,6.2100,40.8000,1.799996
PHY_EDGE_ROW_10_Left_38,VPWR,li1,6.2100,40.8000,1.799996
PHY_EDGE_ROW_9_Left_37,VPWR,li1,6.2100,35.3600,1.799998
PHY_EDGE_ROW_8_Left_36,VPWR,li1,6.2100,35.3600,1.799998
PHY_EDGE_ROW_7_Left_35,VPWR,li1,6.2100,29.9200,1.799997
PHY_EDGE_ROW_6_Left_34,VPWR,li1,6.2100,29.9200,1.799997
PHY_EDGE_ROW_5_Left_33,VPWR,li1,6.2100,24.4800,1.799996
PHY_EDGE_ROW_4_Left_32,VPWR,li1,6.2100,24.4800,1.799996
PHY_EDGE_ROW_3_Left_31,VPWR,li1,6.2100,19.0400,1.799998
PHY_EDGE_ROW_2_Left_30,VPWR,li1,6.2100,19.0400,1.799998
PHY_EDGE_ROW_1_Left_29,VPWR,li1,6.2100,13.6000,1.799992
PHY_EDGE_ROW_0_Left_28,VPWR,li1,6.2100,13.6000,1.799992
PHY_EDGE_ROW_27_Right_27,VPWR,li1,93.6100,84.3200,1.799987
PHY_EDGE_ROW_26_Right_26,VPWR,li1,93.6100,84.3200,1.799987
PHY_EDGE_ROW_25_Right_25,VPWR,li1,93.6100,78.8800,1.799994
PHY_EDGE_ROW_24_Right_24,VPWR,li1,93.6100,78.8800,1.799994
PHY_EDGE_ROW_23_Right_23,VPWR,li1,93.6100,73.4400,1.799996
PHY_EDGE_ROW_22_Right_22,VPWR,li1,93.6100,73.4400,1.799996
PHY_EDGE_ROW_21_Right_21,VPWR,li1,93.6100,68.0000,1.799996
PHY_EDGE_ROW_20_Right_20,VPWR,li1,93.6100,68.0000,1.799996
PHY_EDGE_ROW_19_Right_19,VPWR,li1,93.6100,62.5600,1.799998
PHY_EDGE_ROW_18_Right_18,VPWR,li1,93.6100,62.5600,1.799998
PHY_EDGE_ROW_17_Right_17,VPWR,li1,93.6100,57.1200,1.799992
PHY_EDGE_ROW_16_Right_16,VPWR,li1,93.6100,57.1200,1.799992
PHY_EDGE_ROW_15_Right_15,VPWR,li1,93.6100,51.6800,1.799994
PHY_EDGE_ROW_14_Right_14,VPWR,li1,93.6100,51.6800,1.799994
PHY_EDGE_ROW_13_Right_13,VPWR,li1,93.6100,46.2400,1.799990
PHY_EDGE_ROW_12_Right_12,VPWR,li1,93.6100,46.2400,1.799990
PHY_EDGE_ROW_11_Right_11,VPWR,li1,93.6100,40.8000,1.799998
PHY_EDGE_ROW_10_Right_10,VPWR,li1,93.6100,40.8000,1.799998
PHY_EDGE_ROW_9_Right_9,VPWR,li1,93.6100,35.3600,1.799992
PHY_EDGE_ROW_8_Right_8,VPWR,li1,93.6100,35.3600,1.799992
PHY_EDGE_ROW_7_Right_7,VPWR,li1,93.6100,29.9200,1.799996
PHY_EDGE_ROW_6_Right_6,VPWR,li1,93.6100,29.9200,1.799996
PHY_EDGE_ROW_5_Right_5,VPWR,li1,93.6100,24.4800,1.799997
PHY_EDGE_ROW_4_Right_4,VPWR,li1,93.6100,24.4800,1.799997
PHY_EDGE_ROW_3_Right_3,VPWR,li1,93.6100,19.0400,1.799993
PHY_EDGE_ROW_2_Right_2,VPWR,li1,93.6100,19.0400,1.799993
PHY_EDGE_ROW_1_Right_1,VPWR,li1,93.6100,13.6000,1.799992
PHY_EDGE_ROW_0_Right_0,VPWR,li1,93.6100,13.6000,1.799992
_347_,VPWR,li1,89.0100,40.8000,1.799998
_346_,VPWR,li1,34.7300,62.5600,1.799993
_345_,VPWR,li1,71.9900,57.1200,1.799993
_344_,VPWR,li1,52.4400,84.3200,1.799993
_343_,VPWR,li1,67.3900,24.4800,1.799994
_342_,VPWR,li1,37.2600,57.1200,1.799996
_341_,VPWR,li1,34.2700,84.3200,1.799995
_340_,VPWR,li1,20.2400,84.3200,1.799995
_339_,VPWR,li1,9.8900,51.6800,1.799994
_338_,VPWR,li1,72.9100,19.0400,1.799996
_337_,VPWR,li1,45.3100,13.6000,1.799994
_336_,VPWR,li1,46.2300,24.4800,1.799994
_335_,VPWR,li1,61.6400,13.6000,1.799995
_334_,VPWR,li1,33.5800,40.8000,1.799996
_333_,VPWR,li1,45.3100,46.2400,1.799998
_332_,VPWR,li1,84.8700,73.4400,1.799996
_331_,VPWR,li1,8.2800,78.8800,1.799995
_330_,VPWR,li1,53.5900,78.8800,1.799993
_329_,VPWR,li1,53.5900,51.6800,1.799995
_328_,VPWR,li1,75.6700,84.3200,1.799989
_327_,VPWR,li1,51.0600,29.9200,1.799996
_326_,VPWR,li1,75.2100,57.1200,1.799993
_325_,VPWR,li1,9.8900,13.6000,1.799993
_324_,VPWR,li1,40.4800,35.3600,1.799996
_323_,VPWR,li1,84.4100,24.4800,1.799997
_322_,VPWR,li1,41.6300,40.8000,1.799997
_321_,VPWR,li1,19.7800,13.6000,1.799993
_320_,VPWR,li1,70.1500,51.6800,1.799995
_319_,VPWR,li1,79.3500,84.3200,1.799989
_318_,VPWR,li1,25.0700,51.6800,1.799993
_317_,VPWR,li1,89.7000,51.6800,1.799995
_316_,VPWR,li1,71.9900,78.8800,1.799992
_315_,VPWR,li1,28.7500,19.0400,1.799998
_314_,VPWR,li1,80.5000,35.3600,1.799993
_313_,VPWR,li1,10.3500,46.2400,1.799997
_312_,VPWR,li1,48.0700,78.8800,1.799993
_311_,VPWR,li1,71.9900,24.4800,1.799995
_310_,VPWR,li1,49.9100,35.3600,1.799996
_309_,VPWR,li1,70.6100,35.3600,1.799993
_308_,VPWR,li1,8.2800,51.6800,1.799994
_307_,VPWR,li1,44.8500,68.0000,1.799996
_306_,VPWR,li1,62.1000,57.1200,1.799995
_305_,VPWR,li1,68.7700,62.5600,1.799995
_304_,VPWR,li1,91.0800,46.2400,1.799991
_303_,VPWR,li1,76.5900,78.8800,1.799993
_302_,VPWR,li1,88.5500,57.1200,1.799992
_301_,VPWR,li1,74.9800,19.0400,1.799996
_300_,VPWR,li1,66.9300,62.5600,1.799995
_299_,VPWR,li1,39.7900,24.4800,1.799995
_298_,VPWR,li1,71.7600,29.9200,1.799994
_297_,VPWR,li1,51.0600,73.4400,1.799995
_296_,VPWR,li1,30.5900,57.1200,1.799996
_295_,VPWR,li1,92.0000,29.9200,1.799996
_294_,VPWR,li1,40.2500,84.3200,1.799993
_293_,VPWR,li1,74.0600,68.0000,1.799993
_292_,VPWR,li1,60.4900,29.9200,1.799996
_291_,VPWR,li1,81.8800,29.9200,1.799995
_290_,VPWR,li1,29.6700,46.2400,1.799997
_289_,VPWR,li1,36.8000,40.8000,1.799997
_288_,VPWR,li1,18.6300,40.8000,1.799995
_287_,VPWR,li1,20.4700,19.0400,1.799998
_286_,VPWR,li1,13.5700,40.8000,1.799995
_285_,VPWR,li1,41.1700,73.4400,1.799996
_284_,VPWR,li1,36.1100,62.5600,1.799993
_283_,VPWR,li1,17.2500,40.8000,1.799995
_282_,VPWR,li1,91.0800,78.8800,1.799994
_281_,VPWR,li1,41.1700,78.8800,1.799994
_280_,VPWR,li1,11.5000,40.8000,1.799996
_279_,VPWR,li1,19.7800,51.6800,1.799993
_278_,VPWR,li1,85.3300,78.8800,1.799995
_277_,VPWR,li1,46.9200,73.4400,1.799995
_276_,VPWR,li1,20.0100,62.5600,1.799990
_275_,VPWR,li1,76.5900,24.4800,1.799995
_274_,VPWR,li1,71.9900,62.5600,1.799995
_273_,VPWR,li1,34.7300,68.0000,1.799997
_272_,VPWR,li1,16.7900,73.4400,1.799996
_271_,VPWR,li1,62.7900,35.3600,1.799995
_270_,VPWR,li1,28.7500,73.4400,1.799996
_269_,VPWR,li1,51.2900,57.1200,1.799996
_268_,VPWR,li1,38.8700,73.4400,1.799996
_267_,VPWR,li1,83.9500,84.3200,1.799990
_266_,VPWR,li1,89.4700,13.6000,1.799993
_265_,VPWR,li1,25.3000,51.6800,1.799993
_264_,VPWR,li1,80.5000,57.1200,1.799993
_263_,VPWR,li1,71.7600,40.8000,1.799998
_262_,VPWR,li1,67.3900,78.8800,1.799991
_261_,VPWR,li1,72.4500,57.1200,1.799993
_260_,VPWR,li1,62.3300,68.0000,1.799995
_259_,VPWR,li1,80.7300,29.9200,1.799995
_258_,VPWR,li1,42.3200,62.5600,1.799992
_257_,VPWR,li1,76.3600,68.0000,1.799993
_256_,VPWR,li1,45.3100,84.3200,1.799992
_255_,VPWR,li1,79.8100,13.6000,1.799994
_254_,VPWR,li1,90.3900,46.2400,1.799991
_253_,VPWR,li1,19.5500,57.1200,1.799995
_252_,VPWR,li1,33.3500,78.8800,1.799994
_251_,VPWR,li1,61.6400,24.4800,1.799994
_250_,VPWR,li1,21.8500,40.8000,1.799994
_249_,VPWR,li1,81.4200,46.2400,1.799992
_248_,VPWR,li1,21.8500,40.8000,1.799994
_247_,VPWR,li1,33.5800,29.9200,1.799996
_246_,VPWR,li1,49.6800,40.8000,1.799997
_245_,VPWR,li1,11.2700,57.1200,1.799996
_244_,VPWR,li1,60.4900,78.8800,1.799993
_243_,VPWR,li1,49.2200,84.3200,1.799992
_242_,VPWR,li1,21.3900,29.9200,1.799996
_241_,VPWR,li1,24.1500,57.1200,1.799995
_240_,VPWR,li1,47.1500,35.3600,1.799996
_239_,VPWR,li1,71.9900,84.3200,1.799989
_238_,VPWR,li1,40.7100,62.5600,1.799992
_237_,VPWR,li1,75.6700,73.4400,1.799994
_236_,VPWR,li1,46.4600,68.0000,1.799996
_235_,VPWR,li1,69.9200,73.4400,1.799995
_234_,VPWR,li1,52.2100,62.5600,1.799993
_233_,VPWR,li1,81.8800,24.4800,1.799996
_232_,VPWR,li1,11.7300,46.2400,1.799997
_231_,VPWR,li1,46.4600,19.0400,1.799998
_230_,VPWR,li1,38.1800,62.5600,1.799992
_229_,VPWR,li1,47.1500,73.4400,1.799995
_228_,VPWR,li1,52.2100,62.5600,1.799993
_227_,VPWR,li1,84.4100,46.2400,1.799993
_226_,VPWR,li1,74.2900,84.3200,1.799989
_225_,VPWR,li1,15.1800,19.0400,1.799998
_224_,VPWR,li1,60.0300,57.1200,1.799996
_223_,VPWR,li1,90.8500,78.8800,1.799994
_222_,VPWR,li1,28.2900,84.3200,1.799994
_221_,VPWR,li1,11.2700,13.6000,1.799993
_220_,VPWR,li1,66.9300,35.3600,1.799994
_219_,VPWR,li1,72.2200,13.6000,1.799994
_218_,VPWR,li1,74.9800,62.5600,1.799995
_217_,VPWR,li1,88.7800,46.2400,1.799992
_216_,VPWR,li1,69.0000,68.0000,1.799994
_215_,VPWR,li1,27.8300,62.5600,1.799991
_214_,VPWR,li1,16.7900,68.0000,1.799997
_213_,VPWR,li1,26.9100,46.2400,1.799997
_212_,VPWR,li1,8.0500,29.9200,1.799997
_211_,VPWR,li1,25.3000,24.4800,1.799996
_210_,VPWR,li1,81.4200,40.8000,1.799998
_209_,VPWR,li1,65.5500,84.3200,1.799991
_208_,VPWR,li1,67.6200,29.9200,1.799994
_207_,VPWR,li1,62.3300,40.8000,1.799998
_206_,VPWR,li1,55.6600,13.6000,1.799994
_205_,VPWR,li1,73.8300,51.6800,1.799995
_204_,VPWR,li1,74.7500,46.2400,1.799993
_203_,VPWR,li1,74.9800,73.4400,1.799994
_202_,VPWR,li1,25.5300,35.3600,1.799998
_201_,VPWR,li1,66.4700,78.8800,1.799991
_200_,VPWR,li1,73.8300,29.9200,1.799994
_199_,VPWR,li1,64.6300,68.0000,1.799994
_198_,VPWR,li1,90.8500,84.3200,1.799987
_197_,VPWR,li1,84.6400,73.4400,1.799996
_196_,VPWR,li1,50.3700,73.4400,1.799995
_195_,VPWR,li1,14.4900,35.3600,1.799998
_194_,VPWR,li1,16.3300,46.2400,1.799996
_193_,VPWR,li1,47.8400,62.5600,1.799992
_192_,VPWR,li1,37.9500,62.5600,1.799992
_191_,VPWR,li1,76.8200,51.6800,1.799994
_190_,VPWR,li1,92.0000,51.6800,1.799994
_189_,VPWR,li1,17.0200,78.8800,1.799993
_188_,VPWR,li1,55.2000,24.4800,1.799993
_187_,VPWR,li1,77.0500,84.3200,1.799989
_186_,VPWR,li1,50.8300,19.0400,1.799998
_185_,VPWR,li1,80.2700,35.3600,1.799993
_184_,VPWR,li1,26.2200,84.3200,1.799994
_183_,VPWR,li1,64.1700,24.4800,1.799994
_182_,VPWR,li1,84.8700,51.6800,1.799995
_181_,VPWR,li1,22.3100,51.6800,1.799993
_180_,VPWR,li1,13.5700,84.3200,1.799996
_179_,VPWR,li1,65.3200,78.8800,1.799991
_178_,VPWR,li1,11.9600,24.4800,1.799996
_177_,VPWR,li1,58.1900,51.6800,1.799996
_176_,VPWR,li1,11.0400,51.6800,1.799994
_175_,VPWR,li1,11.9600,62.5600,1.799993
_174_,VPWR,li1,45.7700,13.6000,1.799994
_173_,VPWR,li1,60.7200,24.4800,1.799994
_172_,VPWR,li1,65.5500,29.9200,1.799995
_171_,VPWR,li1,87.6300,19.0400,1.799994
_170_,VPWR,li1,83.9500,29.9200,1.799995
