
===========================================================================
 report_power
============================================================================
======================= Fastest Corner ===================================

Group                  Internal  Switching    Leakage      Total
                          Power      Power      Power      Power (Watts)
----------------------------------------------------------------
Sequential             6.04e-04   2.27e-03   3.55e-08   2.87e-03  10.1%
Combinational          3.28e-03   2.12e-02   1.04e-07   2.45e-02  86.4%
Clock                  4.69e-04   5.08e-04   6.26e-08   9.78e-04   3.5%
Macro                  0.00e+00   0.00e+00   0.00e+00   0.00e+00   0.0%
Pad                    0.00e+00   0.00e+00   0.00e+00   0.00e+00   0.0%
----------------------------------------------------------------
Total                  4.35e-03   2.40e-02   2.02e-07   2.83e-02 100.0%
                          15.4%      84.6%       0.0%

======================= Slowest Corner ===================================

Group                  Internal  Switching    Leakage      Total
                          Power      Power      Power      Power (Watts)
----------------------------------------------------------------
Sequential             4.19e-04   1.53e-03   6.69e-06   1.96e-03  10.2%
Combinational          2.27e-03   1.43e-02   2.74e-05   1.66e-02  86.3%
Clock                  3.35e-04   3.40e-04   2.61e-06   6.78e-04   3.5%
Macro                  0.00e+00   0.00e+00   0.00e+00   0.00e+00   0.0%
Pad                    0.00e+00   0.00e+00   0.00e+00   0.00e+00   0.0%
----------------------------------------------------------------
Total                  3.02e-03   1.62e-02   3.67e-05   1.92e-02 100.0%
                          15.7%      84.1%       0.2%

======================= Typical Corner ===================================

Group                  Internal  Switching    Leakage      Total
                          Power      Power      Power      Power (Watts)
----------------------------------------------------------------
Sequential             5.26e-04   1.93e-03   2.65e-08   2.46e-03  10.2%
Combinational          2.83e-03   1.81e-02   1.97e-08   2.09e-02  86.3%
Clock                  4.11e-04   4.32e-04   5.67e-08   8.44e-04   3.5%
Macro                  0.00e+00   0.00e+00   0.00e+00   0.00e+00   0.0%
Pad                    0.00e+00   0.00e+00   0.00e+00   0.00e+00   0.0%
----------------------------------------------------------------
Total                  3.77e-03   2.04e-02   1.03e-07   2.42e-02 100.0%
                          15.6%      84.4%       0.0%

