
===========================================================================
report_checks -unconstrained
===========================================================================
======================= Typical Corner ===================================

Startpoint: _2255_ (rising edge-triggered flip-flop clocked by clk)
Endpoint: _2123_ (rising edge-triggered flip-flop clocked by clk)
Path Group: clk
Path Type: max

Fanout     Cap    Slew   Delay    Time   Description
-----------------------------------------------------------------------------
                          0.00    0.00   clock clk (rise edge)
                          0.00    0.00   clock source latency
     1    0.02    0.00    0.00    0.00 ^ clk (in)
                                         clk (net)
                  0.00    0.00    0.00 ^ clkbuf_0_clk/A (sky130_fd_sc_hd__clkbuf_16)
    16    0.09    0.11    0.16    0.16 ^ clkbuf_0_clk/X (sky130_fd_sc_hd__clkbuf_16)
                                         clknet_0_clk (net)
                  0.11    0.00    0.16 ^ clkbuf_4_15_0_clk/A (sky130_fd_sc_hd__clkbuf_8)
    15    0.04    0.09    0.19    0.35 ^ clkbuf_4_15_0_clk/X (sky130_fd_sc_hd__clkbuf_8)
                                         clknet_4_15_0_clk (net)
                  0.09    0.00    0.35 ^ _2255_/CLK (sky130_fd_sc_hd__dfrtp_4)
     3    0.02    0.09    0.52    0.87 v _2255_/Q (sky130_fd_sc_hd__dfrtp_4)
                                         u_imem.addr[2] (net)
                  0.09    0.00    0.87 v _1029_/A (sky130_fd_sc_hd__or2b_2)
     3    0.02    0.10    0.36    1.23 v _1029_/X (sky130_fd_sc_hd__or2b_2)
                                         _0857_ (net)
                  0.10    0.00    1.24 v _1030_/A (sky130_fd_sc_hd__buf_6)
    10    0.08    0.08    0.19    1.43 v _1030_/X (sky130_fd_sc_hd__buf_6)
                                         _0858_ (net)
                  0.08    0.00    1.43 v _1187_/A3 (sky130_fd_sc_hd__a31o_1)
     1    0.02    0.09    0.28    1.71 v _1187_/X (sky130_fd_sc_hd__a31o_1)
                                         _1003_ (net)
                  0.09    0.00    1.71 v _1189_/A2 (sky130_fd_sc_hd__o21a_1)
     3    0.01    0.09    0.23    1.94 v _1189_/X (sky130_fd_sc_hd__o21a_1)
                                         _1005_ (net)
                  0.09    0.00    1.94 v _1254_/B (sky130_fd_sc_hd__or4b_2)
     1    0.01    0.13    0.70    2.64 v _1254_/X (sky130_fd_sc_hd__or4b_2)
                                         _0203_ (net)
                  0.13    0.00    2.64 v _1255_/D (sky130_fd_sc_hd__or4_4)
     5    0.05    0.15    0.54    3.19 v _1255_/X (sky130_fd_sc_hd__or4_4)
                                         _0204_ (net)
                  0.15    0.00    3.19 v _1427_/A (sky130_fd_sc_hd__or4b_4)
     5    0.03    0.13    0.64    3.83 v _1427_/X (sky130_fd_sc_hd__or4b_4)
                                         _0368_ (net)
                  0.13    0.00    3.83 v _1550_/A (sky130_fd_sc_hd__or4_4)
     4    0.04    0.14    0.65    4.48 v _1550_/X (sky130_fd_sc_hd__or4_4)
                                         _0485_ (net)
                  0.14    0.00    4.48 v _1641_/A (sky130_fd_sc_hd__or4_4)
     5    0.04    0.15    0.67    5.15 v _1641_/X (sky130_fd_sc_hd__or4_4)
                                         _0572_ (net)
                  0.15    0.00    5.15 v _1680_/A (sky130_fd_sc_hd__or3_4)
     3    0.03    0.10    0.48    5.62 v _1680_/X (sky130_fd_sc_hd__or3_4)
                                         _0609_ (net)
                  0.10    0.00    5.63 v _1697_/A1 (sky130_fd_sc_hd__a21o_1)
     1    0.01    0.05    0.20    5.82 v _1697_/X (sky130_fd_sc_hd__a21o_1)
                                         _0625_ (net)
                  0.05    0.00    5.82 v _1699_/A (sky130_fd_sc_hd__or2_2)
     2    0.03    0.11    0.37    6.19 v _1699_/X (sky130_fd_sc_hd__or2_2)
                                         _0627_ (net)
                  0.11    0.00    6.20 v _1700_/B (sky130_fd_sc_hd__xor2_2)
     3    0.01    0.09    0.19    6.39 v _1700_/X (sky130_fd_sc_hd__xor2_2)
                                         _0628_ (net)
                  0.09    0.00    6.39 v _1703_/B (sky130_fd_sc_hd__and2_1)
     2    0.01    0.08    0.22    6.61 v _1703_/X (sky130_fd_sc_hd__and2_1)
                                         _0631_ (net)
                  0.08    0.00    6.61 v _1711_/B1 (sky130_fd_sc_hd__a21o_1)
     1    0.02    0.10    0.23    6.83 v _1711_/X (sky130_fd_sc_hd__a21o_1)
                                         _0638_ (net)
                  0.10    0.00    6.83 v _1712_/B1 (sky130_fd_sc_hd__a21o_2)
     3    0.03    0.10    0.28    7.11 v _1712_/X (sky130_fd_sc_hd__a21o_2)
                                         _0639_ (net)
                  0.10    0.00    7.11 v _1723_/A (sky130_fd_sc_hd__xor2_2)
     1    0.01    0.11    0.22    7.33 v _1723_/X (sky130_fd_sc_hd__xor2_2)
                                         _0650_ (net)
                  0.11    0.00    7.33 v _1728_/B1 (sky130_fd_sc_hd__a221o_1)
     1    0.00    0.06    0.32    7.65 v _1728_/X (sky130_fd_sc_hd__a221o_1)
                                         _0655_ (net)
                  0.06    0.00    7.65 v _1729_/A (sky130_fd_sc_hd__clkbuf_4)
     5    0.03    0.08    0.19    7.84 v _1729_/X (sky130_fd_sc_hd__clkbuf_4)
                                         net26 (net)
                  0.08    0.00    7.84 v _1813_/A1 (sky130_fd_sc_hd__mux2_1)
     1    0.01    0.09    0.35    8.18 v _1813_/X (sky130_fd_sc_hd__mux2_1)
                                         _0708_ (net)
                  0.09    0.00    8.18 v _1814_/A (sky130_fd_sc_hd__buf_1)
     1    0.01    0.08    0.15    8.33 v _1814_/X (sky130_fd_sc_hd__buf_1)
                                         _0030_ (net)
                  0.08    0.00    8.34 v _2123_/D (sky130_fd_sc_hd__dfxtp_1)
                                  8.34   data arrival time

                         10.00   10.00   clock clk (rise edge)
                          0.00   10.00   clock source latency
     1    0.02    0.00    0.00   10.00 ^ clk (in)
                                         clk (net)
                  0.00    0.00   10.00 ^ clkbuf_0_clk/A (sky130_fd_sc_hd__clkbuf_16)
    16    0.09    0.11    0.16   10.16 ^ clkbuf_0_clk/X (sky130_fd_sc_hd__clkbuf_16)
                                         clknet_0_clk (net)
                  0.11    0.00   10.16 ^ clkbuf_4_5_0_clk/A (sky130_fd_sc_hd__clkbuf_8)
    11    0.04    0.08    0.18   10.34 ^ clkbuf_4_5_0_clk/X (sky130_fd_sc_hd__clkbuf_8)
                                         clknet_4_5_0_clk (net)
                  0.08    0.00   10.34 ^ _2123_/CLK (sky130_fd_sc_hd__dfxtp_1)
                          0.00   10.34   clock reconvergence pessimism
                         -0.12   10.23   library setup time
                                 10.23   data required time
-----------------------------------------------------------------------------
                                 10.23   data required time
                                 -8.34   data arrival time
-----------------------------------------------------------------------------
                                  1.89   slack (MET)




===========================================================================
report_checks --slack_max -0.01
============================================================================
======================= Typical Corner ===================================

No paths found.


===========================================================================
 report_check_types -max_slew -max_cap -max_fanout -violators
============================================================================
======================= Typical Corner ===================================


max slew violations count Typical: 0
max fanout violations count Typical: 0
max cap violations count Typical: 0

===========================================================================
report_parasitic_annotation -report_unannotated
============================================================================
Found 15 unannotated drivers.
 clkload0/Y
 clkload1/Y
 clkload10/Y
 clkload11/Y
 clkload12/Y
 clkload13/Y
 clkload14/Y
 clkload2/Y
 clkload3/Y
 clkload4/Y
 clkload5/Y
 clkload6/Y
 clkload7/Y
 clkload8/Y
 clkload9/Y
Found 0 partially unannotated drivers.

===========================================================================
max slew violation count 0
max fanout violation count 0
max cap violation count 0
============================================================================

===========================================================================
check_setup -verbose -unconstrained_endpoints -multiple_clock -no_clock -no_input_delay -loops -generated_clocks
===========================================================================
Warning: There are 2 input ports missing set_input_delay.
  btn_next
  btn_rst
Warning: There are 39 unconstrained endpoints.
  Result[0]
  Result[10]
  Result[11]
  Result[12]
  Result[13]
  Result[14]
  Result[15]
  Result[16]
  Result[17]
  Result[18]
  Result[19]
  Result[1]
  Result[20]
  Result[21]
  Result[22]
  Result[23]
  Result[24]
  Result[25]
  Result[26]
  Result[27]
  Result[28]
  Result[29]
  Result[2]
  Result[30]
  Result[31]
  Result[3]
  Result[4]
  Result[5]
  Result[6]
  Result[7]
  Result[8]
  Result[9]
  seg[0]
  seg[1]
  seg[2]
  seg[3]
  seg[4]
  seg[5]
  seg[6]
