
===========================================================================
 report_power
============================================================================
======================= Fastest Corner ===================================

Group                  Internal  Switching    Leakage      Total
                          Power      Power      Power      Power (Watts)
----------------------------------------------------------------
Sequential             6.04e-04   2.06e-03   3.55e-08   2.67e-03  10.2%
Combinational          3.25e-03   1.94e-02   1.04e-07   2.26e-02  86.2%
Clock                  4.69e-04   4.74e-04   6.26e-08   9.43e-04   3.6%
Macro                  0.00e+00   0.00e+00   0.00e+00   0.00e+00   0.0%
Pad                    0.00e+00   0.00e+00   0.00e+00   0.00e+00   0.0%
----------------------------------------------------------------
Total                  4.33e-03   2.19e-02   2.02e-07   2.62e-02 100.0%
                          16.5%      83.5%       0.0%

======================= Slowest Corner ===================================

Group                  Internal  Switching    Leakage      Total
                          Power      Power      Power      Power (Watts)
----------------------------------------------------------------
Sequential             4.20e-04   1.39e-03   6.69e-06   1.82e-03  10.2%
Combinational          2.27e-03   1.31e-02   2.74e-05   1.54e-02  86.1%
Clock                  3.35e-04   3.17e-04   2.61e-06   6.55e-04   3.7%
Macro                  0.00e+00   0.00e+00   0.00e+00   0.00e+00   0.0%
Pad                    0.00e+00   0.00e+00   0.00e+00   0.00e+00   0.0%
----------------------------------------------------------------
Total                  3.03e-03   1.48e-02   3.67e-05   1.78e-02 100.0%
                          17.0%      82.8%       0.2%

======================= Typical Corner ===================================

Group                  Internal  Switching    Leakage      Total
                          Power      Power      Power      Power (Watts)
----------------------------------------------------------------
Sequential             5.27e-04   1.76e-03   2.65e-08   2.29e-03  10.2%
Combinational          2.83e-03   1.65e-02   1.97e-08   1.94e-02  86.2%
Clock                  4.11e-04   4.03e-04   5.67e-08   8.14e-04   3.6%
Macro                  0.00e+00   0.00e+00   0.00e+00   0.00e+00   0.0%
Pad                    0.00e+00   0.00e+00   0.00e+00   0.00e+00   0.0%
----------------------------------------------------------------
Total                  3.77e-03   1.87e-02   1.03e-07   2.25e-02 100.0%
                          16.8%      83.2%       0.0%

