/home/pinarizmir/.volare/sky130A/libs.tech/klayout/drc/sky130A_mr.drc:50: warning: already initialized constant DRC::DRCEngine::FEOL
/home/pinarizmir/.volare/sky130A/libs.tech/klayout/drc/sky130A_mr.drc:42: warning: previous definition of FEOL was here
/home/pinarizmir/.volare/sky130A/libs.tech/klayout/drc/sky130A_mr.drc:56: warning: already initialized constant DRC::DRCEngine::BEOL
/home/pinarizmir/.volare/sky130A/libs.tech/klayout/drc/sky130A_mr.drc:43: warning: previous definition of BEOL was here
/home/pinarizmir/.volare/sky130A/libs.tech/klayout/drc/sky130A_mr.drc:64: warning: already initialized constant DRC::DRCEngine::OFFGRID
/home/pinarizmir/.volare/sky130A/libs.tech/klayout/drc/sky130A_mr.drc:44: warning: previous definition of OFFGRID was here
/home/pinarizmir/.volare/sky130A/libs.tech/klayout/drc/sky130A_mr.drc:68: warning: already initialized constant DRC::DRCEngine::SEAL
/home/pinarizmir/.volare/sky130A/libs.tech/klayout/drc/sky130A_mr.drc:45: warning: previous definition of SEAL was here
/home/pinarizmir/.volare/sky130A/libs.tech/klayout/drc/sky130A_mr.drc:76: warning: already initialized constant DRC::DRCEngine::FLOATING_MET
/home/pinarizmir/.volare/sky130A/libs.tech/klayout/drc/sky130A_mr.drc:46: warning: previous definition of FLOATING_MET was here
"input" in: sky130A_mr.drc:126
    Polygons (raw): 144004 (flat)  366 (hierarchical)
    Elapsed: 0.020s  Memory: 343.00M
"polygons" in: sky130A_mr.drc:127
    Polygons (raw): 27436 (flat)  2 (hierarchical)
    Elapsed: 0.010s  Memory: 345.00M
"polygons" in: sky130A_mr.drc:128
    Polygons (raw): 102708 (flat)  130 (hierarchical)
    Elapsed: 0.020s  Memory: 345.00M
"polygons" in: sky130A_mr.drc:129
    Polygons (raw): 0 (flat)  0 (hierarchical)
    Elapsed: 0.000s  Memory: 345.00M
"polygons" in: sky130A_mr.drc:130
    Polygons (raw): 0 (flat)  0 (hierarchical)
    Elapsed: 0.000s  Memory: 345.00M
"polygons" in: sky130A_mr.drc:131
    Polygons (raw): 0 (flat)  0 (hierarchical)
    Elapsed: 0.000s  Memory: 345.00M
"polygons" in: sky130A_mr.drc:132
    Polygons (raw): 0 (flat)  0 (hierarchical)
    Elapsed: 0.000s  Memory: 345.00M
"polygons" in: sky130A_mr.drc:133
    Polygons (raw): 0 (flat)  0 (hierarchical)
    Elapsed: 0.000s  Memory: 345.00M
"polygons" in: sky130A_mr.drc:134
    Polygons (raw): 102763 (flat)  135 (hierarchical)
    Elapsed: 0.020s  Memory: 345.00M
"polygons" in: sky130A_mr.drc:135
    Polygons (raw): 0 (flat)  0 (hierarchical)
    Elapsed: 0.000s  Memory: 345.00M
"polygons" in: sky130A_mr.drc:136
    Polygons (raw): 0 (flat)  0 (hierarchical)
    Elapsed: 0.010s  Memory: 345.00M
"polygons" in: sky130A_mr.drc:137
    Polygons (raw): 0 (flat)  0 (hierarchical)
    Elapsed: 0.000s  Memory: 345.00M
"polygons" in: sky130A_mr.drc:138
    Polygons (raw): 0 (flat)  0 (hierarchical)
    Elapsed: 0.000s  Memory: 345.00M
"polygons" in: sky130A_mr.drc:139
    Polygons (raw): 152578 (flat)  905 (hierarchical)
    Elapsed: 0.020s  Memory: 345.00M
"polygons" in: sky130A_mr.drc:140
    Polygons (raw): 0 (flat)  0 (hierarchical)
    Elapsed: 0.000s  Memory: 345.00M
"polygons" in: sky130A_mr.drc:141
    Polygons (raw): 116426 (flat)  131 (hierarchical)
    Elapsed: 0.010s  Memory: 345.00M
"polygons" in: sky130A_mr.drc:142
    Polygons (raw): 116426 (flat)  131 (hierarchical)
    Elapsed: 0.010s  Memory: 345.00M
"polygons" in: sky130A_mr.drc:143
    Polygons (raw): 0 (flat)  0 (hierarchical)
    Elapsed: 0.000s  Memory: 345.00M
"polygons" in: sky130A_mr.drc:144
    Polygons (raw): 0 (flat)  0 (hierarchical)
    Elapsed: 0.000s  Memory: 345.00M
"polygons" in: sky130A_mr.drc:145
    Polygons (raw): 69643 (flat)  139 (hierarchical)
    Elapsed: 0.010s  Memory: 345.00M
"polygons" in: sky130A_mr.drc:146
    Polygons (raw): 615422 (flat)  4845 (hierarchical)
    Elapsed: 0.020s  Memory: 345.00M
"polygons" in: sky130A_mr.drc:148
    Polygons (raw): 484428 (flat)  11758 (hierarchical)
    Elapsed: 0.020s  Memory: 345.00M
"polygons" in: sky130A_mr.drc:149
    Polygons (raw): 1555894 (flat)  12672 (hierarchical)
    Elapsed: 0.020s  Memory: 345.00M
"polygons" in: sky130A_mr.drc:151
    Polygons (raw): 267393 (flat)  60550 (hierarchical)
    Elapsed: 0.040s  Memory: 345.00M
"polygons" in: sky130A_mr.drc:152
    Polygons (raw): 28769 (flat)  28769 (hierarchical)
    Elapsed: 0.030s  Memory: 346.00M
"polygons" in: sky130A_mr.drc:154
    Polygons (raw): 30415 (flat)  30415 (hierarchical)
    Elapsed: 0.030s  Memory: 346.00M
"polygons" in: sky130A_mr.drc:155
    Polygons (raw): 10735 (flat)  10735 (hierarchical)
    Elapsed: 0.020s  Memory: 346.00M
"polygons" in: sky130A_mr.drc:157
    Polygons (raw): 5278 (flat)  5278 (hierarchical)
    Elapsed: 0.010s  Memory: 346.00M
"polygons" in: sky130A_mr.drc:158
    Polygons (raw): 10481 (flat)  10481 (hierarchical)
    Elapsed: 0.020s  Memory: 346.00M
"polygons" in: sky130A_mr.drc:160
    Polygons (raw): 633 (flat)  633 (hierarchical)
    Elapsed: 0.010s  Memory: 346.00M
"polygons" in: sky130A_mr.drc:161
    Polygons (raw): 98 (flat)  98 (hierarchical)
    Elapsed: 0.010s  Memory: 346.00M
"polygons" in: sky130A_mr.drc:163
    Polygons (raw): 14 (flat)  14 (hierarchical)
    Elapsed: 0.020s  Memory: 346.00M
"polygons" in: sky130A_mr.drc:165
    Polygons (raw): 0 (flat)  0 (hierarchical)
    Elapsed: 0.000s  Memory: 346.00M
"polygons" in: sky130A_mr.drc:166
    Polygons (raw): 0 (flat)  0 (hierarchical)
    Elapsed: 0.000s  Memory: 346.00M
"polygons" in: sky130A_mr.drc:167
    Polygons (raw): 0 (flat)  0 (hierarchical)
    Elapsed: 0.000s  Memory: 346.00M
"polygons" in: sky130A_mr.drc:168
    Polygons (raw): 0 (flat)  0 (hierarchical)
    Elapsed: 0.000s  Memory: 346.00M
"polygons" in: sky130A_mr.drc:169
    Polygons (raw): 0 (flat)  0 (hierarchical)
    Elapsed: 0.000s  Memory: 346.00M
"polygons" in: sky130A_mr.drc:170
    Polygons (raw): 0 (flat)  0 (hierarchical)
    Elapsed: 0.000s  Memory: 346.00M
"polygons" in: sky130A_mr.drc:171
    Polygons (raw): 0 (flat)  0 (hierarchical)
    Elapsed: 0.000s  Memory: 346.00M
"polygons" in: sky130A_mr.drc:172
    Polygons (raw): 0 (flat)  0 (hierarchical)
    Elapsed: 0.000s  Memory: 346.00M
"polygons" in: sky130A_mr.drc:173
    Polygons (raw): 0 (flat)  0 (hierarchical)
    Elapsed: 0.000s  Memory: 346.00M
"polygons" in: sky130A_mr.drc:174
    Polygons (raw): 0 (flat)  0 (hierarchical)
    Elapsed: 0.000s  Memory: 346.00M
"polygons" in: sky130A_mr.drc:175
    Polygons (raw): 0 (flat)  0 (hierarchical)
    Elapsed: 0.000s  Memory: 346.00M
"polygons" in: sky130A_mr.drc:176
    Polygons (raw): 0 (flat)  0 (hierarchical)
    Elapsed: 0.000s  Memory: 346.00M
"polygons" in: sky130A_mr.drc:177
    Polygons (raw): 0 (flat)  0 (hierarchical)
    Elapsed: 0.000s  Memory: 346.00M
"polygons" in: sky130A_mr.drc:178
    Polygons (raw): 0 (flat)  0 (hierarchical)
    Elapsed: 0.000s  Memory: 346.00M
"polygons" in: sky130A_mr.drc:179
    Polygons (raw): 0 (flat)  0 (hierarchical)
    Elapsed: 0.000s  Memory: 346.00M
"polygons" in: sky130A_mr.drc:180
    Polygons (raw): 0 (flat)  0 (hierarchical)
    Elapsed: 0.000s  Memory: 346.00M
"polygons" in: sky130A_mr.drc:181
    Polygons (raw): 0 (flat)  0 (hierarchical)
    Elapsed: 0.000s  Memory: 346.00M
"polygons" in: sky130A_mr.drc:182
    Polygons (raw): 102708 (flat)  130 (hierarchical)
    Elapsed: 0.010s  Memory: 346.00M
"polygons" in: sky130A_mr.drc:183
    Polygons (raw): 0 (flat)  0 (hierarchical)
    Elapsed: 0.000s  Memory: 347.00M
"polygons" in: sky130A_mr.drc:184
    Polygons (raw): 0 (flat)  0 (hierarchical)
    Elapsed: 0.000s  Memory: 347.00M
"polygons" in: sky130A_mr.drc:185
    Polygons (raw): 0 (flat)  0 (hierarchical)
    Elapsed: 0.000s  Memory: 347.00M
"polygons" in: sky130A_mr.drc:186
    Polygons (raw): 0 (flat)  0 (hierarchical)
    Elapsed: 0.000s  Memory: 347.00M
"polygons" in: sky130A_mr.drc:187
    Polygons (raw): 0 (flat)  0 (hierarchical)
    Elapsed: 0.000s  Memory: 347.00M
"polygons" in: sky130A_mr.drc:188
    Polygons (raw): 0 (flat)  0 (hierarchical)
    Elapsed: 0.000s  Memory: 347.00M
"polygons" in: sky130A_mr.drc:189
    Polygons (raw): 0 (flat)  0 (hierarchical)
    Elapsed: 0.000s  Memory: 347.00M
"polygons" in: sky130A_mr.drc:190
    Polygons (raw): 1 (flat)  1 (hierarchical)
    Elapsed: 0.020s  Memory: 347.00M
"polygons" in: sky130A_mr.drc:191
    Polygons (raw): 0 (flat)  0 (hierarchical)
    Elapsed: 0.000s  Memory: 347.00M
"polygons" in: sky130A_mr.drc:192
    Polygons (raw): 0 (flat)  0 (hierarchical)
    Elapsed: 0.000s  Memory: 347.00M
"polygons" in: sky130A_mr.drc:193
    Polygons (raw): 0 (flat)  0 (hierarchical)
    Elapsed: 0.000s  Memory: 347.00M
"polygons" in: sky130A_mr.drc:194
    Polygons (raw): 0 (flat)  0 (hierarchical)
    Elapsed: 0.000s  Memory: 347.00M
"polygons" in: sky130A_mr.drc:195
    Polygons (raw): 4062 (flat)  1 (hierarchical)
    Elapsed: 0.010s  Memory: 347.00M
"polygons" in: sky130A_mr.drc:196
    Polygons (raw): 0 (flat)  0 (hierarchical)
    Elapsed: 0.000s  Memory: 347.00M
"polygons" in: sky130A_mr.drc:197
    Polygons (raw): 0 (flat)  0 (hierarchical)
    Elapsed: 0.000s  Memory: 347.00M
"polygons" in: sky130A_mr.drc:198
    Polygons (raw): 0 (flat)  0 (hierarchical)
    Elapsed: 0.000s  Memory: 347.00M
"polygons" in: sky130A_mr.drc:199
    Polygons (raw): 0 (flat)  0 (hierarchical)
    Elapsed: 0.000s  Memory: 347.00M
"polygons" in: sky130A_mr.drc:200
    Polygons (raw): 0 (flat)  0 (hierarchical)
    Elapsed: 0.000s  Memory: 347.00M
"polygons" in: sky130A_mr.drc:201
    Polygons (raw): 0 (flat)  0 (hierarchical)
    Elapsed: 0.000s  Memory: 347.00M
"polygons" in: sky130A_mr.drc:202
    Polygons (raw): 0 (flat)  0 (hierarchical)
    Elapsed: 0.000s  Memory: 347.00M
"polygons" in: sky130A_mr.drc:203
    Polygons (raw): 0 (flat)  0 (hierarchical)
    Elapsed: 0.000s  Memory: 347.00M
"polygons" in: sky130A_mr.drc:204
    Polygons (raw): 0 (flat)  0 (hierarchical)
    Elapsed: 0.010s  Memory: 347.00M
"polygons" in: sky130A_mr.drc:205
    Polygons (raw): 0 (flat)  0 (hierarchical)
    Elapsed: 0.000s  Memory: 347.00M
"polygons" in: sky130A_mr.drc:206
    Polygons (raw): 0 (flat)  0 (hierarchical)
    Elapsed: 0.000s  Memory: 347.00M
"polygons" in: sky130A_mr.drc:207
    Polygons (raw): 0 (flat)  0 (hierarchical)
    Elapsed: 0.000s  Memory: 347.00M
"polygons" in: sky130A_mr.drc:208
    Polygons (raw): 0 (flat)  0 (hierarchical)
    Elapsed: 0.000s  Memory: 347.00M
"polygons" in: sky130A_mr.drc:209
    Polygons (raw): 0 (flat)  0 (hierarchical)
    Elapsed: 0.000s  Memory: 347.00M
"polygons" in: sky130A_mr.drc:210
    Polygons (raw): 0 (flat)  0 (hierarchical)
    Elapsed: 0.000s  Memory: 347.00M
"polygons" in: sky130A_mr.drc:211
    Polygons (raw): 0 (flat)  0 (hierarchical)
    Elapsed: 0.000s  Memory: 347.00M
"polygons" in: sky130A_mr.drc:212
    Polygons (raw): 0 (flat)  0 (hierarchical)
    Elapsed: 0.000s  Memory: 347.00M
"polygons" in: sky130A_mr.drc:213
    Polygons (raw): 0 (flat)  0 (hierarchical)
    Elapsed: 0.000s  Memory: 347.00M
"polygons" in: sky130A_mr.drc:214
    Polygons (raw): 0 (flat)  0 (hierarchical)
    Elapsed: 0.000s  Memory: 347.00M
"polygons" in: sky130A_mr.drc:215
    Polygons (raw): 0 (flat)  0 (hierarchical)
    Elapsed: 0.000s  Memory: 347.00M
"polygons" in: sky130A_mr.drc:216
    Polygons (raw): 0 (flat)  0 (hierarchical)
    Elapsed: 0.000s  Memory: 347.00M
"polygons" in: sky130A_mr.drc:217
    Polygons (raw): 0 (flat)  0 (hierarchical)
    Elapsed: 0.000s  Memory: 347.00M
DRC section
FEOL section
START: 64/18 (dnwell)
"width" in: sky130A_mr.drc:243
    Edge pairs: 0 (flat)  0 (hierarchical)
    Elapsed: 0.010s  Memory: 347.00M
"output" in: sky130A_mr.drc:243
    Edge pairs: 0 (flat)  0 (hierarchical)
    Elapsed: 0.010s  Memory: 347.00M
END: 64/18 (dnwell)
"input" in: sky130A_mr.drc:247
    Polygons (raw): 116426 (flat)  131 (hierarchical)
    Elapsed: 0.010s  Memory: 347.00M
"input" in: sky130A_mr.drc:248
    Polygons (raw): 116426 (flat)  131 (hierarchical)
    Elapsed: 0.020s  Memory: 347.00M
"input" in: sky130A_mr.drc:249
    Polygons (raw): 102708 (flat)  130 (hierarchical)
    Elapsed: 0.010s  Memory: 347.00M
"input" in: sky130A_mr.drc:254
    Polygons (raw): 102708 (flat)  130 (hierarchical)
    Elapsed: 0.010s  Memory: 347.00M
START: 64/20 (nwell)
"width" in: sky130A_mr.drc:258
    Edge pairs: 0 (flat)  0 (hierarchical)
    Elapsed: 0.870s  Memory: 381.00M
"output" in: sky130A_mr.drc:258
    Edge pairs: 0 (flat)  0 (hierarchical)
    Elapsed: 0.010s  Memory: 381.00M
"space" in: sky130A_mr.drc:259
    Edge pairs: 0 (flat)  0 (hierarchical)
    Elapsed: 1.800s  Memory: 933.00M
"output" in: sky130A_mr.drc:259
    Edge pairs: 0 (flat)  0 (hierarchical)
    Elapsed: 0.010s  Memory: 925.00M
"&" in: sky130A_mr.drc:260
    Polygons (raw): 102708 (flat)  130 (hierarchical)
    Elapsed: 1.320s  Memory: 925.00M
"merge" in: sky130A_mr.drc:260
    Polygons (raw): 180 (flat)  180 (hierarchical)
    Elapsed: 0.820s  Memory: 926.00M
"holes" in: sky130A_mr.drc:261
    Polygons (raw): 0 (flat)  0 (hierarchical)
    Elapsed: 0.000s  Memory: 926.00M
"enclosing" in: sky130A_mr.drc:261
    Edge pairs: 0 (flat)  0 (hierarchical)
    Elapsed: 0.010s  Memory: 926.00M
"output" in: sky130A_mr.drc:261
    Edge pairs: 0 (flat)  0 (hierarchical)
    Elapsed: 0.010s  Memory: 926.00M
END: 64/20 (nwell)
START: 78/44 (hvtp)
"width" in: sky130A_mr.drc:266
    Edge pairs: 0 (flat)  0 (hierarchical)
    Elapsed: 0.750s  Memory: 926.00M
"output" in: sky130A_mr.drc:266
    Edge pairs: 0 (flat)  0 (hierarchical)
    Elapsed: 0.010s  Memory: 926.00M
"space" in: sky130A_mr.drc:267
    Edge pairs: 0 (flat)  0 (hierarchical)
    Elapsed: 1.220s  Memory: 942.00M
"output" in: sky130A_mr.drc:267
    Edge pairs: 0 (flat)  0 (hierarchical)
    Elapsed: 0.010s  Memory: 926.00M
END: 78/44 (hvtp)
START: 18/20 (htvr)
"width" in: sky130A_mr.drc:272
    Edge pairs: 0 (flat)  0 (hierarchical)
    Elapsed: 0.010s  Memory: 926.00M
"output" in: sky130A_mr.drc:272
    Edge pairs: 0 (flat)  0 (hierarchical)
    Elapsed: 0.010s  Memory: 926.00M
"separation" in: sky130A_mr.drc:273
    Edge pairs: 0 (flat)  0 (hierarchical)
    Elapsed: 0.000s  Memory: 926.00M
"output" in: sky130A_mr.drc:273
    Edge pairs: 0 (flat)  0 (hierarchical)
    Elapsed: 0.000s  Memory: 926.00M
"&" in: sky130A_mr.drc:274
    Polygons (raw): 0 (flat)  0 (hierarchical)
    Elapsed: 0.000s  Memory: 926.00M
"output" in: sky130A_mr.drc:274
    Polygons (raw): 0 (flat)  0 (hierarchical)
    Elapsed: 0.010s  Memory: 926.00M
END: 18/20 (htvr)
START: 25/44 (lvtn)
"width" in: sky130A_mr.drc:279
    Edge pairs: 0 (flat)  0 (hierarchical)
    Elapsed: 0.010s  Memory: 926.00M
"output" in: sky130A_mr.drc:279
    Edge pairs: 0 (flat)  0 (hierarchical)
    Elapsed: 0.000s  Memory: 926.00M
"space" in: sky130A_mr.drc:280
    Edge pairs: 0 (flat)  0 (hierarchical)
    Elapsed: 0.000s  Memory: 926.00M
"output" in: sky130A_mr.drc:280
    Edge pairs: 0 (flat)  0 (hierarchical)
    Elapsed: 0.010s  Memory: 926.00M
END: 25/44 (lvtn)
START: 92/44 (ncm)
"width" in: sky130A_mr.drc:285
    Edge pairs: 0 (flat)  0 (hierarchical)
    Elapsed: 0.010s  Memory: 926.00M
"output" in: sky130A_mr.drc:285
    Edge pairs: 0 (flat)  0 (hierarchical)
    Elapsed: 0.010s  Memory: 926.00M
"space" in: sky130A_mr.drc:286
    Edge pairs: 0 (flat)  0 (hierarchical)
    Elapsed: 0.000s  Memory: 926.00M
"output" in: sky130A_mr.drc:286
    Edge pairs: 0 (flat)  0 (hierarchical)
    Elapsed: 0.010s  Memory: 926.00M
END: 92/44 (ncm)
START: 65/20 (diff)
"or" in: sky130A_mr.drc:291
    Polygons (raw): 171437 (flat)  367 (hierarchical)
    Elapsed: 0.180s  Memory: 926.00M
"rectangles" in: sky130A_mr.drc:292
    Polygons (raw): 142930 (flat)  305 (hierarchical)
    Elapsed: 0.110s  Memory: 926.00M
"width" in: sky130A_mr.drc:292
    Edge pairs: 0 (flat)  0 (hierarchical)
    Elapsed: 0.000s  Memory: 926.00M
"polygons" in: sky130A_mr.drc:292
    Polygons (raw): 0 (flat)  0 (hierarchical)
    Elapsed: 0.000s  Memory: 926.00M
"edges" in: sky130A_mr.drc:293
    Edges: 0 (flat)  0 (hierarchical)
    Elapsed: 0.000s  Memory: 926.00M
"outside_part" in: sky130A_mr.drc:293
    Edges: 0 (flat)  0 (hierarchical)
    Elapsed: 0.010s  Memory: 926.00M
"outside" in: sky130A_mr.drc:293
    Polygons (raw): 0 (flat)  0 (hierarchical)
    Elapsed: 0.010s  Memory: 926.00M
"edges" in: sky130A_mr.drc:293
    Edges: 0 (flat)  0 (hierarchical)
    Elapsed: 0.000s  Memory: 926.00M
"-" in: sky130A_mr.drc:293
    Edges: 0 (flat)  0 (hierarchical)
    Elapsed: 0.020s  Memory: 926.00M
"output" in: sky130A_mr.drc:294
    Edges: 0 (flat)  0 (hierarchical)
    Elapsed: 0.010s  Memory: 926.00M
"outside" in: sky130A_mr.drc:295
    Polygons (raw): 144004 (flat)  366 (hierarchical)
    Elapsed: 0.010s  Memory: 926.00M
"width" in: sky130A_mr.drc:295
    Edge pairs: 0 (flat)  0 (hierarchical)
    Elapsed: 0.000s  Memory: 926.00M
"output" in: sky130A_mr.drc:295
    Edge pairs: 0 (flat)  0 (hierarchical)
    Elapsed: 0.000s  Memory: 926.00M
END: 65/20 (diff)
START: 65/44 (tap)
"rectangles" in: sky130A_mr.drc:299
    Polygons (raw): 27436 (flat)  2 (hierarchical)
    Elapsed: 0.030s  Memory: 926.00M
"width" in: sky130A_mr.drc:299
    Edge pairs: 0 (flat)  0 (hierarchical)
    Elapsed: 0.000s  Memory: 926.00M
"polygons" in: sky130A_mr.drc:299
    Polygons (raw): 0 (flat)  0 (hierarchical)
    Elapsed: 0.000s  Memory: 926.00M
"edges" in: sky130A_mr.drc:300
    Edges: 0 (flat)  0 (hierarchical)
    Elapsed: 0.000s  Memory: 926.00M
"outside_part" in: sky130A_mr.drc:300
    Edges: 0 (flat)  0 (hierarchical)
    Elapsed: 0.010s  Memory: 926.00M
"outside" in: sky130A_mr.drc:300
    Polygons (raw): 0 (flat)  0 (hierarchical)
    Elapsed: 0.010s  Memory: 926.00M
"edges" in: sky130A_mr.drc:300
    Edges: 0 (flat)  0 (hierarchical)
    Elapsed: 0.000s  Memory: 926.00M
"-" in: sky130A_mr.drc:300
    Edges: 0 (flat)  0 (hierarchical)
    Elapsed: 0.000s  Memory: 926.00M
"output" in: sky130A_mr.drc:301
    Edges: 0 (flat)  0 (hierarchical)
    Elapsed: 0.010s  Memory: 926.00M
"-" in: sky130A_mr.drc:302
    Polygons (raw): 27436 (flat)  2 (hierarchical)
    Elapsed: 0.010s  Memory: 926.00M
"width" in: sky130A_mr.drc:302
    Edge pairs: 0 (flat)  0 (hierarchical)
    Elapsed: 0.050s  Memory: 926.00M
"output" in: sky130A_mr.drc:302
    Edge pairs: 0 (flat)  0 (hierarchical)
    Elapsed: 0.030s  Memory: 926.00M
END: 65/44 (tap)
"space" in: sky130A_mr.drc:305
    Edge pairs: 0 (flat)  0 (hierarchical)
    Elapsed: 0.380s  Memory: 950.00M
"output" in: sky130A_mr.drc:305
    Edge pairs: 0 (flat)  0 (hierarchical)
    Elapsed: 0.000s  Memory: 926.00M
START: 80/20 (tunm)
"width" in: sky130A_mr.drc:309
    Edge pairs: 0 (flat)  0 (hierarchical)
    Elapsed: 0.000s  Memory: 926.00M
"output" in: sky130A_mr.drc:309
    Edge pairs: 0 (flat)  0 (hierarchical)
    Elapsed: 0.010s  Memory: 926.00M
"space" in: sky130A_mr.drc:310
    Edge pairs: 0 (flat)  0 (hierarchical)
    Elapsed: 0.010s  Memory: 926.00M
"output" in: sky130A_mr.drc:310
    Edge pairs: 0 (flat)  0 (hierarchical)
    Elapsed: 0.000s  Memory: 926.00M
END: 80/20 (tunm)
START: 66/20 (poly)
"width" in: sky130A_mr.drc:315
    Edge pairs: 0 (flat)  0 (hierarchical)
    Elapsed: 0.120s  Memory: 926.00M
"output" in: sky130A_mr.drc:315
    Edge pairs: 0 (flat)  0 (hierarchical)
    Elapsed: 0.010s  Memory: 926.00M
"-" in: sky130A_mr.drc:316
    Polygons (raw): 152578 (flat)  905 (hierarchical)
    Elapsed: 0.010s  Memory: 926.00M
"space" in: sky130A_mr.drc:316
    Edge pairs: 0 (flat)  0 (hierarchical)
    Elapsed: 0.300s  Memory: 942.00M
"output" in: sky130A_mr.drc:316
    Edge pairs: 0 (flat)  0 (hierarchical)
    Elapsed: 0.000s  Memory: 926.00M
START: 86/20 (rpm)
"width" in: sky130A_mr.drc:321
    Edge pairs: 0 (flat)  0 (hierarchical)
    Elapsed: 0.000s  Memory: 926.00M
"output" in: sky130A_mr.drc:321
    Edge pairs: 0 (flat)  0 (hierarchical)
    Elapsed: 0.010s  Memory: 926.00M
"space" in: sky130A_mr.drc:322
    Edge pairs: 0 (flat)  0 (hierarchical)
    Elapsed: 0.010s  Memory: 926.00M
"output" in: sky130A_mr.drc:322
    Edge pairs: 0 (flat)  0 (hierarchical)
    Elapsed: 0.000s  Memory: 926.00M
END: 86/20 (rpm)
START: 79/20 (urpm)
"width" in: sky130A_mr.drc:327
    Edge pairs: 0 (flat)  0 (hierarchical)
    Elapsed: 0.000s  Memory: 926.00M
"output" in: sky130A_mr.drc:327
    Edge pairs: 0 (flat)  0 (hierarchical)
    Elapsed: 0.010s  Memory: 926.00M
"space" in: sky130A_mr.drc:328
    Edge pairs: 0 (flat)  0 (hierarchical)
    Elapsed: 0.010s  Memory: 926.00M
"output" in: sky130A_mr.drc:328
    Edge pairs: 0 (flat)  0 (hierarchical)
    Elapsed: 0.000s  Memory: 926.00M
END: 79/20 (urpm)
START: 95/20 (npc)
"width" in: sky130A_mr.drc:333
    Edge pairs: 0 (flat)  0 (hierarchical)
    Elapsed: 0.420s  Memory: 926.00M
"output" in: sky130A_mr.drc:333
    Edge pairs: 0 (flat)  0 (hierarchical)
    Elapsed: 0.010s  Memory: 926.00M
"space" in: sky130A_mr.drc:334
    Edge pairs: 0 (flat)  0 (hierarchical)
    Elapsed: 0.430s  Memory: 942.00M
"output" in: sky130A_mr.drc:334
    Edge pairs: 0 (flat)  0 (hierarchical)
    Elapsed: 0.010s  Memory: 926.00M
END: 95/20 (npc)
START: 93/44 (nsdm)
"outside" in: sky130A_mr.drc:339
    Polygons (raw): 116426 (flat)  131 (hierarchical)
    Elapsed: 0.000s  Memory: 926.00M
"width" in: sky130A_mr.drc:339
    Edge pairs: 0 (flat)  0 (hierarchical)
    Elapsed: 0.830s  Memory: 927.00M
"output" in: sky130A_mr.drc:339
    Edge pairs: 0 (flat)  0 (hierarchical)
    Elapsed: 0.000s  Memory: 927.00M
"-" in: sky130A_mr.drc:340
    Polygons (raw): 116426 (flat)  131 (hierarchical)
    Elapsed: 0.000s  Memory: 927.00M
"space" in: sky130A_mr.drc:340
    Edge pairs: 0 (flat)  0 (hierarchical)
    Elapsed: 1.460s  Memory: 935.00M
"output" in: sky130A_mr.drc:340
    Edge pairs: 0 (flat)  0 (hierarchical)
    Elapsed: 0.010s  Memory: 927.00M
END: 93/44 (nsdm)
START: 94/20 (psdm)
"outside" in: sky130A_mr.drc:345
    Polygons (raw): 116426 (flat)  131 (hierarchical)
    Elapsed: 0.000s  Memory: 927.00M
"width" in: sky130A_mr.drc:345
    Edge pairs: 0 (flat)  0 (hierarchical)
    Elapsed: 0.870s  Memory: 927.00M
"output" in: sky130A_mr.drc:345
    Edge pairs: 0 (flat)  0 (hierarchical)
    Elapsed: 0.010s  Memory: 927.00M
"-" in: sky130A_mr.drc:346
    Polygons (raw): 116426 (flat)  131 (hierarchical)
    Elapsed: 0.010s  Memory: 927.00M
"space" in: sky130A_mr.drc:346
    Edge pairs: 0 (flat)  0 (hierarchical)
    Elapsed: 1.450s  Memory: 935.00M
"output" in: sky130A_mr.drc:346
    Edge pairs: 0 (flat)  0 (hierarchical)
    Elapsed: 0.010s  Memory: 927.00M
END: 94/20 (psdm)
START: 66/44 (licon)
"drc" in: sky130A_mr.drc:352
    Polygons (raw): 0 (flat)  0 (hierarchical)
    Elapsed: 0.550s  Memory: 927.00M
"-" in: sky130A_mr.drc:353
    Polygons (raw): 615422 (flat)  4845 (hierarchical)
    Elapsed: 0.010s  Memory: 927.00M
"-" in: sky130A_mr.drc:357
    Polygons (raw): 352063 (flat)  2560 (hierarchical)
    Elapsed: 0.370s  Memory: 927.00M
"&" in: sky130A_mr.drc:358
    Polygons (raw): 433170 (flat)  3869 (hierarchical)
    Elapsed: 0.430s  Memory: 927.00M
"interacting" in: sky130A_mr.drc:358
    Polygons (raw): 433170 (flat)  3869 (hierarchical)
    Elapsed: 0.440s  Memory: 927.00M
"-" in: sky130A_mr.drc:359
    Polygons (raw): 433170 (flat)  3869 (hierarchical)
    Elapsed: 0.010s  Memory: 927.00M
"non_rectangles" in: sky130A_mr.drc:360
    Polygons (raw): 0 (flat)  0 (hierarchical)
    Elapsed: 0.160s  Memory: 927.00M
"output" in: sky130A_mr.drc:360
    Polygons (raw): 0 (flat)  0 (hierarchical)
    Elapsed: 0.000s  Memory: 927.00M
"or" in: sky130A_mr.drc:361
    Polygons (raw): 0 (flat)  0 (hierarchical)
    Elapsed: 0.010s  Memory: 927.00M
"-" in: sky130A_mr.drc:361
    Polygons (raw): 615422 (flat)  4845 (hierarchical)
    Elapsed: 0.000s  Memory: 927.00M
"edges" in: sky130A_mr.drc:361
    Edges: 2461688 (flat)  19380 (hierarchical)
    Elapsed: 0.370s  Memory: 927.00M
"without_length" in: sky130A_mr.drc:361
    Edges: 0 (flat)  0 (hierarchical)
    Elapsed: 0.190s  Memory: 927.00M
"output" in: sky130A_mr.drc:361
    Edges: 0 (flat)  0 (hierarchical)
    Elapsed: 0.010s  Memory: 927.00M
"separation" in: sky130A_mr.drc:362
    Edge pairs: 0 (flat)  0 (hierarchical)
    Elapsed: 0.370s  Memory: 927.00M
"output" in: sky130A_mr.drc:362
    Edge pairs: 0 (flat)  0 (hierarchical)
    Elapsed: 0.010s  Memory: 927.00M
"&" in: sky130A_mr.drc:363
    Polygons (raw): 0 (flat)  0 (hierarchical)
    Elapsed: 0.340s  Memory: 927.00M
"output" in: sky130A_mr.drc:363
    Polygons (raw): 0 (flat)  0 (hierarchical)
    Elapsed: 0.010s  Memory: 927.00M
"interacting" in: sky130A_mr.drc:364
    Polygons (raw): 182252 (flat)  976 (hierarchical)
    Elapsed: 0.370s  Memory: 927.00M
"interacting" in: sky130A_mr.drc:364
    Polygons (raw): 433170 (flat)  3869 (hierarchical)
    Elapsed: 0.450s  Memory: 927.00M
"&" in: sky130A_mr.drc:364
    Polygons (raw): 0 (flat)  0 (hierarchical)
    Elapsed: 0.340s  Memory: 943.00M
"output" in: sky130A_mr.drc:364
    Polygons (raw): 0 (flat)  0 (hierarchical)
    Elapsed: 0.010s  Memory: 927.00M
END: 66/44 (licon)
START: 89/44 (capm)
"width" in: sky130A_mr.drc:369
    Edge pairs: 0 (flat)  0 (hierarchical)
    Elapsed: 0.010s  Memory: 927.00M
"output" in: sky130A_mr.drc:369
    Edge pairs: 0 (flat)  0 (hierarchical)
    Elapsed: 0.000s  Memory: 927.00M
"space" in: sky130A_mr.drc:370
    Edge pairs: 0 (flat)  0 (hierarchical)
    Elapsed: 0.010s  Memory: 927.00M
"output" in: sky130A_mr.drc:370
    Edge pairs: 0 (flat)  0 (hierarchical)
    Elapsed: 0.010s  Memory: 927.00M
"interacting" in: sky130A_mr.drc:371
    Polygons (raw): 0 (flat)  0 (hierarchical)
    Elapsed: 0.000s  Memory: 927.00M
"isolated" in: sky130A_mr.drc:371
    Edge pairs: 0 (flat)  0 (hierarchical)
    Elapsed: 0.000s  Memory: 927.00M
"output" in: sky130A_mr.drc:371
    Edge pairs: 0 (flat)  0 (hierarchical)
    Elapsed: 0.010s  Memory: 927.00M
"interacting" in: sky130A_mr.drc:372
    Polygons (raw): 0 (flat)  0 (hierarchical)
    Elapsed: 0.010s  Memory: 927.00M
"isolated" in: sky130A_mr.drc:372
    Edge pairs: 0 (flat)  0 (hierarchical)
    Elapsed: 0.010s  Memory: 927.00M
"output" in: sky130A_mr.drc:372
    Edge pairs: 0 (flat)  0 (hierarchical)
    Elapsed: 0.010s  Memory: 927.00M
"&" in: sky130A_mr.drc:373
    Polygons (raw): 0 (flat)  0 (hierarchical)
    Elapsed: 0.000s  Memory: 927.00M
"enclosing" in: sky130A_mr.drc:373
    Edge pairs: 0 (flat)  0 (hierarchical)
    Elapsed: 0.000s  Memory: 927.00M
"output" in: sky130A_mr.drc:373
    Edge pairs: 0 (flat)  0 (hierarchical)
    Elapsed: 0.000s  Memory: 927.00M
"enclosing" in: sky130A_mr.drc:374
    Edge pairs: 0 (flat)  0 (hierarchical)
    Elapsed: 0.010s  Memory: 927.00M
"output" in: sky130A_mr.drc:374
    Edge pairs: 0 (flat)  0 (hierarchical)
    Elapsed: 0.010s  Memory: 927.00M
"enclosing" in: sky130A_mr.drc:375
    Edge pairs: 0 (flat)  0 (hierarchical)
    Elapsed: 0.010s  Memory: 927.00M
"output" in: sky130A_mr.drc:375
    Edge pairs: 0 (flat)  0 (hierarchical)
    Elapsed: 0.000s  Memory: 927.00M
"separation" in: sky130A_mr.drc:376
    Edge pairs: 0 (flat)  0 (hierarchical)
    Elapsed: 0.000s  Memory: 927.00M
"output" in: sky130A_mr.drc:376
    Edge pairs: 0 (flat)  0 (hierarchical)
    Elapsed: 0.010s  Memory: 927.00M
"not_interacting" in: sky130A_mr.drc:377
    Polygons (raw): 5278 (flat)  5278 (hierarchical)
    Elapsed: 0.010s  Memory: 927.00M
"separation" in: sky130A_mr.drc:377
    Edge pairs: 0 (flat)  0 (hierarchical)
    Elapsed: 0.010s  Memory: 927.00M
"output" in: sky130A_mr.drc:377
    Edge pairs: 0 (flat)  0 (hierarchical)
    Elapsed: 0.010s  Memory: 927.00M
END: 89/44 (capm)
START: 97/44 (cap2m)
"width" in: sky130A_mr.drc:382
    Edge pairs: 0 (flat)  0 (hierarchical)
    Elapsed: 0.000s  Memory: 927.00M
"output" in: sky130A_mr.drc:382
    Edge pairs: 0 (flat)  0 (hierarchical)
    Elapsed: 0.010s  Memory: 927.00M
"space" in: sky130A_mr.drc:383
    Edge pairs: 0 (flat)  0 (hierarchical)
    Elapsed: 0.010s  Memory: 927.00M
"output" in: sky130A_mr.drc:383
    Edge pairs: 0 (flat)  0 (hierarchical)
    Elapsed: 0.010s  Memory: 927.00M
"interacting" in: sky130A_mr.drc:384
    Polygons (raw): 0 (flat)  0 (hierarchical)
    Elapsed: 0.000s  Memory: 927.00M
"isolated" in: sky130A_mr.drc:384
    Edge pairs: 0 (flat)  0 (hierarchical)
    Elapsed: 0.000s  Memory: 927.00M
"output" in: sky130A_mr.drc:384
    Edge pairs: 0 (flat)  0 (hierarchical)
    Elapsed: 0.000s  Memory: 927.00M
"interacting" in: sky130A_mr.drc:385
    Polygons (raw): 0 (flat)  0 (hierarchical)
    Elapsed: 0.010s  Memory: 927.00M
"isolated" in: sky130A_mr.drc:385
    Edge pairs: 0 (flat)  0 (hierarchical)
    Elapsed: 0.010s  Memory: 927.00M
"output" in: sky130A_mr.drc:385
    Edge pairs: 0 (flat)  0 (hierarchical)
    Elapsed: 0.010s  Memory: 927.00M
"&" in: sky130A_mr.drc:386
    Polygons (raw): 0 (flat)  0 (hierarchical)
    Elapsed: 0.010s  Memory: 927.00M
"enclosing" in: sky130A_mr.drc:386
    Edge pairs: 0 (flat)  0 (hierarchical)
    Elapsed: 0.000s  Memory: 927.00M
"output" in: sky130A_mr.drc:386
    Edge pairs: 0 (flat)  0 (hierarchical)
    Elapsed: 0.000s  Memory: 927.00M
"enclosing" in: sky130A_mr.drc:387
    Edge pairs: 0 (flat)  0 (hierarchical)
    Elapsed: 0.000s  Memory: 927.00M
"output" in: sky130A_mr.drc:387
    Edge pairs: 0 (flat)  0 (hierarchical)
    Elapsed: 0.010s  Memory: 927.00M
"enclosing" in: sky130A_mr.drc:388
    Edge pairs: 0 (flat)  0 (hierarchical)
    Elapsed: 0.010s  Memory: 927.00M
"output" in: sky130A_mr.drc:388
    Edge pairs: 0 (flat)  0 (hierarchical)
    Elapsed: 0.010s  Memory: 927.00M
"separation" in: sky130A_mr.drc:389
    Edge pairs: 0 (flat)  0 (hierarchical)
    Elapsed: 0.000s  Memory: 927.00M
"output" in: sky130A_mr.drc:389
    Edge pairs: 0 (flat)  0 (hierarchical)
    Elapsed: 0.010s  Memory: 927.00M
"not_interacting" in: sky130A_mr.drc:390
    Polygons (raw): 633 (flat)  633 (hierarchical)
    Elapsed: 0.010s  Memory: 927.00M
"separation" in: sky130A_mr.drc:390
    Edge pairs: 0 (flat)  0 (hierarchical)
    Elapsed: 0.010s  Memory: 927.00M
"output" in: sky130A_mr.drc:390
    Edge pairs: 0 (flat)  0 (hierarchical)
    Elapsed: 0.010s  Memory: 927.00M
END: 97/44 (cap2m)
BEOL section
START: 67/20 (li)
"interacting" in: sky130A_mr.drc:399
    Polygons (raw): 0 (flat)  0 (hierarchical)
    Elapsed: 0.000s  Memory: 927.00M
"-" in: sky130A_mr.drc:399
    Polygons (raw): 484428 (flat)  11758 (hierarchical)
    Elapsed: 0.000s  Memory: 927.00M
"width" in: sky130A_mr.drc:400
    Edge pairs: 0 (flat)  0 (hierarchical)
    Elapsed: 2.840s  Memory: 963.00M
"output" in: sky130A_mr.drc:400
    Edge pairs: 0 (flat)  0 (hierarchical)
    Elapsed: 0.010s  Memory: 963.00M
"edges" in: sky130A_mr.drc:402
    Edges: 1389836 (flat)  1309176 (hierarchical)
    Elapsed: 0.080s  Memory: 993.00M
"space" in: sky130A_mr.drc:402
    Edge pairs: 0 (flat)  0 (hierarchical)
    Elapsed: 3.750s  Memory: 1249.00M
"output" in: sky130A_mr.drc:402
    Edge pairs: 0 (flat)  0 (hierarchical)
    Elapsed: 0.050s  Memory: 963.00M
"-" in: sky130A_mr.drc:403
    Polygons (raw): 615422 (flat)  4845 (hierarchical)
    Elapsed: 0.010s  Memory: 963.00M
"enclosing" in: sky130A_mr.drc:404
    Edge pairs: 540032 (flat)  489575 (hierarchical)
    Elapsed: 14.560s  Memory: 1041.00M
"second_edges" in: sky130A_mr.drc:404
    Edges: 540032 (flat)  489575 (hierarchical)
    Elapsed: 0.030s  Memory: 1063.00M
"width" in: sky130A_mr.drc:405
    Edge pairs: 0 (flat)  0 (hierarchical)
    Elapsed: 1.540s  Memory: 1170.00M
"polygons" in: sky130A_mr.drc:406
    Polygons (raw): 0 (flat)  0 (hierarchical)
    Elapsed: 0.010s  Memory: 1170.00M
"interacting" in: sky130A_mr.drc:406
    Polygons (raw): 0 (flat)  0 (hierarchical)
    Elapsed: 0.000s  Memory: 1170.00M
"output" in: sky130A_mr.drc:407
    Polygons (raw): 0 (flat)  0 (hierarchical)
    Elapsed: 0.000s  Memory: 1170.00M
"with_area" in: sky130A_mr.drc:408
    Polygons (raw): 0 (flat)  0 (hierarchical)
    Elapsed: 0.040s  Memory: 1170.00M
"output" in: sky130A_mr.drc:408
    Polygons (raw): 0 (flat)  0 (hierarchical)
    Elapsed: 0.000s  Memory: 1170.00M
END: 67/20 (li)
START: 67/44 (mcon)
"-" in: sky130A_mr.drc:413
    Polygons (raw): 1555894 (flat)  12672 (hierarchical)
    Elapsed: 0.000s  Memory: 1170.00M
"drc" in: sky130A_mr.drc:415
    Polygons (raw): 0 (flat)  0 (hierarchical)
    Elapsed: 8.910s  Memory: 1428.00M
"-" in: sky130A_mr.drc:416
    Polygons (raw): 1555894 (flat)  12672 (hierarchical)
    Elapsed: 0.020s  Memory: 1428.00M
"-" in: sky130A_mr.drc:420
    Polygons (raw): 1555894 (flat)  12672 (hierarchical)
    Elapsed: 0.000s  Memory: 1428.00M
"non_rectangles" in: sky130A_mr.drc:421
    Polygons (raw): 0 (flat)  0 (hierarchical)
    Elapsed: 7.690s  Memory: 1444.00M
"output" in: sky130A_mr.drc:421
    Polygons (raw): 0 (flat)  0 (hierarchical)
    Elapsed: 0.010s  Memory: 1444.00M
"drc" in: sky130A_mr.drc:423
    Edge pairs: 0 (flat)  0 (hierarchical)
    Elapsed: 8.630s  Memory: 1524.00M
"output" in: sky130A_mr.drc:423
    Edge pairs: 0 (flat)  0 (hierarchical)
    Elapsed: 0.010s  Memory: 1524.00M
"drc" in: sky130A_mr.drc:424
    Edges: 0 (flat)  0 (hierarchical)
    Elapsed: 1.480s  Memory: 1460.00M
"output" in: sky130A_mr.drc:424
    Edges: 0 (flat)  0 (hierarchical)
    Elapsed: 0.010s  Memory: 1460.00M
"space" in: sky130A_mr.drc:425
    Edge pairs: 0 (flat)  0 (hierarchical)
    Elapsed: 3.060s  Memory: 1460.00M
"output" in: sky130A_mr.drc:425
    Edge pairs: 0 (flat)  0 (hierarchical)
    Elapsed: 0.010s  Memory: 1460.00M
"width" in: sky130A_mr.drc:427
    Edge pairs: 0 (flat)  0 (hierarchical)
    Elapsed: 0.010s  Memory: 1460.00M
"output" in: sky130A_mr.drc:427
    Edge pairs: 0 (flat)  0 (hierarchical)
    Elapsed: 0.010s  Memory: 1460.00M
"drc" in: sky130A_mr.drc:428
    Edge pairs: 0 (flat)  0 (hierarchical)
    Elapsed: 0.030s  Memory: 1460.00M
"output" in: sky130A_mr.drc:428
    Edge pairs: 0 (flat)  0 (hierarchical)
    Elapsed: 0.010s  Memory: 1460.00M
"-" in: sky130A_mr.drc:429
    Polygons (raw): 0 (flat)  0 (hierarchical)
    Elapsed: 0.010s  Memory: 1460.00M
"output" in: sky130A_mr.drc:429
    Polygons (raw): 0 (flat)  0 (hierarchical)
    Elapsed: 0.010s  Memory: 1460.00M
"-" in: sky130A_mr.drc:431
    Polygons (raw): 0 (flat)  0 (hierarchical)
    Elapsed: 2.700s  Memory: 1396.00M
"output" in: sky130A_mr.drc:431
    Polygons (raw): 0 (flat)  0 (hierarchical)
    Elapsed: 0.010s  Memory: 1396.00M
END: 67/44 (mcon)
START: 68/20 (m1)
"width" in: sky130A_mr.drc:436
    Edge pairs: 0 (flat)  0 (hierarchical)
    Elapsed: 2.470s  Memory: 1396.00M
"output" in: sky130A_mr.drc:436
    Edge pairs: 0 (flat)  0 (hierarchical)
    Elapsed: 0.010s  Memory: 1396.00M
"sized" in: sky130A_mr.drc:437
    Polygons (raw): 0 (flat)  0 (hierarchical)
    Elapsed: 0.150s  Memory: 1396.00M
"sized" in: sky130A_mr.drc:437
    Polygons (raw): 0 (flat)  0 (hierarchical)
    Elapsed: 0.000s  Memory: 1396.00M
"snap" in: sky130A_mr.drc:437
    Polygons (raw): 0 (flat)  0 (hierarchical)
    Elapsed: 0.000s  Memory: 1396.00M
"&" in: sky130A_mr.drc:437
    Polygons (raw): 0 (flat)  0 (hierarchical)
    Elapsed: 0.010s  Memory: 1396.00M
"edges" in: sky130A_mr.drc:438
    Edges: 174754 (flat)  162430 (hierarchical)
    Elapsed: 0.010s  Memory: 1396.00M
"-" in: sky130A_mr.drc:438
    Edges: 174754 (flat)  162430 (hierarchical)
    Elapsed: 0.010s  Memory: 1396.00M
"edges" in: sky130A_mr.drc:439
    Edges: 0 (flat)  0 (hierarchical)
    Elapsed: 0.010s  Memory: 1396.00M
"merged" in: sky130A_mr.drc:439
    Polygons (raw): 12320 (flat)  11577 (hierarchical)
    Elapsed: 0.000s  Memory: 1396.00M
"outside_part" in: sky130A_mr.drc:439
    Edges: 0 (flat)  0 (hierarchical)
    Elapsed: 0.000s  Memory: 1396.00M
"space" in: sky130A_mr.drc:441
    Edge pairs: 0 (flat)  0 (hierarchical)
    Elapsed: 0.350s  Memory: 1396.00M
"output" in: sky130A_mr.drc:441
    Edge pairs: 0 (flat)  0 (hierarchical)
    Elapsed: 0.020s  Memory: 1396.00M
"separation" in: sky130A_mr.drc:443
    Edge pairs: 0 (flat)  0 (hierarchical)
    Elapsed: 0.030s  Memory: 1396.00M
"space" in: sky130A_mr.drc:443
    Edge pairs: 0 (flat)  0 (hierarchical)
    Elapsed: 0.020s  Memory: 1404.00M
"+" in: sky130A_mr.drc:443
    Edge pairs: 0 (flat)  0 (hierarchical)
    Elapsed: 0.010s  Memory: 1396.00M
"output" in: sky130A_mr.drc:443
    Edge pairs: 0 (flat)  0 (hierarchical)
    Elapsed: 0.000s  Memory: 1396.00M
"input" in: sky130A_mr.drc:447
    Polygons (raw): 267393 (flat)  60550 (hierarchical)
    Elapsed: 0.040s  Memory: 1396.00M
"enclosing" in: sky130A_mr.drc:449
    Edge pairs: 0 (flat)  0 (hierarchical)
    Elapsed: 9.810s  Memory: 1492.00M
"output" in: sky130A_mr.drc:449
    Edge pairs: 0 (flat)  0 (hierarchical)
    Elapsed: 0.010s  Memory: 1396.00M
"-" in: sky130A_mr.drc:450
    Polygons (raw): 0 (flat)  0 (hierarchical)
    Elapsed: 4.040s  Memory: 1468.00M
"output" in: sky130A_mr.drc:450
    Polygons (raw): 0 (flat)  0 (hierarchical)
    Elapsed: 0.010s  Memory: 1396.00M
"input" in: sky130A_mr.drc:452
    Polygons (raw): 0 (flat)  0 (hierarchical)
    Elapsed: 0.020s  Memory: 1396.00M
"enclosing" in: sky130A_mr.drc:453
    Edge pairs: 0 (flat)  0 (hierarchical)
    Elapsed: 0.000s  Memory: 1396.00M
"output" in: sky130A_mr.drc:453
    Edge pairs: 0 (flat)  0 (hierarchical)
    Elapsed: 0.010s  Memory: 1396.00M
"-" in: sky130A_mr.drc:455
    Polygons (raw): 0 (flat)  0 (hierarchical)
    Elapsed: 0.010s  Memory: 1396.00M
"output" in: sky130A_mr.drc:455
    Polygons (raw): 0 (flat)  0 (hierarchical)
    Elapsed: 0.000s  Memory: 1396.00M
"with_area" in: sky130A_mr.drc:457
    Polygons (raw): 0 (flat)  0 (hierarchical)
    Elapsed: 0.010s  Memory: 1396.00M
"output" in: sky130A_mr.drc:457
    Polygons (raw): 0 (flat)  0 (hierarchical)
    Elapsed: 0.000s  Memory: 1396.00M
"holes" in: sky130A_mr.drc:459
    Polygons (raw): 5 (flat)  5 (hierarchical)
    Elapsed: 0.010s  Memory: 1396.00M
"with_area" in: sky130A_mr.drc:459
    Polygons (raw): 0 (flat)  0 (hierarchical)
    Elapsed: 0.020s  Memory: 1396.00M
"output" in: sky130A_mr.drc:459
    Polygons (raw): 0 (flat)  0 (hierarchical)
    Elapsed: 0.000s  Memory: 1396.00M
"enclosing" in: sky130A_mr.drc:466
    Edge pairs: 27636 (flat)  23812 (hierarchical)
    Elapsed: 7.640s  Memory: 1396.00M
"second_edges" in: sky130A_mr.drc:466
    Edges: 27636 (flat)  23812 (hierarchical)
    Elapsed: 0.010s  Memory: 1396.00M
"width" in: sky130A_mr.drc:467
    Edge pairs: 0 (flat)  0 (hierarchical)
    Elapsed: 0.100s  Memory: 1412.00M
"polygons" in: sky130A_mr.drc:468
    Polygons (raw): 0 (flat)  0 (hierarchical)
    Elapsed: 0.000s  Memory: 1396.00M
"interacting" in: sky130A_mr.drc:468
    Polygons (raw): 0 (flat)  0 (hierarchical)
    Elapsed: 0.010s  Memory: 1396.00M
"output" in: sky130A_mr.drc:469
    Polygons (raw): 0 (flat)  0 (hierarchical)
    Elapsed: 0.010s  Memory: 1396.00M
END: 68/20 (m1)
START: 68/44 (via)
"drc" in: sky130A_mr.drc:477
    Polygons (raw): 0 (flat)  0 (hierarchical)
    Elapsed: 0.150s  Memory: 1396.00M
"-" in: sky130A_mr.drc:478
    Polygons (raw): 28769 (flat)  28769 (hierarchical)
    Elapsed: 0.000s  Memory: 1396.00M
"-" in: sky130A_mr.drc:483
    Polygons (raw): 28769 (flat)  28769 (hierarchical)
    Elapsed: 0.000s  Memory: 1396.00M
"non_rectangles" in: sky130A_mr.drc:485
    Polygons (raw): 0 (flat)  0 (hierarchical)
    Elapsed: 0.110s  Memory: 1396.00M
"output" in: sky130A_mr.drc:485
    Polygons (raw): 0 (flat)  0 (hierarchical)
    Elapsed: 0.010s  Memory: 1396.00M
"width" in: sky130A_mr.drc:486
    Edge pairs: 0 (flat)  0 (hierarchical)
    Elapsed: 0.030s  Memory: 1396.00M
"output" in: sky130A_mr.drc:486
    Edge pairs: 0 (flat)  0 (hierarchical)
    Elapsed: 0.010s  Memory: 1396.00M
"drc" in: sky130A_mr.drc:488
    Edges: 0 (flat)  0 (hierarchical)
    Elapsed: 0.060s  Memory: 1396.00M
"output" in: sky130A_mr.drc:488
    Edges: 0 (flat)  0 (hierarchical)
    Elapsed: 0.010s  Memory: 1396.00M
"space" in: sky130A_mr.drc:490
    Edge pairs: 0 (flat)  0 (hierarchical)
    Elapsed: 0.060s  Memory: 1396.00M
"output" in: sky130A_mr.drc:490
    Edge pairs: 0 (flat)  0 (hierarchical)
    Elapsed: 0.010s  Memory: 1396.00M
"width" in: sky130A_mr.drc:493
    Edge pairs: 0 (flat)  0 (hierarchical)
    Elapsed: 0.000s  Memory: 1396.00M
"output" in: sky130A_mr.drc:493
    Edge pairs: 0 (flat)  0 (hierarchical)
    Elapsed: 0.000s  Memory: 1396.00M
"drc" in: sky130A_mr.drc:494
    Edge pairs: 0 (flat)  0 (hierarchical)
    Elapsed: 0.040s  Memory: 1396.00M
"output" in: sky130A_mr.drc:494
    Edge pairs: 0 (flat)  0 (hierarchical)
    Elapsed: 0.010s  Memory: 1396.00M
"-" in: sky130A_mr.drc:495
    Polygons (raw): 0 (flat)  0 (hierarchical)
    Elapsed: 0.010s  Memory: 1396.00M
"output" in: sky130A_mr.drc:495
    Polygons (raw): 0 (flat)  0 (hierarchical)
    Elapsed: 0.000s  Memory: 1396.00M
"edges" in: sky130A_mr.drc:498
    Edges: 174754 (flat)  162430 (hierarchical)
    Elapsed: 0.020s  Memory: 1396.00M
"drc" in: sky130A_mr.drc:498
    Edges: 115076 (flat)  115076 (hierarchical)
    Elapsed: 0.290s  Memory: 1396.00M
"enclosing" in: sky130A_mr.drc:498
    Edge pairs: 0 (flat)  0 (hierarchical)
    Elapsed: 0.080s  Memory: 1396.00M
"output" in: sky130A_mr.drc:498
    Edge pairs: 0 (flat)  0 (hierarchical)
    Elapsed: 0.010s  Memory: 1396.00M
"squares" in: sky130A_mr.drc:499
    Polygons (raw): 28769 (flat)  28769 (hierarchical)
    Elapsed: 0.010s  Memory: 1396.00M
"drc" in: sky130A_mr.drc:499
    Edges: 115076 (flat)  115076 (hierarchical)
    Elapsed: 0.180s  Memory: 1396.00M
"-" in: sky130A_mr.drc:499
    Edges: 0 (flat)  0 (hierarchical)
    Elapsed: 0.810s  Memory: 1396.00M
"output" in: sky130A_mr.drc:499
    Edges: 0 (flat)  0 (hierarchical)
    Elapsed: 0.020s  Memory: 1396.00M
"edges" in: sky130A_mr.drc:501
    Edges: 174754 (flat)  162430 (hierarchical)
    Elapsed: 0.000s  Memory: 1396.00M
"drc" in: sky130A_mr.drc:501
    Edges: 115076 (flat)  115076 (hierarchical)
    Elapsed: 0.170s  Memory: 1396.00M
"enclosing" in: sky130A_mr.drc:501
    Edge pairs: 32837 (flat)  32837 (hierarchical)
    Elapsed: 0.210s  Memory: 1396.00M
"second_edges" in: sky130A_mr.drc:501
    Edges: 32837 (flat)  32837 (hierarchical)
    Elapsed: 0.000s  Memory: 1396.00M
"width" in: sky130A_mr.drc:502
    Edge pairs: 0 (flat)  0 (hierarchical)
    Elapsed: 0.090s  Memory: 1396.00M
"polygons" in: sky130A_mr.drc:503
    Polygons (raw): 0 (flat)  0 (hierarchical)
    Elapsed: 0.000s  Memory: 1396.00M
"interacting" in: sky130A_mr.drc:503
    Polygons (raw): 0 (flat)  0 (hierarchical)
    Elapsed: 0.010s  Memory: 1396.00M
"output" in: sky130A_mr.drc:504
    Polygons (raw): 0 (flat)  0 (hierarchical)
    Elapsed: 0.000s  Memory: 1396.00M
END: 68/44 (via)
START: 69/20 (m2)
"width" in: sky130A_mr.drc:511
    Edge pairs: 0 (flat)  0 (hierarchical)
    Elapsed: 0.100s  Memory: 1396.00M
"output" in: sky130A_mr.drc:511
    Edge pairs: 0 (flat)  0 (hierarchical)
    Elapsed: 0.000s  Memory: 1396.00M
"sized" in: sky130A_mr.drc:513
    Polygons (raw): 0 (flat)  0 (hierarchical)
    Elapsed: 0.070s  Memory: 1396.00M
"sized" in: sky130A_mr.drc:513
    Polygons (raw): 0 (flat)  0 (hierarchical)
    Elapsed: 0.010s  Memory: 1396.00M
"snap" in: sky130A_mr.drc:513
    Polygons (raw): 0 (flat)  0 (hierarchical)
    Elapsed: 0.000s  Memory: 1396.00M
"&" in: sky130A_mr.drc:513
    Polygons (raw): 0 (flat)  0 (hierarchical)
    Elapsed: 0.010s  Memory: 1396.00M
"edges" in: sky130A_mr.drc:514
    Edges: 117492 (flat)  117492 (hierarchical)
    Elapsed: 0.000s  Memory: 1396.00M
"-" in: sky130A_mr.drc:514
    Edges: 117492 (flat)  117492 (hierarchical)
    Elapsed: 0.010s  Memory: 1396.00M
"edges" in: sky130A_mr.drc:515
    Edges: 0 (flat)  0 (hierarchical)
    Elapsed: 0.010s  Memory: 1396.00M
"merged" in: sky130A_mr.drc:515
    Polygons (raw): 9915 (flat)  9915 (hierarchical)
    Elapsed: 0.000s  Memory: 1396.00M
"outside_part" in: sky130A_mr.drc:515
    Edges: 0 (flat)  0 (hierarchical)
    Elapsed: 0.010s  Memory: 1396.00M
"-" in: sky130A_mr.drc:516
    Polygons (raw): 28769 (flat)  28769 (hierarchical)
    Elapsed: 0.010s  Memory: 1396.00M
"space" in: sky130A_mr.drc:518
    Edge pairs: 0 (flat)  0 (hierarchical)
    Elapsed: 0.230s  Memory: 1396.00M
"output" in: sky130A_mr.drc:518
    Edge pairs: 0 (flat)  0 (hierarchical)
    Elapsed: 0.020s  Memory: 1396.00M
"separation" in: sky130A_mr.drc:520
    Edge pairs: 0 (flat)  0 (hierarchical)
    Elapsed: 0.030s  Memory: 1396.00M
"space" in: sky130A_mr.drc:520
    Edge pairs: 0 (flat)  0 (hierarchical)
    Elapsed: 0.020s  Memory: 1396.00M
"+" in: sky130A_mr.drc:520
    Edge pairs: 0 (flat)  0 (hierarchical)
    Elapsed: 0.010s  Memory: 1396.00M
"output" in: sky130A_mr.drc:520
    Edge pairs: 0 (flat)  0 (hierarchical)
    Elapsed: 0.010s  Memory: 1396.00M
"with_area" in: sky130A_mr.drc:522
    Polygons (raw): 0 (flat)  0 (hierarchical)
    Elapsed: 0.010s  Memory: 1396.00M
"output" in: sky130A_mr.drc:522
    Polygons (raw): 0 (flat)  0 (hierarchical)
    Elapsed: 0.010s  Memory: 1396.00M
"holes" in: sky130A_mr.drc:523
    Polygons (raw): 0 (flat)  0 (hierarchical)
    Elapsed: 0.000s  Memory: 1396.00M
"with_area" in: sky130A_mr.drc:523
    Polygons (raw): 0 (flat)  0 (hierarchical)
    Elapsed: 0.010s  Memory: 1396.00M
"output" in: sky130A_mr.drc:523
    Polygons (raw): 0 (flat)  0 (hierarchical)
    Elapsed: 0.000s  Memory: 1396.00M
"enclosing" in: sky130A_mr.drc:528
    Edge pairs: 0 (flat)  0 (hierarchical)
    Elapsed: 0.120s  Memory: 1396.00M
"output" in: sky130A_mr.drc:528
    Edge pairs: 0 (flat)  0 (hierarchical)
    Elapsed: 0.010s  Memory: 1396.00M
"-" in: sky130A_mr.drc:529
    Polygons (raw): 0 (flat)  0 (hierarchical)
    Elapsed: 0.100s  Memory: 1396.00M
"output" in: sky130A_mr.drc:529
    Polygons (raw): 0 (flat)  0 (hierarchical)
    Elapsed: 0.010s  Memory: 1396.00M
"enclosing" in: sky130A_mr.drc:530
    Edge pairs: 38016 (flat)  38016 (hierarchical)
    Elapsed: 0.170s  Memory: 1396.00M
"second_edges" in: sky130A_mr.drc:530
    Edges: 38016 (flat)  38016 (hierarchical)
    Elapsed: 0.000s  Memory: 1396.00M
"width" in: sky130A_mr.drc:531
    Edge pairs: 0 (flat)  0 (hierarchical)
    Elapsed: 0.100s  Memory: 1396.00M
"polygons" in: sky130A_mr.drc:532
    Polygons (raw): 0 (flat)  0 (hierarchical)
    Elapsed: 0.000s  Memory: 1396.00M
"interacting" in: sky130A_mr.drc:532
    Polygons (raw): 0 (flat)  0 (hierarchical)
    Elapsed: 0.010s  Memory: 1396.00M
"output" in: sky130A_mr.drc:533
    Polygons (raw): 0 (flat)  0 (hierarchical)
    Elapsed: 0.010s  Memory: 1396.00M
END: 69/20 (m2)
START: 69/44 (via2)
"drc" in: sky130A_mr.drc:542
    Polygons (raw): 0 (flat)  0 (hierarchical)
    Elapsed: 0.080s  Memory: 1396.00M
"-" in: sky130A_mr.drc:543
    Polygons (raw): 10735 (flat)  10735 (hierarchical)
    Elapsed: 0.010s  Memory: 1396.00M
"-" in: sky130A_mr.drc:548
    Polygons (raw): 10735 (flat)  10735 (hierarchical)
    Elapsed: 0.010s  Memory: 1396.00M
"non_rectangles" in: sky130A_mr.drc:549
    Polygons (raw): 0 (flat)  0 (hierarchical)
    Elapsed: 0.060s  Memory: 1396.00M
"output" in: sky130A_mr.drc:549
    Polygons (raw): 0 (flat)  0 (hierarchical)
    Elapsed: 0.010s  Memory: 1396.00M
"width" in: sky130A_mr.drc:550
    Edge pairs: 0 (flat)  0 (hierarchical)
    Elapsed: 0.000s  Memory: 1396.00M
"output" in: sky130A_mr.drc:550
    Edge pairs: 0 (flat)  0 (hierarchical)
    Elapsed: 0.010s  Memory: 1396.00M
"edges" in: sky130A_mr.drc:551
    Edges: 42940 (flat)  42940 (hierarchical)
    Elapsed: 0.000s  Memory: 1396.00M
"without_length" in: sky130A_mr.drc:551
    Edges: 0 (flat)  0 (hierarchical)
    Elapsed: 0.000s  Memory: 1396.00M
"output" in: sky130A_mr.drc:551
    Edges: 0 (flat)  0 (hierarchical)
    Elapsed: 0.000s  Memory: 1396.00M
"space" in: sky130A_mr.drc:552
    Edge pairs: 0 (flat)  0 (hierarchical)
    Elapsed: 0.040s  Memory: 1396.00M
"output" in: sky130A_mr.drc:552
    Edge pairs: 0 (flat)  0 (hierarchical)
    Elapsed: 0.010s  Memory: 1396.00M
"width" in: sky130A_mr.drc:555
    Edge pairs: 0 (flat)  0 (hierarchical)
    Elapsed: 0.010s  Memory: 1396.00M
"output" in: sky130A_mr.drc:555
    Edge pairs: 0 (flat)  0 (hierarchical)
    Elapsed: 0.000s  Memory: 1396.00M
"drc" in: sky130A_mr.drc:556
    Edge pairs: 0 (flat)  0 (hierarchical)
    Elapsed: 0.030s  Memory: 1396.00M
"output" in: sky130A_mr.drc:556
    Edge pairs: 0 (flat)  0 (hierarchical)
    Elapsed: 0.010s  Memory: 1396.00M
"-" in: sky130A_mr.drc:557
    Polygons (raw): 0 (flat)  0 (hierarchical)
    Elapsed: 0.000s  Memory: 1396.00M
"output" in: sky130A_mr.drc:557
    Polygons (raw): 0 (flat)  0 (hierarchical)
    Elapsed: 0.010s  Memory: 1396.00M
"enclosing" in: sky130A_mr.drc:560
    Edge pairs: 0 (flat)  0 (hierarchical)
    Elapsed: 0.050s  Memory: 1396.00M
"output" in: sky130A_mr.drc:560
    Edge pairs: 0 (flat)  0 (hierarchical)
    Elapsed: 0.010s  Memory: 1396.00M
"-" in: sky130A_mr.drc:561
    Polygons (raw): 0 (flat)  0 (hierarchical)
    Elapsed: 0.050s  Memory: 1396.00M
"output" in: sky130A_mr.drc:561
    Polygons (raw): 0 (flat)  0 (hierarchical)
    Elapsed: 0.010s  Memory: 1396.00M
"enclosing" in: sky130A_mr.drc:563
    Edge pairs: 6351 (flat)  6351 (hierarchical)
    Elapsed: 0.070s  Memory: 1396.00M
"second_edges" in: sky130A_mr.drc:563
    Edges: 6351 (flat)  6351 (hierarchical)
    Elapsed: 0.000s  Memory: 1396.00M
"width" in: sky130A_mr.drc:564
    Edge pairs: 0 (flat)  0 (hierarchical)
    Elapsed: 0.050s  Memory: 1396.00M
"polygons" in: sky130A_mr.drc:565
    Polygons (raw): 0 (flat)  0 (hierarchical)
    Elapsed: 0.000s  Memory: 1396.00M
"interacting" in: sky130A_mr.drc:565
    Polygons (raw): 0 (flat)  0 (hierarchical)
    Elapsed: 0.010s  Memory: 1396.00M
"output" in: sky130A_mr.drc:566
    Polygons (raw): 0 (flat)  0 (hierarchical)
    Elapsed: 0.010s  Memory: 1396.00M
END: 69/44 (via2)
START: 70/20 (m3)
"width" in: sky130A_mr.drc:572
    Edge pairs: 0 (flat)  0 (hierarchical)
    Elapsed: 0.040s  Memory: 1396.00M
"output" in: sky130A_mr.drc:572
    Edge pairs: 0 (flat)  0 (hierarchical)
    Elapsed: 0.010s  Memory: 1396.00M
"sized" in: sky130A_mr.drc:574
    Polygons (raw): 0 (flat)  0 (hierarchical)
    Elapsed: 0.010s  Memory: 1396.00M
"sized" in: sky130A_mr.drc:574
    Polygons (raw): 0 (flat)  0 (hierarchical)
    Elapsed: 0.000s  Memory: 1396.00M
"snap" in: sky130A_mr.drc:574
    Polygons (raw): 0 (flat)  0 (hierarchical)
    Elapsed: 0.000s  Memory: 1396.00M
"&" in: sky130A_mr.drc:574
    Polygons (raw): 0 (flat)  0 (hierarchical)
    Elapsed: 0.000s  Memory: 1396.00M
"edges" in: sky130A_mr.drc:575
    Edges: 16736 (flat)  16736 (hierarchical)
    Elapsed: 0.000s  Memory: 1396.00M
"-" in: sky130A_mr.drc:575
    Edges: 16736 (flat)  16736 (hierarchical)
    Elapsed: 0.010s  Memory: 1396.00M
"edges" in: sky130A_mr.drc:576
    Edges: 0 (flat)  0 (hierarchical)
    Elapsed: 0.000s  Memory: 1396.00M
"merged" in: sky130A_mr.drc:576
    Polygons (raw): 3063 (flat)  3063 (hierarchical)
    Elapsed: 0.000s  Memory: 1396.00M
"outside_part" in: sky130A_mr.drc:576
    Edges: 0 (flat)  0 (hierarchical)
    Elapsed: 0.000s  Memory: 1396.00M
"space" in: sky130A_mr.drc:578
    Edge pairs: 0 (flat)  0 (hierarchical)
    Elapsed: 0.040s  Memory: 1396.00M
"output" in: sky130A_mr.drc:578
    Edge pairs: 0 (flat)  0 (hierarchical)
    Elapsed: 0.010s  Memory: 1396.00M
"with_area" in: sky130A_mr.drc:580
    Polygons (raw): 0 (flat)  0 (hierarchical)
    Elapsed: 0.010s  Memory: 1396.00M
"output" in: sky130A_mr.drc:580
    Polygons (raw): 0 (flat)  0 (hierarchical)
    Elapsed: 0.010s  Memory: 1396.00M
"separation" in: sky130A_mr.drc:582
    Edge pairs: 0 (flat)  0 (hierarchical)
    Elapsed: 0.040s  Memory: 1396.00M
"space" in: sky130A_mr.drc:582
    Edge pairs: 0 (flat)  0 (hierarchical)
    Elapsed: 0.020s  Memory: 1396.00M
"+" in: sky130A_mr.drc:582
    Edge pairs: 0 (flat)  0 (hierarchical)
    Elapsed: 0.010s  Memory: 1396.00M
"output" in: sky130A_mr.drc:582
    Edge pairs: 0 (flat)  0 (hierarchical)
    Elapsed: 0.010s  Memory: 1396.00M
"enclosing" in: sky130A_mr.drc:587
    Edge pairs: 0 (flat)  0 (hierarchical)
    Elapsed: 0.050s  Memory: 1396.00M
"output" in: sky130A_mr.drc:587
    Edge pairs: 0 (flat)  0 (hierarchical)
    Elapsed: 0.000s  Memory: 1396.00M
"-" in: sky130A_mr.drc:588
    Polygons (raw): 0 (flat)  0 (hierarchical)
    Elapsed: 0.030s  Memory: 1396.00M
"output" in: sky130A_mr.drc:588
    Polygons (raw): 0 (flat)  0 (hierarchical)
    Elapsed: 0.000s  Memory: 1396.00M
END: 70/20 (m3)
START: 70/44 (via3)
"drc" in: sky130A_mr.drc:596
    Polygons (raw): 0 (flat)  0 (hierarchical)
    Elapsed: 0.080s  Memory: 1396.00M
"-" in: sky130A_mr.drc:597
    Polygons (raw): 10481 (flat)  10481 (hierarchical)
    Elapsed: 0.010s  Memory: 1396.00M
"-" in: sky130A_mr.drc:602
    Polygons (raw): 10481 (flat)  10481 (hierarchical)
    Elapsed: 0.010s  Memory: 1396.00M
"non_rectangles" in: sky130A_mr.drc:603
    Polygons (raw): 0 (flat)  0 (hierarchical)
    Elapsed: 0.050s  Memory: 1396.00M
"output" in: sky130A_mr.drc:603
    Polygons (raw): 0 (flat)  0 (hierarchical)
    Elapsed: 0.010s  Memory: 1396.00M
"width" in: sky130A_mr.drc:604
    Edge pairs: 0 (flat)  0 (hierarchical)
    Elapsed: 0.010s  Memory: 1396.00M
"output" in: sky130A_mr.drc:604
    Edge pairs: 0 (flat)  0 (hierarchical)
    Elapsed: 0.010s  Memory: 1396.00M
"edges" in: sky130A_mr.drc:605
    Edges: 41924 (flat)  41924 (hierarchical)
    Elapsed: 0.000s  Memory: 1396.00M
"without_length" in: sky130A_mr.drc:605
    Edges: 0 (flat)  0 (hierarchical)
    Elapsed: 0.000s  Memory: 1396.00M
"output" in: sky130A_mr.drc:605
    Edges: 0 (flat)  0 (hierarchical)
    Elapsed: 0.000s  Memory: 1396.00M
"space" in: sky130A_mr.drc:607
    Edge pairs: 0 (flat)  0 (hierarchical)
    Elapsed: 0.040s  Memory: 1396.00M
"output" in: sky130A_mr.drc:607
    Edge pairs: 0 (flat)  0 (hierarchical)
    Elapsed: 0.010s  Memory: 1396.00M
"enclosing" in: sky130A_mr.drc:608
    Edge pairs: 0 (flat)  0 (hierarchical)
    Elapsed: 0.050s  Memory: 1396.00M
"output" in: sky130A_mr.drc:608
    Edge pairs: 0 (flat)  0 (hierarchical)
    Elapsed: 0.010s  Memory: 1396.00M
"-" in: sky130A_mr.drc:609
    Polygons (raw): 0 (flat)  0 (hierarchical)
    Elapsed: 0.040s  Memory: 1396.00M
"output" in: sky130A_mr.drc:609
    Polygons (raw): 0 (flat)  0 (hierarchical)
    Elapsed: 0.010s  Memory: 1396.00M
"enclosing" in: sky130A_mr.drc:611
    Edge pairs: 21154 (flat)  21154 (hierarchical)
    Elapsed: 0.080s  Memory: 1396.00M
"second_edges" in: sky130A_mr.drc:611
    Edges: 21154 (flat)  21154 (hierarchical)
    Elapsed: 0.000s  Memory: 1396.00M
"width" in: sky130A_mr.drc:612
    Edge pairs: 0 (flat)  0 (hierarchical)
    Elapsed: 0.070s  Memory: 1396.00M
"polygons" in: sky130A_mr.drc:613
    Polygons (raw): 0 (flat)  0 (hierarchical)
    Elapsed: 0.010s  Memory: 1396.00M
"interacting" in: sky130A_mr.drc:613
    Polygons (raw): 0 (flat)  0 (hierarchical)
    Elapsed: 0.000s  Memory: 1396.00M
"output" in: sky130A_mr.drc:614
    Polygons (raw): 0 (flat)  0 (hierarchical)
    Elapsed: 0.010s  Memory: 1396.00M
END: 70/44 (via3)
START: 71/20 (m4)
"width" in: sky130A_mr.drc:620
    Edge pairs: 0 (flat)  0 (hierarchical)
    Elapsed: 0.020s  Memory: 1396.00M
"output" in: sky130A_mr.drc:620
    Edge pairs: 0 (flat)  0 (hierarchical)
    Elapsed: 0.010s  Memory: 1396.00M
"sized" in: sky130A_mr.drc:622
    Polygons (raw): 0 (flat)  0 (hierarchical)
    Elapsed: 0.010s  Memory: 1396.00M
"sized" in: sky130A_mr.drc:622
    Polygons (raw): 0 (flat)  0 (hierarchical)
    Elapsed: 0.010s  Memory: 1396.00M
"snap" in: sky130A_mr.drc:622
    Polygons (raw): 0 (flat)  0 (hierarchical)
    Elapsed: 0.010s  Memory: 1396.00M
"&" in: sky130A_mr.drc:622
    Polygons (raw): 0 (flat)  0 (hierarchical)
    Elapsed: 0.010s  Memory: 1396.00M
"edges" in: sky130A_mr.drc:623
    Edges: 2508 (flat)  2508 (hierarchical)
    Elapsed: 0.000s  Memory: 1396.00M
"-" in: sky130A_mr.drc:623
    Edges: 2508 (flat)  2508 (hierarchical)
    Elapsed: 0.000s  Memory: 1396.00M
"edges" in: sky130A_mr.drc:624
    Edges: 0 (flat)  0 (hierarchical)
    Elapsed: 0.000s  Memory: 1396.00M
"merged" in: sky130A_mr.drc:624
    Polygons (raw): 209 (flat)  209 (hierarchical)
    Elapsed: 0.010s  Memory: 1396.00M
"outside_part" in: sky130A_mr.drc:624
    Edges: 0 (flat)  0 (hierarchical)
    Elapsed: 0.010s  Memory: 1396.00M
"space" in: sky130A_mr.drc:626
    Edge pairs: 0 (flat)  0 (hierarchical)
    Elapsed: 0.020s  Memory: 1396.00M
"output" in: sky130A_mr.drc:626
    Edge pairs: 0 (flat)  0 (hierarchical)
    Elapsed: 0.020s  Memory: 1396.00M
"with_area" in: sky130A_mr.drc:628
    Polygons (raw): 0 (flat)  0 (hierarchical)
    Elapsed: 0.000s  Memory: 1396.00M
"output" in: sky130A_mr.drc:628
    Polygons (raw): 0 (flat)  0 (hierarchical)
    Elapsed: 0.000s  Memory: 1396.00M
"separation" in: sky130A_mr.drc:630
    Edge pairs: 0 (flat)  0 (hierarchical)
    Elapsed: 0.030s  Memory: 1396.00M
"space" in: sky130A_mr.drc:630
    Edge pairs: 0 (flat)  0 (hierarchical)
    Elapsed: 0.020s  Memory: 1396.00M
"+" in: sky130A_mr.drc:630
    Edge pairs: 0 (flat)  0 (hierarchical)
    Elapsed: 0.000s  Memory: 1396.00M
"output" in: sky130A_mr.drc:630
    Edge pairs: 0 (flat)  0 (hierarchical)
    Elapsed: 0.010s  Memory: 1396.00M
"enclosing" in: sky130A_mr.drc:635
    Edge pairs: 0 (flat)  0 (hierarchical)
    Elapsed: 0.060s  Memory: 1396.00M
"output" in: sky130A_mr.drc:635
    Edge pairs: 0 (flat)  0 (hierarchical)
    Elapsed: 0.010s  Memory: 1396.00M
"-" in: sky130A_mr.drc:636
    Polygons (raw): 0 (flat)  0 (hierarchical)
    Elapsed: 0.040s  Memory: 1404.00M
"output" in: sky130A_mr.drc:636
    Polygons (raw): 0 (flat)  0 (hierarchical)
    Elapsed: 0.010s  Memory: 1396.00M
END: 71/20 (m4)
START: 71/44 (via4)
"drc" in: sky130A_mr.drc:643
    Polygons (raw): 0 (flat)  0 (hierarchical)
    Elapsed: 0.040s  Memory: 1396.00M
"-" in: sky130A_mr.drc:644
    Polygons (raw): 98 (flat)  98 (hierarchical)
    Elapsed: 0.010s  Memory: 1396.00M
"-" in: sky130A_mr.drc:649
    Polygons (raw): 98 (flat)  98 (hierarchical)
    Elapsed: 0.010s  Memory: 1396.00M
"non_rectangles" in: sky130A_mr.drc:650
    Polygons (raw): 0 (flat)  0 (hierarchical)
    Elapsed: 0.020s  Memory: 1396.00M
"output" in: sky130A_mr.drc:650
    Polygons (raw): 0 (flat)  0 (hierarchical)
    Elapsed: 0.010s  Memory: 1396.00M
"width" in: sky130A_mr.drc:651
    Edge pairs: 0 (flat)  0 (hierarchical)
    Elapsed: 0.020s  Memory: 1396.00M
"output" in: sky130A_mr.drc:651
    Edge pairs: 0 (flat)  0 (hierarchical)
    Elapsed: 0.010s  Memory: 1396.00M
"drc" in: sky130A_mr.drc:652
    Edges: 0 (flat)  0 (hierarchical)
    Elapsed: 0.020s  Memory: 1396.00M
"output" in: sky130A_mr.drc:652
    Edges: 0 (flat)  0 (hierarchical)
    Elapsed: 0.010s  Memory: 1396.00M
"space" in: sky130A_mr.drc:654
    Edge pairs: 0 (flat)  0 (hierarchical)
    Elapsed: 0.020s  Memory: 1396.00M
"polygons" in: sky130A_mr.drc:654
    Polygons (raw): 0 (flat)  0 (hierarchical)
    Elapsed: 0.000s  Memory: 1396.00M
"output" in: sky130A_mr.drc:654
    Polygons (raw): 0 (flat)  0 (hierarchical)
    Elapsed: 0.000s  Memory: 1396.00M
"width" in: sky130A_mr.drc:657
    Edge pairs: 0 (flat)  0 (hierarchical)
    Elapsed: 0.000s  Memory: 1396.00M
"output" in: sky130A_mr.drc:657
    Edge pairs: 0 (flat)  0 (hierarchical)
    Elapsed: 0.010s  Memory: 1396.00M
"drc" in: sky130A_mr.drc:658
    Edge pairs: 0 (flat)  0 (hierarchical)
    Elapsed: 0.040s  Memory: 1396.00M
"output" in: sky130A_mr.drc:658
    Edge pairs: 0 (flat)  0 (hierarchical)
    Elapsed: 0.010s  Memory: 1396.00M
"-" in: sky130A_mr.drc:659
    Polygons (raw): 0 (flat)  0 (hierarchical)
    Elapsed: 0.010s  Memory: 1396.00M
"output" in: sky130A_mr.drc:659
    Polygons (raw): 0 (flat)  0 (hierarchical)
    Elapsed: 0.010s  Memory: 1396.00M
"enclosing" in: sky130A_mr.drc:662
    Edge pairs: 0 (flat)  0 (hierarchical)
    Elapsed: 0.030s  Memory: 1396.00M
"output" in: sky130A_mr.drc:662
    Edge pairs: 0 (flat)  0 (hierarchical)
    Elapsed: 0.010s  Memory: 1396.00M
"-" in: sky130A_mr.drc:663
    Polygons (raw): 0 (flat)  0 (hierarchical)
    Elapsed: 0.030s  Memory: 1396.00M
"output" in: sky130A_mr.drc:663
    Polygons (raw): 0 (flat)  0 (hierarchical)
    Elapsed: 0.010s  Memory: 1396.00M
END: 71/44 (via4)
START: 72/20 (m5)
"width" in: sky130A_mr.drc:668
    Edge pairs: 0 (flat)  0 (hierarchical)
    Elapsed: 0.020s  Memory: 1396.00M
"output" in: sky130A_mr.drc:668
    Edge pairs: 0 (flat)  0 (hierarchical)
    Elapsed: 0.000s  Memory: 1396.00M
"space" in: sky130A_mr.drc:670
    Edge pairs: 0 (flat)  0 (hierarchical)
    Elapsed: 0.030s  Memory: 1404.00M
"output" in: sky130A_mr.drc:670
    Edge pairs: 0 (flat)  0 (hierarchical)
    Elapsed: 0.000s  Memory: 1396.00M
"enclosing" in: sky130A_mr.drc:672
    Edge pairs: 0 (flat)  0 (hierarchical)
    Elapsed: 0.020s  Memory: 1396.00M
"output" in: sky130A_mr.drc:672
    Edge pairs: 0 (flat)  0 (hierarchical)
    Elapsed: 0.010s  Memory: 1396.00M
"-" in: sky130A_mr.drc:673
    Polygons (raw): 0 (flat)  0 (hierarchical)
    Elapsed: 0.010s  Memory: 1396.00M
"output" in: sky130A_mr.drc:673
    Polygons (raw): 0 (flat)  0 (hierarchical)
    Elapsed: 0.000s  Memory: 1396.00M
"with_area" in: sky130A_mr.drc:677
    Polygons (raw): 0 (flat)  0 (hierarchical)
    Elapsed: 0.000s  Memory: 1396.00M
"output" in: sky130A_mr.drc:677
    Polygons (raw): 0 (flat)  0 (hierarchical)
    Elapsed: 0.010s  Memory: 1396.00M
END: 72/20 (m5)
START: 76/20 (pad)
"space" in: sky130A_mr.drc:682
    Edge pairs: 0 (flat)  0 (hierarchical)
    Elapsed: 0.010s  Memory: 1396.00M
"output" in: sky130A_mr.drc:682
    Edge pairs: 0 (flat)  0 (hierarchical)
    Elapsed: 0.010s  Memory: 1396.00M
END: 76/20 (pad)
FEOL section
START: 75/20 (hvi)
"-" in: sky130A_mr.drc:692
    Polygons (raw): 0 (flat)  0 (hierarchical)
    Elapsed: 0.010s  Memory: 1396.00M
"width" in: sky130A_mr.drc:693
    Edge pairs: 0 (flat)  0 (hierarchical)
    Elapsed: 0.010s  Memory: 1396.00M
"output" in: sky130A_mr.drc:693
    Edge pairs: 0 (flat)  0 (hierarchical)
    Elapsed: 0.000s  Memory: 1396.00M
"space" in: sky130A_mr.drc:694
    Edge pairs: 0 (flat)  0 (hierarchical)
    Elapsed: 0.000s  Memory: 1396.00M
"output" in: sky130A_mr.drc:694
    Edge pairs: 0 (flat)  0 (hierarchical)
    Elapsed: 0.010s  Memory: 1396.00M
END: 75/20 (hvi)
START: 125/20 (hvntm)
"-" in: sky130A_mr.drc:699
    Polygons (raw): 0 (flat)  0 (hierarchical)
    Elapsed: 0.010s  Memory: 1396.00M
"width" in: sky130A_mr.drc:700
    Edge pairs: 0 (flat)  0 (hierarchical)
    Elapsed: 0.010s  Memory: 1396.00M
"output" in: sky130A_mr.drc:700
    Edge pairs: 0 (flat)  0 (hierarchical)
    Elapsed: 0.010s  Memory: 1396.00M
"space" in: sky130A_mr.drc:701
    Edge pairs: 0 (flat)  0 (hierarchical)
    Elapsed: 0.010s  Memory: 1396.00M
"output" in: sky130A_mr.drc:701
    Edge pairs: 0 (flat)  0 (hierarchical)
    Elapsed: 0.000s  Memory: 1396.00M
END: 125/20 (hvntm)
Writing report database: /openlane/designs/top_module_project5/runs/RUN_2025.05.29_18.32.50/reports/signoff/violations.xml ..
Total elapsed: 109.520s  Memory: 1396.00M
 
Cell exclusion list:
   rule    | cell
   nwell.6 | sky130_fd_io__gpiov2_amux, sky130_fd_io__simple_pad_and_busses, sram
   nsd.1   | sram
   nsd.2   | sram
   psd.1   | sram
   psd.2   | sram
 
release 2023.6.14_01.08
