OpenROAD b16bda7e82721d10566ff7e2b68f1ff0be9f9e38 
Features included (+) or not (-): +Charts +GPU +GUI +Python
This program is licensed under the BSD-3 license. See the LICENSE file for details.
Components of this program may be licensed under more restrictive licenses which must be honored.
define_corners Typical
read_liberty -corner Typical /home/bugrakurgn/.volare/sky130A/libs.ref/sky130_fd_sc_hd/lib/sky130_fd_sc_hd__tt_025C_1v80.lib
Using 1e-12 for capacitance...
Using 1e+03 for resistance...
Using 1e-09 for time...
Using 1e+00 for voltage...
Using 1e-03 for current...
Using 1e-09 for power...
Using 1e-06 for distance...
[INFO]: Reading ODB at '/openlane/designs/alu/runs/RUN_2025.05.04_12.49.18/tmp/routing/18-global.odb'…
Reading design constraints file at '/openlane/scripts/base.sdc'…
[INFO]: Setting output delay to: 2.0
[INFO]: Setting input delay to: 2.0
[WARNING STA-0366] port '__VIRTUAL_CLK__' not found.
[INFO]: Setting load to: 0.033442
[INFO]: Setting clock uncertainty to: 0.25
[INFO]: Setting clock transition to: 0.15
[WARNING STA-0419] transition time can not be specified for virtual clocks.
[INFO]: Setting timing derate to: 5.0 %
[INFO]: Propagating all clocks
[WARNING STA-0450] virtual clock __VIRTUAL_CLK__ can not be propagated.
min_report

===========================================================================
report_checks -path_delay min (Hold)
============================================================================
======================= Typical Corner ===================================

Startpoint: din2[5] (input port clocked by __VIRTUAL_CLK__)
Endpoint: dout[5] (output port clocked by __VIRTUAL_CLK__)
Path Group: __VIRTUAL_CLK__
Path Type: min

Fanout     Cap    Slew   Delay    Time   Description
-----------------------------------------------------------------------------
                  0.00    0.00    0.00   clock __VIRTUAL_CLK__ (rise edge)
                          0.00    0.00   clock network delay (ideal)
                          2.00    2.00 ^ input external delay
     1    0.00    0.02    0.01    2.01 ^ din2[5] (in)
                                         din2[5] (net)
                  0.02    0.00    2.01 ^ input14/A (sky130_fd_sc_hd__buf_2)
     5    0.01    0.08    0.12    2.12 ^ input14/X (sky130_fd_sc_hd__buf_2)
                                         net14 (net)
                  0.08    0.00    2.12 ^ _233_/A1 (sky130_fd_sc_hd__a311o_1)
     1    0.00    0.05    0.14    2.26 ^ _233_/X (sky130_fd_sc_hd__a311o_1)
                                         _161_ (net)
                  0.05    0.00    2.26 ^ _267_/B1 (sky130_fd_sc_hd__a211o_1)
     1    0.00    0.03    0.08    2.34 ^ _267_/X (sky130_fd_sc_hd__a211o_1)
                                         net25 (net)
                  0.03    0.00    2.34 ^ output25/A (sky130_fd_sc_hd__buf_2)
     1    0.03    0.17    0.18    2.52 ^ output25/X (sky130_fd_sc_hd__buf_2)
                                         dout[5] (net)
                  0.17    0.00    2.52 ^ dout[5] (out)
                                  2.52   data arrival time

                  0.00    0.00    0.00   clock __VIRTUAL_CLK__ (rise edge)
                          0.00    0.00   clock network delay (ideal)
                          0.25    0.25   clock uncertainty
                          0.00    0.25   clock reconvergence pessimism
                         -2.00   -1.75   output external delay
                                 -1.75   data required time
-----------------------------------------------------------------------------
                                 -1.75   data required time
                                 -2.52   data arrival time
-----------------------------------------------------------------------------
                                  4.27   slack (MET)


Startpoint: din1[0] (input port clocked by __VIRTUAL_CLK__)
Endpoint: dout[0] (output port clocked by __VIRTUAL_CLK__)
Path Group: __VIRTUAL_CLK__
Path Type: min

Fanout     Cap    Slew   Delay    Time   Description
-----------------------------------------------------------------------------
                  0.00    0.00    0.00   clock __VIRTUAL_CLK__ (rise edge)
                          0.00    0.00   clock network delay (ideal)
                          2.00    2.00 ^ input external delay
     1    0.00    0.02    0.01    2.01 ^ din1[0] (in)
                                         din1[0] (net)
                  0.02    0.00    2.01 ^ input1/A (sky130_fd_sc_hd__buf_1)
     2    0.00    0.06    0.08    2.09 ^ input1/X (sky130_fd_sc_hd__buf_1)
                                         net1 (net)
                  0.06    0.00    2.09 ^ _190_/A (sky130_fd_sc_hd__buf_2)
    10    0.02    0.12    0.16    2.24 ^ _190_/X (sky130_fd_sc_hd__buf_2)
                                         _118_ (net)
                  0.12    0.00    2.24 ^ _307_/A2 (sky130_fd_sc_hd__a31o_1)
     1    0.00    0.03    0.14    2.38 ^ _307_/X (sky130_fd_sc_hd__a31o_1)
                                         net20 (net)
                  0.03    0.00    2.38 ^ output20/A (sky130_fd_sc_hd__buf_2)
     1    0.03    0.17    0.18    2.56 ^ output20/X (sky130_fd_sc_hd__buf_2)
                                         dout[0] (net)
                  0.17    0.00    2.56 ^ dout[0] (out)
                                  2.56   data arrival time

                  0.00    0.00    0.00   clock __VIRTUAL_CLK__ (rise edge)
                          0.00    0.00   clock network delay (ideal)
                          0.25    0.25   clock uncertainty
                          0.00    0.25   clock reconvergence pessimism
                         -2.00   -1.75   output external delay
                                 -1.75   data required time
-----------------------------------------------------------------------------
                                 -1.75   data required time
                                 -2.56   data arrival time
-----------------------------------------------------------------------------
                                  4.31   slack (MET)


Startpoint: din1[6] (input port clocked by __VIRTUAL_CLK__)
Endpoint: dout[6] (output port clocked by __VIRTUAL_CLK__)
Path Group: __VIRTUAL_CLK__
Path Type: min

Fanout     Cap    Slew   Delay    Time   Description
-----------------------------------------------------------------------------
                  0.00    0.00    0.00   clock __VIRTUAL_CLK__ (rise edge)
                          0.00    0.00   clock network delay (ideal)
                          2.00    2.00 v input external delay
     1    0.00    0.01    0.00    2.00 v din1[6] (in)
                                         din1[6] (net)
                  0.01    0.00    2.00 v input7/A (sky130_fd_sc_hd__clkbuf_2)
     5    0.01    0.05    0.10    2.10 v input7/X (sky130_fd_sc_hd__clkbuf_2)
                                         net7 (net)
                  0.05    0.00    2.10 v _289_/A1 (sky130_fd_sc_hd__o211ai_1)
     1    0.00    0.07    0.16    2.26 ^ _289_/Y (sky130_fd_sc_hd__o211ai_1)
                                         _046_ (net)
                  0.07    0.00    2.26 ^ _290_/B1 (sky130_fd_sc_hd__a31o_1)
     1    0.00    0.04    0.09    2.35 ^ _290_/X (sky130_fd_sc_hd__a31o_1)
                                         _047_ (net)
                  0.04    0.00    2.35 ^ _291_/B1 (sky130_fd_sc_hd__a21o_1)
     1    0.00    0.03    0.06    2.41 ^ _291_/X (sky130_fd_sc_hd__a21o_1)
                                         net26 (net)
                  0.03    0.00    2.41 ^ output26/A (sky130_fd_sc_hd__buf_2)
     1    0.03    0.17    0.18    2.59 ^ output26/X (sky130_fd_sc_hd__buf_2)
                                         dout[6] (net)
                  0.17    0.00    2.59 ^ dout[6] (out)
                                  2.59   data arrival time

                  0.00    0.00    0.00   clock __VIRTUAL_CLK__ (rise edge)
                          0.00    0.00   clock network delay (ideal)
                          0.25    0.25   clock uncertainty
                          0.00    0.25   clock reconvergence pessimism
                         -2.00   -1.75   output external delay
                                 -1.75   data required time
-----------------------------------------------------------------------------
                                 -1.75   data required time
                                 -2.59   data arrival time
-----------------------------------------------------------------------------
                                  4.34   slack (MET)


Startpoint: din1[4] (input port clocked by __VIRTUAL_CLK__)
Endpoint: dout[4] (output port clocked by __VIRTUAL_CLK__)
Path Group: __VIRTUAL_CLK__
Path Type: min

Fanout     Cap    Slew   Delay    Time   Description
-----------------------------------------------------------------------------
                  0.00    0.00    0.00   clock __VIRTUAL_CLK__ (rise edge)
                          0.00    0.00   clock network delay (ideal)
                          2.00    2.00 ^ input external delay
     1    0.00    0.02    0.01    2.01 ^ din1[4] (in)
                                         din1[4] (net)
                  0.02    0.00    2.01 ^ input5/A (sky130_fd_sc_hd__buf_2)
     6    0.02    0.09    0.12    2.13 ^ input5/X (sky130_fd_sc_hd__buf_2)
                                         net5 (net)
                  0.09    0.00    2.13 ^ _341_/A2 (sky130_fd_sc_hd__a31o_1)
     1    0.00    0.04    0.13    2.26 ^ _341_/X (sky130_fd_sc_hd__a31o_1)
                                         _092_ (net)
                  0.04    0.00    2.26 ^ _346_/B (sky130_fd_sc_hd__or3_4)
     1    0.00    0.02    0.09    2.35 ^ _346_/X (sky130_fd_sc_hd__or3_4)
                                         _097_ (net)
                  0.02    0.00    2.35 ^ _347_/A (sky130_fd_sc_hd__clkbuf_1)
     1    0.00    0.03    0.06    2.42 ^ _347_/X (sky130_fd_sc_hd__clkbuf_1)
                                         net24 (net)
                  0.03    0.00    2.42 ^ output24/A (sky130_fd_sc_hd__buf_2)
     1    0.03    0.17    0.18    2.60 ^ output24/X (sky130_fd_sc_hd__buf_2)
                                         dout[4] (net)
                  0.17    0.00    2.60 ^ dout[4] (out)
                                  2.60   data arrival time

                  0.00    0.00    0.00   clock __VIRTUAL_CLK__ (rise edge)
                          0.00    0.00   clock network delay (ideal)
                          0.25    0.25   clock uncertainty
                          0.00    0.25   clock reconvergence pessimism
                         -2.00   -1.75   output external delay
                                 -1.75   data required time
-----------------------------------------------------------------------------
                                 -1.75   data required time
                                 -2.60   data arrival time
-----------------------------------------------------------------------------
                                  4.35   slack (MET)


Startpoint: din1[6] (input port clocked by __VIRTUAL_CLK__)
Endpoint: dout[7] (output port clocked by __VIRTUAL_CLK__)
Path Group: __VIRTUAL_CLK__
Path Type: min

Fanout     Cap    Slew   Delay    Time   Description
-----------------------------------------------------------------------------
                  0.00    0.00    0.00   clock __VIRTUAL_CLK__ (rise edge)
                          0.00    0.00   clock network delay (ideal)
                          2.00    2.00 ^ input external delay
     1    0.00    0.02    0.01    2.01 ^ din1[6] (in)
                                         din1[6] (net)
                  0.02    0.00    2.01 ^ input7/A (sky130_fd_sc_hd__clkbuf_2)
     5    0.01    0.07    0.11    2.12 ^ input7/X (sky130_fd_sc_hd__clkbuf_2)
                                         net7 (net)
                  0.07    0.00    2.12 ^ _270_/A (sky130_fd_sc_hd__and2_1)
     3    0.01    0.07    0.13    2.25 ^ _270_/X (sky130_fd_sc_hd__and2_1)
                                         _027_ (net)
                  0.07    0.00    2.25 ^ _296_/A (sky130_fd_sc_hd__or3_1)
     1    0.00    0.04    0.10    2.35 ^ _296_/X (sky130_fd_sc_hd__or3_1)
                                         _052_ (net)
                  0.04    0.00    2.35 ^ _302_/A3 (sky130_fd_sc_hd__a31o_1)
     1    0.00    0.03    0.12    2.46 ^ _302_/X (sky130_fd_sc_hd__a31o_1)
                                         net27 (net)
                  0.03    0.00    2.46 ^ output27/A (sky130_fd_sc_hd__buf_2)
     1    0.03    0.17    0.18    2.65 ^ output27/X (sky130_fd_sc_hd__buf_2)
                                         dout[7] (net)
                  0.17    0.00    2.65 ^ dout[7] (out)
                                  2.65   data arrival time

                  0.00    0.00    0.00   clock __VIRTUAL_CLK__ (rise edge)
                          0.00    0.00   clock network delay (ideal)
                          0.25    0.25   clock uncertainty
                          0.00    0.25   clock reconvergence pessimism
                         -2.00   -1.75   output external delay
                                 -1.75   data required time
-----------------------------------------------------------------------------
                                 -1.75   data required time
                                 -2.65   data arrival time
-----------------------------------------------------------------------------
                                  4.40   slack (MET)


Startpoint: din2[3] (input port clocked by __VIRTUAL_CLK__)
Endpoint: dout[3] (output port clocked by __VIRTUAL_CLK__)
Path Group: __VIRTUAL_CLK__
Path Type: min

Fanout     Cap    Slew   Delay    Time   Description
-----------------------------------------------------------------------------
                  0.00    0.00    0.00   clock __VIRTUAL_CLK__ (rise edge)
                          0.00    0.00   clock network delay (ideal)
                          2.00    2.00 ^ input external delay
     1    0.00    0.02    0.01    2.01 ^ din2[3] (in)
                                         din2[3] (net)
                  0.02    0.00    2.01 ^ input12/A (sky130_fd_sc_hd__clkbuf_2)
     3    0.01    0.06    0.10    2.11 ^ input12/X (sky130_fd_sc_hd__clkbuf_2)
                                         net12 (net)
                  0.06    0.00    2.11 ^ _191_/A (sky130_fd_sc_hd__buf_4)
    10    0.03    0.10    0.15    2.26 ^ _191_/X (sky130_fd_sc_hd__buf_4)
                                         _119_ (net)
                  0.10    0.00    2.26 ^ _334_/A1 (sky130_fd_sc_hd__a311o_1)
     1    0.00    0.04    0.15    2.41 ^ _334_/X (sky130_fd_sc_hd__a311o_1)
                                         _086_ (net)
                  0.04    0.00    2.41 ^ _335_/C1 (sky130_fd_sc_hd__a221o_1)
     1    0.00    0.03    0.08    2.49 ^ _335_/X (sky130_fd_sc_hd__a221o_1)
                                         net23 (net)
                  0.03    0.00    2.49 ^ output23/A (sky130_fd_sc_hd__buf_2)
     1    0.03    0.17    0.18    2.68 ^ output23/X (sky130_fd_sc_hd__buf_2)
                                         dout[3] (net)
                  0.17    0.00    2.68 ^ dout[3] (out)
                                  2.68   data arrival time

                  0.00    0.00    0.00   clock __VIRTUAL_CLK__ (rise edge)
                          0.00    0.00   clock network delay (ideal)
                          0.25    0.25   clock uncertainty
                          0.00    0.25   clock reconvergence pessimism
                         -2.00   -1.75   output external delay
                                 -1.75   data required time
-----------------------------------------------------------------------------
                                 -1.75   data required time
                                 -2.68   data arrival time
-----------------------------------------------------------------------------
                                  4.43   slack (MET)


Startpoint: op[2] (input port clocked by __VIRTUAL_CLK__)
Endpoint: dout[2] (output port clocked by __VIRTUAL_CLK__)
Path Group: __VIRTUAL_CLK__
Path Type: min

Fanout     Cap    Slew   Delay    Time   Description
-----------------------------------------------------------------------------
                  0.00    0.00    0.00   clock __VIRTUAL_CLK__ (rise edge)
                          0.00    0.00   clock network delay (ideal)
                          2.00    2.00 ^ input external delay
     1    0.00    0.02    0.01    2.01 ^ op[2] (in)
                                         op[2] (net)
                  0.02    0.00    2.01 ^ input19/A (sky130_fd_sc_hd__clkbuf_4)
     7    0.03    0.11    0.16    2.17 ^ input19/X (sky130_fd_sc_hd__clkbuf_4)
                                         net19 (net)
                  0.11    0.00    2.17 ^ _265_/A (sky130_fd_sc_hd__and3_2)
     7    0.01    0.09    0.21    2.39 ^ _265_/X (sky130_fd_sc_hd__and3_2)
                                         _023_ (net)
                  0.09    0.00    2.39 ^ _326_/A2 (sky130_fd_sc_hd__a31o_1)
     1    0.00    0.03    0.13    2.51 ^ _326_/X (sky130_fd_sc_hd__a31o_1)
                                         net22 (net)
                  0.03    0.00    2.51 ^ output22/A (sky130_fd_sc_hd__buf_2)
     1    0.03    0.17    0.18    2.70 ^ output22/X (sky130_fd_sc_hd__buf_2)
                                         dout[2] (net)
                  0.17    0.00    2.70 ^ dout[2] (out)
                                  2.70   data arrival time

                  0.00    0.00    0.00   clock __VIRTUAL_CLK__ (rise edge)
                          0.00    0.00   clock network delay (ideal)
                          0.25    0.25   clock uncertainty
                          0.00    0.25   clock reconvergence pessimism
                         -2.00   -1.75   output external delay
                                 -1.75   data required time
-----------------------------------------------------------------------------
                                 -1.75   data required time
                                 -2.70   data arrival time
-----------------------------------------------------------------------------
                                  4.45   slack (MET)


Startpoint: din1[1] (input port clocked by __VIRTUAL_CLK__)
Endpoint: dout[1] (output port clocked by __VIRTUAL_CLK__)
Path Group: __VIRTUAL_CLK__
Path Type: min

Fanout     Cap    Slew   Delay    Time   Description
-----------------------------------------------------------------------------
                  0.00    0.00    0.00   clock __VIRTUAL_CLK__ (rise edge)
                          0.00    0.00   clock network delay (ideal)
                          2.00    2.00 v input external delay
     1    0.00    0.01    0.00    2.00 v din1[1] (in)
                                         din1[1] (net)
                  0.01    0.00    2.00 v input2/A (sky130_fd_sc_hd__dlymetal6s2s_1)
     4    0.01    0.07    0.14    2.14 v input2/X (sky130_fd_sc_hd__dlymetal6s2s_1)
                                         net2 (net)
                  0.07    0.00    2.14 v _173_/A (sky130_fd_sc_hd__clkbuf_4)
    10    0.02    0.06    0.17    2.31 v _173_/X (sky130_fd_sc_hd__clkbuf_4)
                                         _101_ (net)
                  0.06    0.00    2.31 v _313_/A (sky130_fd_sc_hd__nor2_1)
     1    0.00    0.06    0.08    2.40 ^ _313_/Y (sky130_fd_sc_hd__nor2_1)
                                         _067_ (net)
                  0.06    0.00    2.40 ^ _317_/C (sky130_fd_sc_hd__or4b_1)
     1    0.00    0.03    0.09    2.49 ^ _317_/X (sky130_fd_sc_hd__or4b_1)
                                         _071_ (net)
                  0.03    0.00    2.49 ^ _318_/A (sky130_fd_sc_hd__buf_1)
     1    0.00    0.03    0.07    2.55 ^ _318_/X (sky130_fd_sc_hd__buf_1)
                                         net21 (net)
                  0.03    0.00    2.55 ^ output21/A (sky130_fd_sc_hd__buf_2)
     1    0.03    0.17    0.18    2.73 ^ output21/X (sky130_fd_sc_hd__buf_2)
                                         dout[1] (net)
                  0.17    0.00    2.73 ^ dout[1] (out)
                                  2.73   data arrival time

                  0.00    0.00    0.00   clock __VIRTUAL_CLK__ (rise edge)
                          0.00    0.00   clock network delay (ideal)
                          0.25    0.25   clock uncertainty
                          0.00    0.25   clock reconvergence pessimism
                         -2.00   -1.75   output external delay
                                 -1.75   data required time
-----------------------------------------------------------------------------
                                 -1.75   data required time
                                 -2.73   data arrival time
-----------------------------------------------------------------------------
                                  4.48   slack (MET)



worst slack corner Typical: 4.2733
min_report_end
max_report

===========================================================================
report_checks -path_delay max (Setup)
============================================================================
======================= Typical Corner ===================================

Startpoint: din2[0] (input port clocked by __VIRTUAL_CLK__)
Endpoint: dout[6] (output port clocked by __VIRTUAL_CLK__)
Path Group: __VIRTUAL_CLK__
Path Type: max

Fanout     Cap    Slew   Delay    Time   Description
-----------------------------------------------------------------------------
                  0.00    0.00    0.00   clock __VIRTUAL_CLK__ (rise edge)
                          0.00    0.00   clock network delay (ideal)
                          2.00    2.00 v input external delay
     1    0.00    0.01    0.00    2.00 v din2[0] (in)
                                         din2[0] (net)
                  0.01    0.00    2.00 v input9/A (sky130_fd_sc_hd__clkbuf_2)
     4    0.01    0.04    0.10    2.10 v input9/X (sky130_fd_sc_hd__clkbuf_2)
                                         net9 (net)
                  0.04    0.00    2.10 v _234_/A (sky130_fd_sc_hd__or2_4)
     4    0.01    0.06    0.27    2.37 v _234_/X (sky130_fd_sc_hd__or2_4)
                                         _162_ (net)
                  0.06    0.00    2.37 v _236_/A3 (sky130_fd_sc_hd__o31a_2)
     3    0.01    0.08    0.34    2.71 v _236_/X (sky130_fd_sc_hd__o31a_2)
                                         _164_ (net)
                  0.08    0.00    2.71 v _268_/A3 (sky130_fd_sc_hd__o31a_1)
     2    0.01    0.07    0.28    2.99 v _268_/X (sky130_fd_sc_hd__o31a_1)
                                         _025_ (net)
                  0.07    0.00    2.99 v _269_/B (sky130_fd_sc_hd__xnor2_1)
     2    0.00    0.05    0.14    3.13 v _269_/Y (sky130_fd_sc_hd__xnor2_1)
                                         _026_ (net)
                  0.05    0.00    3.13 v _270_/B (sky130_fd_sc_hd__and2_1)
     3    0.01    0.05    0.17    3.30 v _270_/X (sky130_fd_sc_hd__and2_1)
                                         _027_ (net)
                  0.05    0.00    3.30 v _272_/A (sky130_fd_sc_hd__or2_2)
     2    0.01    0.08    0.34    3.64 v _272_/X (sky130_fd_sc_hd__or2_2)
                                         _029_ (net)
                  0.08    0.00    3.64 v _276_/C1 (sky130_fd_sc_hd__a311oi_4)
     3    0.01    0.22    0.23    3.87 ^ _276_/Y (sky130_fd_sc_hd__a311oi_4)
                                         _033_ (net)
                  0.22    0.00    3.87 ^ _277_/A_N (sky130_fd_sc_hd__and2b_1)
     1    0.00    0.03    0.22    4.08 v _277_/X (sky130_fd_sc_hd__and2b_1)
                                         _034_ (net)
                  0.03    0.00    4.08 v _291_/A2 (sky130_fd_sc_hd__a21o_1)
     1    0.00    0.03    0.17    4.25 v _291_/X (sky130_fd_sc_hd__a21o_1)
                                         net26 (net)
                  0.03    0.00    4.25 v output26/A (sky130_fd_sc_hd__buf_2)
     1    0.03    0.09    0.18    4.43 v output26/X (sky130_fd_sc_hd__buf_2)
                                         dout[6] (net)
                  0.09    0.00    4.43 v dout[6] (out)
                                  4.43   data arrival time

                  0.00   10.00   10.00   clock __VIRTUAL_CLK__ (rise edge)
                          0.00   10.00   clock network delay (ideal)
                         -0.25    9.75   clock uncertainty
                          0.00    9.75   clock reconvergence pessimism
                         -2.00    7.75   output external delay
                                  7.75   data required time
-----------------------------------------------------------------------------
                                  7.75   data required time
                                 -4.43   data arrival time
-----------------------------------------------------------------------------
                                  3.32   slack (MET)


Startpoint: op[0] (input port clocked by __VIRTUAL_CLK__)
Endpoint: dout[7] (output port clocked by __VIRTUAL_CLK__)
Path Group: __VIRTUAL_CLK__
Path Type: max

Fanout     Cap    Slew   Delay    Time   Description
-----------------------------------------------------------------------------
                  0.00    0.00    0.00   clock __VIRTUAL_CLK__ (rise edge)
                          0.00    0.00   clock network delay (ideal)
                          2.00    2.00 v input external delay
     1    0.00    0.01    0.00    2.00 v op[0] (in)
                                         op[0] (net)
                  0.01    0.00    2.00 v input17/A (sky130_fd_sc_hd__clkbuf_2)
     6    0.02    0.07    0.13    2.13 v input17/X (sky130_fd_sc_hd__clkbuf_2)
                                         net17 (net)
                  0.07    0.00    2.13 v _235_/A_N (sky130_fd_sc_hd__nand3b_4)
     5    0.01    0.07    0.18    2.31 v _235_/Y (sky130_fd_sc_hd__nand3b_4)
                                         _163_ (net)
                  0.07    0.00    2.31 v _242_/C (sky130_fd_sc_hd__and3_1)
     2    0.00    0.05    0.20    2.51 v _242_/X (sky130_fd_sc_hd__and3_1)
                                         _000_ (net)
                  0.05    0.00    2.51 v _245_/B (sky130_fd_sc_hd__or3_4)
     2    0.00    0.06    0.37    2.88 v _245_/X (sky130_fd_sc_hd__or3_4)
                                         _003_ (net)
                  0.06    0.00    2.88 v _247_/B (sky130_fd_sc_hd__and3b_2)
     3    0.01    0.06    0.24    3.12 v _247_/X (sky130_fd_sc_hd__and3b_2)
                                         _005_ (net)
                  0.06    0.00    3.12 v _250_/A2 (sky130_fd_sc_hd__o21ai_4)
     4    0.01    0.14    0.16    3.28 ^ _250_/Y (sky130_fd_sc_hd__o21ai_4)
                                         _008_ (net)
                  0.14    0.00    3.28 ^ _257_/A1 (sky130_fd_sc_hd__a311o_4)
     5    0.02    0.09    0.25    3.53 ^ _257_/X (sky130_fd_sc_hd__a311o_4)
                                         _015_ (net)
                  0.09    0.00    3.53 ^ _276_/A3 (sky130_fd_sc_hd__a311oi_4)
     3    0.01    0.08    0.10    3.63 v _276_/Y (sky130_fd_sc_hd__a311oi_4)
                                         _033_ (net)
                  0.08    0.00    3.63 v _296_/B (sky130_fd_sc_hd__or3_1)
     1    0.00    0.06    0.36    3.99 v _296_/X (sky130_fd_sc_hd__or3_1)
                                         _052_ (net)
                  0.06    0.00    3.99 v _302_/A3 (sky130_fd_sc_hd__a31o_1)
     1    0.00    0.03    0.22    4.21 v _302_/X (sky130_fd_sc_hd__a31o_1)
                                         net27 (net)
                  0.03    0.00    4.21 v output27/A (sky130_fd_sc_hd__buf_2)
     1    0.03    0.09    0.18    4.39 v output27/X (sky130_fd_sc_hd__buf_2)
                                         dout[7] (net)
                  0.09    0.00    4.39 v dout[7] (out)
                                  4.39   data arrival time

                  0.00   10.00   10.00   clock __VIRTUAL_CLK__ (rise edge)
                          0.00   10.00   clock network delay (ideal)
                         -0.25    9.75   clock uncertainty
                          0.00    9.75   clock reconvergence pessimism
                         -2.00    7.75   output external delay
                                  7.75   data required time
-----------------------------------------------------------------------------
                                  7.75   data required time
                                 -4.39   data arrival time
-----------------------------------------------------------------------------
                                  3.36   slack (MET)


Startpoint: op[0] (input port clocked by __VIRTUAL_CLK__)
Endpoint: dout[4] (output port clocked by __VIRTUAL_CLK__)
Path Group: __VIRTUAL_CLK__
Path Type: max

Fanout     Cap    Slew   Delay    Time   Description
-----------------------------------------------------------------------------
                  0.00    0.00    0.00   clock __VIRTUAL_CLK__ (rise edge)
                          0.00    0.00   clock network delay (ideal)
                          2.00    2.00 v input external delay
     1    0.00    0.01    0.00    2.00 v op[0] (in)
                                         op[0] (net)
                  0.01    0.00    2.00 v input17/A (sky130_fd_sc_hd__clkbuf_2)
     6    0.02    0.07    0.13    2.13 v input17/X (sky130_fd_sc_hd__clkbuf_2)
                                         net17 (net)
                  0.07    0.00    2.13 v _235_/A_N (sky130_fd_sc_hd__nand3b_4)
     5    0.01    0.07    0.18    2.31 v _235_/Y (sky130_fd_sc_hd__nand3b_4)
                                         _163_ (net)
                  0.07    0.00    2.31 v _242_/C (sky130_fd_sc_hd__and3_1)
     2    0.00    0.05    0.20    2.51 v _242_/X (sky130_fd_sc_hd__and3_1)
                                         _000_ (net)
                  0.05    0.00    2.51 v _245_/B (sky130_fd_sc_hd__or3_4)
     2    0.00    0.06    0.37    2.88 v _245_/X (sky130_fd_sc_hd__or3_4)
                                         _003_ (net)
                  0.06    0.00    2.88 v _247_/B (sky130_fd_sc_hd__and3b_2)
     3    0.01    0.06    0.24    3.12 v _247_/X (sky130_fd_sc_hd__and3b_2)
                                         _005_ (net)
                  0.06    0.00    3.12 v _250_/A2 (sky130_fd_sc_hd__o21ai_4)
     4    0.01    0.14    0.16    3.28 ^ _250_/Y (sky130_fd_sc_hd__o21ai_4)
                                         _008_ (net)
                  0.14    0.00    3.28 ^ _336_/A2 (sky130_fd_sc_hd__a31o_1)
     1    0.00    0.04    0.16    3.44 ^ _336_/X (sky130_fd_sc_hd__a31o_1)
                                         _087_ (net)
                  0.04    0.00    3.44 ^ _337_/B (sky130_fd_sc_hd__nand2_1)
     1    0.00    0.03    0.04    3.48 v _337_/Y (sky130_fd_sc_hd__nand2_1)
                                         _088_ (net)
                  0.03    0.00    3.48 v _338_/C (sky130_fd_sc_hd__and3_1)
     1    0.00    0.04    0.17    3.65 v _338_/X (sky130_fd_sc_hd__and3_1)
                                         _089_ (net)
                  0.04    0.00    3.65 v _346_/A (sky130_fd_sc_hd__or3_4)
     1    0.00    0.06    0.38    4.03 v _346_/X (sky130_fd_sc_hd__or3_4)
                                         _097_ (net)
                  0.06    0.00    4.03 v _347_/A (sky130_fd_sc_hd__clkbuf_1)
     1    0.00    0.02    0.09    4.12 v _347_/X (sky130_fd_sc_hd__clkbuf_1)
                                         net24 (net)
                  0.02    0.00    4.12 v output24/A (sky130_fd_sc_hd__buf_2)
     1    0.03    0.09    0.18    4.30 v output24/X (sky130_fd_sc_hd__buf_2)
                                         dout[4] (net)
                  0.09    0.00    4.30 v dout[4] (out)
                                  4.30   data arrival time

                  0.00   10.00   10.00   clock __VIRTUAL_CLK__ (rise edge)
                          0.00   10.00   clock network delay (ideal)
                         -0.25    9.75   clock uncertainty
                          0.00    9.75   clock reconvergence pessimism
                         -2.00    7.75   output external delay
                                  7.75   data required time
-----------------------------------------------------------------------------
                                  7.75   data required time
                                 -4.30   data arrival time
-----------------------------------------------------------------------------
                                  3.45   slack (MET)


Startpoint: op[0] (input port clocked by __VIRTUAL_CLK__)
Endpoint: dout[5] (output port clocked by __VIRTUAL_CLK__)
Path Group: __VIRTUAL_CLK__
Path Type: max

Fanout     Cap    Slew   Delay    Time   Description
-----------------------------------------------------------------------------
                  0.00    0.00    0.00   clock __VIRTUAL_CLK__ (rise edge)
                          0.00    0.00   clock network delay (ideal)
                          2.00    2.00 v input external delay
     1    0.00    0.01    0.00    2.00 v op[0] (in)
                                         op[0] (net)
                  0.01    0.00    2.00 v input17/A (sky130_fd_sc_hd__clkbuf_2)
     6    0.02    0.07    0.13    2.13 v input17/X (sky130_fd_sc_hd__clkbuf_2)
                                         net17 (net)
                  0.07    0.00    2.13 v _235_/A_N (sky130_fd_sc_hd__nand3b_4)
     5    0.01    0.07    0.18    2.31 v _235_/Y (sky130_fd_sc_hd__nand3b_4)
                                         _163_ (net)
                  0.07    0.00    2.31 v _242_/C (sky130_fd_sc_hd__and3_1)
     2    0.00    0.05    0.20    2.51 v _242_/X (sky130_fd_sc_hd__and3_1)
                                         _000_ (net)
                  0.05    0.00    2.51 v _244_/A1 (sky130_fd_sc_hd__o21a_2)
     4    0.01    0.06    0.25    2.76 v _244_/X (sky130_fd_sc_hd__o21a_2)
                                         _002_ (net)
                  0.06    0.00    2.76 v _247_/A_N (sky130_fd_sc_hd__and3b_2)
     3    0.01    0.09    0.28    3.05 ^ _247_/X (sky130_fd_sc_hd__and3b_2)
                                         _005_ (net)
                  0.09    0.00    3.05 ^ _250_/A2 (sky130_fd_sc_hd__o21ai_4)
     4    0.01    0.05    0.07    3.11 v _250_/Y (sky130_fd_sc_hd__o21ai_4)
                                         _008_ (net)
                  0.05    0.00    3.11 v _257_/A1 (sky130_fd_sc_hd__a311o_4)
     5    0.02    0.08    0.36    3.47 v _257_/X (sky130_fd_sc_hd__a311o_4)
                                         _015_ (net)
                  0.08    0.00    3.47 v _263_/A2 (sky130_fd_sc_hd__a21o_1)
     1    0.00    0.03    0.18    3.66 v _263_/X (sky130_fd_sc_hd__a21o_1)
                                         _021_ (net)
                  0.03    0.00    3.66 v _266_/A (sky130_fd_sc_hd__and3_1)
     1    0.00    0.03    0.13    3.79 v _266_/X (sky130_fd_sc_hd__and3_1)
                                         _024_ (net)
                  0.03    0.00    3.79 v _267_/C1 (sky130_fd_sc_hd__a211o_1)
     1    0.00    0.04    0.22    4.01 v _267_/X (sky130_fd_sc_hd__a211o_1)
                                         net25 (net)
                  0.04    0.00    4.01 v output25/A (sky130_fd_sc_hd__buf_2)
     1    0.03    0.09    0.19    4.19 v output25/X (sky130_fd_sc_hd__buf_2)
                                         dout[5] (net)
                  0.09    0.00    4.19 v dout[5] (out)
                                  4.19   data arrival time

                  0.00   10.00   10.00   clock __VIRTUAL_CLK__ (rise edge)
                          0.00   10.00   clock network delay (ideal)
                         -0.25    9.75   clock uncertainty
                          0.00    9.75   clock reconvergence pessimism
                         -2.00    7.75   output external delay
                                  7.75   data required time
-----------------------------------------------------------------------------
                                  7.75   data required time
                                 -4.19   data arrival time
-----------------------------------------------------------------------------
                                  3.56   slack (MET)


Startpoint: op[0] (input port clocked by __VIRTUAL_CLK__)
Endpoint: dout[3] (output port clocked by __VIRTUAL_CLK__)
Path Group: __VIRTUAL_CLK__
Path Type: max

Fanout     Cap    Slew   Delay    Time   Description
-----------------------------------------------------------------------------
                  0.00    0.00    0.00   clock __VIRTUAL_CLK__ (rise edge)
                          0.00    0.00   clock network delay (ideal)
                          2.00    2.00 v input external delay
     1    0.00    0.01    0.00    2.00 v op[0] (in)
                                         op[0] (net)
                  0.01    0.00    2.00 v input17/A (sky130_fd_sc_hd__clkbuf_2)
     6    0.02    0.07    0.13    2.13 v input17/X (sky130_fd_sc_hd__clkbuf_2)
                                         net17 (net)
                  0.07    0.00    2.13 v _235_/A_N (sky130_fd_sc_hd__nand3b_4)
     5    0.01    0.07    0.18    2.31 v _235_/Y (sky130_fd_sc_hd__nand3b_4)
                                         _163_ (net)
                  0.07    0.00    2.31 v _242_/C (sky130_fd_sc_hd__and3_1)
     2    0.00    0.05    0.20    2.51 v _242_/X (sky130_fd_sc_hd__and3_1)
                                         _000_ (net)
                  0.05    0.00    2.51 v _245_/B (sky130_fd_sc_hd__or3_4)
     2    0.00    0.06    0.37    2.88 v _245_/X (sky130_fd_sc_hd__or3_4)
                                         _003_ (net)
                  0.06    0.00    2.88 v _247_/B (sky130_fd_sc_hd__and3b_2)
     3    0.01    0.06    0.24    3.12 v _247_/X (sky130_fd_sc_hd__and3b_2)
                                         _005_ (net)
                  0.06    0.00    3.12 v _250_/A2 (sky130_fd_sc_hd__o21ai_4)
     4    0.01    0.14    0.16    3.28 ^ _250_/Y (sky130_fd_sc_hd__o21ai_4)
                                         _008_ (net)
                  0.14    0.00    3.28 ^ _328_/B (sky130_fd_sc_hd__nand2_1)
     1    0.00    0.06    0.09    3.36 v _328_/Y (sky130_fd_sc_hd__nand2_1)
                                         _080_ (net)
                  0.06    0.00    3.36 v _329_/B (sky130_fd_sc_hd__xnor2_1)
     1    0.00    0.04    0.13    3.49 v _329_/Y (sky130_fd_sc_hd__xnor2_1)
                                         _081_ (net)
                  0.04    0.00    3.49 v _335_/A2 (sky130_fd_sc_hd__a221o_1)
     1    0.00    0.05    0.34    3.83 v _335_/X (sky130_fd_sc_hd__a221o_1)
                                         net23 (net)
                  0.05    0.00    3.83 v output23/A (sky130_fd_sc_hd__buf_2)
     1    0.03    0.09    0.19    4.02 v output23/X (sky130_fd_sc_hd__buf_2)
                                         dout[3] (net)
                  0.09    0.00    4.02 v dout[3] (out)
                                  4.02   data arrival time

                  0.00   10.00   10.00   clock __VIRTUAL_CLK__ (rise edge)
                          0.00   10.00   clock network delay (ideal)
                         -0.25    9.75   clock uncertainty
                          0.00    9.75   clock reconvergence pessimism
                         -2.00    7.75   output external delay
                                  7.75   data required time
-----------------------------------------------------------------------------
                                  7.75   data required time
                                 -4.02   data arrival time
-----------------------------------------------------------------------------
                                  3.73   slack (MET)


Startpoint: op[0] (input port clocked by __VIRTUAL_CLK__)
Endpoint: dout[1] (output port clocked by __VIRTUAL_CLK__)
Path Group: __VIRTUAL_CLK__
Path Type: max

Fanout     Cap    Slew   Delay    Time   Description
-----------------------------------------------------------------------------
                  0.00    0.00    0.00   clock __VIRTUAL_CLK__ (rise edge)
                          0.00    0.00   clock network delay (ideal)
                          2.00    2.00 v input external delay
     1    0.00    0.01    0.00    2.00 v op[0] (in)
                                         op[0] (net)
                  0.01    0.00    2.00 v input17/A (sky130_fd_sc_hd__clkbuf_2)
     6    0.02    0.07    0.13    2.13 v input17/X (sky130_fd_sc_hd__clkbuf_2)
                                         net17 (net)
                  0.07    0.00    2.13 v _235_/A_N (sky130_fd_sc_hd__nand3b_4)
     5    0.01    0.07    0.18    2.31 v _235_/Y (sky130_fd_sc_hd__nand3b_4)
                                         _163_ (net)
                  0.07    0.00    2.31 v _242_/C (sky130_fd_sc_hd__and3_1)
     2    0.00    0.05    0.20    2.51 v _242_/X (sky130_fd_sc_hd__and3_1)
                                         _000_ (net)
                  0.05    0.00    2.51 v _245_/B (sky130_fd_sc_hd__or3_4)
     2    0.00    0.06    0.37    2.88 v _245_/X (sky130_fd_sc_hd__or3_4)
                                         _003_ (net)
                  0.06    0.00    2.88 v _314_/B (sky130_fd_sc_hd__and2b_1)
     1    0.00    0.03    0.16    3.05 v _314_/X (sky130_fd_sc_hd__and2b_1)
                                         _068_ (net)
                  0.03    0.00    3.05 v _315_/A (sky130_fd_sc_hd__nor2_1)
     2    0.00    0.08    0.10    3.14 ^ _315_/Y (sky130_fd_sc_hd__nor2_1)
                                         _069_ (net)
                  0.08    0.00    3.14 ^ _316_/B (sky130_fd_sc_hd__or3b_1)
     1    0.00    0.03    0.10    3.24 ^ _316_/X (sky130_fd_sc_hd__or3b_1)
                                         _070_ (net)
                  0.03    0.00    3.24 ^ _317_/D_N (sky130_fd_sc_hd__or4b_1)
     1    0.00    0.08    0.43    3.67 v _317_/X (sky130_fd_sc_hd__or4b_1)
                                         _071_ (net)
                  0.08    0.00    3.67 v _318_/A (sky130_fd_sc_hd__buf_1)
     1    0.00    0.02    0.10    3.77 v _318_/X (sky130_fd_sc_hd__buf_1)
                                         net21 (net)
                  0.02    0.00    3.77 v output21/A (sky130_fd_sc_hd__buf_2)
     1    0.03    0.09    0.18    3.95 v output21/X (sky130_fd_sc_hd__buf_2)
                                         dout[1] (net)
                  0.09    0.00    3.95 v dout[1] (out)
                                  3.95   data arrival time

                  0.00   10.00   10.00   clock __VIRTUAL_CLK__ (rise edge)
                          0.00   10.00   clock network delay (ideal)
                         -0.25    9.75   clock uncertainty
                          0.00    9.75   clock reconvergence pessimism
                         -2.00    7.75   output external delay
                                  7.75   data required time
-----------------------------------------------------------------------------
                                  7.75   data required time
                                 -3.95   data arrival time
-----------------------------------------------------------------------------
                                  3.80   slack (MET)


Startpoint: din2[0] (input port clocked by __VIRTUAL_CLK__)
Endpoint: dout[2] (output port clocked by __VIRTUAL_CLK__)
Path Group: __VIRTUAL_CLK__
Path Type: max

Fanout     Cap    Slew   Delay    Time   Description
-----------------------------------------------------------------------------
                  0.00    0.00    0.00   clock __VIRTUAL_CLK__ (rise edge)
                          0.00    0.00   clock network delay (ideal)
                          2.00    2.00 v input external delay
     1    0.00    0.01    0.00    2.00 v din2[0] (in)
                                         din2[0] (net)
                  0.01    0.00    2.00 v input9/A (sky130_fd_sc_hd__clkbuf_2)
     4    0.01    0.04    0.10    2.10 v input9/X (sky130_fd_sc_hd__clkbuf_2)
                                         net9 (net)
                  0.04    0.00    2.10 v _234_/A (sky130_fd_sc_hd__or2_4)
     4    0.01    0.06    0.27    2.37 v _234_/X (sky130_fd_sc_hd__or2_4)
                                         _162_ (net)
                  0.06    0.00    2.37 v _240_/C (sky130_fd_sc_hd__and3_1)
     2    0.01    0.07    0.22    2.59 v _240_/X (sky130_fd_sc_hd__and3_1)
                                         _168_ (net)
                  0.07    0.00    2.59 v _248_/C (sky130_fd_sc_hd__or3_1)
     1    0.00    0.06    0.31    2.90 v _248_/X (sky130_fd_sc_hd__or3_1)
                                         _006_ (net)
                  0.06    0.00    2.90 v _249_/B (sky130_fd_sc_hd__and2_2)
     2    0.01    0.05    0.22    3.12 v _249_/X (sky130_fd_sc_hd__and2_2)
                                         _007_ (net)
                  0.05    0.00    3.12 v _319_/A (sky130_fd_sc_hd__or3_1)
     1    0.00    0.06    0.38    3.50 v _319_/X (sky130_fd_sc_hd__or3_1)
                                         _072_ (net)
                  0.06    0.00    3.50 v _326_/A3 (sky130_fd_sc_hd__a31o_1)
     1    0.00    0.03    0.22    3.72 v _326_/X (sky130_fd_sc_hd__a31o_1)
                                         net22 (net)
                  0.03    0.00    3.72 v output22/A (sky130_fd_sc_hd__buf_2)
     1    0.03    0.09    0.18    3.90 v output22/X (sky130_fd_sc_hd__buf_2)
                                         dout[2] (net)
                  0.09    0.00    3.90 v dout[2] (out)
                                  3.90   data arrival time

                  0.00   10.00   10.00   clock __VIRTUAL_CLK__ (rise edge)
                          0.00   10.00   clock network delay (ideal)
                         -0.25    9.75   clock uncertainty
                          0.00    9.75   clock reconvergence pessimism
                         -2.00    7.75   output external delay
                                  7.75   data required time
-----------------------------------------------------------------------------
                                  7.75   data required time
                                 -3.90   data arrival time
-----------------------------------------------------------------------------
                                  3.85   slack (MET)


Startpoint: op[1] (input port clocked by __VIRTUAL_CLK__)
Endpoint: dout[0] (output port clocked by __VIRTUAL_CLK__)
Path Group: __VIRTUAL_CLK__
Path Type: max

Fanout     Cap    Slew   Delay    Time   Description
-----------------------------------------------------------------------------
                  0.00    0.00    0.00   clock __VIRTUAL_CLK__ (rise edge)
                          0.00    0.00   clock network delay (ideal)
                          2.00    2.00 v input external delay
     1    0.00    0.01    0.00    2.00 v op[1] (in)
                                         op[1] (net)
                  0.01    0.00    2.00 v input18/A (sky130_fd_sc_hd__clkbuf_4)
     7    0.03    0.07    0.16    2.16 v input18/X (sky130_fd_sc_hd__clkbuf_4)
                                         net18 (net)
                  0.07    0.00    2.16 v _171_/B (sky130_fd_sc_hd__or2_2)
     4    0.01    0.09    0.34    2.50 v _171_/X (sky130_fd_sc_hd__or2_2)
                                         _099_ (net)
                  0.09    0.00    2.50 v _224_/B (sky130_fd_sc_hd__or2_1)
     1    0.00    0.04    0.22    2.72 v _224_/X (sky130_fd_sc_hd__or2_1)
                                         _152_ (net)
                  0.04    0.00    2.72 v _225_/A (sky130_fd_sc_hd__clkbuf_4)
     8    0.02    0.05    0.17    2.89 v _225_/X (sky130_fd_sc_hd__clkbuf_4)
                                         _153_ (net)
                  0.05    0.00    2.89 v _306_/A2 (sky130_fd_sc_hd__o21ai_1)
     1    0.00    0.10    0.11    3.00 ^ _306_/Y (sky130_fd_sc_hd__o21ai_1)
                                         _061_ (net)
                  0.10    0.00    3.00 ^ _307_/B1 (sky130_fd_sc_hd__a31o_1)
     1    0.00    0.04    0.10    3.10 ^ _307_/X (sky130_fd_sc_hd__a31o_1)
                                         net20 (net)
                  0.04    0.00    3.10 ^ output20/A (sky130_fd_sc_hd__buf_2)
     1    0.03    0.17    0.20    3.30 ^ output20/X (sky130_fd_sc_hd__buf_2)
                                         dout[0] (net)
                  0.17    0.00    3.30 ^ dout[0] (out)
                                  3.30   data arrival time

                  0.00   10.00   10.00   clock __VIRTUAL_CLK__ (rise edge)
                          0.00   10.00   clock network delay (ideal)
                         -0.25    9.75   clock uncertainty
                          0.00    9.75   clock reconvergence pessimism
                         -2.00    7.75   output external delay
                                  7.75   data required time
-----------------------------------------------------------------------------
                                  7.75   data required time
                                 -3.30   data arrival time
-----------------------------------------------------------------------------
                                  4.45   slack (MET)



worst slack corner Typical: 3.3224
max_report_end
checks_report

===========================================================================
report_checks -unconstrained
===========================================================================
======================= Typical Corner ===================================

Startpoint: din2[0] (input port clocked by __VIRTUAL_CLK__)
Endpoint: dout[6] (output port clocked by __VIRTUAL_CLK__)
Path Group: __VIRTUAL_CLK__
Path Type: max

Fanout     Cap    Slew   Delay    Time   Description
-----------------------------------------------------------------------------
                  0.00    0.00    0.00   clock __VIRTUAL_CLK__ (rise edge)
                          0.00    0.00   clock network delay (ideal)
                          2.00    2.00 v input external delay
     1    0.00    0.01    0.00    2.00 v din2[0] (in)
                                         din2[0] (net)
                  0.01    0.00    2.00 v input9/A (sky130_fd_sc_hd__clkbuf_2)
     4    0.01    0.04    0.10    2.10 v input9/X (sky130_fd_sc_hd__clkbuf_2)
                                         net9 (net)
                  0.04    0.00    2.10 v _234_/A (sky130_fd_sc_hd__or2_4)
     4    0.01    0.06    0.27    2.37 v _234_/X (sky130_fd_sc_hd__or2_4)
                                         _162_ (net)
                  0.06    0.00    2.37 v _236_/A3 (sky130_fd_sc_hd__o31a_2)
     3    0.01    0.08    0.34    2.71 v _236_/X (sky130_fd_sc_hd__o31a_2)
                                         _164_ (net)
                  0.08    0.00    2.71 v _268_/A3 (sky130_fd_sc_hd__o31a_1)
     2    0.01    0.07    0.28    2.99 v _268_/X (sky130_fd_sc_hd__o31a_1)
                                         _025_ (net)
                  0.07    0.00    2.99 v _269_/B (sky130_fd_sc_hd__xnor2_1)
     2    0.00    0.05    0.14    3.13 v _269_/Y (sky130_fd_sc_hd__xnor2_1)
                                         _026_ (net)
                  0.05    0.00    3.13 v _270_/B (sky130_fd_sc_hd__and2_1)
     3    0.01    0.05    0.17    3.30 v _270_/X (sky130_fd_sc_hd__and2_1)
                                         _027_ (net)
                  0.05    0.00    3.30 v _272_/A (sky130_fd_sc_hd__or2_2)
     2    0.01    0.08    0.34    3.64 v _272_/X (sky130_fd_sc_hd__or2_2)
                                         _029_ (net)
                  0.08    0.00    3.64 v _276_/C1 (sky130_fd_sc_hd__a311oi_4)
     3    0.01    0.22    0.23    3.87 ^ _276_/Y (sky130_fd_sc_hd__a311oi_4)
                                         _033_ (net)
                  0.22    0.00    3.87 ^ _277_/A_N (sky130_fd_sc_hd__and2b_1)
     1    0.00    0.03    0.22    4.08 v _277_/X (sky130_fd_sc_hd__and2b_1)
                                         _034_ (net)
                  0.03    0.00    4.08 v _291_/A2 (sky130_fd_sc_hd__a21o_1)
     1    0.00    0.03    0.17    4.25 v _291_/X (sky130_fd_sc_hd__a21o_1)
                                         net26 (net)
                  0.03    0.00    4.25 v output26/A (sky130_fd_sc_hd__buf_2)
     1    0.03    0.09    0.18    4.43 v output26/X (sky130_fd_sc_hd__buf_2)
                                         dout[6] (net)
                  0.09    0.00    4.43 v dout[6] (out)
                                  4.43   data arrival time

                  0.00   10.00   10.00   clock __VIRTUAL_CLK__ (rise edge)
                          0.00   10.00   clock network delay (ideal)
                         -0.25    9.75   clock uncertainty
                          0.00    9.75   clock reconvergence pessimism
                         -2.00    7.75   output external delay
                                  7.75   data required time
-----------------------------------------------------------------------------
                                  7.75   data required time
                                 -4.43   data arrival time
-----------------------------------------------------------------------------
                                  3.32   slack (MET)




===========================================================================
report_checks --slack_max -0.01
============================================================================
======================= Typical Corner ===================================

No paths found.


===========================================================================
 report_check_types -max_slew -max_cap -max_fanout -violators
============================================================================
======================= Typical Corner ===================================


max slew violations count Typical: 0
max fanout violations count Typical: 0
max cap violations count Typical: 0

===========================================================================
report_parasitic_annotation -report_unannotated
============================================================================
Found 225 unannotated drivers.
 din1[0]
 din1[1]
 din1[2]
 din1[3]
 din1[4]
 din1[5]
 din1[6]
 din1[7]
 din2[0]
 din2[1]
 din2[2]
 din2[3]
 din2[4]
 din2[5]
 din2[6]
 din2[7]
 op[0]
 op[1]
 op[2]
 _170_/Y
 _171_/X
 _172_/Y
 _173_/X
 _174_/Y
 _175_/X
 _176_/X
 _177_/Y
 _178_/X
 _179_/X
 _180_/Y
 _181_/X
 _182_/Y
 _183_/Y
 _184_/X
 _185_/Y
 _186_/X
 _187_/Y
 _188_/Y
 _189_/Y
 _190_/X
 _191_/X
 _192_/X
 _193_/Y
 _194_/X
 _195_/X
 _196_/X
 _197_/X
 _198_/X
 _199_/X
 _200_/Y
 _201_/X
 _202_/Y
 _203_/X
 _204_/Y
 _205_/X
 _206_/X
 _207_/Y
 _208_/X
 _209_/Y
 _210_/Y
 _211_/X
 _212_/X
 _213_/X
 _214_/Y
 _215_/Y
 _216_/Y
 _217_/Y
 _218_/X
 _219_/Y
 _220_/X
 _221_/Y
 _222_/Y
 _223_/Y
 _224_/X
 _225_/X
 _226_/Y
 _227_/Y
 _228_/Y
 _229_/X
 _230_/X
 _231_/Y
 _232_/X
 _233_/X
 _234_/X
 _235_/Y
 _236_/X
 _237_/Y
 _238_/Y
 _239_/Y
 _240_/X
 _241_/Y
 _242_/X
 _243_/Y
 _244_/X
 _245_/X
 _246_/X
 _247_/X
 _248_/X
 _249_/X
 _250_/Y
 _251_/X
 _252_/Y
 _253_/Y
 _254_/Y
 _255_/X
 _256_/Y
 _257_/X
 _258_/X
 _259_/Y
 _260_/X
 _261_/Y
 _262_/Y
 _263_/X
 _264_/Y
 _265_/X
 _266_/X
 _267_/X
 _268_/X
 _269_/Y
 _270_/X
 _271_/Y
 _272_/X
 _273_/Y
 _274_/X
 _275_/Y
 _276_/Y
 _277_/X
 _278_/Y
 _279_/Y
 _280_/X
 _281_/Y
 _282_/X
 _283_/X
 _284_/Y
 _285_/Y
 _286_/Y
 _287_/X
 _288_/X
 _289_/Y
 _290_/X
 _291_/X
 _292_/Y
 _293_/X
 _294_/X
 _295_/Y
 _296_/X
 _297_/Y
 _298_/X
 _299_/Y
 _300_/X
 _301_/X
 _302_/X
 _303_/X
 _304_/Y
 _305_/X
 _306_/Y
 _307_/X
 _308_/Y
 _309_/X
 _310_/X
 _311_/X
 _312_/X
 _313_/Y
 _314_/X
 _315_/Y
 _316_/X
 _317_/X
 _318_/X
 _319_/X
 _320_/Y
 _321_/Y
 _322_/X
 _323_/Y
 _324_/X
 _325_/Y
 _326_/X
 _327_/X
 _328_/Y
 _329_/Y
 _330_/X
 _331_/Y
 _332_/X
 _333_/Y
 _334_/X
 _335_/X
 _336_/X
 _337_/Y
 _338_/X
 _339_/Y
 _340_/X
 _341_/X
 _342_/X
 _343_/X
 _344_/Y
 _345_/X
 _346_/X
 _347_/X
 clone1/Y
 input1/X
 input10/X
 input11/X
 input12/X
 input13/X
 input14/X
 input15/X
 input16/X
 input17/X
 input18/X
 input19/X
 input2/X
 input3/X
 input4/X
 input5/X
 input6/X
 input7/X
 input8/X
 input9/X
 output20/X
 output21/X
 output22/X
 output23/X
 output24/X
 output25/X
 output26/X
 output27/X
Found 0 partially unannotated drivers.

===========================================================================
max slew violation count 0
max fanout violation count 0
max cap violation count 0
============================================================================

===========================================================================
check_setup -verbose -unconstrained_endpoints -multiple_clock -no_clock -no_input_delay -loops -generated_clocks
===========================================================================
checks_report_end
power_report

===========================================================================
 report_power
============================================================================
======================= Typical Corner ===================================

Group                  Internal  Switching    Leakage      Total
                          Power      Power      Power      Power (Watts)
----------------------------------------------------------------
Sequential             0.00e+00   0.00e+00   0.00e+00   0.00e+00   0.0%
Combinational          4.52e-05   4.56e-05   7.79e-10   9.08e-05 100.0%
Clock                 -1.72e-11   0.00e+00   1.81e-10   1.64e-10   0.0%
Macro                  0.00e+00   0.00e+00   0.00e+00   0.00e+00   0.0%
Pad                    0.00e+00   0.00e+00   0.00e+00   0.00e+00   0.0%
----------------------------------------------------------------
Total                  4.52e-05   4.56e-05   9.60e-10   9.08e-05 100.0%
                          49.7%      50.3%       0.0%

power_report_end
summary_report

===========================================================================
report_tns
============================================================================
tns 0.00

===========================================================================
report_wns
============================================================================
wns 0.00

===========================================================================
report_worst_slack -max (Setup)
============================================================================
worst slack 3.32

===========================================================================
report_worst_slack -min (Hold)
============================================================================
worst slack 4.27
summary_report_end
area_report

===========================================================================
report_design_area
============================================================================
Design area 1729 u^2 26% utilization.
area_report_end
check_nonpropagated_clocks
__VIRTUAL_CLK__
check_nonpropagated_clocks_end
[WARNING] Did not save OpenROAD database!
