OpenROAD b16bda7e82721d10566ff7e2b68f1ff0be9f9e38 
Features included (+) or not (-): +Charts +GPU +GUI +Python
This program is licensed under the BSD-3 license. See the LICENSE file for details.
Components of this program may be licensed under more restrictive licenses which must be honored.
define_corners Typical
read_liberty -corner Typical /home/bugrakurgn/.volare/sky130A/libs.ref/sky130_fd_sc_hd/lib/sky130_fd_sc_hd__tt_025C_1v80.lib
Using 1e-12 for capacitance...
Using 1e+03 for resistance...
Using 1e-09 for time...
Using 1e+00 for voltage...
Using 1e-03 for current...
Using 1e-09 for power...
Using 1e-06 for distance...
[INFO]: Reading ODB at '/openlane/designs/alu/runs/RUN_2025.05.04_12.49.18/results/routing/alu.odb'…
Reading design constraints file at '/openlane/scripts/base.sdc'…
[INFO]: Setting output delay to: 2.0
[INFO]: Setting input delay to: 2.0
[WARNING STA-0366] port '__VIRTUAL_CLK__' not found.
[INFO]: Setting load to: 0.033442
[INFO]: Setting clock uncertainty to: 0.25
[INFO]: Setting clock transition to: 0.15
[WARNING STA-0419] transition time can not be specified for virtual clocks.
[INFO]: Setting timing derate to: 5.0 %
Net: _050_
  Pin: _295_/B1 (sky130_fd_sc_hd__o21ai_1)
    Layer: met4
      Partial area ratio:    7.11
      Required ratio:    0.00 (Gate area) 
      Partial area ratio:   39.35
      Required ratio: 2862.70 (Side area) 
      Cumulative area ratio:   82.62
      Required ratio:    0.00 (Cumulative area) 
      Cumulative area ratio:  444.81
      Required ratio:    0.00 (Cumulative side area) 

    Layer: met3
      Partial area ratio:   75.07
      Required ratio:    0.00 (Gate area) 
      Partial area ratio:  402.73
      Required ratio:  400.00 (Side area) (VIOLATED)
      Cumulative area ratio:   75.52
      Required ratio:    0.00 (Cumulative area) 
      Cumulative area ratio:  405.46
      Required ratio:    0.00 (Cumulative side area) 

    Layer: met2
      Partial area ratio:    0.45
      Required ratio:    0.00 (Gate area) 
      Partial area ratio:    2.73
      Required ratio:  400.00 (Side area) 
      Cumulative area ratio:    0.45
      Required ratio:    0.00 (Cumulative area) 
      Cumulative area ratio:    2.73
      Required ratio:    0.00 (Cumulative side area) 

    Layer: met1
      Partial area ratio:    0.00
      Required ratio:    0.00 (Gate area) 
      Partial area ratio:    0.00
      Required ratio:  400.00 (Side area) 
      Cumulative area ratio:    0.00
      Required ratio:    0.00 (Cumulative area) 
      Cumulative area ratio:    0.00
      Required ratio:    0.00 (Cumulative side area) 

    Layer: li1
      Partial area ratio:    0.00
      Required ratio:    0.00 (Gate area) 
      Partial area ratio:    0.00
      Required ratio:   75.00 (Side area) 
      Cumulative area ratio:    0.00
      Required ratio:    0.00 (Cumulative area) 
      Cumulative area ratio:    0.00
      Required ratio:    0.00 (Cumulative side area) 

    Via: M3M4_PR
      Partial area ratio:    0.20
      Required ratio:    6.00 (Gate area) 
      Cumulative area ratio:    0.65
      Required ratio:    0.00 (Cumulative area) 

    Via: M2M3_PR
      Partial area ratio:    0.20
      Required ratio:    6.00 (Gate area) 
      Cumulative area ratio:    0.45
      Required ratio:    0.00 (Cumulative area) 

    Via: M1M2_PR
      Partial area ratio:    0.11
      Required ratio:    6.00 (Gate area) 
      Cumulative area ratio:    0.25
      Required ratio:    0.00 (Cumulative area) 

    Via: L1M1_PR_MR
      Partial area ratio:    0.14
      Required ratio:    3.00 (Gate area) 
      Cumulative area ratio:    0.14
      Required ratio:    0.00 (Cumulative area) 

  Pin: _296_/C (sky130_fd_sc_hd__or3_1)
    Layer: met2
      Partial area ratio:   57.48
      Required ratio:    0.00 (Gate area) 
      Partial area ratio:  290.50
      Required ratio: 2862.70 (Side area) 
      Cumulative area ratio:   58.66
      Required ratio:    0.00 (Cumulative area) 
      Cumulative area ratio:  297.17
      Required ratio:    0.00 (Cumulative side area) 

    Layer: met3
      Partial area ratio:    3.45
      Required ratio:    0.00 (Gate area) 
      Partial area ratio:   22.22
      Required ratio: 2862.70 (Side area) 
      Cumulative area ratio:   62.11
      Required ratio:    0.00 (Cumulative area) 
      Cumulative area ratio:  319.39
      Required ratio:    0.00 (Cumulative side area) 

    Layer: met4
      Partial area ratio:    7.11
      Required ratio:    0.00 (Gate area) 
      Partial area ratio:   39.35
      Required ratio: 2862.70 (Side area) 
      Cumulative area ratio:   69.21
      Required ratio:    0.00 (Cumulative area) 
      Cumulative area ratio:  358.74
      Required ratio:    0.00 (Cumulative side area) 

    Layer: met1
      Partial area ratio:    1.18
      Required ratio:    0.00 (Gate area) 
      Partial area ratio:    6.67
      Required ratio:  400.00 (Side area) 
      Cumulative area ratio:    1.18
      Required ratio:    0.00 (Cumulative area) 
      Cumulative area ratio:    6.67
      Required ratio:    0.00 (Cumulative side area) 

    Layer: li1
      Partial area ratio:    0.00
      Required ratio:    0.00 (Gate area) 
      Partial area ratio:    0.00
      Required ratio:   75.00 (Side area) 
      Cumulative area ratio:    0.00
      Required ratio:    0.00 (Cumulative area) 
      Cumulative area ratio:    0.00
      Required ratio:    0.00 (Cumulative side area) 

    Via: M2M3_PR
      Partial area ratio:    0.32
      Required ratio:    6.00 (Gate area) 
      Cumulative area ratio:    0.73
      Required ratio:    0.00 (Cumulative area) 

    Via: M3M4_PR
      Partial area ratio:    0.32
      Required ratio:    6.00 (Gate area) 
      Cumulative area ratio:    1.04
      Required ratio:    0.00 (Cumulative area) 

    Via: M1M2_PR
      Partial area ratio:    0.18
      Required ratio:    6.00 (Gate area) 
      Cumulative area ratio:    0.41
      Required ratio:    0.00 (Cumulative area) 

    Via: L1M1_PR_MR
      Partial area ratio:    0.23
      Required ratio:    3.00 (Gate area) 
      Cumulative area ratio:    0.23
      Required ratio:    0.00 (Cumulative area) 


[INFO ANT-0002] Found 1 net violations.
[INFO ANT-0001] Found 1 pin violations.
