
===========================================================================
report_checks -unconstrained
===========================================================================
======================= Fastest Corner ===================================

Startpoint: din2[0] (input port clocked by __VIRTUAL_CLK__)
Endpoint: dout[5] (output port clocked by __VIRTUAL_CLK__)
Path Group: __VIRTUAL_CLK__
Path Type: max
Corner: Fastest

Fanout     Cap    Slew   Delay    Time   Description
-----------------------------------------------------------------------------
                  0.00    0.00    0.00   clock __VIRTUAL_CLK__ (rise edge)
                          0.00    0.00   clock network delay (ideal)
                          2.00    2.00 ^ input external delay
     1    0.00    0.02    0.01    2.01 ^ din2[0] (in)
                                         din2[0] (net)
                  0.02    0.00    2.01 ^ input9/A (sky130_fd_sc_hd__clkbuf_2)
     4    0.04    0.16    0.16    2.16 ^ input9/X (sky130_fd_sc_hd__clkbuf_2)
                                         net9 (net)
                  0.16    0.00    2.17 ^ _184_/A (sky130_fd_sc_hd__clkbuf_4)
    10    0.07    0.16    0.22    2.39 ^ _184_/X (sky130_fd_sc_hd__clkbuf_4)
                                         _112_ (net)
                  0.16    0.01    2.39 ^ _194_/B2 (sky130_fd_sc_hd__a22o_1)
     2    0.02    0.16    0.18    2.58 ^ _194_/X (sky130_fd_sc_hd__a22o_1)
                                         _122_ (net)
                  0.16    0.00    2.58 ^ _196_/A3 (sky130_fd_sc_hd__a31o_1)
     2    0.01    0.11    0.16    2.74 ^ _196_/X (sky130_fd_sc_hd__a31o_1)
                                         _124_ (net)
                  0.11    0.00    2.74 ^ _198_/C (sky130_fd_sc_hd__and3_1)
     2    0.02    0.15    0.20    2.93 ^ _198_/X (sky130_fd_sc_hd__and3_1)
                                         _126_ (net)
                  0.15    0.00    2.94 ^ _208_/A_N (sky130_fd_sc_hd__and2b_1)
     1    0.02    0.08    0.18    3.11 v _208_/X (sky130_fd_sc_hd__and2b_1)
                                         _136_ (net)
                  0.08    0.00    3.11 v _209_/B (sky130_fd_sc_hd__xnor2_2)
     3    0.03    0.29    0.26    3.38 ^ _209_/Y (sky130_fd_sc_hd__xnor2_2)
                                         _137_ (net)
                  0.29    0.00    3.38 ^ _210_/C (sky130_fd_sc_hd__nand3_1)
     3    0.02    0.13    0.14    3.52 v _210_/Y (sky130_fd_sc_hd__nand3_1)
                                         _138_ (net)
                  0.13    0.00    3.52 v _220_/B (sky130_fd_sc_hd__and3_1)
     1    0.02    0.07    0.19    3.71 v _220_/X (sky130_fd_sc_hd__and3_1)
                                         _148_ (net)
                  0.07    0.00    3.71 v _221_/B (sky130_fd_sc_hd__nor2_1)
     1    0.03    0.38    0.32    4.03 ^ _221_/Y (sky130_fd_sc_hd__nor2_1)
                                         _149_ (net)
                  0.38    0.00    4.03 ^ _267_/A2 (sky130_fd_sc_hd__a211o_1)
     1    0.01    0.08    0.14    4.17 ^ _267_/X (sky130_fd_sc_hd__a211o_1)
                                         net25 (net)
                  0.08    0.00    4.17 ^ output25/A (sky130_fd_sc_hd__buf_2)
     1    0.03    0.13    0.16    4.33 ^ output25/X (sky130_fd_sc_hd__buf_2)
                                         dout[5] (net)
                  0.13    0.00    4.33 ^ dout[5] (out)
                                  4.33   data arrival time

                  0.00   10.00   10.00   clock __VIRTUAL_CLK__ (rise edge)
                          0.00   10.00   clock network delay (ideal)
                         -0.25    9.75   clock uncertainty
                          0.00    9.75   clock reconvergence pessimism
                         -2.00    7.75   output external delay
                                  7.75   data required time
-----------------------------------------------------------------------------
                                  7.75   data required time
                                 -4.33   data arrival time
-----------------------------------------------------------------------------
                                  3.42   slack (MET)



======================= Slowest Corner ===================================

Startpoint: din2[1] (input port clocked by __VIRTUAL_CLK__)
Endpoint: dout[5] (output port clocked by __VIRTUAL_CLK__)
Path Group: __VIRTUAL_CLK__
Path Type: max
Corner: Slowest

Fanout     Cap    Slew   Delay    Time   Description
-----------------------------------------------------------------------------
                  0.00    0.00    0.00   clock __VIRTUAL_CLK__ (rise edge)
                          0.00    0.00   clock network delay (ideal)
                          2.00    2.00 ^ input external delay
     1    0.00    0.03    0.02    2.02 ^ din2[1] (in)
                                         din2[1] (net)
                  0.03    0.00    2.02 ^ input10/A (sky130_fd_sc_hd__clkbuf_2)
     5    0.03    0.29    0.35    2.36 ^ input10/X (sky130_fd_sc_hd__clkbuf_2)
                                         net10 (net)
                  0.29    0.00    2.37 ^ _175_/A (sky130_fd_sc_hd__clkbuf_4)
    10    0.07    0.33    0.56    2.93 ^ _175_/X (sky130_fd_sc_hd__clkbuf_4)
                                         _103_ (net)
                  0.33    0.01    2.93 ^ _185_/A1 (sky130_fd_sc_hd__a22oi_4)
     3    0.03    0.21    0.33    3.26 v _185_/Y (sky130_fd_sc_hd__a22oi_4)
                                         _113_ (net)
                  0.21    0.00    3.27 v _192_/C (sky130_fd_sc_hd__or3_1)
     2    0.02    0.28    1.00    4.27 v _192_/X (sky130_fd_sc_hd__or3_1)
                                         _120_ (net)
                  0.28    0.00    4.27 v _197_/A1 (sky130_fd_sc_hd__a21o_1)
     2    0.02    0.15    0.49    4.76 v _197_/X (sky130_fd_sc_hd__a21o_1)
                                         _125_ (net)
                  0.15    0.00    4.76 v _208_/B (sky130_fd_sc_hd__and2b_1)
     1    0.02    0.21    0.52    5.28 v _208_/X (sky130_fd_sc_hd__and2b_1)
                                         _136_ (net)
                  0.21    0.00    5.28 v _209_/B (sky130_fd_sc_hd__xnor2_2)
     3    0.03    0.62    0.61    5.90 ^ _209_/Y (sky130_fd_sc_hd__xnor2_2)
                                         _137_ (net)
                  0.62    0.00    5.90 ^ _210_/C (sky130_fd_sc_hd__nand3_1)
     3    0.02    0.44    0.61    6.51 v _210_/Y (sky130_fd_sc_hd__nand3_1)
                                         _138_ (net)
                  0.44    0.00    6.51 v _220_/B (sky130_fd_sc_hd__and3_1)
     1    0.02    0.18    0.66    7.18 v _220_/X (sky130_fd_sc_hd__and3_1)
                                         _148_ (net)
                  0.18    0.00    7.18 v _221_/B (sky130_fd_sc_hd__nor2_1)
     1    0.03    0.89    0.79    7.96 ^ _221_/Y (sky130_fd_sc_hd__nor2_1)
                                         _149_ (net)
                  0.89    0.00    7.96 ^ _267_/A2 (sky130_fd_sc_hd__a211o_1)
     1    0.01    0.18    0.61    8.57 ^ _267_/X (sky130_fd_sc_hd__a211o_1)
                                         net25 (net)
                  0.18    0.00    8.57 ^ output25/A (sky130_fd_sc_hd__buf_2)
     1    0.03    0.27    0.42    8.99 ^ output25/X (sky130_fd_sc_hd__buf_2)
                                         dout[5] (net)
                  0.27    0.00    8.99 ^ dout[5] (out)
                                  8.99   data arrival time

                  0.00   10.00   10.00   clock __VIRTUAL_CLK__ (rise edge)
                          0.00   10.00   clock network delay (ideal)
                         -0.25    9.75   clock uncertainty
                          0.00    9.75   clock reconvergence pessimism
                         -2.00    7.75   output external delay
                                  7.75   data required time
-----------------------------------------------------------------------------
                                  7.75   data required time
                                 -8.99   data arrival time
-----------------------------------------------------------------------------
                                 -1.24   slack (VIOLATED)



======================= Typical Corner ===================================

Startpoint: din2[0] (input port clocked by __VIRTUAL_CLK__)
Endpoint: dout[5] (output port clocked by __VIRTUAL_CLK__)
Path Group: __VIRTUAL_CLK__
Path Type: max
Corner: Typical

Fanout     Cap    Slew   Delay    Time   Description
-----------------------------------------------------------------------------
                  0.00    0.00    0.00   clock __VIRTUAL_CLK__ (rise edge)
                          0.00    0.00   clock network delay (ideal)
                          2.00    2.00 ^ input external delay
     1    0.00    0.02    0.01    2.01 ^ din2[0] (in)
                                         din2[0] (net)
                  0.02    0.00    2.01 ^ input9/A (sky130_fd_sc_hd__clkbuf_2)
     4    0.04    0.20    0.22    2.23 ^ input9/X (sky130_fd_sc_hd__clkbuf_2)
                                         net9 (net)
                  0.20    0.00    2.23 ^ _184_/A (sky130_fd_sc_hd__clkbuf_4)
    10    0.07    0.21    0.33    2.56 ^ _184_/X (sky130_fd_sc_hd__clkbuf_4)
                                         _112_ (net)
                  0.21    0.01    2.56 ^ _194_/B2 (sky130_fd_sc_hd__a22o_1)
     2    0.02    0.21    0.30    2.86 ^ _194_/X (sky130_fd_sc_hd__a22o_1)
                                         _122_ (net)
                  0.21    0.00    2.86 ^ _196_/A3 (sky130_fd_sc_hd__a31o_1)
     2    0.01    0.15    0.26    3.12 ^ _196_/X (sky130_fd_sc_hd__a31o_1)
                                         _124_ (net)
                  0.15    0.00    3.12 ^ _198_/C (sky130_fd_sc_hd__and3_1)
     2    0.02    0.20    0.30    3.42 ^ _198_/X (sky130_fd_sc_hd__and3_1)
                                         _126_ (net)
                  0.20    0.00    3.43 ^ _208_/A_N (sky130_fd_sc_hd__and2b_1)
     1    0.02    0.11    0.29    3.72 v _208_/X (sky130_fd_sc_hd__and2b_1)
                                         _136_ (net)
                  0.11    0.00    3.72 v _209_/B (sky130_fd_sc_hd__xnor2_2)
     3    0.03    0.39    0.37    4.09 ^ _209_/Y (sky130_fd_sc_hd__xnor2_2)
                                         _137_ (net)
                  0.39    0.00    4.09 ^ _210_/C (sky130_fd_sc_hd__nand3_1)
     3    0.02    0.20    0.26    4.35 v _210_/Y (sky130_fd_sc_hd__nand3_1)
                                         _138_ (net)
                  0.20    0.00    4.35 v _220_/B (sky130_fd_sc_hd__and3_1)
     1    0.02    0.09    0.30    4.65 v _220_/X (sky130_fd_sc_hd__and3_1)
                                         _148_ (net)
                  0.09    0.00    4.65 v _221_/B (sky130_fd_sc_hd__nor2_1)
     1    0.03    0.53    0.45    5.11 ^ _221_/Y (sky130_fd_sc_hd__nor2_1)
                                         _149_ (net)
                  0.53    0.00    5.11 ^ _267_/A2 (sky130_fd_sc_hd__a211o_1)
     1    0.01    0.11    0.27    5.38 ^ _267_/X (sky130_fd_sc_hd__a211o_1)
                                         net25 (net)
                  0.11    0.00    5.38 ^ output25/A (sky130_fd_sc_hd__buf_2)
     1    0.03    0.17    0.23    5.61 ^ output25/X (sky130_fd_sc_hd__buf_2)
                                         dout[5] (net)
                  0.17    0.00    5.61 ^ dout[5] (out)
                                  5.61   data arrival time

                  0.00   10.00   10.00   clock __VIRTUAL_CLK__ (rise edge)
                          0.00   10.00   clock network delay (ideal)
                         -0.25    9.75   clock uncertainty
                          0.00    9.75   clock reconvergence pessimism
                         -2.00    7.75   output external delay
                                  7.75   data required time
-----------------------------------------------------------------------------
                                  7.75   data required time
                                 -5.61   data arrival time
-----------------------------------------------------------------------------
                                  2.14   slack (MET)




===========================================================================
report_checks --slack_max -0.01
============================================================================
======================= Fastest Corner ===================================

No paths found.

======================= Slowest Corner ===================================

Startpoint: din2[1] (input port clocked by __VIRTUAL_CLK__)
Endpoint: dout[5] (output port clocked by __VIRTUAL_CLK__)
Path Group: __VIRTUAL_CLK__
Path Type: max
Corner: Slowest

Fanout     Cap    Slew   Delay    Time   Description
-----------------------------------------------------------------------------
                  0.00    0.00    0.00   clock __VIRTUAL_CLK__ (rise edge)
                          0.00    0.00   clock network delay (ideal)
                          2.00    2.00 ^ input external delay
     1    0.00    0.03    0.02    2.02 ^ din2[1] (in)
                                         din2[1] (net)
                  0.03    0.00    2.02 ^ input10/A (sky130_fd_sc_hd__clkbuf_2)
     5    0.03    0.29    0.35    2.36 ^ input10/X (sky130_fd_sc_hd__clkbuf_2)
                                         net10 (net)
                  0.29    0.00    2.37 ^ _175_/A (sky130_fd_sc_hd__clkbuf_4)
    10    0.07    0.33    0.56    2.93 ^ _175_/X (sky130_fd_sc_hd__clkbuf_4)
                                         _103_ (net)
                  0.33    0.01    2.93 ^ _185_/A1 (sky130_fd_sc_hd__a22oi_4)
     3    0.03    0.21    0.33    3.26 v _185_/Y (sky130_fd_sc_hd__a22oi_4)
                                         _113_ (net)
                  0.21    0.00    3.27 v _192_/C (sky130_fd_sc_hd__or3_1)
     2    0.02    0.28    1.00    4.27 v _192_/X (sky130_fd_sc_hd__or3_1)
                                         _120_ (net)
                  0.28    0.00    4.27 v _197_/A1 (sky130_fd_sc_hd__a21o_1)
     2    0.02    0.15    0.49    4.76 v _197_/X (sky130_fd_sc_hd__a21o_1)
                                         _125_ (net)
                  0.15    0.00    4.76 v _208_/B (sky130_fd_sc_hd__and2b_1)
     1    0.02    0.21    0.52    5.28 v _208_/X (sky130_fd_sc_hd__and2b_1)
                                         _136_ (net)
                  0.21    0.00    5.28 v _209_/B (sky130_fd_sc_hd__xnor2_2)
     3    0.03    0.62    0.61    5.90 ^ _209_/Y (sky130_fd_sc_hd__xnor2_2)
                                         _137_ (net)
                  0.62    0.00    5.90 ^ _210_/C (sky130_fd_sc_hd__nand3_1)
     3    0.02    0.44    0.61    6.51 v _210_/Y (sky130_fd_sc_hd__nand3_1)
                                         _138_ (net)
                  0.44    0.00    6.51 v _220_/B (sky130_fd_sc_hd__and3_1)
     1    0.02    0.18    0.66    7.18 v _220_/X (sky130_fd_sc_hd__and3_1)
                                         _148_ (net)
                  0.18    0.00    7.18 v _221_/B (sky130_fd_sc_hd__nor2_1)
     1    0.03    0.89    0.79    7.96 ^ _221_/Y (sky130_fd_sc_hd__nor2_1)
                                         _149_ (net)
                  0.89    0.00    7.96 ^ _267_/A2 (sky130_fd_sc_hd__a211o_1)
     1    0.01    0.18    0.61    8.57 ^ _267_/X (sky130_fd_sc_hd__a211o_1)
                                         net25 (net)
                  0.18    0.00    8.57 ^ output25/A (sky130_fd_sc_hd__buf_2)
     1    0.03    0.27    0.42    8.99 ^ output25/X (sky130_fd_sc_hd__buf_2)
                                         dout[5] (net)
                  0.27    0.00    8.99 ^ dout[5] (out)
                                  8.99   data arrival time

                  0.00   10.00   10.00   clock __VIRTUAL_CLK__ (rise edge)
                          0.00   10.00   clock network delay (ideal)
                         -0.25    9.75   clock uncertainty
                          0.00    9.75   clock reconvergence pessimism
                         -2.00    7.75   output external delay
                                  7.75   data required time
-----------------------------------------------------------------------------
                                  7.75   data required time
                                 -8.99   data arrival time
-----------------------------------------------------------------------------
                                 -1.24   slack (VIOLATED)



======================= Typical Corner ===================================

No paths found.


===========================================================================
 report_check_types -max_slew -max_cap -max_fanout -violators
============================================================================
======================= Fastest Corner ===================================


max slew violations count Fastest: 0
max fanout violations count Fastest: 0
max cap violations count Fastest: 0
======================= Slowest Corner ===================================

max slew

Pin                                    Limit    Slew   Slack
------------------------------------------------------------
_232_/B1                                0.75    0.90   -0.15 (VIOLATED)
_298_/B1                                0.75    0.90   -0.15 (VIOLATED)
_309_/B1                                0.75    0.90   -0.15 (VIOLATED)
_322_/B1                                0.75    0.90   -0.15 (VIOLATED)
_340_/B                                 0.75    0.90   -0.15 (VIOLATED)
_228_/Y                                 0.75    0.90   -0.15 (VIOLATED)
_332_/B1                                0.75    0.90   -0.15 (VIOLATED)
_267_/A2                                0.75    0.89   -0.14 (VIOLATED)
_221_/Y                                 0.75    0.89   -0.14 (VIOLATED)
_336_/B1                                0.75    0.78   -0.03 (VIOLATED)
_327_/A                                 0.75    0.78   -0.03 (VIOLATED)
_257_/B1                                0.75    0.78   -0.03 (VIOLATED)
_254_/Y                                 0.75    0.78   -0.03 (VIOLATED)
_343_/B1                                0.75    0.78   -0.03 (VIOLATED)
_339_/Y                                 0.75    0.78   -0.03 (VIOLATED)
_340_/A_N                               0.75    0.78   -0.03 (VIOLATED)


max slew violations count Slowest: 16
max fanout violations count Slowest: 0
max cap violations count Slowest: 0
======================= Typical Corner ===================================


max slew violations count Typical: 0
max fanout violations count Typical: 0
max cap violations count Typical: 0

===========================================================================
report_parasitic_annotation -report_unannotated
============================================================================
Found 0 unannotated drivers.
Found 0 partially unannotated drivers.

===========================================================================
max slew violation count 16
max fanout violation count 0
max cap violation count 0
============================================================================

===========================================================================
check_setup -verbose -unconstrained_endpoints -multiple_clock -no_clock -no_input_delay -loops -generated_clocks
===========================================================================
