
===========================================================================
 report_power
============================================================================
======================= Fastest Corner ===================================

Group                  Internal  Switching    Leakage      Total
                          Power      Power      Power      Power (Watts)
----------------------------------------------------------------
Sequential             0.00e+00   0.00e+00   0.00e+00   0.00e+00   0.0%
Combinational          5.03e-05   1.40e-04   1.76e-09   1.90e-04 100.0%
Clock                 -8.20e-11   0.00e+00   7.73e-10   6.91e-10   0.0%
Macro                  0.00e+00   0.00e+00   0.00e+00   0.00e+00   0.0%
Pad                    0.00e+00   0.00e+00   0.00e+00   0.00e+00   0.0%
----------------------------------------------------------------
Total                  5.03e-05   1.40e-04   2.54e-09   1.90e-04 100.0%
                          26.4%      73.6%       0.0%

======================= Slowest Corner ===================================

Group                  Internal  Switching    Leakage      Total
                          Power      Power      Power      Power (Watts)
----------------------------------------------------------------
Sequential             0.00e+00   0.00e+00   0.00e+00   0.00e+00   0.0%
Combinational          3.67e-05   9.37e-05   9.89e-07   1.31e-04 100.0%
Clock                 -3.62e-11   0.00e+00   7.75e-10   7.39e-10   0.0%
Macro                  0.00e+00   0.00e+00   0.00e+00   0.00e+00   0.0%
Pad                    0.00e+00   0.00e+00   0.00e+00   0.00e+00   0.0%
----------------------------------------------------------------
Total                  3.67e-05   9.37e-05   9.90e-07   1.31e-04 100.0%
                          27.9%      71.3%       0.8%

======================= Typical Corner ===================================

Group                  Internal  Switching    Leakage      Total
                          Power      Power      Power      Power (Watts)
----------------------------------------------------------------
Sequential             0.00e+00   0.00e+00   0.00e+00   0.00e+00   0.0%
Combinational          4.59e-05   1.19e-04   7.79e-10   1.65e-04 100.0%
Clock                 -3.45e-11   0.00e+00   7.73e-10   7.39e-10   0.0%
Macro                  0.00e+00   0.00e+00   0.00e+00   0.00e+00   0.0%
Pad                    0.00e+00   0.00e+00   0.00e+00   0.00e+00   0.0%
----------------------------------------------------------------
Total                  4.59e-05   1.19e-04   1.55e-09   1.65e-04 100.0%
                          27.8%      72.2%       0.0%

