
===========================================================================
report_checks -unconstrained
===========================================================================
======================= Typical Corner ===================================

Startpoint: reset (input port clocked by clk)
Endpoint: _2807_ (recovery check against rising-edge clock clk)
Path Group: asynchronous
Path Type: max

Fanout     Cap    Slew   Delay    Time   Description
-----------------------------------------------------------------------------
                          0.00    0.00   clock clk (rise edge)
                          0.00    0.00   clock network delay (propagated)
                         10.00   10.00 v input external delay
     1    0.01    0.02    0.01   10.01 v reset (in)
                                         reset (net)
                  0.02    0.00   10.01 v input2/A (sky130_fd_sc_hd__buf_8)
     3    0.06    0.05    0.14   10.15 v input2/X (sky130_fd_sc_hd__buf_8)
                                         net2 (net)
                  0.06    0.02   10.17 v _1687_/A (sky130_fd_sc_hd__inv_2)
     1    0.04    0.19    0.17   10.34 ^ _1687_/Y (sky130_fd_sc_hd__inv_2)
                                         _0002_ (net)
                  0.19    0.01   10.35 ^ _2807_/RESET_B (sky130_fd_sc_hd__dfrtp_4)
                                 10.35   data arrival time

                         50.00   50.00   clock clk (rise edge)
                          0.00   50.00   clock source latency
     1    0.07    0.31    0.20   50.20 ^ clk (in)
                                         clk (net)
                  0.31    0.00   50.20 ^ clkbuf_0_clk/A (sky130_fd_sc_hd__clkbuf_16)
     4    0.04    0.07    0.22   50.42 ^ clkbuf_0_clk/X (sky130_fd_sc_hd__clkbuf_16)
                                         clknet_0_clk (net)
                  0.07    0.00   50.42 ^ clkbuf_2_0_0_clk/A (sky130_fd_sc_hd__clkbuf_8)
     2    0.01    0.03    0.12   50.54 ^ clkbuf_2_0_0_clk/X (sky130_fd_sc_hd__clkbuf_8)
                                         clknet_2_0_0_clk (net)
                  0.03    0.00   50.54 ^ clkbuf_3_1_0_clk/A (sky130_fd_sc_hd__clkbuf_8)
     2    0.02    0.05    0.12   50.65 ^ clkbuf_3_1_0_clk/X (sky130_fd_sc_hd__clkbuf_8)
                                         clknet_3_1_0_clk (net)
                  0.05    0.00   50.65 ^ clkbuf_4_2__f_clk/A (sky130_fd_sc_hd__clkbuf_16)
     9    0.04    0.06    0.14   50.79 ^ clkbuf_4_2__f_clk/X (sky130_fd_sc_hd__clkbuf_16)
                                         clknet_4_2__leaf_clk (net)
                  0.06    0.00   50.79 ^ _2807_/CLK (sky130_fd_sc_hd__dfrtp_4)
                         -0.25   50.54   clock uncertainty
                          0.00   50.54   clock reconvergence pessimism
                          0.18   50.72   library recovery time
                                 50.72   data required time
-----------------------------------------------------------------------------
                                 50.72   data required time
                                -10.35   data arrival time
-----------------------------------------------------------------------------
                                 40.37   slack (MET)


Startpoint: control (input port clocked by clk)
Endpoint: seg_out[4] (output port clocked by clk)
Path Group: clk
Path Type: max

Fanout     Cap    Slew   Delay    Time   Description
-----------------------------------------------------------------------------
                          0.00    0.00   clock clk (rise edge)
                          0.00    0.00   clock network delay (propagated)
                         10.00   10.00 ^ input external delay
     1    0.01    0.06    0.04   10.04 ^ control (in)
                                         control (net)
                  0.06    0.00   10.04 ^ input1/A (sky130_fd_sc_hd__buf_12)
     5    0.02    0.04    0.11   10.15 ^ input1/X (sky130_fd_sc_hd__buf_12)
                                         net1 (net)
                  0.04    0.00   10.15 ^ _1794_/B1 (sky130_fd_sc_hd__o31a_4)
     3    0.04    0.12    0.21   10.35 ^ _1794_/X (sky130_fd_sc_hd__o31a_4)
                                         _0251_ (net)
                  0.12    0.01   10.36 ^ load_slew426/A (sky130_fd_sc_hd__buf_8)
     3    0.10    0.16    0.19   10.55 ^ load_slew426/X (sky130_fd_sc_hd__buf_8)
                                         net426 (net)
                  0.18    0.04   10.59 ^ max_cap425/A (sky130_fd_sc_hd__buf_12)
     4    0.09    0.11    0.18   10.77 ^ max_cap425/X (sky130_fd_sc_hd__buf_12)
                                         net425 (net)
                  0.12    0.03   10.80 ^ _1814_/A (sky130_fd_sc_hd__buf_12)
    10    0.08    0.11    0.18   10.98 ^ _1814_/X (sky130_fd_sc_hd__buf_12)
                                         _0271_ (net)
                  0.11    0.00   10.98 ^ _1823_/S (sky130_fd_sc_hd__mux2_8)
     1    0.06    0.11    0.45   11.43 v _1823_/X (sky130_fd_sc_hd__mux2_8)
                                         _0280_ (net)
                  0.11    0.02   11.45 v _1824_/B (sky130_fd_sc_hd__nand2_8)
     2    0.01    0.06    0.11   11.56 ^ _1824_/Y (sky130_fd_sc_hd__nand2_8)
                                         _0281_ (net)
                  0.06    0.00   11.56 ^ _1862_/A3 (sky130_fd_sc_hd__a31oi_4)
     2    0.00    0.06    0.08   11.64 v _1862_/Y (sky130_fd_sc_hd__a31oi_4)
                                         _0318_ (net)
                  0.06    0.00   11.64 v wire368/A (sky130_fd_sc_hd__buf_4)
     2    0.01    0.03    0.14   11.79 v wire368/X (sky130_fd_sc_hd__buf_4)
                                         net368 (net)
                  0.03    0.00   11.79 v wire366/A (sky130_fd_sc_hd__clkbuf_8)
     3    0.04    0.05    0.16   11.94 v wire366/X (sky130_fd_sc_hd__clkbuf_8)
                                         net366 (net)
                  0.05    0.00   11.94 v _1863_/B (sky130_fd_sc_hd__or4_4)
     3    0.06    0.17    0.68   12.62 v _1863_/X (sky130_fd_sc_hd__or4_4)
                                         _0319_ (net)
                  0.18    0.01   12.63 v wire346/A (sky130_fd_sc_hd__buf_8)
     3    0.01    0.03    0.19   12.81 v wire346/X (sky130_fd_sc_hd__buf_8)
                                         net346 (net)
                  0.03    0.00   12.81 v _1864_/A (sky130_fd_sc_hd__buf_12)
    10    0.15    0.08    0.16   12.98 v _1864_/X (sky130_fd_sc_hd__buf_12)
                                         _0320_ (net)
                  0.08    0.00   12.98 v _1970_/A1 (sky130_fd_sc_hd__o31ai_2)
     1    0.00    0.16    0.24   13.21 ^ _1970_/Y (sky130_fd_sc_hd__o31ai_2)
                                         _0420_ (net)
                  0.16    0.00   13.21 ^ wire294/A (sky130_fd_sc_hd__clkbuf_4)
     1    0.00    0.03    0.16   13.37 ^ wire294/X (sky130_fd_sc_hd__clkbuf_4)
                                         net294 (net)
                  0.03    0.00   13.37 ^ wire293/A (sky130_fd_sc_hd__buf_4)
     1    0.00    0.03    0.10   13.47 ^ wire293/X (sky130_fd_sc_hd__buf_4)
                                         net293 (net)
                  0.03    0.00   13.47 ^ wire292/A (sky130_fd_sc_hd__buf_6)
     1    0.01    0.03    0.08   13.55 ^ wire292/X (sky130_fd_sc_hd__buf_6)
                                         net292 (net)
                  0.03    0.00   13.55 ^ wire291/A (sky130_fd_sc_hd__buf_8)
     1    0.00    0.02    0.08   13.63 ^ wire291/X (sky130_fd_sc_hd__buf_8)
                                         net291 (net)
                  0.02    0.00   13.63 ^ _1973_/A1 (sky130_fd_sc_hd__a21oi_2)
     1    0.00    0.06    0.03   13.67 v _1973_/Y (sky130_fd_sc_hd__a21oi_2)
                                         _0423_ (net)
                  0.06    0.00   13.67 v wire261/A (sky130_fd_sc_hd__buf_4)
     2    0.01    0.03    0.15   13.81 v wire261/X (sky130_fd_sc_hd__buf_4)
                                         net261 (net)
                  0.03    0.00   13.81 v _1977_/C (sky130_fd_sc_hd__or3_4)
     2    0.12    0.23    0.49   14.30 v _1977_/X (sky130_fd_sc_hd__or3_4)
                                         _0427_ (net)
                  0.27    0.08   14.38 v _1978_/B (sky130_fd_sc_hd__nand2_8)
     4    0.13    0.24    0.29   14.67 ^ _1978_/Y (sky130_fd_sc_hd__nand2_8)
                                         _0428_ (net)
                  0.24    0.02   14.69 ^ _2014_/A3 (sky130_fd_sc_hd__o31ai_4)
     1    0.02    0.08    0.11   14.80 v _2014_/Y (sky130_fd_sc_hd__o31ai_4)
                                         _0463_ (net)
                  0.08    0.00   14.80 v wire182/A (sky130_fd_sc_hd__clkbuf_4)
     1    0.03    0.07    0.19   14.99 v wire182/X (sky130_fd_sc_hd__clkbuf_4)
                                         net182 (net)
                  0.07    0.00   15.00 v wire181/A (sky130_fd_sc_hd__buf_4)
     1    0.03    0.05    0.18   15.17 v wire181/X (sky130_fd_sc_hd__buf_4)
                                         net181 (net)
                  0.05    0.00   15.18 v wire180/A (sky130_fd_sc_hd__buf_6)
     1    0.03    0.04    0.14   15.32 v wire180/X (sky130_fd_sc_hd__buf_6)
                                         net180 (net)
                  0.04    0.00   15.32 v _2015_/B1 (sky130_fd_sc_hd__a31o_4)
     2    0.09    0.14    0.31   15.63 v _2015_/X (sky130_fd_sc_hd__a31o_4)
                                         _0464_ (net)
                  0.14    0.03   15.66 v _2059_/A1 (sky130_fd_sc_hd__a211oi_1)
     1    0.01    0.25    0.30   15.95 ^ _2059_/Y (sky130_fd_sc_hd__a211oi_1)
                                         _0507_ (net)
                  0.25    0.00   15.95 ^ wire132/A (sky130_fd_sc_hd__clkbuf_2)
     1    0.03    0.15    0.25   16.21 ^ wire132/X (sky130_fd_sc_hd__clkbuf_2)
                                         net132 (net)
                  0.15    0.00   16.21 ^ wire131/A (sky130_fd_sc_hd__buf_4)
     3    0.03    0.09    0.19   16.40 ^ wire131/X (sky130_fd_sc_hd__buf_4)
                                         net131 (net)
                  0.09    0.00   16.40 ^ max_cap130/A (sky130_fd_sc_hd__buf_2)
     1    0.03    0.14    0.20   16.60 ^ max_cap130/X (sky130_fd_sc_hd__buf_2)
                                         net130 (net)
                  0.14    0.01   16.61 ^ wire129/A (sky130_fd_sc_hd__buf_4)
     1    0.03    0.08    0.18   16.79 ^ wire129/X (sky130_fd_sc_hd__buf_4)
                                         net129 (net)
                  0.08    0.00   16.80 ^ wire128/A (sky130_fd_sc_hd__clkbuf_8)
     2    0.03    0.06    0.16   16.96 ^ wire128/X (sky130_fd_sc_hd__clkbuf_8)
                                         net128 (net)
                  0.06    0.00   16.96 ^ _2093_/A (sky130_fd_sc_hd__nor2_4)
     2    0.01    0.07    0.05   17.01 v _2093_/Y (sky130_fd_sc_hd__nor2_4)
                                         _0541_ (net)
                  0.07    0.00   17.01 v max_cap125/A (sky130_fd_sc_hd__buf_6)
     2    0.08    0.08    0.17   17.18 v max_cap125/X (sky130_fd_sc_hd__buf_6)
                                         net125 (net)
                  0.10    0.03   17.21 v _2111_/A1 (sky130_fd_sc_hd__o31ai_2)
     1    0.01    0.34    0.40   17.62 ^ _2111_/Y (sky130_fd_sc_hd__o31ai_2)
                                         _0559_ (net)
                  0.34    0.00   17.62 ^ wire113/A (sky130_fd_sc_hd__clkbuf_4)
     1    0.03    0.09    0.28   17.89 ^ wire113/X (sky130_fd_sc_hd__clkbuf_4)
                                         net113 (net)
                  0.10    0.00   17.90 ^ wire112/A (sky130_fd_sc_hd__buf_4)
     1    0.03    0.08    0.17   18.06 ^ wire112/X (sky130_fd_sc_hd__buf_4)
                                         net112 (net)
                  0.08    0.00   18.07 ^ wire111/A (sky130_fd_sc_hd__buf_6)
     1    0.03    0.07    0.13   18.20 ^ wire111/X (sky130_fd_sc_hd__buf_6)
                                         net111 (net)
                  0.07    0.00   18.21 ^ wire110/A (sky130_fd_sc_hd__buf_8)
     1    0.03    0.05    0.12   18.33 ^ wire110/X (sky130_fd_sc_hd__buf_8)
                                         net110 (net)
                  0.06    0.00   18.33 ^ _2119_/A2_N (sky130_fd_sc_hd__a2bb2o_4)
     1    0.08    0.12    0.31   18.64 v _2119_/X (sky130_fd_sc_hd__a2bb2o_4)
                                         _0567_ (net)
                  0.13    0.03   18.67 v _2120_/A (sky130_fd_sc_hd__buf_12)
     7    0.04    0.04    0.18   18.85 v _2120_/X (sky130_fd_sc_hd__buf_12)
                                         net12 (net)
                  0.04    0.00   18.85 v _2122_/A3 (sky130_fd_sc_hd__a31o_4)
     1    0.00    0.04    0.24   19.09 v _2122_/X (sky130_fd_sc_hd__a31o_4)
                                         _0569_ (net)
                  0.04    0.00   19.09 v _2123_/B2 (sky130_fd_sc_hd__o22a_4)
     2    0.01    0.05    0.20   19.29 v _2123_/X (sky130_fd_sc_hd__o22a_4)
                                         _0570_ (net)
                  0.05    0.00   19.29 v _2124_/A (sky130_fd_sc_hd__buf_12)
    10    0.06    0.05    0.15   19.44 v _2124_/X (sky130_fd_sc_hd__buf_12)
                                         _0571_ (net)
                  0.05    0.00   19.44 v _2215_/B (sky130_fd_sc_hd__or2_4)
     3    0.11    0.17    0.35   19.80 v _2215_/X (sky130_fd_sc_hd__or2_4)
                                         _0655_ (net)
                  0.20    0.06   19.85 v _2227_/A2 (sky130_fd_sc_hd__a21oi_1)
     1    0.01    0.21    0.29   20.14 ^ _2227_/Y (sky130_fd_sc_hd__a21oi_1)
                                         _0664_ (net)
                  0.21    0.00   20.14 ^ wire48/A (sky130_fd_sc_hd__buf_4)
     1    0.05    0.14    0.24   20.38 ^ wire48/X (sky130_fd_sc_hd__buf_4)
                                         net48 (net)
                  0.14    0.01   20.39 ^ _2228_/B1 (sky130_fd_sc_hd__a21oi_4)
     1    0.00    0.04    0.04   20.43 v _2228_/Y (sky130_fd_sc_hd__a21oi_4)
                                         net43 (net)
                  0.04    0.00   20.43 v wire47/A (sky130_fd_sc_hd__buf_6)
     1    0.01    0.03    0.12   20.55 v wire47/X (sky130_fd_sc_hd__buf_6)
                                         net47 (net)
                  0.03    0.00   20.55 v wire46/A (sky130_fd_sc_hd__buf_12)
     1    0.00    0.02    0.11   20.66 v wire46/X (sky130_fd_sc_hd__buf_12)
                                         net46 (net)
                  0.02    0.00   20.66 v output43/A (sky130_fd_sc_hd__buf_2)
     1    0.03    0.09    0.18   20.84 v output43/X (sky130_fd_sc_hd__buf_2)
                                         seg_out[4] (net)
                  0.09    0.00   20.84 v seg_out[4] (out)
                                 20.84   data arrival time

                         50.00   50.00   clock clk (rise edge)
                          0.00   50.00   clock network delay (propagated)
                         -0.25   49.75   clock uncertainty
                          0.00   49.75   clock reconvergence pessimism
                        -10.00   39.75   output external delay
                                 39.75   data required time
-----------------------------------------------------------------------------
                                 39.75   data required time
                                -20.84   data arrival time
-----------------------------------------------------------------------------
                                 18.91   slack (MET)




===========================================================================
report_checks --slack_max -0.01
============================================================================
======================= Typical Corner ===================================

No paths found.


===========================================================================
 report_check_types -max_slew -max_cap -max_fanout -violators
============================================================================
======================= Typical Corner ===================================

max fanout

Pin                                   Limit Fanout  Slack
---------------------------------------------------------
clkbuf_4_11__f_clk/X                     10     12     -2 (VIOLATED)
clkbuf_4_13__f_clk/X                     10     11        (VIOLATED)
clkbuf_4_14__f_clk/X                     10     11        (VIOLATED)
clkbuf_4_4__f_clk/X                      10     11        (VIOLATED)
clkbuf_4_9__f_clk/X                      10     11        (VIOLATED)


max slew violations count Typical: 0
max fanout violations count Typical: 5
max cap violations count Typical: 0

===========================================================================
report_parasitic_annotation -report_unannotated
============================================================================
Found 34 unannotated drivers.
 clkload0/X
 clkload1/Y
 clkload10/X
 clkload11/X
 clkload12/X
 clkload13/X
 clkload14/X
 clkload15/Y
 clkload16/Y
 clkload17/Y
 clkload18/X
 clkload19/X
 clkload2/Y
 clkload20/X
 clkload21/X
 clkload22/X
 clkload23/X
 clkload24/X
 clkload25/X
 clkload26/X
 clkload27/X
 clkload28/X
 clkload29/X
 clkload3/Y
 clkload30/X
 clkload31/X
 clkload32/X
 clkload33/X
 clkload4/X
 clkload5/Y
 clkload6/Y
 clkload7/Y
 clkload8/X
 clkload9/X
Found 1219 partially unannotated drivers.
 clk
 _1290_/Y
 _1292_/X
 _1295_/X
 _1297_/X
 _1298_/X
 _1301_/X
 _1304_/X
 _1307_/X
 _1308_/X
 _1309_/X
 _1313_/Y
 _1314_/Y
 _1315_/Y
 _1316_/Y
 _1318_/Y
 _1320_/X
 _1322_/Y
 _1325_/X
 _1327_/X
 _1328_/Y
 _1331_/X
 _1332_/Y
 _1333_/Y
 _1334_/X
 _1335_/Y
 _1337_/X
 _1339_/X
 _1341_/Y
 _1342_/X
 _1345_/X
 _1348_/X
 _1349_/X
 _1350_/X
 _1351_/X
 _1353_/X
 _1355_/X
 _1360_/X
 _1361_/X
 _1362_/X
 _1363_/X
 _1364_/X
 _1367_/X
 _1368_/X
 _1369_/X
 _1373_/X
 _1374_/X
 _1377_/X
 _1378_/X
 _1379_/X
 _1381_/X
 _1382_/X
 _1383_/X
 _1386_/X
 _1387_/X
 _1390_/X
 _1391_/X
 _1392_/X
 _1393_/X
 _1397_/X
 _1398_/X
 _1399_/X
 _1401_/X
 _1402_/X
 _1403_/X
 _1406_/X
 _1408_/X
 _1411_/X
 _1412_/X
 _1413_/X
 _1414_/X
 _1415_/X
 _1416_/X
 _1419_/X
 _1421_/X
 _1422_/X
 _1423_/X
 _1425_/X
 _1426_/X
 _1428_/X
 _1429_/X
 _1430_/X
 _1431_/X
 _1432_/X
 _1433_/X
 _1434_/X
 _1436_/X
 _1437_/X
 _1438_/X
 _1439_/X
 _1441_/X
 _1444_/X
 _1445_/X
 _1446_/X
 _1447_/X
 _1449_/X
 _1450_/X
 _1452_/X
 _1456_/X
 _1457_/X
 _1458_/X
 _1465_/X
 _1466_/X
 _1471_/X
 _1472_/X
 _1478_/X
 _1479_/X
 _1483_/X
 _1484_/X
 _1486_/X
 _1488_/X
 _1491_/X
 _1492_/X
 _1499_/X
 _1500_/X
 _1501_/X
 _1502_/X
 _1507_/X
 _1508_/X
 _1510_/X
 _1512_/X
 _1513_/X
 _1514_/X
 _1516_/X
 _1517_/X
 _1518_/X
 _1521_/X
 _1522_/X
 _1528_/X
 _1530_/X
 _1531_/X
 _1532_/X
 _1533_/X
 _1536_/X
 _1537_/X
 _1538_/X
 _1539_/X
 _1540_/X
 _1541_/X
 _1544_/X
 _1545_/X
 _1546_/X
 _1547_/X
 _1548_/X
 _1549_/X
 _1551_/X
 _1553_/X
 _1556_/X
 _1559_/X
 _1561_/X
 _1563_/X
 _1568_/X
 _1569_/X
 _1570_/X
 _1571_/X
 _1572_/X
 _1573_/X
 _1574_/X
 _1575_/X
 _1577_/X
 _1578_/X
 _1580_/X
 _1581_/X
 _1582_/X
 _1583_/X
 _1586_/X
 _1588_/X
 _1590_/X
 _1594_/X
 _1600_/X
 _1601_/X
 _1607_/X
 _1608_/X
 _1612_/X
 _1613_/X
 _1614_/X
 _1615_/X
 _1617_/X
 _1619_/X
 _1620_/X
 _1625_/X
 _1627_/X
 _1628_/X
 _1629_/X
 _1634_/X
 _1636_/X
 _1639_/X
 _1640_/X
 _1644_/X
 _1653_/X
 _1655_/X
 _1657_/X
 _1660_/X
 _1661_/X
 _1663_/X
 _1668_/X
 _1669_/X
 _1671_/X
 _1672_/X
 _1673_/X
 _1674_/X
 _1675_/X
 _1676_/X
 _1677_/X
 _1679_/X
 _1681_/X
 _1682_/Y
 _1683_/Y
 _1685_/Y
 _1686_/Y
 _1689_/X
 _1690_/X
 _1692_/X
 _1695_/X
 _1698_/X
 _1700_/X
 _1701_/X
 _1704_/X
 _1708_/X
 _1709_/X
 _1710_/X
 _1713_/X
 _1714_/X
 _1718_/X
 _1721_/X
 _1724_/X
 _1725_/X
 _1731_/X
 _1734_/X
 _1735_/X
 _1736_/X
 _1737_/X
 _1738_/X
 _1739_/X
 _1740_/X
 _1741_/X
 _1742_/X
 _1745_/X
 _1746_/X
 _1750_/X
 _1752_/X
 _1754_/X
 _1757_/Y
 _1759_/X
 _1760_/X
 _1761_/X
 _1762_/X
 _1763_/X
 _1764_/X
 _1765_/Y
 _1767_/Y
 _1768_/X
 _1770_/Y
 _1771_/Y
 _1772_/X
 _1773_/Y
 _1774_/X
 _1775_/Y
 _1777_/X
 _1778_/Y
 _1779_/Y
 _1780_/Y
 _1781_/Y
 _1782_/X
 _1784_/Y
 _1786_/X
 _1787_/Y
 _1788_/Y
 _1789_/Y
 _1790_/X
 _1791_/Y
 _1792_/Y
 _1793_/Y
 _1795_/X
 _1797_/Y
 _1798_/X
 _1800_/X
 _1801_/X
 _1802_/X
 _1804_/Y
 _1805_/X
 _1807_/X
 _1808_/X
 _1809_/Y
 _1810_/X
 _1811_/X
 _1812_/X
 _1813_/X
 _1814_/X
 _1817_/X
 _1819_/X
 _1821_/X
 _1822_/Y
 _1824_/Y
 _1826_/X
 _1828_/X
 _1829_/Y
 _1831_/Y
 _1835_/X
 _1837_/X
 _1838_/Y
 _1839_/X
 _1840_/X
 _1841_/X
 _1842_/X
 _1843_/X
 _1844_/X
 _1849_/Y
 _1854_/X
 _1856_/Y
 _1859_/X
 _1861_/X
 _1862_/Y
 _1864_/X
 _1865_/X
 _1866_/X
 _1867_/Y
 _1868_/X
 _1869_/X
 _1874_/X
 _1875_/Y
 _1876_/X
 _1879_/X
 _1883_/X
 _1888_/X
 _1889_/X
 _1890_/X
 _1891_/X
 _1894_/X
 _1897_/X
 _1898_/X
 _1901_/X
 _1902_/X
 _1903_/X
 _1905_/X
 _1909_/X
 _1910_/X
 _1912_/X
 _1913_/X
 _1914_/X
 _1915_/X
 _1916_/X
 _1917_/X
 _1919_/Y
 _1920_/X
 _1921_/Y
 _1922_/X
 _1923_/Y
 _1926_/X
 _1927_/X
 _1928_/Y
 _1929_/X
 _1930_/X
 _1931_/X
 _1932_/X
 _1936_/X
 _1937_/X
 _1938_/X
 _1939_/X
 _1940_/X
 _1943_/Y
 _1944_/X
 _1945_/X
 _1947_/X
 _1948_/Y
 _1949_/Y
 _1950_/Y
 _1951_/X
 _1954_/Y
 _1955_/X
 _1957_/X
 _1958_/Y
 _1959_/X
 _1960_/X
 _1962_/Y
 _1963_/X
 _1965_/X
 _1966_/X
 _1967_/X
 _1968_/X
 _1969_/X
 _1970_/Y
 _1971_/X
 _1972_/X
 _1973_/Y
 _1978_/Y
 _1981_/X
 _1982_/X
 _1985_/X
 _1986_/X
 _1987_/X
 _1988_/X
 _1989_/X
 _1995_/X
 _1997_/X
 _1998_/X
 _1999_/X
 _2001_/Y
 _2002_/X
 _2003_/Y
 _2006_/X
 _2007_/X
 _2009_/Y
 _2010_/X
 _2011_/Y
 _2012_/Y
 _2013_/X
 _2016_/X
 _2018_/X
 _2019_/X
 _2020_/Y
 _2025_/Y
 _2027_/Y
 _2030_/Y
 _2031_/X
 _2032_/X
 _2034_/X
 _2035_/X
 _2036_/X
 _2037_/X
 _2038_/X
 _2040_/X
 _2042_/X
 _2043_/X
 _2046_/X
 _2048_/X
 _2051_/X
 _2052_/X
 _2053_/X
 _2055_/Y
 _2061_/X
 _2064_/X
 _2065_/X
 _2066_/X
 _2067_/X
 _2068_/X
 _2069_/X
 _2070_/X
 _2072_/X
 _2073_/Y
 _2075_/Y
 _2076_/X
 _2077_/X
 _2078_/X
 _2079_/X
 _2080_/X
 _2081_/X
 _2084_/X
 _2085_/X
 _2086_/X
 _2089_/X
 _2091_/Y
 _2093_/Y
 _2094_/X
 _2095_/Y
 _2097_/X
 _2098_/X
 _2099_/X
 _2100_/X
 _2101_/X
 _2102_/X
 _2103_/Y
 _2104_/Y
 _2105_/X
 _2106_/X
 _2109_/Y
 _2110_/X
 _2112_/X
 _2113_/X
 _2114_/X
 _2115_/X
 _2116_/X
 _2117_/X
 _2118_/X
 _2120_/X
 _2122_/X
 _2123_/X
 _2124_/X
 _2127_/Y
 _2132_/X
 _2133_/X
 _2135_/Y
 _2137_/X
 _2138_/X
 _2139_/Y
 _2145_/Y
 _2146_/X
 _2147_/X
 _2148_/X
 _2150_/X
 _2155_/X
 _2156_/X
 _2157_/Y
 _2158_/X
 _2160_/X
 _2163_/X
 _2164_/X
 _2165_/X
 _2166_/X
 _2167_/X
 _2168_/X
 _2170_/Y
 _2171_/X
 _2172_/X
 _2174_/X
 _2175_/X
 _2177_/Y
 _2178_/Y
 _2179_/X
 _2180_/X
 _2183_/Y
 _2184_/X
 _2185_/Y
 _2186_/X
 _2187_/X
 _2188_/X
 _2191_/X
 _2192_/X
 _2195_/X
 _2196_/X
 _2197_/Y
 _2199_/X
 _2202_/X
 _2203_/X
 _2204_/Y
 _2205_/X
 _2206_/X
 _2209_/Y
 _2211_/X
 _2212_/Y
 _2213_/X
 _2215_/X
 _2216_/Y
 _2217_/Y
 _2218_/Y
 _2219_/X
 _2222_/X
 _2223_/Y
 _2225_/X
 _2226_/X
 _2228_/Y
 _2231_/X
 _2232_/X
 _2233_/X
 _2234_/X
 _2235_/X
 _2239_/X
 _2240_/X
 _2244_/Y
 _2247_/X
 _2248_/Y
 _2250_/Y
 _2251_/X
 _2252_/Y
 _2253_/X
 _2254_/X
 _2255_/X
 _2256_/X
 _2257_/X
 _2258_/X
 _2261_/X
 _2263_/X
 _2264_/X
 _2266_/X
 _2270_/X
 _2273_/X
 _2274_/X
 _2276_/Y
 _2278_/Y
 _2279_/X
 _2280_/X
 _2281_/X
 _2282_/X
 _2285_/X
 _2286_/X
 _2287_/X
 _2288_/Y
 _2292_/X
 _2296_/X
 _2297_/X
 _2299_/Y
 _2300_/Y
 _2302_/X
 _2303_/Y
 _2305_/X
 _2306_/X
 _2310_/X
 _2311_/X
 _2317_/X
 _2318_/X
 _2321_/Y
 _2322_/X
 _2323_/Y
 _2324_/Y
 _2325_/Y
 _2326_/Y
 _2327_/X
 _2329_/X
 _2331_/X
 _2332_/X
 _2334_/X
 _2335_/Y
 _2336_/X
 _2337_/X
 _2339_/X
 _2341_/X
 _2344_/Y
 _2346_/Y
 _2348_/X
 _2351_/X
 _2352_/X
 _2353_/X
 _2355_/X
 _2358_/Y
 _2359_/X
 _2362_/Y
 _2364_/X
 _2365_/X
 _2367_/X
 _2370_/X
 _2371_/X
 _2372_/X
 _2373_/X
 _2375_/Y
 _2376_/X
 _2378_/Y
 _2380_/X
 _2382_/X
 _2384_/X
 _2386_/X
 _2388_/Y
 _2389_/X
 _2390_/Y
 _2393_/X
 _2395_/X
 _2396_/X
 _2397_/X
 _2398_/X
 _2402_/X
 _2404_/X
 _2405_/X
 _2406_/X
 _2409_/X
 _2410_/X
 _2412_/Y
 _2414_/X
 _2416_/X
 _2417_/X
 _2418_/Y
 _2419_/Y
 _2421_/X
 _2423_/X
 _2424_/X
 _2425_/X
 _2426_/Y
 _2427_/X
 _2428_/X
 _2429_/X
 _2431_/X
 _2432_/X
 _2433_/X
 _2440_/Y
 _2441_/X
 _2442_/X
 _2443_/X
 _2444_/X
 _2445_/Y
 _2446_/Y
 _2447_/X
 _2448_/X
 _2451_/Y
 _2454_/Y
 _2455_/Y
 _2456_/X
 _2457_/X
 _2458_/X
 _2459_/X
 _2460_/X
 _2461_/X
 _2464_/X
 _2466_/X
 _2467_/Y
 _2474_/Y
 _2475_/Y
 _2476_/X
 _2477_/X
 _2478_/Y
 _2479_/X
 _2480_/X
 _2481_/X
 _2484_/Y
 _2486_/X
 _2487_/X
 _2488_/X
 _2489_/X
 _2493_/X
 _2495_/Y
 _2496_/Y
 _2498_/Y
 _2499_/X
 _2501_/X
 _2502_/X
 _2503_/X
 _2504_/X
 _2507_/X
 _2508_/X
 _2509_/X
 _2513_/X
 _2514_/X
 _2515_/Y
 _2516_/Y
 _2517_/X
 _2519_/X
 _2520_/X
 _2521_/X
 _2523_/X
 _2525_/Y
 _2526_/X
 _2527_/X
 _2528_/X
 _2530_/X
 _2531_/X
 _2532_/X
 _2533_/Y
 _2539_/Y
 _2540_/Y
 _2541_/Y
 _2543_/X
 _2544_/X
 _2546_/X
 _2547_/Y
 _2548_/Y
 _2549_/X
 _2557_/X
 _2558_/X
 _2559_/X
 _2560_/X
 _2561_/X
 _2562_/Y
 _2564_/X
 _2565_/X
 _2566_/X
 _2570_/X
 _2572_/X
 _2573_/Y
 _2577_/Y
 _2578_/X
 _2579_/X
 _2580_/X
 _2581_/Y
 _2582_/X
 _2583_/X
 _2584_/X
 _2585_/X
 _2586_/X
 _2589_/Y
 _2592_/Y
 _2593_/Y
 _2594_/X
 _2597_/Y
 _2602_/X
 _2603_/X
 _2604_/X
 _2606_/X
 _2607_/X
 _2608_/X
 _2609_/X
 _2611_/Y
 _2612_/X
 _2613_/Y
 _2614_/Y
 _2615_/X
 _2616_/Y
 _2617_/Y
 _2619_/X
 _2620_/X
 _2622_/X
 _2623_/Q
 _2628_/Q
 _2629_/Q
 _2630_/Q
 _2632_/Q
 _2636_/Q
 _2637_/Q
 _2638_/Q
 _2643_/Q
 _2645_/Q
 _2646_/Q
 _2648_/Q
 _2650_/Q
 _2654_/Q
 _2655_/Q
 _2657_/Q
 _2658_/Q
 _2661_/Q
 _2662_/Q
 _2663_/Q
 _2664_/Q
 _2665_/Q
 _2666_/Q
 _2667_/Q
 _2668_/Q
 _2669_/Q
 _2670_/Q
 _2672_/Q
 _2673_/Q
 _2674_/Q
 _2676_/Q
 _2677_/Q
 _2678_/Q
 _2679_/Q
 _2680_/Q
 _2681_/Q
 _2682_/Q
 _2683_/Q
 _2684_/Q
 _2685_/Q
 _2686_/Q
 _2688_/Q
 _2689_/Q
 _2690_/Q
 _2692_/Q
 _2693_/Q
 _2695_/Q
 _2696_/Q
 _2697_/Q
 _2698_/Q
 _2699_/Q
 _2700_/Q
 _2701_/Q
 _2702_/Q
 _2704_/Q
 _2705_/Q
 _2706_/Q
 _2707_/Q
 _2708_/Q
 _2709_/Q
 _2710_/Q
 _2711_/Q
 _2714_/Q
 _2715_/Q
 _2716_/Q
 _2717_/Q
 _2718_/Q
 _2719_/Q
 _2720_/Q
 _2721_/Q
 _2722_/Q
 _2725_/Q
 _2727_/Q
 _2730_/Q
 _2731_/Q
 _2732_/Q
 _2733_/Q
 _2734_/Q
 _2735_/Q
 _2736_/Q
 _2737_/Q
 _2738_/Q
 _2739_/Q
 _2741_/Q
 _2742_/Q
 _2745_/Q
 _2748_/Q
 _2749_/Q
 _2750_/Q
 _2752_/Q
 _2753_/Q
 _2754_/Q
 _2755_/Q
 _2756_/Q
 _2757_/Q
 _2758_/Q
 _2759_/Q
 _2760_/Q
 _2762_/Q
 _2763_/Q
 _2765_/Q
 _2766_/Q
 _2767_/Q
 _2768_/Q
 _2770_/Q
 _2771_/Q
 _2773_/Q
 _2774_/Q
 _2775_/Q
 _2778_/Q
 _2781_/Q
 _2784_/Q
 _2785_/Q
 _2786_/Q
 _2789_/Q
 _2790_/Q
 _2792_/Q
 _2794_/Q
 _2797_/Q
 _2799_/Q
 _2801_/Q
 _2802_/Q
 _2803_/Q
 _2804_/Q
 _2806_/Q
 _2807_/Q
 _2808_/Q
 _2809_/Q
 _2810_/Q
 _2811_/Q
 _2813_/Q
 _2814_/Q
 _2817_/Q
 _2818_/Q
 _2821_/Q
 _2823_/Q
 _2824_/Q
 _2826_/Q
 _2829_/Q
 _2832_/Q
 _2833_/Q
 _2834_/Q
 _2835_/Q
 _2836_/Q
 _2837_/Q
 clkbuf_0_clk/X
 clkbuf_2_0_0_clk/X
 clkbuf_2_1_0_clk/X
 clkbuf_2_2_0_clk/X
 clkbuf_2_3_0_clk/X
 clkbuf_3_0_0_clk/X
 clkbuf_3_1_0_clk/X
 clkbuf_3_2_0_clk/X
 clkbuf_3_3_0_clk/X
 clkbuf_3_4_0_clk/X
 clkbuf_3_5_0_clk/X
 clkbuf_3_6_0_clk/X
 clkbuf_3_7_0_clk/X
 clkbuf_4_0__f_clk/X
 clkbuf_4_10__f_clk/X
 clkbuf_4_11__f_clk/X
 clkbuf_4_12__f_clk/X
 clkbuf_4_13__f_clk/X
 clkbuf_4_14__f_clk/X
 clkbuf_4_15__f_clk/X
 clkbuf_4_1__f_clk/X
 clkbuf_4_2__f_clk/X
 clkbuf_4_3__f_clk/X
 clkbuf_4_4__f_clk/X
 clkbuf_4_5__f_clk/X
 clkbuf_4_6__f_clk/X
 clkbuf_4_7__f_clk/X
 clkbuf_4_8__f_clk/X
 clkbuf_leaf_113_clk/X
 clkbuf_leaf_117_clk/X
 clkbuf_leaf_119_clk/X
 clkbuf_leaf_122_clk/X
 clkbuf_leaf_131_clk/X
 clkbuf_leaf_1_clk/X
 clkbuf_leaf_25_clk/X
 clkbuf_leaf_33_clk/X
 clkbuf_leaf_35_clk/X
 clkbuf_leaf_47_clk/X
 clkbuf_leaf_49_clk/X
 clkbuf_leaf_55_clk/X
 clkbuf_leaf_5_clk/X
 clkbuf_leaf_66_clk/X
 clkbuf_leaf_73_clk/X
 clkbuf_leaf_89_clk/X
 clkbuf_leaf_92_clk/X
 input1/X
 input2/X
 load_slew116/X
 load_slew163/X
 load_slew179/X
 load_slew282/X
 load_slew284/X
 load_slew303/X
 load_slew309/X
 load_slew310/X
 load_slew327/X
 load_slew332/X
 load_slew335/X
 load_slew338/X
 load_slew343/X
 load_slew352/X
 load_slew355/X
 load_slew359/X
 load_slew360/X
 load_slew398/X
 load_slew432/X
 load_slew436/X
 load_slew438/X
 load_slew443/X
 load_slew445/X
 load_slew448/X
 load_slew455/X
 load_slew457/X
 load_slew468/X
 load_slew469/X
 load_slew68/X
 load_slew70/X
 max_cap100/X
 max_cap102/X
 max_cap122/X
 max_cap159/X
 max_cap162/X
 max_cap166/X
 max_cap202/X
 max_cap213/X
 max_cap232/X
 max_cap233/X
 max_cap242/X
 max_cap258/X
 max_cap262/X
 max_cap264/X
 max_cap267/X
 max_cap281/X
 max_cap288/X
 max_cap304/X
 max_cap308/X
 max_cap311/X
 max_cap336/X
 max_cap337/X
 max_cap339/X
 max_cap340/X
 max_cap354/X
 max_cap357/X
 max_cap361/X
 max_cap363/X
 max_cap367/X
 max_cap371/X
 max_cap378/X
 max_cap382/X
 max_cap385/X
 max_cap389/X
 max_cap391/X
 max_cap393/X
 max_cap396/X
 max_cap401/X
 max_cap404/X
 max_cap405/X
 max_cap406/X
 max_cap407/X
 max_cap414/X
 max_cap421/X
 max_cap425/X
 max_cap435/X
 max_cap466/X
 max_cap52/X
 max_cap59/X
 max_cap61/X
 max_cap79/X
 max_cap85/X
 max_cap86/X
 max_cap88/X
 max_cap94/X
 max_cap98/X
 wire103/X
 wire106/X
 wire108/X
 wire109/X
 wire114/X
 wire115/X
 wire124/X
 wire133/X
 wire134/X
 wire135/X
 wire136/X
 wire137/X
 wire143/X
 wire144/X
 wire147/X
 wire148/X
 wire149/X
 wire150/X
 wire152/X
 wire154/X
 wire156/X
 wire158/X
 wire160/X
 wire161/X
 wire164/X
 wire169/X
 wire172/X
 wire173/X
 wire174/X
 wire177/X
 wire178/X
 wire183/X
 wire186/X
 wire188/X
 wire191/X
 wire193/X
 wire194/X
 wire195/X
 wire196/X
 wire201/X
 wire205/X
 wire207/X
 wire208/X
 wire211/X
 wire212/X
 wire216/X
 wire219/X
 wire220/X
 wire222/X
 wire224/X
 wire226/X
 wire227/X
 wire236/X
 wire238/X
 wire240/X
 wire241/X
 wire243/X
 wire251/X
 wire252/X
 wire253/X
 wire255/X
 wire256/X
 wire257/X
 wire259/X
 wire261/X
 wire263/X
 wire265/X
 wire270/X
 wire271/X
 wire274/X
 wire276/X
 wire277/X
 wire279/X
 wire280/X
 wire283/X
 wire285/X
 wire287/X
 wire289/X
 wire291/X
 wire292/X
 wire293/X
 wire294/X
 wire296/X
 wire299/X
 wire300/X
 wire301/X
 wire306/X
 wire326/X
 wire330/X
 wire334/X
 wire344/X
 wire346/X
 wire347/X
 wire348/X
 wire353/X
 wire358/X
 wire364/X
 wire365/X
 wire366/X
 wire368/X
 wire370/X
 wire373/X
 wire374/X
 wire376/X
 wire379/X
 wire380/X
 wire381/X
 wire388/X
 wire392/X
 wire394/X
 wire395/X
 wire399/X
 wire400/X
 wire408/X
 wire409/X
 wire413/X
 wire415/X
 wire418/X
 wire420/X
 wire422/X
 wire423/X
 wire424/X
 wire428/X
 wire437/X
 wire442/X
 wire444/X
 wire446/X
 wire450/X
 wire451/X
 wire458/X
 wire459/X
 wire46/X
 wire460/X
 wire462/X
 wire463/X
 wire465/X
 wire47/X
 wire49/X
 wire50/X
 wire51/X
 wire53/X
 wire54/X
 wire55/X
 wire56/X
 wire57/X
 wire58/X
 wire63/X
 wire65/X
 wire66/X
 wire67/X
 wire71/X
 wire72/X
 wire73/X
 wire74/X
 wire75/X
 wire82/X
 wire83/X
 wire87/X
 wire89/X
 wire90/X
 wire95/X
 wire96/X
 wire97/X
 wire99/X

===========================================================================
max slew violation count 0
max fanout violation count 5
max cap violation count 0
============================================================================

===========================================================================
check_setup -verbose -unconstrained_endpoints -multiple_clock -no_clock -no_input_delay -loops -generated_clocks
===========================================================================
