
===========================================================================
report_checks -unconstrained
===========================================================================
======================= Typical Corner ===================================

Startpoint: reset (input port clocked by clk)
Endpoint: _2807_ (recovery check against rising-edge clock clk)
Path Group: asynchronous
Path Type: max

Fanout     Cap    Slew   Delay    Time   Description
-----------------------------------------------------------------------------
                          0.00    0.00   clock clk (rise edge)
                          0.00    0.00   clock network delay (propagated)
                         10.00   10.00 v input external delay
     1    0.01    0.02    0.01   10.01 v reset (in)
                                         reset (net)
                  0.02    0.00   10.01 v input2/A (sky130_fd_sc_hd__buf_8)
     6    0.03    0.04    0.12   10.14 v input2/X (sky130_fd_sc_hd__buf_8)
                                         net2 (net)
                  0.04    0.00   10.14 v _1687_/A (sky130_fd_sc_hd__inv_2)
     2    0.00    0.03    0.04   10.18 ^ _1687_/Y (sky130_fd_sc_hd__inv_2)
                                         _0002_ (net)
                  0.03    0.00   10.18 ^ _2807_/RESET_B (sky130_fd_sc_hd__dfrtp_4)
                                 10.18   data arrival time

                         50.00   50.00   clock clk (rise edge)
                          0.00   50.00   clock source latency
     1    0.01    0.04    0.03   50.03 ^ clk (in)
                                         clk (net)
                  0.04    0.00   50.03 ^ clkbuf_0_clk/A (sky130_fd_sc_hd__clkbuf_16)
     8    0.02    0.04    0.12   50.14 ^ clkbuf_0_clk/X (sky130_fd_sc_hd__clkbuf_16)
                                         clknet_0_clk (net)
                  0.04    0.00   50.14 ^ clkbuf_2_0_0_clk/A (sky130_fd_sc_hd__clkbuf_8)
     4    0.01    0.04    0.11   50.26 ^ clkbuf_2_0_0_clk/X (sky130_fd_sc_hd__clkbuf_8)
                                         clknet_2_0_0_clk (net)
                  0.04    0.00   50.26 ^ clkbuf_3_1_0_clk/A (sky130_fd_sc_hd__clkbuf_8)
     4    0.02    0.05    0.12   50.37 ^ clkbuf_3_1_0_clk/X (sky130_fd_sc_hd__clkbuf_8)
                                         clknet_3_1_0_clk (net)
                  0.05    0.00   50.37 ^ clkbuf_4_2__f_clk/A (sky130_fd_sc_hd__clkbuf_16)
    18    0.03    0.06    0.13   50.51 ^ clkbuf_4_2__f_clk/X (sky130_fd_sc_hd__clkbuf_16)
                                         clknet_4_2__leaf_clk (net)
                  0.06    0.00   50.51 ^ _2807_/CLK (sky130_fd_sc_hd__dfrtp_4)
                         -0.25   50.26   clock uncertainty
                          0.00   50.26   clock reconvergence pessimism
                          0.23   50.48   library recovery time
                                 50.48   data required time
-----------------------------------------------------------------------------
                                 50.48   data required time
                                -10.18   data arrival time
-----------------------------------------------------------------------------
                                 40.30   slack (MET)


Startpoint: control (input port clocked by clk)
Endpoint: seg_out[4] (output port clocked by clk)
Path Group: clk
Path Type: max

Fanout     Cap    Slew   Delay    Time   Description
-----------------------------------------------------------------------------
                          0.00    0.00   clock clk (rise edge)
                          0.00    0.00   clock network delay (propagated)
                         10.00   10.00 ^ input external delay
     1    0.01    0.05    0.03   10.03 ^ control (in)
                                         control (net)
                  0.05    0.00   10.03 ^ input1/A (sky130_fd_sc_hd__buf_12)
    10    0.03    0.05    0.11   10.14 ^ input1/X (sky130_fd_sc_hd__buf_12)
                                         net1 (net)
                  0.05    0.00   10.14 ^ _1794_/B1 (sky130_fd_sc_hd__o31a_4)
     6    0.03    0.09    0.18   10.32 ^ _1794_/X (sky130_fd_sc_hd__o31a_4)
                                         _0251_ (net)
                  0.09    0.00   10.32 ^ load_slew426/A (sky130_fd_sc_hd__buf_8)
     6    0.03    0.06    0.13   10.45 ^ load_slew426/X (sky130_fd_sc_hd__buf_8)
                                         net426 (net)
                  0.06    0.00   10.45 ^ max_cap425/A (sky130_fd_sc_hd__buf_12)
     8    0.03    0.06    0.12   10.57 ^ max_cap425/X (sky130_fd_sc_hd__buf_12)
                                         net425 (net)
                  0.06    0.00   10.57 ^ _1807_/S (sky130_fd_sc_hd__mux2_8)
     2    0.01    0.05    0.36   10.93 v _1807_/X (sky130_fd_sc_hd__mux2_8)
                                         _0264_ (net)
                  0.05    0.00   10.93 v _1810_/A0 (sky130_fd_sc_hd__mux2_8)
     2    0.01    0.05    0.31   11.24 v _1810_/X (sky130_fd_sc_hd__mux2_8)
                                         _0267_ (net)
                  0.05    0.00   11.24 v _1811_/A1 (sky130_fd_sc_hd__mux2_8)
     6    0.03    0.08    0.34   11.59 v _1811_/X (sky130_fd_sc_hd__mux2_8)
                                         _0268_ (net)
                  0.08    0.00   11.59 v _1863_/A (sky130_fd_sc_hd__or4_4)
     6    0.01    0.10    0.60   12.18 v _1863_/X (sky130_fd_sc_hd__or4_4)
                                         _0319_ (net)
                  0.10    0.00   12.18 v wire346/A (sky130_fd_sc_hd__buf_8)
     6    0.01    0.03    0.15   12.34 v wire346/X (sky130_fd_sc_hd__buf_8)
                                         net346 (net)
                  0.03    0.00   12.34 v _1864_/A (sky130_fd_sc_hd__buf_12)
    20    0.07    0.05    0.15   12.49 v _1864_/X (sky130_fd_sc_hd__buf_12)
                                         _0320_ (net)
                  0.05    0.00   12.49 v _1970_/A1 (sky130_fd_sc_hd__o31ai_2)
     2    0.00    0.17    0.24   12.73 ^ _1970_/Y (sky130_fd_sc_hd__o31ai_2)
                                         _0420_ (net)
                  0.17    0.00   12.73 ^ wire294/A (sky130_fd_sc_hd__clkbuf_4)
     2    0.00    0.03    0.17   12.90 ^ wire294/X (sky130_fd_sc_hd__clkbuf_4)
                                         net294 (net)
                  0.03    0.00   12.90 ^ wire293/A (sky130_fd_sc_hd__buf_4)
     2    0.01    0.03    0.10   13.00 ^ wire293/X (sky130_fd_sc_hd__buf_4)
                                         net293 (net)
                  0.03    0.00   13.00 ^ wire292/A (sky130_fd_sc_hd__buf_6)
     2    0.01    0.03    0.09   13.08 ^ wire292/X (sky130_fd_sc_hd__buf_6)
                                         net292 (net)
                  0.03    0.00   13.08 ^ wire291/A (sky130_fd_sc_hd__buf_8)
     2    0.01    0.02    0.08   13.16 ^ wire291/X (sky130_fd_sc_hd__buf_8)
                                         net291 (net)
                  0.02    0.00   13.16 ^ _1973_/A1 (sky130_fd_sc_hd__a21oi_2)
     2    0.00    0.04    0.04   13.20 v _1973_/Y (sky130_fd_sc_hd__a21oi_2)
                                         _0423_ (net)
                  0.04    0.00   13.20 v wire261/A (sky130_fd_sc_hd__buf_4)
     4    0.01    0.03    0.14   13.34 v wire261/X (sky130_fd_sc_hd__buf_4)
                                         net261 (net)
                  0.03    0.00   13.34 v _1977_/C (sky130_fd_sc_hd__or3_4)
     4    0.02    0.09    0.38   13.72 v _1977_/X (sky130_fd_sc_hd__or3_4)
                                         _0427_ (net)
                  0.09    0.00   13.72 v _2013_/B1_N (sky130_fd_sc_hd__a21bo_4)
     2    0.01    0.05    0.21   13.93 ^ _2013_/X (sky130_fd_sc_hd__a21bo_4)
                                         _0462_ (net)
                  0.05    0.00   13.93 ^ _2014_/B1 (sky130_fd_sc_hd__o31ai_4)
     2    0.00    0.04    0.06   13.99 v _2014_/Y (sky130_fd_sc_hd__o31ai_4)
                                         _0463_ (net)
                  0.04    0.00   13.99 v wire182/A (sky130_fd_sc_hd__clkbuf_4)
     2    0.00    0.03    0.13   14.12 v wire182/X (sky130_fd_sc_hd__clkbuf_4)
                                         net182 (net)
                  0.03    0.00   14.12 v wire181/A (sky130_fd_sc_hd__buf_4)
     2    0.01    0.03    0.13   14.25 v wire181/X (sky130_fd_sc_hd__buf_4)
                                         net181 (net)
                  0.03    0.00   14.25 v wire180/A (sky130_fd_sc_hd__buf_6)
     2    0.00    0.02    0.11   14.35 v wire180/X (sky130_fd_sc_hd__buf_6)
                                         net180 (net)
                  0.02    0.00   14.35 v _2015_/B1 (sky130_fd_sc_hd__a31o_4)
     4    0.01    0.05    0.22   14.57 v _2015_/X (sky130_fd_sc_hd__a31o_4)
                                         _0464_ (net)
                  0.05    0.00   14.57 v _2059_/A1 (sky130_fd_sc_hd__a211oi_1)
     1    0.00    0.17    0.19   14.77 ^ _2059_/Y (sky130_fd_sc_hd__a211oi_1)
                                         _0507_ (net)
                  0.17    0.00   14.77 ^ wire132/A (sky130_fd_sc_hd__clkbuf_2)
     2    0.00    0.03    0.14   14.91 ^ wire132/X (sky130_fd_sc_hd__clkbuf_2)
                                         net132 (net)
                  0.03    0.00   14.91 ^ wire131/A (sky130_fd_sc_hd__buf_4)
     6    0.01    0.05    0.12   15.03 ^ wire131/X (sky130_fd_sc_hd__buf_4)
                                         net131 (net)
                  0.05    0.00   15.03 ^ max_cap130/A (sky130_fd_sc_hd__buf_2)
     2    0.00    0.03    0.10   15.13 ^ max_cap130/X (sky130_fd_sc_hd__buf_2)
                                         net130 (net)
                  0.03    0.00   15.13 ^ wire129/A (sky130_fd_sc_hd__buf_4)
     2    0.01    0.03    0.10   15.22 ^ wire129/X (sky130_fd_sc_hd__buf_4)
                                         net129 (net)
                  0.03    0.00   15.22 ^ wire128/A (sky130_fd_sc_hd__clkbuf_8)
     4    0.01    0.04    0.12   15.34 ^ wire128/X (sky130_fd_sc_hd__clkbuf_8)
                                         net128 (net)
                  0.04    0.00   15.34 ^ _2093_/A (sky130_fd_sc_hd__nor2_4)
     4    0.01    0.03    0.04   15.39 v _2093_/Y (sky130_fd_sc_hd__nor2_4)
                                         _0541_ (net)
                  0.03    0.00   15.39 v _2110_/A1 (sky130_fd_sc_hd__o21a_4)
     6    0.02    0.05    0.23   15.62 v _2110_/X (sky130_fd_sc_hd__o21a_4)
                                         _0558_ (net)
                  0.05    0.00   15.62 v _2184_/C (sky130_fd_sc_hd__or3_4)
     2    0.00    0.06    0.33   15.95 v _2184_/X (sky130_fd_sc_hd__or3_4)
                                         _0627_ (net)
                  0.06    0.00   15.95 v _2191_/A2 (sky130_fd_sc_hd__a32o_2)
     2    0.01    0.06    0.30   16.26 v _2191_/X (sky130_fd_sc_hd__a32o_2)
                                         _0634_ (net)
                  0.06    0.00   16.26 v _2192_/A (sky130_fd_sc_hd__buf_12)
    14    0.03    0.03    0.14   16.40 v _2192_/X (sky130_fd_sc_hd__buf_12)
                                         net13 (net)
                  0.03    0.00   16.40 v _2193_/C (sky130_fd_sc_hd__and3_2)
     2    0.01    0.05    0.23   16.63 v _2193_/X (sky130_fd_sc_hd__and3_2)
                                         _0635_ (net)
                  0.05    0.00   16.63 v _2204_/A1 (sky130_fd_sc_hd__o32ai_4)
     2    0.00    0.18    0.27   16.90 ^ _2204_/Y (sky130_fd_sc_hd__o32ai_4)
                                         _0645_ (net)
                  0.18    0.00   16.90 ^ wire58/A (sky130_fd_sc_hd__clkbuf_4)
     2    0.00    0.03    0.17   17.07 ^ wire58/X (sky130_fd_sc_hd__clkbuf_4)
                                         net58 (net)
                  0.03    0.00   17.07 ^ wire57/A (sky130_fd_sc_hd__buf_4)
     2    0.01    0.03    0.10   17.17 ^ wire57/X (sky130_fd_sc_hd__buf_4)
                                         net57 (net)
                  0.03    0.00   17.17 ^ wire56/A (sky130_fd_sc_hd__buf_6)
     4    0.01    0.03    0.08   17.25 ^ wire56/X (sky130_fd_sc_hd__buf_6)
                                         net56 (net)
                  0.03    0.00   17.25 ^ wire55/A (sky130_fd_sc_hd__clkbuf_4)
     2    0.01    0.04    0.12   17.37 ^ wire55/X (sky130_fd_sc_hd__clkbuf_4)
                                         net55 (net)
                  0.04    0.00   17.37 ^ wire54/A (sky130_fd_sc_hd__clkbuf_8)
     2    0.01    0.03    0.11   17.48 ^ wire54/X (sky130_fd_sc_hd__clkbuf_8)
                                         net54 (net)
                  0.03    0.00   17.48 ^ wire53/A (sky130_fd_sc_hd__buf_6)
     2    0.01    0.04    0.09   17.57 ^ wire53/X (sky130_fd_sc_hd__buf_6)
                                         net53 (net)
                  0.04    0.00   17.57 ^ _2205_/A (sky130_fd_sc_hd__buf_12)
    20    0.04    0.06    0.12   17.69 ^ _2205_/X (sky130_fd_sc_hd__buf_12)
                                         _0646_ (net)
                  0.06    0.00   17.69 ^ _2227_/A1 (sky130_fd_sc_hd__a21oi_1)
     1    0.00    0.04    0.06   17.75 v _2227_/Y (sky130_fd_sc_hd__a21oi_1)
                                         _0664_ (net)
                  0.04    0.00   17.75 v wire48/A (sky130_fd_sc_hd__buf_4)
     2    0.01    0.03    0.14   17.89 v wire48/X (sky130_fd_sc_hd__buf_4)
                                         net48 (net)
                  0.03    0.00   17.89 v _2228_/B1 (sky130_fd_sc_hd__a21oi_4)
     2    0.01    0.10    0.11   18.00 ^ _2228_/Y (sky130_fd_sc_hd__a21oi_4)
                                         net43 (net)
                  0.10    0.00   18.00 ^ wire47/A (sky130_fd_sc_hd__buf_6)
     2    0.01    0.04    0.12   18.11 ^ wire47/X (sky130_fd_sc_hd__buf_6)
                                         net47 (net)
                  0.04    0.00   18.11 ^ wire46/A (sky130_fd_sc_hd__buf_12)
     2    0.00    0.02    0.08   18.19 ^ wire46/X (sky130_fd_sc_hd__buf_12)
                                         net46 (net)
                  0.02    0.00   18.19 ^ output43/A (sky130_fd_sc_hd__buf_2)
     1    0.03    0.17    0.20   18.39 ^ output43/X (sky130_fd_sc_hd__buf_2)
                                         seg_out[4] (net)
                  0.17    0.00   18.39 ^ seg_out[4] (out)
                                 18.39   data arrival time

                         50.00   50.00   clock clk (rise edge)
                          0.00   50.00   clock network delay (propagated)
                         -0.25   49.75   clock uncertainty
                          0.00   49.75   clock reconvergence pessimism
                        -10.00   39.75   output external delay
                                 39.75   data required time
-----------------------------------------------------------------------------
                                 39.75   data required time
                                -18.39   data arrival time
-----------------------------------------------------------------------------
                                 21.36   slack (MET)




===========================================================================
report_checks --slack_max -0.01
============================================================================
======================= Typical Corner ===================================

No paths found.


===========================================================================
 report_check_types -max_slew -max_cap -max_fanout -violators
============================================================================
======================= Typical Corner ===================================

max fanout

Pin                                   Limit Fanout  Slack
---------------------------------------------------------
clkbuf_4_11__f_clk/X                     10     24    -14 (VIOLATED)
clkbuf_4_13__f_clk/X                     10     22    -12 (VIOLATED)
clkbuf_4_14__f_clk/X                     10     22    -12 (VIOLATED)
clkbuf_4_4__f_clk/X                      10     22    -12 (VIOLATED)
clkbuf_4_9__f_clk/X                      10     22    -12 (VIOLATED)
_1297_/X                                 10     20    -10 (VIOLATED)
_1348_/X                                 10     20    -10 (VIOLATED)
_1369_/X                                 10     20    -10 (VIOLATED)
_1390_/X                                 10     20    -10 (VIOLATED)
_1415_/X                                 10     20    -10 (VIOLATED)
_1436_/X                                 10     20    -10 (VIOLATED)
_1457_/X                                 10     20    -10 (VIOLATED)
_1548_/X                                 10     20    -10 (VIOLATED)
_1569_/X                                 10     20    -10 (VIOLATED)
_1590_/X                                 10     20    -10 (VIOLATED)
_1615_/X                                 10     20    -10 (VIOLATED)
_1636_/X                                 10     20    -10 (VIOLATED)
_1657_/X                                 10     20    -10 (VIOLATED)
_1689_/X                                 10     20    -10 (VIOLATED)
_1710_/X                                 10     20    -10 (VIOLATED)
_1731_/X                                 10     20    -10 (VIOLATED)
_1760_/X                                 10     20    -10 (VIOLATED)
_1761_/X                                 10     20    -10 (VIOLATED)
_1762_/X                                 10     20    -10 (VIOLATED)
_1763_/X                                 10     20    -10 (VIOLATED)
_1764_/X                                 10     20    -10 (VIOLATED)
_1768_/X                                 10     20    -10 (VIOLATED)
_1774_/X                                 10     20    -10 (VIOLATED)
_1782_/X                                 10     20    -10 (VIOLATED)
_1812_/X                                 10     20    -10 (VIOLATED)
_1813_/X                                 10     20    -10 (VIOLATED)
_1814_/X                                 10     20    -10 (VIOLATED)
_1817_/X                                 10     20    -10 (VIOLATED)
_1841_/X                                 10     20    -10 (VIOLATED)
_1842_/X                                 10     20    -10 (VIOLATED)
_1843_/X                                 10     20    -10 (VIOLATED)
_1864_/X                                 10     20    -10 (VIOLATED)
_1865_/X                                 10     20    -10 (VIOLATED)
_1874_/X                                 10     20    -10 (VIOLATED)
_1889_/X                                 10     20    -10 (VIOLATED)
_1897_/X                                 10     20    -10 (VIOLATED)
_1903_/X                                 10     20    -10 (VIOLATED)
_1988_/X                                 10     20    -10 (VIOLATED)
_2042_/X                                 10     20    -10 (VIOLATED)
_2043_/X                                 10     20    -10 (VIOLATED)
_2066_/X                                 10     20    -10 (VIOLATED)
_2069_/X                                 10     20    -10 (VIOLATED)
_2077_/X                                 10     20    -10 (VIOLATED)
_2078_/X                                 10     20    -10 (VIOLATED)
_2079_/X                                 10     20    -10 (VIOLATED)
_2080_/X                                 10     20    -10 (VIOLATED)
_2094_/X                                 10     20    -10 (VIOLATED)
_2113_/X                                 10     20    -10 (VIOLATED)
_2124_/X                                 10     20    -10 (VIOLATED)
_2171_/X                                 10     20    -10 (VIOLATED)
_2172_/X                                 10     20    -10 (VIOLATED)
_2205_/X                                 10     20    -10 (VIOLATED)
_2232_/X                                 10     20    -10 (VIOLATED)
_2233_/X                                 10     20    -10 (VIOLATED)
_2255_/X                                 10     20    -10 (VIOLATED)
_2257_/X                                 10     20    -10 (VIOLATED)
_2280_/X                                 10     20    -10 (VIOLATED)
_2287_/X                                 10     20    -10 (VIOLATED)
_2311_/X                                 10     20    -10 (VIOLATED)
_2327_/X                                 10     20    -10 (VIOLATED)
_2393_/X                                 10     20    -10 (VIOLATED)
_2396_/X                                 10     20    -10 (VIOLATED)
_2481_/X                                 10     20    -10 (VIOLATED)
_2508_/X                                 10     20    -10 (VIOLATED)
clkbuf_4_10__f_clk/X                     10     20    -10 (VIOLATED)
clkbuf_4_12__f_clk/X                     10     20    -10 (VIOLATED)
clkbuf_4_15__f_clk/X                     10     20    -10 (VIOLATED)
clkbuf_4_7__f_clk/X                      10     20    -10 (VIOLATED)
_1759_/X                                 10     18     -8 (VIOLATED)
_1773_/Y                                 10     18     -8 (VIOLATED)
clkbuf_4_0__f_clk/X                      10     18     -8 (VIOLATED)
clkbuf_4_1__f_clk/X                      10     18     -8 (VIOLATED)
clkbuf_4_2__f_clk/X                      10     18     -8 (VIOLATED)
clkbuf_4_3__f_clk/X                      10     18     -8 (VIOLATED)
clkbuf_4_5__f_clk/X                      10     18     -8 (VIOLATED)
_1819_/X                                 10     16     -6 (VIOLATED)
_1840_/X                                 10     16     -6 (VIOLATED)
clkbuf_4_6__f_clk/X                      10     16     -6 (VIOLATED)
clkbuf_4_8__f_clk/X                      10     16     -6 (VIOLATED)
_1786_/X                                 10     14     -4 (VIOLATED)
_1894_/X                                 10     14     -4 (VIOLATED)
_1902_/X                                 10     14     -4 (VIOLATED)
_1930_/X                                 10     14     -4 (VIOLATED)
_1936_/X                                 10     14     -4 (VIOLATED)
_1960_/X                                 10     14     -4 (VIOLATED)
_1965_/X                                 10     14     -4 (VIOLATED)
_1987_/X                                 10     14     -4 (VIOLATED)
_2040_/X                                 10     14     -4 (VIOLATED)
_2120_/X                                 10     14     -4 (VIOLATED)
_2147_/X                                 10     14     -4 (VIOLATED)
_2160_/X                                 10     14     -4 (VIOLATED)
_2166_/X                                 10     14     -4 (VIOLATED)
_2192_/X                                 10     14     -4 (VIOLATED)
_2202_/X                                 10     14     -4 (VIOLATED)
load_slew310/X                           10     14     -4 (VIOLATED)
_1779_/Y                                 10     12     -2 (VIOLATED)
_1826_/X                                 10     12     -2 (VIOLATED)
_1869_/X                                 10     12     -2 (VIOLATED)
_1982_/X                                 10     12     -2 (VIOLATED)
_2264_/X                                 10     12     -2 (VIOLATED)
_2286_/X                                 10     12     -2 (VIOLATED)
_2310_/X                                 10     12     -2 (VIOLATED)
_2337_/X                                 10     12     -2 (VIOLATED)
_2386_/X                                 10     12     -2 (VIOLATED)
_2410_/X                                 10     12     -2 (VIOLATED)
_2433_/X                                 10     12     -2 (VIOLATED)
_2461_/X                                 10     12     -2 (VIOLATED)
_2464_/X                                 10     12     -2 (VIOLATED)
_2507_/X                                 10     12     -2 (VIOLATED)
_2531_/X                                 10     12     -2 (VIOLATED)
_2560_/X                                 10     12     -2 (VIOLATED)
_2603_/X                                 10     12     -2 (VIOLATED)
_2622_/X                                 10     12     -2 (VIOLATED)


max slew violations count Typical: 0
max fanout violations count Typical: 118
max cap violations count Typical: 0

===========================================================================
report_parasitic_annotation -report_unannotated
============================================================================
Found 2140 unannotated drivers.
 clk
 control
 reset
 _1290_/Y
 _1291_/X
 _1292_/X
 _1293_/X
 _1294_/X
 _1295_/X
 _1296_/X
 _1297_/X
 _1298_/X
 _1299_/X
 _1300_/X
 _1301_/X
 _1302_/Y
 _1303_/Y
 _1304_/X
 _1305_/Y
 _1306_/Y
 _1307_/X
 _1308_/X
 _1309_/X
 _1310_/Y
 _1311_/Y
 _1312_/X
 _1313_/Y
 _1314_/Y
 _1315_/Y
 _1316_/Y
 _1317_/X
 _1318_/Y
 _1319_/Y
 _1320_/X
 _1321_/Y
 _1322_/Y
 _1323_/Y
 _1324_/X
 _1325_/X
 _1326_/Y
 _1327_/X
 _1328_/Y
 _1329_/X
 _1330_/Y
 _1331_/X
 _1332_/Y
 _1333_/Y
 _1334_/X
 _1335_/Y
 _1336_/X
 _1337_/X
 _1338_/Y
 _1339_/X
 _1340_/X
 _1341_/Y
 _1342_/X
 _1343_/Y
 _1344_/X
 _1345_/X
 _1346_/X
 _1347_/X
 _1348_/X
 _1349_/X
 _1350_/X
 _1351_/X
 _1352_/X
 _1353_/X
 _1354_/X
 _1355_/X
 _1356_/X
 _1357_/X
 _1358_/X
 _1359_/X
 _1360_/X
 _1361_/X
 _1362_/X
 _1363_/X
 _1364_/X
 _1365_/X
 _1366_/X
 _1367_/X
 _1368_/X
 _1369_/X
 _1370_/X
 _1371_/X
 _1372_/X
 _1373_/X
 _1374_/X
 _1375_/X
 _1376_/X
 _1377_/X
 _1378_/X
 _1379_/X
 _1380_/X
 _1381_/X
 _1382_/X
 _1383_/X
 _1384_/X
 _1385_/X
 _1386_/X
 _1387_/X
 _1388_/X
 _1389_/X
 _1390_/X
 _1391_/X
 _1392_/X
 _1393_/X
 _1394_/X
 _1395_/X
 _1396_/X
 _1397_/X
 _1398_/X
 _1399_/X
 _1400_/X
 _1401_/X
 _1402_/X
 _1403_/X
 _1404_/X
 _1405_/X
 _1406_/X
 _1407_/X
 _1408_/X
 _1409_/X
 _1410_/X
 _1411_/X
 _1412_/X
 _1413_/X
 _1414_/X
 _1415_/X
 _1416_/X
 _1417_/X
 _1418_/X
 _1419_/X
 _1420_/X
 _1421_/X
 _1422_/X
 _1423_/X
 _1424_/X
 _1425_/X
 _1426_/X
 _1427_/X
 _1428_/X
 _1429_/X
 _1430_/X
 _1431_/X
 _1432_/X
 _1433_/X
 _1434_/X
 _1435_/X
 _1436_/X
 _1437_/X
 _1438_/X
 _1439_/X
 _1440_/X
 _1441_/X
 _1442_/X
 _1443_/X
 _1444_/X
 _1445_/X
 _1446_/X
 _1447_/X
 _1448_/X
 _1449_/X
 _1450_/X
 _1451_/X
 _1452_/X
 _1453_/X
 _1454_/X
 _1455_/X
 _1456_/X
 _1457_/X
 _1458_/X
 _1459_/X
 _1460_/X
 _1461_/X
 _1462_/X
 _1463_/X
 _1464_/X
 _1465_/X
 _1466_/X
 _1467_/X
 _1468_/X
 _1469_/X
 _1470_/X
 _1471_/X
 _1472_/X
 _1473_/X
 _1474_/X
 _1475_/X
 _1476_/X
 _1477_/X
 _1478_/X
 _1479_/X
 _1480_/X
 _1481_/X
 _1482_/X
 _1483_/X
 _1484_/X
 _1485_/X
 _1486_/X
 _1487_/X
 _1488_/X
 _1489_/X
 _1490_/X
 _1491_/X
 _1492_/X
 _1493_/X
 _1494_/X
 _1495_/X
 _1496_/X
 _1497_/X
 _1498_/X
 _1499_/X
 _1500_/X
 _1501_/X
 _1502_/X
 _1503_/X
 _1504_/X
 _1505_/X
 _1506_/X
 _1507_/X
 _1508_/X
 _1509_/X
 _1510_/X
 _1511_/X
 _1512_/X
 _1513_/X
 _1514_/X
 _1515_/X
 _1516_/X
 _1517_/X
 _1518_/X
 _1519_/X
 _1520_/X
 _1521_/X
 _1522_/X
 _1523_/X
 _1524_/X
 _1525_/X
 _1526_/X
 _1527_/X
 _1528_/X
 _1529_/X
 _1530_/X
 _1531_/X
 _1532_/X
 _1533_/X
 _1534_/X
 _1535_/X
 _1536_/X
 _1537_/X
 _1538_/X
 _1539_/X
 _1540_/X
 _1541_/X
 _1542_/X
 _1543_/X
 _1544_/X
 _1545_/X
 _1546_/X
 _1547_/X
 _1548_/X
 _1549_/X
 _1550_/X
 _1551_/X
 _1552_/X
 _1553_/X
 _1554_/X
 _1555_/X
 _1556_/X
 _1557_/X
 _1558_/X
 _1559_/X
 _1560_/X
 _1561_/X
 _1562_/X
 _1563_/X
 _1564_/X
 _1565_/X
 _1566_/X
 _1567_/X
 _1568_/X
 _1569_/X
 _1570_/X
 _1571_/X
 _1572_/X
 _1573_/X
 _1574_/X
 _1575_/X
 _1576_/X
 _1577_/X
 _1578_/X
 _1579_/X
 _1580_/X
 _1581_/X
 _1582_/X
 _1583_/X
 _1584_/X
 _1585_/X
 _1586_/X
 _1587_/X
 _1588_/X
 _1589_/X
 _1590_/X
 _1591_/X
 _1592_/X
 _1593_/X
 _1594_/X
 _1595_/X
 _1596_/X
 _1597_/X
 _1598_/X
 _1599_/X
 _1600_/X
 _1601_/X
 _1602_/X
 _1603_/X
 _1604_/X
 _1605_/X
 _1606_/X
 _1607_/X
 _1608_/X
 _1609_/X
 _1610_/X
 _1611_/X
 _1612_/X
 _1613_/X
 _1614_/X
 _1615_/X
 _1616_/X
 _1617_/X
 _1618_/X
 _1619_/X
 _1620_/X
 _1621_/X
 _1622_/X
 _1623_/X
 _1624_/X
 _1625_/X
 _1626_/X
 _1627_/X
 _1628_/X
 _1629_/X
 _1630_/X
 _1631_/X
 _1632_/X
 _1633_/X
 _1634_/X
 _1635_/X
 _1636_/X
 _1637_/X
 _1638_/X
 _1639_/X
 _1640_/X
 _1641_/X
 _1642_/X
 _1643_/X
 _1644_/X
 _1645_/X
 _1646_/X
 _1647_/X
 _1648_/X
 _1649_/X
 _1650_/X
 _1651_/X
 _1652_/X
 _1653_/X
 _1654_/X
 _1655_/X
 _1656_/X
 _1657_/X
 _1658_/X
 _1659_/X
 _1660_/X
 _1661_/X
 _1662_/X
 _1663_/X
 _1664_/X
 _1665_/X
 _1666_/X
 _1667_/X
 _1668_/X
 _1669_/X
 _1670_/X
 _1671_/X
 _1672_/X
 _1673_/X
 _1674_/X
 _1675_/X
 _1676_/X
 _1677_/X
 _1678_/X
 _1679_/X
 _1680_/X
 _1681_/X
 _1682_/Y
 _1683_/Y
 _1684_/Y
 _1685_/Y
 _1686_/Y
 _1687_/Y
 _1688_/Y
 _1689_/X
 _1690_/X
 _1691_/X
 _1692_/X
 _1693_/X
 _1694_/X
 _1695_/X
 _1696_/X
 _1697_/X
 _1698_/X
 _1699_/X
 _1700_/X
 _1701_/X
 _1702_/X
 _1703_/X
 _1704_/X
 _1705_/X
 _1706_/X
 _1707_/X
 _1708_/X
 _1709_/X
 _1710_/X
 _1711_/X
 _1712_/X
 _1713_/X
 _1714_/X
 _1715_/X
 _1716_/X
 _1717_/X
 _1718_/X
 _1719_/X
 _1720_/X
 _1721_/X
 _1722_/X
 _1723_/X
 _1724_/X
 _1725_/X
 _1726_/X
 _1727_/X
 _1728_/X
 _1729_/X
 _1730_/X
 _1731_/X
 _1732_/X
 _1733_/X
 _1734_/X
 _1735_/X
 _1736_/X
 _1737_/X
 _1738_/X
 _1739_/X
 _1740_/X
 _1741_/X
 _1742_/X
 _1743_/X
 _1744_/X
 _1745_/X
 _1746_/X
 _1747_/X
 _1748_/X
 _1749_/X
 _1750_/X
 _1751_/X
 _1752_/X
 _1753_/X
 _1754_/X
 _1755_/X
 _1756_/Y
 _1757_/Y
 _1758_/X
 _1759_/X
 _1760_/X
 _1761_/X
 _1762_/X
 _1763_/X
 _1764_/X
 _1765_/Y
 _1766_/Y
 _1767_/Y
 _1768_/X
 _1769_/X
 _1770_/Y
 _1771_/Y
 _1772_/X
 _1773_/Y
 _1774_/X
 _1775_/Y
 _1776_/X
 _1777_/X
 _1778_/Y
 _1779_/Y
 _1780_/Y
 _1781_/Y
 _1782_/X
 _1783_/X
 _1784_/Y
 _1785_/X
 _1786_/X
 _1787_/Y
 _1788_/Y
 _1789_/Y
 _1790_/X
 _1791_/Y
 _1792_/Y
 _1793_/Y
 _1794_/X
 _1795_/X
 _1796_/Y
 _1797_/Y
 _1798_/X
 _1799_/X
 _1800_/X
 _1801_/X
 _1802_/X
 _1803_/Y
 _1804_/Y
 _1805_/X
 _1806_/Y
 _1807_/X
 _1808_/X
 _1809_/Y
 _1810_/X
 _1811_/X
 _1812_/X
 _1813_/X
 _1814_/X
 _1815_/X
 _1816_/X
 _1817_/X
 _1818_/X
 _1819_/X
 _1820_/Y
 _1821_/X
 _1822_/Y
 _1823_/X
 _1824_/Y
 _1825_/Y
 _1826_/X
 _1827_/Y
 _1828_/X
 _1829_/Y
 _1830_/Y
 _1831_/Y
 _1832_/X
 _1833_/X
 _1834_/X
 _1835_/X
 _1836_/X
 _1837_/X
 _1838_/Y
 _1839_/X
 _1840_/X
 _1841_/X
 _1842_/X
 _1843_/X
 _1844_/X
 _1845_/Y
 _1846_/Y
 _1847_/Y
 _1848_/Y
 _1849_/Y
 _1850_/Y
 _1851_/X
 _1852_/Y
 _1853_/X
 _1854_/X
 _1855_/X
 _1856_/Y
 _1857_/Y
 _1858_/X
 _1859_/X
 _1860_/X
 _1861_/X
 _1862_/Y
 _1863_/X
 _1864_/X
 _1865_/X
 _1866_/X
 _1867_/Y
 _1868_/X
 _1869_/X
 _1870_/Y
 _1871_/Y
 _1872_/Y
 _1873_/Y
 _1874_/X
 _1875_/Y
 _1876_/X
 _1877_/Y
 _1878_/X
 _1879_/X
 _1880_/X
 _1881_/Y
 _1882_/Y
 _1883_/X
 _1884_/X
 _1885_/Y
 _1886_/X
 _1887_/Y
 _1888_/X
 _1889_/X
 _1890_/X
 _1891_/X
 _1892_/Y
 _1893_/X
 _1894_/X
 _1895_/Y
 _1896_/X
 _1897_/X
 _1898_/X
 _1899_/X
 _1900_/Y
 _1901_/X
 _1902_/X
 _1903_/X
 _1904_/X
 _1905_/X
 _1906_/X
 _1907_/X
 _1908_/Y
 _1909_/X
 _1910_/X
 _1911_/Y
 _1912_/X
 _1913_/X
 _1914_/X
 _1915_/X
 _1916_/X
 _1917_/X
 _1918_/X
 _1919_/Y
 _1920_/X
 _1921_/Y
 _1922_/X
 _1923_/Y
 _1924_/Y
 _1925_/X
 _1926_/X
 _1927_/X
 _1928_/Y
 _1929_/X
 _1930_/X
 _1931_/X
 _1932_/X
 _1933_/Y
 _1934_/X
 _1935_/X
 _1936_/X
 _1937_/X
 _1938_/X
 _1939_/X
 _1940_/X
 _1941_/Y
 _1942_/X
 _1943_/Y
 _1944_/X
 _1945_/X
 _1946_/Y
 _1947_/X
 _1948_/Y
 _1949_/Y
 _1950_/Y
 _1951_/X
 _1952_/X
 _1953_/X
 _1954_/Y
 _1955_/X
 _1956_/X
 _1957_/X
 _1958_/Y
 _1959_/X
 _1960_/X
 _1961_/X
 _1962_/Y
 _1963_/X
 _1964_/X
 _1965_/X
 _1966_/X
 _1967_/X
 _1968_/X
 _1969_/X
 _1970_/Y
 _1971_/X
 _1972_/X
 _1973_/Y
 _1974_/X
 _1975_/X
 _1976_/Y
 _1977_/X
 _1978_/Y
 _1979_/Y
 _1980_/X
 _1981_/X
 _1982_/X
 _1983_/X
 _1984_/Y
 _1985_/X
 _1986_/X
 _1987_/X
 _1988_/X
 _1989_/X
 _1990_/Y
 _1991_/X
 _1992_/X
 _1993_/X
 _1994_/X
 _1995_/X
 _1996_/X
 _1997_/X
 _1998_/X
 _1999_/X
 _2000_/X
 _2001_/Y
 _2002_/X
 _2003_/Y
 _2004_/Y
 _2005_/X
 _2006_/X
 _2007_/X
 _2008_/X
 _2009_/Y
 _2010_/X
 _2011_/Y
 _2012_/Y
 _2013_/X
 _2014_/Y
 _2015_/X
 _2016_/X
 _2017_/Y
 _2018_/X
 _2019_/X
 _2020_/Y
 _2021_/X
 _2022_/X
 _2023_/X
 _2024_/X
 _2025_/Y
 _2026_/Y
 _2027_/Y
 _2028_/Y
 _2029_/X
 _2030_/Y
 _2031_/X
 _2032_/X
 _2033_/X
 _2034_/X
 _2035_/X
 _2036_/X
 _2037_/X
 _2038_/X
 _2039_/X
 _2040_/X
 _2041_/X
 _2042_/X
 _2043_/X
 _2044_/X
 _2045_/X
 _2046_/X
 _2047_/Y
 _2048_/X
 _2049_/Y
 _2050_/X
 _2051_/X
 _2052_/X
 _2053_/X
 _2054_/X
 _2055_/Y
 _2056_/Y
 _2057_/Y
 _2058_/X
 _2059_/Y
 _2060_/X
 _2061_/X
 _2062_/X
 _2063_/Y
 _2064_/X
 _2065_/X
 _2066_/X
 _2067_/X
 _2068_/X
 _2069_/X
 _2070_/X
 _2071_/X
 _2072_/X
 _2073_/Y
 _2074_/Y
 _2075_/Y
 _2076_/X
 _2077_/X
 _2078_/X
 _2079_/X
 _2080_/X
 _2081_/X
 _2082_/Y
 _2083_/X
 _2084_/X
 _2085_/X
 _2086_/X
 _2087_/Y
 _2088_/X
 _2089_/X
 _2090_/Y
 _2091_/Y
 _2092_/X
 _2093_/Y
 _2094_/X
 _2095_/Y
 _2096_/Y
 _2097_/X
 _2098_/X
 _2099_/X
 _2100_/X
 _2101_/X
 _2102_/X
 _2103_/Y
 _2104_/Y
 _2105_/X
 _2106_/X
 _2107_/X
 _2108_/Y
 _2109_/Y
 _2110_/X
 _2111_/Y
 _2112_/X
 _2113_/X
 _2114_/X
 _2115_/X
 _2116_/X
 _2117_/X
 _2118_/X
 _2119_/X
 _2120_/X
 _2121_/X
 _2122_/X
 _2123_/X
 _2124_/X
 _2125_/X
 _2126_/Y
 _2127_/Y
 _2128_/X
 _2129_/X
 _2130_/X
 _2131_/X
 _2132_/X
 _2133_/X
 _2134_/X
 _2135_/Y
 _2136_/Y
 _2137_/X
 _2138_/X
 _2139_/Y
 _2140_/X
 _2141_/Y
 _2142_/Y
 _2143_/Y
 _2144_/X
 _2145_/Y
 _2146_/X
 _2147_/X
 _2148_/X
 _2149_/X
 _2150_/X
 _2151_/X
 _2152_/Y
 _2153_/X
 _2154_/Y
 _2155_/X
 _2156_/X
 _2157_/Y
 _2158_/X
 _2159_/X
 _2160_/X
 _2161_/X
 _2162_/X
 _2163_/X
 _2164_/X
 _2165_/X
 _2166_/X
 _2167_/X
 _2168_/X
 _2169_/X
 _2170_/Y
 _2171_/X
 _2172_/X
 _2173_/X
 _2174_/X
 _2175_/X
 _2176_/X
 _2177_/Y
 _2178_/Y
 _2179_/X
 _2180_/X
 _2181_/X
 _2182_/X
 _2183_/Y
 _2184_/X
 _2185_/Y
 _2186_/X
 _2187_/X
 _2188_/X
 _2189_/X
 _2190_/X
 _2191_/X
 _2192_/X
 _2193_/X
 _2194_/X
 _2195_/X
 _2196_/X
 _2197_/Y
 _2198_/X
 _2199_/X
 _2200_/X
 _2201_/X
 _2202_/X
 _2203_/X
 _2204_/Y
 _2205_/X
 _2206_/X
 _2207_/Y
 _2208_/X
 _2209_/Y
 _2210_/Y
 _2211_/X
 _2212_/Y
 _2213_/X
 _2214_/X
 _2215_/X
 _2216_/Y
 _2217_/Y
 _2218_/Y
 _2219_/X
 _2220_/Y
 _2221_/Y
 _2222_/X
 _2223_/Y
 _2224_/X
 _2225_/X
 _2226_/X
 _2227_/Y
 _2228_/Y
 _2229_/X
 _2230_/X
 _2231_/X
 _2232_/X
 _2233_/X
 _2234_/X
 _2235_/X
 _2236_/X
 _2237_/X
 _2238_/X
 _2239_/X
 _2240_/X
 _2241_/X
 _2242_/Y
 _2243_/Y
 _2244_/Y
 _2245_/Y
 _2246_/Y
 _2247_/X
 _2248_/Y
 _2249_/Y
 _2250_/Y
 _2251_/X
 _2252_/Y
 _2253_/X
 _2254_/X
 _2255_/X
 _2256_/X
 _2257_/X
 _2258_/X
 _2259_/Y
 _2260_/X
 _2261_/X
 _2262_/Y
 _2263_/X
 _2264_/X
 _2265_/X
 _2266_/X
 _2267_/X
 _2268_/X
 _2269_/X
 _2270_/X
 _2271_/Y
 _2272_/X
 _2273_/X
 _2274_/X
 _2275_/X
 _2276_/Y
 _2277_/X
 _2278_/Y
 _2279_/X
 _2280_/X
 _2281_/X
 _2282_/X
 _2283_/Y
 _2284_/X
 _2285_/X
 _2286_/X
 _2287_/X
 _2288_/Y
 _2289_/X
 _2290_/X
 _2291_/Y
 _2292_/X
 _2293_/X
 _2294_/X
 _2295_/X
 _2296_/X
 _2297_/X
 _2298_/Y
 _2299_/Y
 _2300_/Y
 _2301_/Y
 _2302_/X
 _2303_/Y
 _2304_/X
 _2305_/X
 _2306_/X
 _2307_/Y
 _2308_/X
 _2309_/X
 _2310_/X
 _2311_/X
 _2312_/X
 _2313_/Y
 _2314_/X
 _2315_/X
 _2316_/X
 _2317_/X
 _2318_/X
 _2319_/X
 _2320_/X
 _2321_/Y
 _2322_/X
 _2323_/Y
 _2324_/Y
 _2325_/Y
 _2326_/Y
 _2327_/X
 _2328_/X
 _2329_/X
 _2330_/X
 _2331_/X
 _2332_/X
 _2333_/Y
 _2334_/X
 _2335_/Y
 _2336_/X
 _2337_/X
 _2338_/X
 _2339_/X
 _2340_/X
 _2341_/X
 _2342_/X
 _2343_/X
 _2344_/Y
 _2345_/Y
 _2346_/Y
 _2347_/Y
 _2348_/X
 _2349_/Y
 _2350_/X
 _2351_/X
 _2352_/X
 _2353_/X
 _2354_/Y
 _2355_/X
 _2356_/X
 _2357_/Y
 _2358_/Y
 _2359_/X
 _2360_/X
 _2361_/Y
 _2362_/Y
 _2363_/X
 _2364_/X
 _2365_/X
 _2366_/X
 _2367_/X
 _2368_/X
 _2369_/X
 _2370_/X
 _2371_/X
 _2372_/X
 _2373_/X
 _2374_/Y
 _2375_/Y
 _2376_/X
 _2377_/Y
 _2378_/Y
 _2379_/Y
 _2380_/X
 _2381_/X
 _2382_/X
 _2383_/X
 _2384_/X
 _2385_/X
 _2386_/X
 _2387_/X
 _2388_/Y
 _2389_/X
 _2390_/Y
 _2391_/X
 _2392_/X
 _2393_/X
 _2394_/X
 _2395_/X
 _2396_/X
 _2397_/X
 _2398_/X
 _2399_/Y
 _2400_/Y
 _2401_/X
 _2402_/X
 _2403_/Y
 _2404_/X
 _2405_/X
 _2406_/X
 _2407_/X
 _2408_/X
 _2409_/X
 _2410_/X
 _2411_/X
 _2412_/Y
 _2413_/X
 _2414_/X
 _2415_/X
 _2416_/X
 _2417_/X
 _2418_/Y
 _2419_/Y
 _2420_/X
 _2421_/X
 _2422_/X
 _2423_/X
 _2424_/X
 _2425_/X
 _2426_/Y
 _2427_/X
 _2428_/X
 _2429_/X
 _2430_/X
 _2431_/X
 _2432_/X
 _2433_/X
 _2434_/Y
 _2435_/X
 _2436_/Y
 _2437_/X
 _2438_/Y
 _2439_/Y
 _2440_/Y
 _2441_/X
 _2442_/X
 _2443_/X
 _2444_/X
 _2445_/Y
 _2446_/Y
 _2447_/X
 _2448_/X
 _2449_/X
 _2450_/X
 _2451_/Y
 _2452_/X
 _2453_/Y
 _2454_/Y
 _2455_/Y
 _2456_/X
 _2457_/X
 _2458_/X
 _2459_/X
 _2460_/X
 _2461_/X
 _2462_/X
 _2463_/X
 _2464_/X
 _2465_/X
 _2466_/X
 _2467_/Y
 _2468_/X
 _2469_/X
 _2470_/X
 _2471_/X
 _2472_/X
 _2473_/Y
 _2474_/Y
 _2475_/Y
 _2476_/X
 _2477_/X
 _2478_/Y
 _2479_/X
 _2480_/X
 _2481_/X
 _2482_/X
 _2483_/X
 _2484_/Y
 _2485_/Y
 _2486_/X
 _2487_/X
 _2488_/X
 _2489_/X
 _2490_/X
 _2491_/X
 _2492_/X
 _2493_/X
 _2494_/X
 _2495_/Y
 _2496_/Y
 _2497_/X
 _2498_/Y
 _2499_/X
 _2500_/Y
 _2501_/X
 _2502_/X
 _2503_/X
 _2504_/X
 _2505_/X
 _2506_/X
 _2507_/X
 _2508_/X
 _2509_/X
 _2510_/X
 _2511_/X
 _2512_/X
 _2513_/X
 _2514_/X
 _2515_/Y
 _2516_/Y
 _2517_/X
 _2518_/X
 _2519_/X
 _2520_/X
 _2521_/X
 _2522_/Y
 _2523_/X
 _2524_/Y
 _2525_/Y
 _2526_/X
 _2527_/X
 _2528_/X
 _2529_/X
 _2530_/X
 _2531_/X
 _2532_/X
 _2533_/Y
 _2534_/X
 _2535_/X
 _2536_/X
 _2537_/X
 _2538_/X
 _2539_/Y
 _2540_/Y
 _2541_/Y
 _2542_/Y
 _2543_/X
 _2544_/X
 _2545_/X
 _2546_/X
 _2547_/Y
 _2548_/Y
 _2549_/X
 _2550_/Y
 _2551_/X
 _2552_/Y
 _2553_/Y
 _2554_/X
 _2555_/Y
 _2556_/X
 _2557_/X
 _2558_/X
 _2559_/X
 _2560_/X
 _2561_/X
 _2562_/Y
 _2563_/X
 _2564_/X
 _2565_/X
 _2566_/X
 _2567_/Y
 _2568_/Y
 _2569_/Y
 _2570_/X
 _2571_/Y
 _2572_/X
 _2573_/Y
 _2574_/Y
 _2575_/X
 _2576_/X
 _2577_/Y
 _2578_/X
 _2579_/X
 _2580_/X
 _2581_/Y
 _2582_/X
 _2583_/X
 _2584_/X
 _2585_/X
 _2586_/X
 _2587_/X
 _2588_/X
 _2589_/Y
 _2590_/Y
 _2591_/Y
 _2592_/Y
 _2593_/Y
 _2594_/X
 _2595_/X
 _2596_/X
 _2597_/Y
 _2598_/Y
 _2599_/X
 _2600_/X
 _2601_/X
 _2602_/X
 _2603_/X
 _2604_/X
 _2605_/X
 _2606_/X
 _2607_/X
 _2608_/X
 _2609_/X
 _2610_/X
 _2611_/Y
 _2612_/X
 _2613_/Y
 _2614_/Y
 _2615_/X
 _2616_/Y
 _2617_/Y
 _2618_/X
 _2619_/X
 _2620_/X
 _2621_/X
 _2622_/X
 _2623_/Q
 _2624_/Q
 _2625_/Q
 _2626_/Q
 _2627_/Q
 _2628_/Q
 _2629_/Q
 _2630_/Q
 _2631_/Q
 _2632_/Q
 _2633_/Q
 _2634_/Q
 _2635_/Q
 _2636_/Q
 _2637_/Q
 _2638_/Q
 _2639_/Q
 _2640_/Q
 _2641_/Q
 _2642_/Q
 _2643_/Q
 _2644_/Q
 _2645_/Q
 _2646_/Q
 _2647_/Q
 _2648_/Q
 _2649_/Q
 _2650_/Q
 _2651_/Q
 _2652_/Q
 _2653_/Q
 _2654_/Q
 _2655_/Q
 _2656_/Q
 _2657_/Q
 _2658_/Q
 _2659_/Q
 _2660_/Q
 _2661_/Q
 _2662_/Q
 _2663_/Q
 _2664_/Q
 _2665_/Q
 _2666_/Q
 _2667_/Q
 _2668_/Q
 _2669_/Q
 _2670_/Q
 _2671_/Q
 _2672_/Q
 _2673_/Q
 _2674_/Q
 _2675_/Q
 _2676_/Q
 _2677_/Q
 _2678_/Q
 _2679_/Q
 _2680_/Q
 _2681_/Q
 _2682_/Q
 _2683_/Q
 _2684_/Q
 _2685_/Q
 _2686_/Q
 _2687_/Q
 _2688_/Q
 _2689_/Q
 _2690_/Q
 _2691_/Q
 _2692_/Q
 _2693_/Q
 _2694_/Q
 _2695_/Q
 _2696_/Q
 _2697_/Q
 _2698_/Q
 _2699_/Q
 _2700_/Q
 _2701_/Q
 _2702_/Q
 _2703_/Q
 _2704_/Q
 _2705_/Q
 _2706_/Q
 _2707_/Q
 _2708_/Q
 _2709_/Q
 _2710_/Q
 _2711_/Q
 _2712_/Q
 _2713_/Q
 _2714_/Q
 _2715_/Q
 _2716_/Q
 _2717_/Q
 _2718_/Q
 _2719_/Q
 _2720_/Q
 _2721_/Q
 _2722_/Q
 _2723_/Q
 _2724_/Q
 _2725_/Q
 _2726_/Q
 _2727_/Q
 _2728_/Q
 _2729_/Q
 _2730_/Q
 _2731_/Q
 _2732_/Q
 _2733_/Q
 _2734_/Q
 _2735_/Q
 _2736_/Q
 _2737_/Q
 _2738_/Q
 _2739_/Q
 _2740_/Q
 _2741_/Q
 _2742_/Q
 _2743_/Q
 _2744_/Q
 _2745_/Q
 _2746_/Q
 _2747_/Q
 _2748_/Q
 _2749_/Q
 _2750_/Q
 _2751_/Q
 _2752_/Q
 _2753_/Q
 _2754_/Q
 _2755_/Q
 _2756_/Q
 _2757_/Q
 _2758_/Q
 _2759_/Q
 _2760_/Q
 _2761_/Q
 _2762_/Q
 _2763_/Q
 _2764_/Q
 _2765_/Q
 _2766_/Q
 _2767_/Q
 _2768_/Q
 _2769_/Q
 _2770_/Q
 _2771_/Q
 _2772_/Q
 _2773_/Q
 _2774_/Q
 _2775_/Q
 _2776_/Q
 _2777_/Q
 _2778_/Q
 _2779_/Q
 _2780_/Q
 _2781_/Q
 _2782_/Q
 _2783_/Q
 _2784_/Q
 _2785_/Q
 _2786_/Q
 _2787_/Q
 _2788_/Q
 _2789_/Q
 _2790_/Q
 _2791_/Q
 _2792_/Q
 _2793_/Q
 _2794_/Q
 _2795_/Q
 _2796_/Q
 _2797_/Q
 _2798_/Q
 _2799_/Q
 _2800_/Q
 _2801_/Q
 _2802_/Q
 _2803_/Q
 _2804_/Q
 _2805_/Q
 _2806_/Q
 _2807_/Q
 _2808_/Q
 _2809_/Q
 _2810_/Q
 _2811_/Q
 _2812_/Q
 _2813_/Q
 _2814_/Q
 _2815_/Q
 _2816_/Q
 _2817_/Q
 _2818_/Q
 _2819_/Q
 _2820_/Q
 _2821_/Q
 _2822_/Q
 _2823_/Q
 _2824_/Q
 _2825_/Q
 _2826_/Q
 _2827_/Q
 _2828_/Q
 _2829_/Q
 _2830_/Q
 _2831_/Q
 _2832_/Q
 _2833_/Q
 _2834_/Q
 _2835_/Q
 _2836_/Q
 _2837_/Q
 _2838_/Q
 _2839_/Q
 clkbuf_0_clk/X
 clkbuf_2_0_0_clk/X
 clkbuf_2_1_0_clk/X
 clkbuf_2_2_0_clk/X
 clkbuf_2_3_0_clk/X
 clkbuf_3_0_0_clk/X
 clkbuf_3_1_0_clk/X
 clkbuf_3_2_0_clk/X
 clkbuf_3_3_0_clk/X
 clkbuf_3_4_0_clk/X
 clkbuf_3_5_0_clk/X
 clkbuf_3_6_0_clk/X
 clkbuf_3_7_0_clk/X
 clkbuf_4_0__f_clk/X
 clkbuf_4_10__f_clk/X
 clkbuf_4_11__f_clk/X
 clkbuf_4_12__f_clk/X
 clkbuf_4_13__f_clk/X
 clkbuf_4_14__f_clk/X
 clkbuf_4_15__f_clk/X
 clkbuf_4_1__f_clk/X
 clkbuf_4_2__f_clk/X
 clkbuf_4_3__f_clk/X
 clkbuf_4_4__f_clk/X
 clkbuf_4_5__f_clk/X
 clkbuf_4_6__f_clk/X
 clkbuf_4_7__f_clk/X
 clkbuf_4_8__f_clk/X
 clkbuf_4_9__f_clk/X
 clkbuf_leaf_0_clk/X
 clkbuf_leaf_105_clk/X
 clkbuf_leaf_108_clk/X
 clkbuf_leaf_113_clk/X
 clkbuf_leaf_117_clk/X
 clkbuf_leaf_118_clk/X
 clkbuf_leaf_119_clk/X
 clkbuf_leaf_120_clk/X
 clkbuf_leaf_122_clk/X
 clkbuf_leaf_127_clk/X
 clkbuf_leaf_128_clk/X
 clkbuf_leaf_131_clk/X
 clkbuf_leaf_134_clk/X
 clkbuf_leaf_13_clk/X
 clkbuf_leaf_142_clk/X
 clkbuf_leaf_144_clk/X
 clkbuf_leaf_147_clk/X
 clkbuf_leaf_14_clk/X
 clkbuf_leaf_17_clk/X
 clkbuf_leaf_19_clk/X
 clkbuf_leaf_1_clk/X
 clkbuf_leaf_20_clk/X
 clkbuf_leaf_21_clk/X
 clkbuf_leaf_23_clk/X
 clkbuf_leaf_25_clk/X
 clkbuf_leaf_26_clk/X
 clkbuf_leaf_30_clk/X
 clkbuf_leaf_31_clk/X
 clkbuf_leaf_33_clk/X
 clkbuf_leaf_35_clk/X
 clkbuf_leaf_41_clk/X
 clkbuf_leaf_44_clk/X
 clkbuf_leaf_47_clk/X
 clkbuf_leaf_49_clk/X
 clkbuf_leaf_4_clk/X
 clkbuf_leaf_53_clk/X
 clkbuf_leaf_55_clk/X
 clkbuf_leaf_58_clk/X
 clkbuf_leaf_5_clk/X
 clkbuf_leaf_60_clk/X
 clkbuf_leaf_63_clk/X
 clkbuf_leaf_66_clk/X
 clkbuf_leaf_67_clk/X
 clkbuf_leaf_68_clk/X
 clkbuf_leaf_73_clk/X
 clkbuf_leaf_76_clk/X
 clkbuf_leaf_77_clk/X
 clkbuf_leaf_80_clk/X
 clkbuf_leaf_86_clk/X
 clkbuf_leaf_87_clk/X
 clkbuf_leaf_89_clk/X
 clkbuf_leaf_8_clk/X
 clkbuf_leaf_92_clk/X
 clkbuf_leaf_95_clk/X
 clkbuf_leaf_96_clk/X
 clkload0/X
 clkload1/Y
 clkload10/X
 clkload11/X
 clkload12/X
 clkload13/X
 clkload14/X
 clkload15/Y
 clkload16/Y
 clkload17/Y
 clkload18/X
 clkload19/X
 clkload2/Y
 clkload20/X
 clkload21/X
 clkload22/X
 clkload23/X
 clkload24/X
 clkload25/X
 clkload26/X
 clkload27/X
 clkload28/X
 clkload29/X
 clkload3/Y
 clkload30/X
 clkload31/X
 clkload32/X
 clkload33/X
 clkload4/X
 clkload5/Y
 clkload6/Y
 clkload7/Y
 clkload8/X
 clkload9/X
 input1/X
 input2/X
 load_slew116/X
 load_slew163/X
 load_slew179/X
 load_slew210/X
 load_slew282/X
 load_slew284/X
 load_slew295/X
 load_slew303/X
 load_slew309/X
 load_slew310/X
 load_slew312/X
 load_slew313/X
 load_slew314/X
 load_slew327/X
 load_slew328/X
 load_slew332/X
 load_slew335/X
 load_slew338/X
 load_slew343/X
 load_slew345/X
 load_slew352/X
 load_slew355/X
 load_slew359/X
 load_slew360/X
 load_slew398/X
 load_slew426/X
 load_slew432/X
 load_slew434/X
 load_slew436/X
 load_slew438/X
 load_slew439/X
 load_slew441/X
 load_slew443/X
 load_slew445/X
 load_slew447/X
 load_slew448/X
 load_slew455/X
 load_slew457/X
 load_slew464/X
 load_slew468/X
 load_slew469/X
 load_slew68/X
 load_slew70/X
 max_cap100/X
 max_cap101/X
 max_cap102/X
 max_cap122/X
 max_cap125/X
 max_cap130/X
 max_cap141/X
 max_cap153/X
 max_cap159/X
 max_cap162/X
 max_cap166/X
 max_cap170/X
 max_cap171/X
 max_cap176/X
 max_cap187/X
 max_cap198/X
 max_cap202/X
 max_cap204/X
 max_cap209/X
 max_cap213/X
 max_cap214/X
 max_cap223/X
 max_cap231/X
 max_cap232/X
 max_cap233/X
 max_cap235/X
 max_cap242/X
 max_cap244/X
 max_cap246/X
 max_cap248/X
 max_cap249/X
 max_cap258/X
 max_cap260/X
 max_cap262/X
 max_cap264/X
 max_cap267/X
 max_cap273/X
 max_cap275/X
 max_cap278/X
 max_cap281/X
 max_cap288/X
 max_cap302/X
 max_cap304/X
 max_cap308/X
 max_cap311/X
 max_cap320/X
 max_cap325/X
 max_cap329/X
 max_cap336/X
 max_cap337/X
 max_cap339/X
 max_cap340/X
 max_cap341/X
 max_cap351/X
 max_cap354/X
 max_cap357/X
 max_cap361/X
 max_cap363/X
 max_cap367/X
 max_cap369/X
 max_cap371/X
 max_cap378/X
 max_cap382/X
 max_cap384/X
 max_cap385/X
 max_cap386/X
 max_cap389/X
 max_cap391/X
 max_cap393/X
 max_cap396/X
 max_cap397/X
 max_cap401/X
 max_cap402/X
 max_cap404/X
 max_cap405/X
 max_cap406/X
 max_cap407/X
 max_cap412/X
 max_cap414/X
 max_cap416/X
 max_cap421/X
 max_cap425/X
 max_cap427/X
 max_cap431/X
 max_cap433/X
 max_cap435/X
 max_cap440/X
 max_cap449/X
 max_cap452/X
 max_cap456/X
 max_cap466/X
 max_cap467/X
 max_cap52/X
 max_cap59/X
 max_cap60/X
 max_cap61/X
 max_cap62/X
 max_cap64/X
 max_cap77/X
 max_cap79/X
 max_cap85/X
 max_cap86/X
 max_cap88/X
 max_cap92/X
 max_cap94/X
 max_cap98/X
 output10/X
 output11/X
 output12/X
 output13/X
 output14/X
 output15/X
 output16/X
 output17/X
 output18/X
 output19/X
 output20/X
 output21/X
 output22/X
 output23/X
 output24/X
 output25/X
 output26/X
 output27/X
 output28/X
 output29/X
 output3/X
 output30/X
 output31/X
 output32/X
 output33/X
 output34/X
 output35/X
 output36/X
 output37/X
 output38/X
 output39/X
 output4/X
 output40/X
 output41/X
 output42/X
 output43/X
 output44/X
 output45/X
 output5/X
 output6/X
 output7/X
 output8/X
 output9/X
 wire103/X
 wire104/X
 wire105/X
 wire106/X
 wire107/X
 wire108/X
 wire109/X
 wire110/X
 wire111/X
 wire112/X
 wire113/X
 wire114/X
 wire115/X
 wire117/X
 wire118/X
 wire119/X
 wire120/X
 wire121/X
 wire123/X
 wire124/X
 wire126/X
 wire127/X
 wire128/X
 wire129/X
 wire131/X
 wire132/X
 wire133/X
 wire134/X
 wire135/X
 wire136/X
 wire137/X
 wire138/X
 wire139/X
 wire140/X
 wire142/X
 wire143/X
 wire144/X
 wire145/X
 wire146/X
 wire147/X
 wire148/X
 wire149/X
 wire150/X
 wire151/X
 wire152/X
 wire154/X
 wire155/X
 wire156/X
 wire157/X
 wire158/X
 wire160/X
 wire161/X
 wire164/X
 wire165/X
 wire167/X
 wire168/X
 wire169/X
 wire172/X
 wire173/X
 wire174/X
 wire175/X
 wire177/X
 wire178/X
 wire180/X
 wire181/X
 wire182/X
 wire183/X
 wire184/X
 wire185/X
 wire186/X
 wire188/X
 wire189/X
 wire190/X
 wire191/X
 wire192/X
 wire193/X
 wire194/X
 wire195/X
 wire196/X
 wire197/X
 wire199/X
 wire200/X
 wire201/X
 wire203/X
 wire205/X
 wire206/X
 wire207/X
 wire208/X
 wire211/X
 wire212/X
 wire215/X
 wire216/X
 wire217/X
 wire218/X
 wire219/X
 wire220/X
 wire221/X
 wire222/X
 wire224/X
 wire225/X
 wire226/X
 wire227/X
 wire228/X
 wire229/X
 wire230/X
 wire234/X
 wire236/X
 wire237/X
 wire238/X
 wire239/X
 wire240/X
 wire241/X
 wire243/X
 wire245/X
 wire247/X
 wire250/X
 wire251/X
 wire252/X
 wire253/X
 wire254/X
 wire255/X
 wire256/X
 wire257/X
 wire259/X
 wire261/X
 wire263/X
 wire265/X
 wire266/X
 wire268/X
 wire269/X
 wire270/X
 wire271/X
 wire272/X
 wire274/X
 wire276/X
 wire277/X
 wire279/X
 wire280/X
 wire283/X
 wire285/X
 wire286/X
 wire287/X
 wire289/X
 wire290/X
 wire291/X
 wire292/X
 wire293/X
 wire294/X
 wire296/X
 wire297/X
 wire298/X
 wire299/X
 wire300/X
 wire301/X
 wire305/X
 wire306/X
 wire307/X
 wire315/X
 wire316/X
 wire317/X
 wire318/X
 wire319/X
 wire321/X
 wire322/X
 wire323/X
 wire324/X
 wire326/X
 wire330/X
 wire331/X
 wire333/X
 wire334/X
 wire342/X
 wire344/X
 wire346/X
 wire347/X
 wire348/X
 wire349/X
 wire350/X
 wire353/X
 wire356/X
 wire358/X
 wire362/X
 wire364/X
 wire365/X
 wire366/X
 wire368/X
 wire370/X
 wire372/X
 wire373/X
 wire374/X
 wire375/X
 wire376/X
 wire377/X
 wire379/X
 wire380/X
 wire381/X
 wire383/X
 wire387/X
 wire388/X
 wire390/X
 wire392/X
 wire394/X
 wire395/X
 wire399/X
 wire400/X
 wire403/X
 wire408/X
 wire409/X
 wire410/X
 wire411/X
 wire413/X
 wire415/X
 wire417/X
 wire418/X
 wire419/X
 wire420/X
 wire422/X
 wire423/X
 wire424/X
 wire428/X
 wire429/X
 wire430/X
 wire437/X
 wire442/X
 wire444/X
 wire446/X
 wire450/X
 wire451/X
 wire453/X
 wire454/X
 wire458/X
 wire459/X
 wire46/X
 wire460/X
 wire461/X
 wire462/X
 wire463/X
 wire465/X
 wire47/X
 wire48/X
 wire49/X
 wire50/X
 wire51/X
 wire53/X
 wire54/X
 wire55/X
 wire56/X
 wire57/X
 wire58/X
 wire63/X
 wire65/X
 wire66/X
 wire67/X
 wire69/X
 wire71/X
 wire72/X
 wire73/X
 wire74/X
 wire75/X
 wire76/X
 wire78/X
 wire80/X
 wire81/X
 wire82/X
 wire83/X
 wire84/X
 wire87/X
 wire89/X
 wire90/X
 wire91/X
 wire93/X
 wire95/X
 wire96/X
 wire97/X
 wire99/X
Found 0 partially unannotated drivers.

===========================================================================
max slew violation count 0
max fanout violation count 118
max cap violation count 0
============================================================================

===========================================================================
check_setup -verbose -unconstrained_endpoints -multiple_clock -no_clock -no_input_delay -loops -generated_clocks
===========================================================================
