
===========================================================================
report_checks -unconstrained
===========================================================================
======================= Fastest Corner ===================================

Startpoint: din2[0] (input port clocked by __VIRTUAL_CLK__)
Endpoint: dout[5] (output port clocked by __VIRTUAL_CLK__)
Path Group: __VIRTUAL_CLK__
Path Type: max
Corner: Fastest

Fanout     Cap    Slew   Delay    Time   Description
-----------------------------------------------------------------------------
                  0.00    0.00    0.00   clock __VIRTUAL_CLK__ (rise edge)
                          0.00    0.00   clock network delay (ideal)
                          2.00    2.00 ^ input external delay
     1    0.00    0.02    0.01    2.01 ^ din2[0] (in)
                                         din2[0] (net)
                  0.02    0.00    2.01 ^ input9/A (sky130_fd_sc_hd__clkbuf_2)
     4    0.03    0.14    0.15    2.16 ^ input9/X (sky130_fd_sc_hd__clkbuf_2)
                                         net9 (net)
                  0.14    0.00    2.16 ^ _184_/A (sky130_fd_sc_hd__clkbuf_4)
    10    0.07    0.15    0.21    2.37 ^ _184_/X (sky130_fd_sc_hd__clkbuf_4)
                                         _112_ (net)
                  0.15    0.00    2.37 ^ _194_/B2 (sky130_fd_sc_hd__a22o_1)
     2    0.02    0.15    0.17    2.55 ^ _194_/X (sky130_fd_sc_hd__a22o_1)
                                         _122_ (net)
                  0.15    0.00    2.55 ^ _196_/A3 (sky130_fd_sc_hd__a31o_1)
     2    0.01    0.10    0.15    2.70 ^ _196_/X (sky130_fd_sc_hd__a31o_1)
                                         _124_ (net)
                  0.10    0.00    2.70 ^ _198_/C (sky130_fd_sc_hd__and3_1)
     2    0.02    0.14    0.19    2.89 ^ _198_/X (sky130_fd_sc_hd__and3_1)
                                         _126_ (net)
                  0.14    0.00    2.89 ^ _208_/A_N (sky130_fd_sc_hd__and2b_1)
     1    0.02    0.07    0.17    3.06 v _208_/X (sky130_fd_sc_hd__and2b_1)
                                         _136_ (net)
                  0.07    0.00    3.06 v _209_/B (sky130_fd_sc_hd__xnor2_2)
     3    0.03    0.27    0.25    3.31 ^ _209_/Y (sky130_fd_sc_hd__xnor2_2)
                                         _137_ (net)
                  0.27    0.00    3.31 ^ _210_/C (sky130_fd_sc_hd__nand3_1)
     3    0.02    0.12    0.13    3.44 v _210_/Y (sky130_fd_sc_hd__nand3_1)
                                         _138_ (net)
                  0.12    0.00    3.44 v _220_/B (sky130_fd_sc_hd__and3_1)
     1    0.01    0.06    0.18    3.63 v _220_/X (sky130_fd_sc_hd__and3_1)
                                         _148_ (net)
                  0.06    0.00    3.63 v _221_/B (sky130_fd_sc_hd__nor2_1)
     1    0.03    0.35    0.30    3.93 ^ _221_/Y (sky130_fd_sc_hd__nor2_1)
                                         _149_ (net)
                  0.35    0.00    3.93 ^ _267_/A2 (sky130_fd_sc_hd__a211o_1)
     1    0.01    0.08    0.14    4.06 ^ _267_/X (sky130_fd_sc_hd__a211o_1)
                                         net25 (net)
                  0.08    0.00    4.06 ^ output25/A (sky130_fd_sc_hd__buf_2)
     1    0.03    0.13    0.16    4.22 ^ output25/X (sky130_fd_sc_hd__buf_2)
                                         dout[5] (net)
                  0.13    0.00    4.22 ^ dout[5] (out)
                                  4.22   data arrival time

                  0.00   10.00   10.00   clock __VIRTUAL_CLK__ (rise edge)
                          0.00   10.00   clock network delay (ideal)
                         -0.25    9.75   clock uncertainty
                          0.00    9.75   clock reconvergence pessimism
                         -2.00    7.75   output external delay
                                  7.75   data required time
-----------------------------------------------------------------------------
                                  7.75   data required time
                                 -4.22   data arrival time
-----------------------------------------------------------------------------
                                  3.53   slack (MET)



======================= Slowest Corner ===================================

Startpoint: din1[3] (input port clocked by __VIRTUAL_CLK__)
Endpoint: dout[5] (output port clocked by __VIRTUAL_CLK__)
Path Group: __VIRTUAL_CLK__
Path Type: max
Corner: Slowest

Fanout     Cap    Slew   Delay    Time   Description
-----------------------------------------------------------------------------
                  0.00    0.00    0.00   clock __VIRTUAL_CLK__ (rise edge)
                          0.00    0.00   clock network delay (ideal)
                          2.00    2.00 v input external delay
     1    0.00    0.02    0.01    2.01 v din1[3] (in)
                                         din1[3] (net)
                  0.02    0.00    2.01 v input4/A (sky130_fd_sc_hd__buf_2)
     4    0.05    0.21    0.37    2.38 v input4/X (sky130_fd_sc_hd__buf_2)
                                         net4 (net)
                  0.21    0.00    2.38 v _186_/D (sky130_fd_sc_hd__and4_1)
     3    0.03    0.25    0.67    3.06 v _186_/X (sky130_fd_sc_hd__and4_1)
                                         _114_ (net)
                  0.25    0.00    3.06 v _192_/A (sky130_fd_sc_hd__or3_1)
     2    0.02    0.26    1.14    4.20 v _192_/X (sky130_fd_sc_hd__or3_1)
                                         _120_ (net)
                  0.26    0.00    4.20 v _198_/A (sky130_fd_sc_hd__and3_1)
     2    0.02    0.19    0.53    4.72 v _198_/X (sky130_fd_sc_hd__and3_1)
                                         _126_ (net)
                  0.19    0.00    4.72 v _208_/A_N (sky130_fd_sc_hd__and2b_1)
     1    0.02    0.30    0.63    5.35 ^ _208_/X (sky130_fd_sc_hd__and2b_1)
                                         _136_ (net)
                  0.30    0.00    5.35 ^ _209_/B (sky130_fd_sc_hd__xnor2_2)
     3    0.03    0.57    0.42    5.77 ^ _209_/Y (sky130_fd_sc_hd__xnor2_2)
                                         _137_ (net)
                  0.57    0.00    5.77 ^ _210_/C (sky130_fd_sc_hd__nand3_1)
     3    0.02    0.41    0.58    6.35 v _210_/Y (sky130_fd_sc_hd__nand3_1)
                                         _138_ (net)
                  0.41    0.00    6.35 v _220_/B (sky130_fd_sc_hd__and3_1)
     1    0.01    0.16    0.63    6.99 v _220_/X (sky130_fd_sc_hd__and3_1)
                                         _148_ (net)
                  0.16    0.00    6.99 v _221_/B (sky130_fd_sc_hd__nor2_1)
     1    0.03    0.83    0.74    7.72 ^ _221_/Y (sky130_fd_sc_hd__nor2_1)
                                         _149_ (net)
                  0.83    0.00    7.72 ^ _267_/A2 (sky130_fd_sc_hd__a211o_1)
     1    0.01    0.17    0.58    8.31 ^ _267_/X (sky130_fd_sc_hd__a211o_1)
                                         net25 (net)
                  0.17    0.00    8.31 ^ output25/A (sky130_fd_sc_hd__buf_2)
     1    0.03    0.27    0.41    8.72 ^ output25/X (sky130_fd_sc_hd__buf_2)
                                         dout[5] (net)
                  0.27    0.00    8.72 ^ dout[5] (out)
                                  8.72   data arrival time

                  0.00   10.00   10.00   clock __VIRTUAL_CLK__ (rise edge)
                          0.00   10.00   clock network delay (ideal)
                         -0.25    9.75   clock uncertainty
                          0.00    9.75   clock reconvergence pessimism
                         -2.00    7.75   output external delay
                                  7.75   data required time
-----------------------------------------------------------------------------
                                  7.75   data required time
                                 -8.72   data arrival time
-----------------------------------------------------------------------------
                                 -0.97   slack (VIOLATED)



======================= Typical Corner ===================================

Startpoint: din2[0] (input port clocked by __VIRTUAL_CLK__)
Endpoint: dout[5] (output port clocked by __VIRTUAL_CLK__)
Path Group: __VIRTUAL_CLK__
Path Type: max
Corner: Typical

Fanout     Cap    Slew   Delay    Time   Description
-----------------------------------------------------------------------------
                  0.00    0.00    0.00   clock __VIRTUAL_CLK__ (rise edge)
                          0.00    0.00   clock network delay (ideal)
                          2.00    2.00 ^ input external delay
     1    0.00    0.02    0.01    2.01 ^ din2[0] (in)
                                         din2[0] (net)
                  0.02    0.00    2.01 ^ input9/A (sky130_fd_sc_hd__clkbuf_2)
     4    0.03    0.19    0.21    2.22 ^ input9/X (sky130_fd_sc_hd__clkbuf_2)
                                         net9 (net)
                  0.19    0.00    2.22 ^ _184_/A (sky130_fd_sc_hd__clkbuf_4)
    10    0.07    0.20    0.31    2.53 ^ _184_/X (sky130_fd_sc_hd__clkbuf_4)
                                         _112_ (net)
                  0.20    0.00    2.53 ^ _194_/B2 (sky130_fd_sc_hd__a22o_1)
     2    0.02    0.20    0.28    2.82 ^ _194_/X (sky130_fd_sc_hd__a22o_1)
                                         _122_ (net)
                  0.20    0.00    2.82 ^ _196_/A3 (sky130_fd_sc_hd__a31o_1)
     2    0.01    0.14    0.25    3.06 ^ _196_/X (sky130_fd_sc_hd__a31o_1)
                                         _124_ (net)
                  0.14    0.00    3.07 ^ _198_/C (sky130_fd_sc_hd__and3_1)
     2    0.02    0.19    0.29    3.35 ^ _198_/X (sky130_fd_sc_hd__and3_1)
                                         _126_ (net)
                  0.19    0.00    3.35 ^ _208_/A_N (sky130_fd_sc_hd__and2b_1)
     1    0.02    0.10    0.28    3.64 v _208_/X (sky130_fd_sc_hd__and2b_1)
                                         _136_ (net)
                  0.10    0.00    3.64 v _209_/B (sky130_fd_sc_hd__xnor2_2)
     3    0.03    0.37    0.35    3.99 ^ _209_/Y (sky130_fd_sc_hd__xnor2_2)
                                         _137_ (net)
                  0.37    0.00    3.99 ^ _210_/C (sky130_fd_sc_hd__nand3_1)
     3    0.02    0.19    0.24    4.23 v _210_/Y (sky130_fd_sc_hd__nand3_1)
                                         _138_ (net)
                  0.19    0.00    4.23 v _220_/B (sky130_fd_sc_hd__and3_1)
     1    0.01    0.09    0.29    4.52 v _220_/X (sky130_fd_sc_hd__and3_1)
                                         _148_ (net)
                  0.09    0.00    4.52 v _221_/B (sky130_fd_sc_hd__nor2_1)
     1    0.03    0.50    0.43    4.95 ^ _221_/Y (sky130_fd_sc_hd__nor2_1)
                                         _149_ (net)
                  0.50    0.00    4.95 ^ _267_/A2 (sky130_fd_sc_hd__a211o_1)
     1    0.01    0.10    0.26    5.21 ^ _267_/X (sky130_fd_sc_hd__a211o_1)
                                         net25 (net)
                  0.10    0.00    5.21 ^ output25/A (sky130_fd_sc_hd__buf_2)
     1    0.03    0.17    0.23    5.44 ^ output25/X (sky130_fd_sc_hd__buf_2)
                                         dout[5] (net)
                  0.17    0.00    5.44 ^ dout[5] (out)
                                  5.44   data arrival time

                  0.00   10.00   10.00   clock __VIRTUAL_CLK__ (rise edge)
                          0.00   10.00   clock network delay (ideal)
                         -0.25    9.75   clock uncertainty
                          0.00    9.75   clock reconvergence pessimism
                         -2.00    7.75   output external delay
                                  7.75   data required time
-----------------------------------------------------------------------------
                                  7.75   data required time
                                 -5.44   data arrival time
-----------------------------------------------------------------------------
                                  2.31   slack (MET)




===========================================================================
report_checks --slack_max -0.01
============================================================================
======================= Fastest Corner ===================================

No paths found.

======================= Slowest Corner ===================================

Startpoint: din1[3] (input port clocked by __VIRTUAL_CLK__)
Endpoint: dout[5] (output port clocked by __VIRTUAL_CLK__)
Path Group: __VIRTUAL_CLK__
Path Type: max
Corner: Slowest

Fanout     Cap    Slew   Delay    Time   Description
-----------------------------------------------------------------------------
                  0.00    0.00    0.00   clock __VIRTUAL_CLK__ (rise edge)
                          0.00    0.00   clock network delay (ideal)
                          2.00    2.00 v input external delay
     1    0.00    0.02    0.01    2.01 v din1[3] (in)
                                         din1[3] (net)
                  0.02    0.00    2.01 v input4/A (sky130_fd_sc_hd__buf_2)
     4    0.05    0.21    0.37    2.38 v input4/X (sky130_fd_sc_hd__buf_2)
                                         net4 (net)
                  0.21    0.00    2.38 v _186_/D (sky130_fd_sc_hd__and4_1)
     3    0.03    0.25    0.67    3.06 v _186_/X (sky130_fd_sc_hd__and4_1)
                                         _114_ (net)
                  0.25    0.00    3.06 v _192_/A (sky130_fd_sc_hd__or3_1)
     2    0.02    0.26    1.14    4.20 v _192_/X (sky130_fd_sc_hd__or3_1)
                                         _120_ (net)
                  0.26    0.00    4.20 v _198_/A (sky130_fd_sc_hd__and3_1)
     2    0.02    0.19    0.53    4.72 v _198_/X (sky130_fd_sc_hd__and3_1)
                                         _126_ (net)
                  0.19    0.00    4.72 v _208_/A_N (sky130_fd_sc_hd__and2b_1)
     1    0.02    0.30    0.63    5.35 ^ _208_/X (sky130_fd_sc_hd__and2b_1)
                                         _136_ (net)
                  0.30    0.00    5.35 ^ _209_/B (sky130_fd_sc_hd__xnor2_2)
     3    0.03    0.57    0.42    5.77 ^ _209_/Y (sky130_fd_sc_hd__xnor2_2)
                                         _137_ (net)
                  0.57    0.00    5.77 ^ _210_/C (sky130_fd_sc_hd__nand3_1)
     3    0.02    0.41    0.58    6.35 v _210_/Y (sky130_fd_sc_hd__nand3_1)
                                         _138_ (net)
                  0.41    0.00    6.35 v _220_/B (sky130_fd_sc_hd__and3_1)
     1    0.01    0.16    0.63    6.99 v _220_/X (sky130_fd_sc_hd__and3_1)
                                         _148_ (net)
                  0.16    0.00    6.99 v _221_/B (sky130_fd_sc_hd__nor2_1)
     1    0.03    0.83    0.74    7.72 ^ _221_/Y (sky130_fd_sc_hd__nor2_1)
                                         _149_ (net)
                  0.83    0.00    7.72 ^ _267_/A2 (sky130_fd_sc_hd__a211o_1)
     1    0.01    0.17    0.58    8.31 ^ _267_/X (sky130_fd_sc_hd__a211o_1)
                                         net25 (net)
                  0.17    0.00    8.31 ^ output25/A (sky130_fd_sc_hd__buf_2)
     1    0.03    0.27    0.41    8.72 ^ output25/X (sky130_fd_sc_hd__buf_2)
                                         dout[5] (net)
                  0.27    0.00    8.72 ^ dout[5] (out)
                                  8.72   data arrival time

                  0.00   10.00   10.00   clock __VIRTUAL_CLK__ (rise edge)
                          0.00   10.00   clock network delay (ideal)
                         -0.25    9.75   clock uncertainty
                          0.00    9.75   clock reconvergence pessimism
                         -2.00    7.75   output external delay
                                  7.75   data required time
-----------------------------------------------------------------------------
                                  7.75   data required time
                                 -8.72   data arrival time
-----------------------------------------------------------------------------
                                 -0.97   slack (VIOLATED)



======================= Typical Corner ===================================

No paths found.


===========================================================================
 report_check_types -max_slew -max_cap -max_fanout -violators
============================================================================
======================= Fastest Corner ===================================


max slew violations count Fastest: 0
max fanout violations count Fastest: 0
max cap violations count Fastest: 0
======================= Slowest Corner ===================================

max slew

Pin                                    Limit    Slew   Slack
------------------------------------------------------------
_221_/Y                                 0.75    0.83   -0.08 (VIOLATED)
_267_/A2                                0.75    0.83   -0.08 (VIOLATED)
_232_/B1                                0.75    0.83   -0.08 (VIOLATED)
_298_/B1                                0.75    0.83   -0.08 (VIOLATED)
_309_/B1                                0.75    0.83   -0.08 (VIOLATED)
_322_/B1                                0.75    0.83   -0.08 (VIOLATED)
_228_/Y                                 0.75    0.83   -0.08 (VIOLATED)
_332_/B1                                0.75    0.83   -0.08 (VIOLATED)
_340_/B                                 0.75    0.83   -0.08 (VIOLATED)


max slew violations count Slowest: 9
max fanout violations count Slowest: 0
max cap violations count Slowest: 0
======================= Typical Corner ===================================


max slew violations count Typical: 0
max fanout violations count Typical: 0
max cap violations count Typical: 0

===========================================================================
report_parasitic_annotation -report_unannotated
============================================================================
Found 0 unannotated drivers.
Found 0 partially unannotated drivers.

===========================================================================
max slew violation count 9
max fanout violation count 0
max cap violation count 0
============================================================================

===========================================================================
check_setup -verbose -unconstrained_endpoints -multiple_clock -no_clock -no_input_delay -loops -generated_clocks
===========================================================================
