
===========================================================================
report_checks -path_delay min (Hold)
============================================================================
======================= Fastest Corner ===================================

Startpoint: din1[6] (input port clocked by __VIRTUAL_CLK__)
Endpoint: dout[6] (output port clocked by __VIRTUAL_CLK__)
Path Group: __VIRTUAL_CLK__
Path Type: min
Corner: Fastest

Fanout     Cap    Slew   Delay    Time   Description
-----------------------------------------------------------------------------
                  0.00    0.00    0.00   clock __VIRTUAL_CLK__ (rise edge)
                          0.00    0.00   clock network delay (ideal)
                          2.00    2.00 ^ input external delay
     1    0.00    0.01    0.01    2.01 ^ din1[6] (in)
                                         din1[6] (net)
                  0.01    0.00    2.01 ^ input7/A (sky130_fd_sc_hd__clkbuf_2)
     5    0.04    0.15    0.14    2.14 ^ input7/X (sky130_fd_sc_hd__clkbuf_2)
                                         net7 (net)
                  0.15    0.00    2.15 ^ _289_/A1 (sky130_fd_sc_hd__o211ai_1)
     1    0.00    0.03    0.07    2.21 v _289_/Y (sky130_fd_sc_hd__o211ai_1)
                                         _046_ (net)
                  0.03    0.00    2.21 v _290_/B1 (sky130_fd_sc_hd__a31o_1)
     1    0.01    0.05    0.10    2.31 v _290_/X (sky130_fd_sc_hd__a31o_1)
                                         _047_ (net)
                  0.05    0.00    2.31 v _291_/B1 (sky130_fd_sc_hd__a21o_1)
     1    0.00    0.02    0.08    2.39 v _291_/X (sky130_fd_sc_hd__a21o_1)
                                         net26 (net)
                  0.02    0.00    2.39 v output26/A (sky130_fd_sc_hd__buf_2)
     1    0.03    0.06    0.11    2.49 v output26/X (sky130_fd_sc_hd__buf_2)
                                         dout[6] (net)
                  0.06    0.00    2.50 v dout[6] (out)
                                  2.50   data arrival time

                  0.00    0.00    0.00   clock __VIRTUAL_CLK__ (rise edge)
                          0.00    0.00   clock network delay (ideal)
                          0.25    0.25   clock uncertainty
                          0.00    0.25   clock reconvergence pessimism
                         -2.00   -1.75   output external delay
                                 -1.75   data required time
-----------------------------------------------------------------------------
                                 -1.75   data required time
                                 -2.50   data arrival time
-----------------------------------------------------------------------------
                                  4.25   slack (MET)


Startpoint: din2[4] (input port clocked by __VIRTUAL_CLK__)
Endpoint: dout[4] (output port clocked by __VIRTUAL_CLK__)
Path Group: __VIRTUAL_CLK__
Path Type: min
Corner: Fastest

Fanout     Cap    Slew   Delay    Time   Description
-----------------------------------------------------------------------------
                  0.00    0.00    0.00   clock __VIRTUAL_CLK__ (rise edge)
                          0.00    0.00   clock network delay (ideal)
                          2.00    2.00 ^ input external delay
     1    0.00    0.01    0.01    2.01 ^ din2[4] (in)
                                         din2[4] (net)
                  0.01    0.00    2.01 ^ input13/A (sky130_fd_sc_hd__buf_2)
     6    0.04    0.16    0.14    2.15 ^ input13/X (sky130_fd_sc_hd__buf_2)
                                         net13 (net)
                  0.16    0.00    2.15 ^ _341_/A1 (sky130_fd_sc_hd__a31o_1)
     1    0.01    0.05    0.10    2.25 ^ _341_/X (sky130_fd_sc_hd__a31o_1)
                                         _092_ (net)
                  0.05    0.00    2.25 ^ _346_/B (sky130_fd_sc_hd__or3_4)
     1    0.01    0.04    0.09    2.34 ^ _346_/X (sky130_fd_sc_hd__or3_4)
                                         _097_ (net)
                  0.04    0.00    2.34 ^ _347_/A (sky130_fd_sc_hd__clkbuf_1)
     1    0.00    0.04    0.05    2.39 ^ _347_/X (sky130_fd_sc_hd__clkbuf_1)
                                         net24 (net)
                  0.04    0.00    2.39 ^ output24/A (sky130_fd_sc_hd__buf_2)
     1    0.03    0.13    0.13    2.53 ^ output24/X (sky130_fd_sc_hd__buf_2)
                                         dout[4] (net)
                  0.13    0.00    2.53 ^ dout[4] (out)
                                  2.53   data arrival time

                  0.00    0.00    0.00   clock __VIRTUAL_CLK__ (rise edge)
                          0.00    0.00   clock network delay (ideal)
                          0.25    0.25   clock uncertainty
                          0.00    0.25   clock reconvergence pessimism
                         -2.00   -1.75   output external delay
                                 -1.75   data required time
-----------------------------------------------------------------------------
                                 -1.75   data required time
                                 -2.53   data arrival time
-----------------------------------------------------------------------------
                                  4.28   slack (MET)


Startpoint: din2[5] (input port clocked by __VIRTUAL_CLK__)
Endpoint: dout[5] (output port clocked by __VIRTUAL_CLK__)
Path Group: __VIRTUAL_CLK__
Path Type: min
Corner: Fastest

Fanout     Cap    Slew   Delay    Time   Description
-----------------------------------------------------------------------------
                  0.00    0.00    0.00   clock __VIRTUAL_CLK__ (rise edge)
                          0.00    0.00   clock network delay (ideal)
                          2.00    2.00 ^ input external delay
     1    0.00    0.01    0.01    2.01 ^ din2[5] (in)
                                         din2[5] (net)
                  0.01    0.00    2.01 ^ input14/A (sky130_fd_sc_hd__buf_2)
     5    0.04    0.15    0.14    2.15 ^ input14/X (sky130_fd_sc_hd__buf_2)
                                         net14 (net)
                  0.15    0.00    2.15 ^ _233_/A1 (sky130_fd_sc_hd__a311o_1)
     1    0.01    0.10    0.15    2.30 ^ _233_/X (sky130_fd_sc_hd__a311o_1)
                                         _161_ (net)
                  0.10    0.00    2.30 ^ _267_/B1 (sky130_fd_sc_hd__a211o_1)
     1    0.01    0.08    0.10    2.40 ^ _267_/X (sky130_fd_sc_hd__a211o_1)
                                         net25 (net)
                  0.08    0.00    2.40 ^ output25/A (sky130_fd_sc_hd__buf_2)
     1    0.03    0.13    0.14    2.54 ^ output25/X (sky130_fd_sc_hd__buf_2)
                                         dout[5] (net)
                  0.13    0.00    2.54 ^ dout[5] (out)
                                  2.54   data arrival time

                  0.00    0.00    0.00   clock __VIRTUAL_CLK__ (rise edge)
                          0.00    0.00   clock network delay (ideal)
                          0.25    0.25   clock uncertainty
                          0.00    0.25   clock reconvergence pessimism
                         -2.00   -1.75   output external delay
                                 -1.75   data required time
-----------------------------------------------------------------------------
                                 -1.75   data required time
                                 -2.54   data arrival time
-----------------------------------------------------------------------------
                                  4.29   slack (MET)


Startpoint: din2[0] (input port clocked by __VIRTUAL_CLK__)
Endpoint: dout[0] (output port clocked by __VIRTUAL_CLK__)
Path Group: __VIRTUAL_CLK__
Path Type: min
Corner: Fastest

Fanout     Cap    Slew   Delay    Time   Description
-----------------------------------------------------------------------------
                  0.00    0.00    0.00   clock __VIRTUAL_CLK__ (rise edge)
                          0.00    0.00   clock network delay (ideal)
                          2.00    2.00 v input external delay
     1    0.00    0.01    0.00    2.00 v din2[0] (in)
                                         din2[0] (net)
                  0.01    0.00    2.00 v input9/A (sky130_fd_sc_hd__clkbuf_2)
     4    0.03    0.09    0.11    2.11 v input9/X (sky130_fd_sc_hd__clkbuf_2)
                                         net9 (net)
                  0.09    0.00    2.11 v _184_/A (sky130_fd_sc_hd__clkbuf_4)
    10    0.06    0.09    0.17    2.28 v _184_/X (sky130_fd_sc_hd__clkbuf_4)
                                         _112_ (net)
                  0.09    0.00    2.28 v _307_/A1 (sky130_fd_sc_hd__a31o_1)
     1    0.01    0.05    0.15    2.43 v _307_/X (sky130_fd_sc_hd__a31o_1)
                                         net20 (net)
                  0.05    0.00    2.43 v output20/A (sky130_fd_sc_hd__buf_2)
     1    0.04    0.06    0.12    2.55 v output20/X (sky130_fd_sc_hd__buf_2)
                                         dout[0] (net)
                  0.06    0.00    2.55 v dout[0] (out)
                                  2.55   data arrival time

                  0.00    0.00    0.00   clock __VIRTUAL_CLK__ (rise edge)
                          0.00    0.00   clock network delay (ideal)
                          0.25    0.25   clock uncertainty
                          0.00    0.25   clock reconvergence pessimism
                         -2.00   -1.75   output external delay
                                 -1.75   data required time
-----------------------------------------------------------------------------
                                 -1.75   data required time
                                 -2.55   data arrival time
-----------------------------------------------------------------------------
                                  4.30   slack (MET)


Startpoint: op[2] (input port clocked by __VIRTUAL_CLK__)
Endpoint: dout[7] (output port clocked by __VIRTUAL_CLK__)
Path Group: __VIRTUAL_CLK__
Path Type: min
Corner: Fastest

Fanout     Cap    Slew   Delay    Time   Description
-----------------------------------------------------------------------------
                  0.00    0.00    0.00   clock __VIRTUAL_CLK__ (rise edge)
                          0.00    0.00   clock network delay (ideal)
                          2.00    2.00 v input external delay
     1    0.00    0.01    0.00    2.00 v op[2] (in)
                                         op[2] (net)
                  0.01    0.00    2.00 v input19/A (sky130_fd_sc_hd__clkbuf_4)
     7    0.06    0.09    0.13    2.14 v input19/X (sky130_fd_sc_hd__clkbuf_4)
                                         net19 (net)
                  0.09    0.00    2.14 v _265_/A (sky130_fd_sc_hd__and3_2)
     7    0.04    0.09    0.19    2.33 v _265_/X (sky130_fd_sc_hd__and3_2)
                                         _023_ (net)
                  0.09    0.00    2.33 v _302_/A1 (sky130_fd_sc_hd__a31o_1)
     1    0.01    0.04    0.14    2.47 v _302_/X (sky130_fd_sc_hd__a31o_1)
                                         net27 (net)
                  0.04    0.00    2.47 v output27/A (sky130_fd_sc_hd__buf_2)
     1    0.03    0.06    0.12    2.59 v output27/X (sky130_fd_sc_hd__buf_2)
                                         dout[7] (net)
                  0.06    0.00    2.59 v dout[7] (out)
                                  2.59   data arrival time

                  0.00    0.00    0.00   clock __VIRTUAL_CLK__ (rise edge)
                          0.00    0.00   clock network delay (ideal)
                          0.25    0.25   clock uncertainty
                          0.00    0.25   clock reconvergence pessimism
                         -2.00   -1.75   output external delay
                                 -1.75   data required time
-----------------------------------------------------------------------------
                                 -1.75   data required time
                                 -2.59   data arrival time
-----------------------------------------------------------------------------
                                  4.34   slack (MET)


Startpoint: op[2] (input port clocked by __VIRTUAL_CLK__)
Endpoint: dout[2] (output port clocked by __VIRTUAL_CLK__)
Path Group: __VIRTUAL_CLK__
Path Type: min
Corner: Fastest

Fanout     Cap    Slew   Delay    Time   Description
-----------------------------------------------------------------------------
                  0.00    0.00    0.00   clock __VIRTUAL_CLK__ (rise edge)
                          0.00    0.00   clock network delay (ideal)
                          2.00    2.00 v input external delay
     1    0.00    0.01    0.00    2.00 v op[2] (in)
                                         op[2] (net)
                  0.01    0.00    2.00 v input19/A (sky130_fd_sc_hd__clkbuf_4)
     7    0.06    0.09    0.13    2.14 v input19/X (sky130_fd_sc_hd__clkbuf_4)
                                         net19 (net)
                  0.09    0.00    2.14 v _265_/A (sky130_fd_sc_hd__and3_2)
     7    0.04    0.09    0.19    2.33 v _265_/X (sky130_fd_sc_hd__and3_2)
                                         _023_ (net)
                  0.09    0.00    2.33 v _326_/A2 (sky130_fd_sc_hd__a31o_1)
     1    0.01    0.03    0.15    2.48 v _326_/X (sky130_fd_sc_hd__a31o_1)
                                         net22 (net)
                  0.03    0.00    2.48 v output22/A (sky130_fd_sc_hd__buf_2)
     1    0.03    0.06    0.11    2.59 v output22/X (sky130_fd_sc_hd__buf_2)
                                         dout[2] (net)
                  0.06    0.00    2.59 v dout[2] (out)
                                  2.59   data arrival time

                  0.00    0.00    0.00   clock __VIRTUAL_CLK__ (rise edge)
                          0.00    0.00   clock network delay (ideal)
                          0.25    0.25   clock uncertainty
                          0.00    0.25   clock reconvergence pessimism
                         -2.00   -1.75   output external delay
                                 -1.75   data required time
-----------------------------------------------------------------------------
                                 -1.75   data required time
                                 -2.59   data arrival time
-----------------------------------------------------------------------------
                                  4.34   slack (MET)


Startpoint: op[2] (input port clocked by __VIRTUAL_CLK__)
Endpoint: dout[3] (output port clocked by __VIRTUAL_CLK__)
Path Group: __VIRTUAL_CLK__
Path Type: min
Corner: Fastest

Fanout     Cap    Slew   Delay    Time   Description
-----------------------------------------------------------------------------
                  0.00    0.00    0.00   clock __VIRTUAL_CLK__ (rise edge)
                          0.00    0.00   clock network delay (ideal)
                          2.00    2.00 v input external delay
     1    0.00    0.01    0.00    2.00 v op[2] (in)
                                         op[2] (net)
                  0.01    0.00    2.00 v input19/A (sky130_fd_sc_hd__clkbuf_4)
     7    0.06    0.09    0.13    2.14 v input19/X (sky130_fd_sc_hd__clkbuf_4)
                                         net19 (net)
                  0.09    0.00    2.14 v _170_/A (sky130_fd_sc_hd__inv_2)
     2    0.02    0.08    0.09    2.23 ^ _170_/Y (sky130_fd_sc_hd__inv_2)
                                         _098_ (net)
                  0.08    0.00    2.23 ^ _172_/A (sky130_fd_sc_hd__nor2_4)
     8    0.04    0.05    0.05    2.28 v _172_/Y (sky130_fd_sc_hd__nor2_4)
                                         _100_ (net)
                  0.05    0.00    2.28 v _335_/B2 (sky130_fd_sc_hd__a221o_1)
     1    0.01    0.06    0.19    2.47 v _335_/X (sky130_fd_sc_hd__a221o_1)
                                         net23 (net)
                  0.06    0.00    2.47 v output23/A (sky130_fd_sc_hd__buf_2)
     1    0.03    0.06    0.12    2.60 v output23/X (sky130_fd_sc_hd__buf_2)
                                         dout[3] (net)
                  0.06    0.00    2.60 v dout[3] (out)
                                  2.60   data arrival time

                  0.00    0.00    0.00   clock __VIRTUAL_CLK__ (rise edge)
                          0.00    0.00   clock network delay (ideal)
                          0.25    0.25   clock uncertainty
                          0.00    0.25   clock reconvergence pessimism
                         -2.00   -1.75   output external delay
                                 -1.75   data required time
-----------------------------------------------------------------------------
                                 -1.75   data required time
                                 -2.60   data arrival time
-----------------------------------------------------------------------------
                                  4.35   slack (MET)


Startpoint: din2[1] (input port clocked by __VIRTUAL_CLK__)
Endpoint: dout[1] (output port clocked by __VIRTUAL_CLK__)
Path Group: __VIRTUAL_CLK__
Path Type: min
Corner: Fastest

Fanout     Cap    Slew   Delay    Time   Description
-----------------------------------------------------------------------------
                  0.00    0.00    0.00   clock __VIRTUAL_CLK__ (rise edge)
                          0.00    0.00   clock network delay (ideal)
                          2.00    2.00 ^ input external delay
     1    0.00    0.01    0.01    2.01 ^ din2[1] (in)
                                         din2[1] (net)
                  0.01    0.00    2.01 ^ input10/A (sky130_fd_sc_hd__clkbuf_2)
     5    0.03    0.13    0.13    2.13 ^ input10/X (sky130_fd_sc_hd__clkbuf_2)
                                         net10 (net)
                  0.13    0.00    2.13 ^ _175_/A (sky130_fd_sc_hd__clkbuf_4)
    10    0.06    0.15    0.19    2.32 ^ _175_/X (sky130_fd_sc_hd__clkbuf_4)
                                         _103_ (net)
                  0.15    0.00    2.33 ^ _309_/A2 (sky130_fd_sc_hd__o22a_1)
     1    0.01    0.05    0.09    2.42 ^ _309_/X (sky130_fd_sc_hd__o22a_1)
                                         _063_ (net)
                  0.05    0.00    2.42 ^ _317_/A (sky130_fd_sc_hd__or4b_1)
     1    0.01    0.10    0.12    2.54 ^ _317_/X (sky130_fd_sc_hd__or4b_1)
                                         _071_ (net)
                  0.10    0.00    2.54 ^ _318_/A (sky130_fd_sc_hd__buf_1)
     1    0.02    0.17    0.15    2.68 ^ _318_/X (sky130_fd_sc_hd__buf_1)
                                         net21 (net)
                  0.17    0.00    2.68 ^ output21/A (sky130_fd_sc_hd__buf_2)
     1    0.04    0.13    0.16    2.84 ^ output21/X (sky130_fd_sc_hd__buf_2)
                                         dout[1] (net)
                  0.13    0.00    2.84 ^ dout[1] (out)
                                  2.84   data arrival time

                  0.00    0.00    0.00   clock __VIRTUAL_CLK__ (rise edge)
                          0.00    0.00   clock network delay (ideal)
                          0.25    0.25   clock uncertainty
                          0.00    0.25   clock reconvergence pessimism
                         -2.00   -1.75   output external delay
                                 -1.75   data required time
-----------------------------------------------------------------------------
                                 -1.75   data required time
                                 -2.84   data arrival time
-----------------------------------------------------------------------------
                                  4.59   slack (MET)



worst slack corner Fastest: 4.2450
======================= Slowest Corner ===================================

Startpoint: din2[4] (input port clocked by __VIRTUAL_CLK__)
Endpoint: dout[4] (output port clocked by __VIRTUAL_CLK__)
Path Group: __VIRTUAL_CLK__
Path Type: min
Corner: Slowest

Fanout     Cap    Slew   Delay    Time   Description
-----------------------------------------------------------------------------
                  0.00    0.00    0.00   clock __VIRTUAL_CLK__ (rise edge)
                          0.00    0.00   clock network delay (ideal)
                          2.00    2.00 ^ input external delay
     1    0.00    0.03    0.01    2.01 ^ din2[4] (in)
                                         din2[4] (net)
                  0.03    0.00    2.01 ^ input13/A (sky130_fd_sc_hd__buf_2)
     6    0.04    0.34    0.35    2.36 ^ input13/X (sky130_fd_sc_hd__buf_2)
                                         net13 (net)
                  0.34    0.00    2.37 ^ _341_/A1 (sky130_fd_sc_hd__a31o_1)
     1    0.01    0.11    0.38    2.74 ^ _341_/X (sky130_fd_sc_hd__a31o_1)
                                         _092_ (net)
                  0.11    0.00    2.74 ^ _346_/B (sky130_fd_sc_hd__or3_4)
     1    0.01    0.09    0.25    2.99 ^ _346_/X (sky130_fd_sc_hd__or3_4)
                                         _097_ (net)
                  0.09    0.00    2.99 ^ _347_/A (sky130_fd_sc_hd__clkbuf_1)
     1    0.00    0.08    0.16    3.15 ^ _347_/X (sky130_fd_sc_hd__clkbuf_1)
                                         net24 (net)
                  0.08    0.00    3.15 ^ output24/A (sky130_fd_sc_hd__buf_2)
     1    0.03    0.27    0.33    3.48 ^ output24/X (sky130_fd_sc_hd__buf_2)
                                         dout[4] (net)
                  0.27    0.00    3.48 ^ dout[4] (out)
                                  3.48   data arrival time

                  0.00    0.00    0.00   clock __VIRTUAL_CLK__ (rise edge)
                          0.00    0.00   clock network delay (ideal)
                          0.25    0.25   clock uncertainty
                          0.00    0.25   clock reconvergence pessimism
                         -2.00   -1.75   output external delay
                                 -1.75   data required time
-----------------------------------------------------------------------------
                                 -1.75   data required time
                                 -3.48   data arrival time
-----------------------------------------------------------------------------
                                  5.23   slack (MET)


Startpoint: din2[5] (input port clocked by __VIRTUAL_CLK__)
Endpoint: dout[5] (output port clocked by __VIRTUAL_CLK__)
Path Group: __VIRTUAL_CLK__
Path Type: min
Corner: Slowest

Fanout     Cap    Slew   Delay    Time   Description
-----------------------------------------------------------------------------
                  0.00    0.00    0.00   clock __VIRTUAL_CLK__ (rise edge)
                          0.00    0.00   clock network delay (ideal)
                          2.00    2.00 ^ input external delay
     1    0.00    0.03    0.01    2.01 ^ din2[5] (in)
                                         din2[5] (net)
                  0.03    0.00    2.01 ^ input14/A (sky130_fd_sc_hd__buf_2)
     5    0.04    0.32    0.34    2.35 ^ input14/X (sky130_fd_sc_hd__buf_2)
                                         net14 (net)
                  0.32    0.00    2.36 ^ _233_/A1 (sky130_fd_sc_hd__a311o_1)
     1    0.01    0.22    0.50    2.86 ^ _233_/X (sky130_fd_sc_hd__a311o_1)
                                         _161_ (net)
                  0.22    0.00    2.86 ^ _267_/B1 (sky130_fd_sc_hd__a211o_1)
     1    0.01    0.16    0.29    3.15 ^ _267_/X (sky130_fd_sc_hd__a211o_1)
                                         net25 (net)
                  0.16    0.00    3.15 ^ output25/A (sky130_fd_sc_hd__buf_2)
     1    0.03    0.27    0.37    3.52 ^ output25/X (sky130_fd_sc_hd__buf_2)
                                         dout[5] (net)
                  0.27    0.00    3.52 ^ dout[5] (out)
                                  3.52   data arrival time

                  0.00    0.00    0.00   clock __VIRTUAL_CLK__ (rise edge)
                          0.00    0.00   clock network delay (ideal)
                          0.25    0.25   clock uncertainty
                          0.00    0.25   clock reconvergence pessimism
                         -2.00   -1.75   output external delay
                                 -1.75   data required time
-----------------------------------------------------------------------------
                                 -1.75   data required time
                                 -3.52   data arrival time
-----------------------------------------------------------------------------
                                  5.27   slack (MET)


Startpoint: din1[6] (input port clocked by __VIRTUAL_CLK__)
Endpoint: dout[6] (output port clocked by __VIRTUAL_CLK__)
Path Group: __VIRTUAL_CLK__
Path Type: min
Corner: Slowest

Fanout     Cap    Slew   Delay    Time   Description
-----------------------------------------------------------------------------
                  0.00    0.00    0.00   clock __VIRTUAL_CLK__ (rise edge)
                          0.00    0.00   clock network delay (ideal)
                          2.00    2.00 v input external delay
     1    0.00    0.02    0.01    2.01 v din1[6] (in)
                                         din1[6] (net)
                  0.02    0.00    2.01 v input7/A (sky130_fd_sc_hd__clkbuf_2)
     5    0.03    0.24    0.30    2.31 v input7/X (sky130_fd_sc_hd__clkbuf_2)
                                         net7 (net)
                  0.24    0.00    2.31 v _289_/A1 (sky130_fd_sc_hd__o211ai_1)
     1    0.00    0.15    0.37    2.68 ^ _289_/Y (sky130_fd_sc_hd__o211ai_1)
                                         _046_ (net)
                  0.15    0.00    2.68 ^ _290_/B1 (sky130_fd_sc_hd__a31o_1)
     1    0.01    0.24    0.31    2.99 ^ _290_/X (sky130_fd_sc_hd__a31o_1)
                                         _047_ (net)
                  0.24    0.00    2.99 ^ _291_/B1 (sky130_fd_sc_hd__a21o_1)
     1    0.00    0.07    0.21    3.20 ^ _291_/X (sky130_fd_sc_hd__a21o_1)
                                         net26 (net)
                  0.07    0.00    3.20 ^ output26/A (sky130_fd_sc_hd__buf_2)
     1    0.03    0.27    0.33    3.52 ^ output26/X (sky130_fd_sc_hd__buf_2)
                                         dout[6] (net)
                  0.27    0.00    3.52 ^ dout[6] (out)
                                  3.52   data arrival time

                  0.00    0.00    0.00   clock __VIRTUAL_CLK__ (rise edge)
                          0.00    0.00   clock network delay (ideal)
                          0.25    0.25   clock uncertainty
                          0.00    0.25   clock reconvergence pessimism
                         -2.00   -1.75   output external delay
                                 -1.75   data required time
-----------------------------------------------------------------------------
                                 -1.75   data required time
                                 -3.52   data arrival time
-----------------------------------------------------------------------------
                                  5.27   slack (MET)


Startpoint: din2[0] (input port clocked by __VIRTUAL_CLK__)
Endpoint: dout[0] (output port clocked by __VIRTUAL_CLK__)
Path Group: __VIRTUAL_CLK__
Path Type: min
Corner: Slowest

Fanout     Cap    Slew   Delay    Time   Description
-----------------------------------------------------------------------------
                  0.00    0.00    0.00   clock __VIRTUAL_CLK__ (rise edge)
                          0.00    0.00   clock network delay (ideal)
                          2.00    2.00 v input external delay
     1    0.00    0.02    0.01    2.01 v din2[0] (in)
                                         din2[0] (net)
                  0.02    0.00    2.01 v input9/A (sky130_fd_sc_hd__clkbuf_2)
     4    0.03    0.23    0.29    2.30 v input9/X (sky130_fd_sc_hd__clkbuf_2)
                                         net9 (net)
                  0.23    0.00    2.30 v _184_/A (sky130_fd_sc_hd__clkbuf_4)
    10    0.06    0.23    0.45    2.75 v _184_/X (sky130_fd_sc_hd__clkbuf_4)
                                         _112_ (net)
                  0.23    0.00    2.75 v _307_/A1 (sky130_fd_sc_hd__a31o_1)
     1    0.01    0.14    0.44    3.20 v _307_/X (sky130_fd_sc_hd__a31o_1)
                                         net20 (net)
                  0.14    0.00    3.20 v output20/A (sky130_fd_sc_hd__buf_2)
     1    0.04    0.17    0.36    3.56 v output20/X (sky130_fd_sc_hd__buf_2)
                                         dout[0] (net)
                  0.17    0.00    3.56 v dout[0] (out)
                                  3.56   data arrival time

                  0.00    0.00    0.00   clock __VIRTUAL_CLK__ (rise edge)
                          0.00    0.00   clock network delay (ideal)
                          0.25    0.25   clock uncertainty
                          0.00    0.25   clock reconvergence pessimism
                         -2.00   -1.75   output external delay
                                 -1.75   data required time
-----------------------------------------------------------------------------
                                 -1.75   data required time
                                 -3.56   data arrival time
-----------------------------------------------------------------------------
                                  5.31   slack (MET)


Startpoint: op[2] (input port clocked by __VIRTUAL_CLK__)
Endpoint: dout[7] (output port clocked by __VIRTUAL_CLK__)
Path Group: __VIRTUAL_CLK__
Path Type: min
Corner: Slowest

Fanout     Cap    Slew   Delay    Time   Description
-----------------------------------------------------------------------------
                  0.00    0.00    0.00   clock __VIRTUAL_CLK__ (rise edge)
                          0.00    0.00   clock network delay (ideal)
                          2.00    2.00 v input external delay
     1    0.00    0.02    0.01    2.01 v op[2] (in)
                                         op[2] (net)
                  0.02    0.00    2.01 v input19/A (sky130_fd_sc_hd__clkbuf_4)
     7    0.06    0.23    0.35    2.36 v input19/X (sky130_fd_sc_hd__clkbuf_4)
                                         net19 (net)
                  0.23    0.00    2.36 v _265_/A (sky130_fd_sc_hd__and3_2)
     7    0.04    0.23    0.59    2.95 v _265_/X (sky130_fd_sc_hd__and3_2)
                                         _023_ (net)
                  0.23    0.00    2.95 v _302_/A1 (sky130_fd_sc_hd__a31o_1)
     1    0.01    0.12    0.42    3.37 v _302_/X (sky130_fd_sc_hd__a31o_1)
                                         net27 (net)
                  0.12    0.00    3.37 v output27/A (sky130_fd_sc_hd__buf_2)
     1    0.03    0.17    0.35    3.72 v output27/X (sky130_fd_sc_hd__buf_2)
                                         dout[7] (net)
                  0.17    0.00    3.72 v dout[7] (out)
                                  3.72   data arrival time

                  0.00    0.00    0.00   clock __VIRTUAL_CLK__ (rise edge)
                          0.00    0.00   clock network delay (ideal)
                          0.25    0.25   clock uncertainty
                          0.00    0.25   clock reconvergence pessimism
                         -2.00   -1.75   output external delay
                                 -1.75   data required time
-----------------------------------------------------------------------------
                                 -1.75   data required time
                                 -3.72   data arrival time
-----------------------------------------------------------------------------
                                  5.47   slack (MET)


Startpoint: op[2] (input port clocked by __VIRTUAL_CLK__)
Endpoint: dout[2] (output port clocked by __VIRTUAL_CLK__)
Path Group: __VIRTUAL_CLK__
Path Type: min
Corner: Slowest

Fanout     Cap    Slew   Delay    Time   Description
-----------------------------------------------------------------------------
                  0.00    0.00    0.00   clock __VIRTUAL_CLK__ (rise edge)
                          0.00    0.00   clock network delay (ideal)
                          2.00    2.00 v input external delay
     1    0.00    0.02    0.01    2.01 v op[2] (in)
                                         op[2] (net)
                  0.02    0.00    2.01 v input19/A (sky130_fd_sc_hd__clkbuf_4)
     7    0.06    0.23    0.35    2.36 v input19/X (sky130_fd_sc_hd__clkbuf_4)
                                         net19 (net)
                  0.23    0.00    2.36 v _265_/A (sky130_fd_sc_hd__and3_2)
     7    0.04    0.23    0.59    2.95 v _265_/X (sky130_fd_sc_hd__and3_2)
                                         _023_ (net)
                  0.23    0.00    2.95 v _326_/A2 (sky130_fd_sc_hd__a31o_1)
     1    0.01    0.08    0.44    3.39 v _326_/X (sky130_fd_sc_hd__a31o_1)
                                         net22 (net)
                  0.08    0.00    3.39 v output22/A (sky130_fd_sc_hd__buf_2)
     1    0.03    0.17    0.33    3.73 v output22/X (sky130_fd_sc_hd__buf_2)
                                         dout[2] (net)
                  0.17    0.00    3.73 v dout[2] (out)
                                  3.73   data arrival time

                  0.00    0.00    0.00   clock __VIRTUAL_CLK__ (rise edge)
                          0.00    0.00   clock network delay (ideal)
                          0.25    0.25   clock uncertainty
                          0.00    0.25   clock reconvergence pessimism
                         -2.00   -1.75   output external delay
                                 -1.75   data required time
-----------------------------------------------------------------------------
                                 -1.75   data required time
                                 -3.73   data arrival time
-----------------------------------------------------------------------------
                                  5.48   slack (MET)


Startpoint: op[2] (input port clocked by __VIRTUAL_CLK__)
Endpoint: dout[3] (output port clocked by __VIRTUAL_CLK__)
Path Group: __VIRTUAL_CLK__
Path Type: min
Corner: Slowest

Fanout     Cap    Slew   Delay    Time   Description
-----------------------------------------------------------------------------
                  0.00    0.00    0.00   clock __VIRTUAL_CLK__ (rise edge)
                          0.00    0.00   clock network delay (ideal)
                          2.00    2.00 v input external delay
     1    0.00    0.02    0.01    2.01 v op[2] (in)
                                         op[2] (net)
                  0.02    0.00    2.01 v input19/A (sky130_fd_sc_hd__clkbuf_4)
     7    0.06    0.23    0.35    2.36 v input19/X (sky130_fd_sc_hd__clkbuf_4)
                                         net19 (net)
                  0.23    0.00    2.37 v _170_/A (sky130_fd_sc_hd__inv_2)
     2    0.02    0.16    0.22    2.58 ^ _170_/Y (sky130_fd_sc_hd__inv_2)
                                         _098_ (net)
                  0.16    0.00    2.58 ^ _172_/A (sky130_fd_sc_hd__nor2_4)
     8    0.04    0.12    0.16    2.74 v _172_/Y (sky130_fd_sc_hd__nor2_4)
                                         _100_ (net)
                  0.12    0.00    2.74 v _335_/B2 (sky130_fd_sc_hd__a221o_1)
     1    0.01    0.18    0.69    3.43 v _335_/X (sky130_fd_sc_hd__a221o_1)
                                         net23 (net)
                  0.18    0.00    3.43 v output23/A (sky130_fd_sc_hd__buf_2)
     1    0.03    0.17    0.38    3.81 v output23/X (sky130_fd_sc_hd__buf_2)
                                         dout[3] (net)
                  0.17    0.00    3.81 v dout[3] (out)
                                  3.81   data arrival time

                  0.00    0.00    0.00   clock __VIRTUAL_CLK__ (rise edge)
                          0.00    0.00   clock network delay (ideal)
                          0.25    0.25   clock uncertainty
                          0.00    0.25   clock reconvergence pessimism
                         -2.00   -1.75   output external delay
                                 -1.75   data required time
-----------------------------------------------------------------------------
                                 -1.75   data required time
                                 -3.81   data arrival time
-----------------------------------------------------------------------------
                                  5.56   slack (MET)


Startpoint: din2[1] (input port clocked by __VIRTUAL_CLK__)
Endpoint: dout[1] (output port clocked by __VIRTUAL_CLK__)
Path Group: __VIRTUAL_CLK__
Path Type: min
Corner: Slowest

Fanout     Cap    Slew   Delay    Time   Description
-----------------------------------------------------------------------------
                  0.00    0.00    0.00   clock __VIRTUAL_CLK__ (rise edge)
                          0.00    0.00   clock network delay (ideal)
                          2.00    2.00 ^ input external delay
     1    0.00    0.03    0.02    2.02 ^ din2[1] (in)
                                         din2[1] (net)
                  0.03    0.00    2.02 ^ input10/A (sky130_fd_sc_hd__clkbuf_2)
     5    0.03    0.27    0.30    2.32 ^ input10/X (sky130_fd_sc_hd__clkbuf_2)
                                         net10 (net)
                  0.27    0.00    2.32 ^ _175_/A (sky130_fd_sc_hd__clkbuf_4)
    10    0.06    0.31    0.49    2.81 ^ _175_/X (sky130_fd_sc_hd__clkbuf_4)
                                         _103_ (net)
                  0.31    0.00    2.81 ^ _309_/A2 (sky130_fd_sc_hd__o22a_1)
     1    0.01    0.12    0.35    3.16 ^ _309_/X (sky130_fd_sc_hd__o22a_1)
                                         _063_ (net)
                  0.12    0.00    3.16 ^ _317_/A (sky130_fd_sc_hd__or4b_1)
     1    0.01    0.21    0.29    3.45 ^ _317_/X (sky130_fd_sc_hd__or4b_1)
                                         _071_ (net)
                  0.21    0.00    3.45 ^ _318_/A (sky130_fd_sc_hd__buf_1)
     1    0.02    0.36    0.39    3.85 ^ _318_/X (sky130_fd_sc_hd__buf_1)
                                         net21 (net)
                  0.36    0.00    3.85 ^ output21/A (sky130_fd_sc_hd__buf_2)
     1    0.04    0.28    0.45    4.30 ^ output21/X (sky130_fd_sc_hd__buf_2)
                                         dout[1] (net)
                  0.28    0.00    4.30 ^ dout[1] (out)
                                  4.30   data arrival time

                  0.00    0.00    0.00   clock __VIRTUAL_CLK__ (rise edge)
                          0.00    0.00   clock network delay (ideal)
                          0.25    0.25   clock uncertainty
                          0.00    0.25   clock reconvergence pessimism
                         -2.00   -1.75   output external delay
                                 -1.75   data required time
-----------------------------------------------------------------------------
                                 -1.75   data required time
                                 -4.30   data arrival time
-----------------------------------------------------------------------------
                                  6.05   slack (MET)



worst slack corner Slowest: 5.2286
======================= Typical Corner ===================================

Startpoint: din2[4] (input port clocked by __VIRTUAL_CLK__)
Endpoint: dout[4] (output port clocked by __VIRTUAL_CLK__)
Path Group: __VIRTUAL_CLK__
Path Type: min
Corner: Typical

Fanout     Cap    Slew   Delay    Time   Description
-----------------------------------------------------------------------------
                  0.00    0.00    0.00   clock __VIRTUAL_CLK__ (rise edge)
                          0.00    0.00   clock network delay (ideal)
                          2.00    2.00 ^ input external delay
     1    0.00    0.02    0.01    2.01 ^ din2[4] (in)
                                         din2[4] (net)
                  0.02    0.00    2.01 ^ input13/A (sky130_fd_sc_hd__buf_2)
     6    0.04    0.21    0.20    2.21 ^ input13/X (sky130_fd_sc_hd__buf_2)
                                         net13 (net)
                  0.21    0.00    2.21 ^ _341_/A1 (sky130_fd_sc_hd__a31o_1)
     1    0.01    0.06    0.18    2.39 ^ _341_/X (sky130_fd_sc_hd__a31o_1)
                                         _092_ (net)
                  0.06    0.00    2.39 ^ _346_/B (sky130_fd_sc_hd__or3_4)
     1    0.01    0.06    0.13    2.52 ^ _346_/X (sky130_fd_sc_hd__or3_4)
                                         _097_ (net)
                  0.06    0.00    2.52 ^ _347_/A (sky130_fd_sc_hd__clkbuf_1)
     1    0.00    0.05    0.08    2.61 ^ _347_/X (sky130_fd_sc_hd__clkbuf_1)
                                         net24 (net)
                  0.05    0.00    2.61 ^ output24/A (sky130_fd_sc_hd__buf_2)
     1    0.03    0.17    0.19    2.80 ^ output24/X (sky130_fd_sc_hd__buf_2)
                                         dout[4] (net)
                  0.17    0.00    2.80 ^ dout[4] (out)
                                  2.80   data arrival time

                  0.00    0.00    0.00   clock __VIRTUAL_CLK__ (rise edge)
                          0.00    0.00   clock network delay (ideal)
                          0.25    0.25   clock uncertainty
                          0.00    0.25   clock reconvergence pessimism
                         -2.00   -1.75   output external delay
                                 -1.75   data required time
-----------------------------------------------------------------------------
                                 -1.75   data required time
                                 -2.80   data arrival time
-----------------------------------------------------------------------------
                                  4.55   slack (MET)


Startpoint: din2[5] (input port clocked by __VIRTUAL_CLK__)
Endpoint: dout[5] (output port clocked by __VIRTUAL_CLK__)
Path Group: __VIRTUAL_CLK__
Path Type: min
Corner: Typical

Fanout     Cap    Slew   Delay    Time   Description
-----------------------------------------------------------------------------
                  0.00    0.00    0.00   clock __VIRTUAL_CLK__ (rise edge)
                          0.00    0.00   clock network delay (ideal)
                          2.00    2.00 ^ input external delay
     1    0.00    0.02    0.01    2.01 ^ din2[5] (in)
                                         din2[5] (net)
                  0.02    0.00    2.01 ^ input14/A (sky130_fd_sc_hd__buf_2)
     5    0.04    0.20    0.20    2.21 ^ input14/X (sky130_fd_sc_hd__buf_2)
                                         net14 (net)
                  0.20    0.00    2.21 ^ _233_/A1 (sky130_fd_sc_hd__a311o_1)
     1    0.01    0.14    0.25    2.46 ^ _233_/X (sky130_fd_sc_hd__a311o_1)
                                         _161_ (net)
                  0.14    0.00    2.46 ^ _267_/B1 (sky130_fd_sc_hd__a211o_1)
     1    0.01    0.10    0.16    2.62 ^ _267_/X (sky130_fd_sc_hd__a211o_1)
                                         net25 (net)
                  0.10    0.00    2.62 ^ output25/A (sky130_fd_sc_hd__buf_2)
     1    0.03    0.17    0.21    2.82 ^ output25/X (sky130_fd_sc_hd__buf_2)
                                         dout[5] (net)
                  0.17    0.00    2.82 ^ dout[5] (out)
                                  2.82   data arrival time

                  0.00    0.00    0.00   clock __VIRTUAL_CLK__ (rise edge)
                          0.00    0.00   clock network delay (ideal)
                          0.25    0.25   clock uncertainty
                          0.00    0.25   clock reconvergence pessimism
                         -2.00   -1.75   output external delay
                                 -1.75   data required time
-----------------------------------------------------------------------------
                                 -1.75   data required time
                                 -2.82   data arrival time
-----------------------------------------------------------------------------
                                  4.57   slack (MET)


Startpoint: din2[0] (input port clocked by __VIRTUAL_CLK__)
Endpoint: dout[0] (output port clocked by __VIRTUAL_CLK__)
Path Group: __VIRTUAL_CLK__
Path Type: min
Corner: Typical

Fanout     Cap    Slew   Delay    Time   Description
-----------------------------------------------------------------------------
                  0.00    0.00    0.00   clock __VIRTUAL_CLK__ (rise edge)
                          0.00    0.00   clock network delay (ideal)
                          2.00    2.00 v input external delay
     1    0.00    0.01    0.00    2.00 v din2[0] (in)
                                         din2[0] (net)
                  0.01    0.00    2.00 v input9/A (sky130_fd_sc_hd__clkbuf_2)
     4    0.03    0.13    0.16    2.17 v input9/X (sky130_fd_sc_hd__clkbuf_2)
                                         net9 (net)
                  0.13    0.00    2.17 v _184_/A (sky130_fd_sc_hd__clkbuf_4)
    10    0.06    0.13    0.25    2.41 v _184_/X (sky130_fd_sc_hd__clkbuf_4)
                                         _112_ (net)
                  0.13    0.00    2.41 v _307_/A1 (sky130_fd_sc_hd__a31o_1)
     1    0.01    0.07    0.23    2.65 v _307_/X (sky130_fd_sc_hd__a31o_1)
                                         net20 (net)
                  0.07    0.00    2.65 v output20/A (sky130_fd_sc_hd__buf_2)
     1    0.04    0.09    0.19    2.83 v output20/X (sky130_fd_sc_hd__buf_2)
                                         dout[0] (net)
                  0.09    0.00    2.83 v dout[0] (out)
                                  2.83   data arrival time

                  0.00    0.00    0.00   clock __VIRTUAL_CLK__ (rise edge)
                          0.00    0.00   clock network delay (ideal)
                          0.25    0.25   clock uncertainty
                          0.00    0.25   clock reconvergence pessimism
                         -2.00   -1.75   output external delay
                                 -1.75   data required time
-----------------------------------------------------------------------------
                                 -1.75   data required time
                                 -2.83   data arrival time
-----------------------------------------------------------------------------
                                  4.58   slack (MET)


Startpoint: din1[6] (input port clocked by __VIRTUAL_CLK__)
Endpoint: dout[6] (output port clocked by __VIRTUAL_CLK__)
Path Group: __VIRTUAL_CLK__
Path Type: min
Corner: Typical

Fanout     Cap    Slew   Delay    Time   Description
-----------------------------------------------------------------------------
                  0.00    0.00    0.00   clock __VIRTUAL_CLK__ (rise edge)
                          0.00    0.00   clock network delay (ideal)
                          2.00    2.00 v input external delay
     1    0.00    0.01    0.00    2.00 v din1[6] (in)
                                         din1[6] (net)
                  0.01    0.00    2.00 v input7/A (sky130_fd_sc_hd__clkbuf_2)
     5    0.03    0.13    0.16    2.17 v input7/X (sky130_fd_sc_hd__clkbuf_2)
                                         net7 (net)
                  0.13    0.00    2.17 v _289_/A1 (sky130_fd_sc_hd__o211ai_1)
     1    0.00    0.09    0.21    2.38 ^ _289_/Y (sky130_fd_sc_hd__o211ai_1)
                                         _046_ (net)
                  0.09    0.00    2.38 ^ _290_/B1 (sky130_fd_sc_hd__a31o_1)
     1    0.01    0.15    0.17    2.55 ^ _290_/X (sky130_fd_sc_hd__a31o_1)
                                         _047_ (net)
                  0.15    0.00    2.55 ^ _291_/B1 (sky130_fd_sc_hd__a21o_1)
     1    0.00    0.04    0.10    2.65 ^ _291_/X (sky130_fd_sc_hd__a21o_1)
                                         net26 (net)
                  0.04    0.00    2.65 ^ output26/A (sky130_fd_sc_hd__buf_2)
     1    0.03    0.17    0.19    2.84 ^ output26/X (sky130_fd_sc_hd__buf_2)
                                         dout[6] (net)
                  0.17    0.00    2.84 ^ dout[6] (out)
                                  2.84   data arrival time

                  0.00    0.00    0.00   clock __VIRTUAL_CLK__ (rise edge)
                          0.00    0.00   clock network delay (ideal)
                          0.25    0.25   clock uncertainty
                          0.00    0.25   clock reconvergence pessimism
                         -2.00   -1.75   output external delay
                                 -1.75   data required time
-----------------------------------------------------------------------------
                                 -1.75   data required time
                                 -2.84   data arrival time
-----------------------------------------------------------------------------
                                  4.59   slack (MET)


Startpoint: op[2] (input port clocked by __VIRTUAL_CLK__)
Endpoint: dout[7] (output port clocked by __VIRTUAL_CLK__)
Path Group: __VIRTUAL_CLK__
Path Type: min
Corner: Typical

Fanout     Cap    Slew   Delay    Time   Description
-----------------------------------------------------------------------------
                  0.00    0.00    0.00   clock __VIRTUAL_CLK__ (rise edge)
                          0.00    0.00   clock network delay (ideal)
                          2.00    2.00 v input external delay
     1    0.00    0.01    0.00    2.00 v op[2] (in)
                                         op[2] (net)
                  0.01    0.00    2.00 v input19/A (sky130_fd_sc_hd__clkbuf_4)
     7    0.06    0.13    0.20    2.20 v input19/X (sky130_fd_sc_hd__clkbuf_4)
                                         net19 (net)
                  0.13    0.00    2.20 v _265_/A (sky130_fd_sc_hd__and3_2)
     7    0.04    0.12    0.29    2.49 v _265_/X (sky130_fd_sc_hd__and3_2)
                                         _023_ (net)
                  0.12    0.00    2.49 v _302_/A1 (sky130_fd_sc_hd__a31o_1)
     1    0.01    0.06    0.22    2.71 v _302_/X (sky130_fd_sc_hd__a31o_1)
                                         net27 (net)
                  0.06    0.00    2.71 v output27/A (sky130_fd_sc_hd__buf_2)
     1    0.03    0.09    0.18    2.89 v output27/X (sky130_fd_sc_hd__buf_2)
                                         dout[7] (net)
                  0.09    0.00    2.89 v dout[7] (out)
                                  2.89   data arrival time

                  0.00    0.00    0.00   clock __VIRTUAL_CLK__ (rise edge)
                          0.00    0.00   clock network delay (ideal)
                          0.25    0.25   clock uncertainty
                          0.00    0.25   clock reconvergence pessimism
                         -2.00   -1.75   output external delay
                                 -1.75   data required time
-----------------------------------------------------------------------------
                                 -1.75   data required time
                                 -2.89   data arrival time
-----------------------------------------------------------------------------
                                  4.64   slack (MET)


Startpoint: op[2] (input port clocked by __VIRTUAL_CLK__)
Endpoint: dout[2] (output port clocked by __VIRTUAL_CLK__)
Path Group: __VIRTUAL_CLK__
Path Type: min
Corner: Typical

Fanout     Cap    Slew   Delay    Time   Description
-----------------------------------------------------------------------------
                  0.00    0.00    0.00   clock __VIRTUAL_CLK__ (rise edge)
                          0.00    0.00   clock network delay (ideal)
                          2.00    2.00 v input external delay
     1    0.00    0.01    0.00    2.00 v op[2] (in)
                                         op[2] (net)
                  0.01    0.00    2.00 v input19/A (sky130_fd_sc_hd__clkbuf_4)
     7    0.06    0.13    0.20    2.20 v input19/X (sky130_fd_sc_hd__clkbuf_4)
                                         net19 (net)
                  0.13    0.00    2.20 v _265_/A (sky130_fd_sc_hd__and3_2)
     7    0.04    0.12    0.29    2.49 v _265_/X (sky130_fd_sc_hd__and3_2)
                                         _023_ (net)
                  0.12    0.00    2.49 v _326_/A2 (sky130_fd_sc_hd__a31o_1)
     1    0.01    0.05    0.23    2.72 v _326_/X (sky130_fd_sc_hd__a31o_1)
                                         net22 (net)
                  0.05    0.00    2.72 v output22/A (sky130_fd_sc_hd__buf_2)
     1    0.03    0.09    0.17    2.90 v output22/X (sky130_fd_sc_hd__buf_2)
                                         dout[2] (net)
                  0.09    0.00    2.90 v dout[2] (out)
                                  2.90   data arrival time

                  0.00    0.00    0.00   clock __VIRTUAL_CLK__ (rise edge)
                          0.00    0.00   clock network delay (ideal)
                          0.25    0.25   clock uncertainty
                          0.00    0.25   clock reconvergence pessimism
                         -2.00   -1.75   output external delay
                                 -1.75   data required time
-----------------------------------------------------------------------------
                                 -1.75   data required time
                                 -2.90   data arrival time
-----------------------------------------------------------------------------
                                  4.65   slack (MET)


Startpoint: op[2] (input port clocked by __VIRTUAL_CLK__)
Endpoint: dout[3] (output port clocked by __VIRTUAL_CLK__)
Path Group: __VIRTUAL_CLK__
Path Type: min
Corner: Typical

Fanout     Cap    Slew   Delay    Time   Description
-----------------------------------------------------------------------------
                  0.00    0.00    0.00   clock __VIRTUAL_CLK__ (rise edge)
                          0.00    0.00   clock network delay (ideal)
                          2.00    2.00 v input external delay
     1    0.00    0.01    0.00    2.00 v op[2] (in)
                                         op[2] (net)
                  0.01    0.00    2.00 v input19/A (sky130_fd_sc_hd__clkbuf_4)
     7    0.06    0.13    0.20    2.20 v input19/X (sky130_fd_sc_hd__clkbuf_4)
                                         net19 (net)
                  0.13    0.00    2.21 v _170_/A (sky130_fd_sc_hd__inv_2)
     2    0.02    0.10    0.12    2.33 ^ _170_/Y (sky130_fd_sc_hd__inv_2)
                                         _098_ (net)
                  0.10    0.00    2.33 ^ _172_/A (sky130_fd_sc_hd__nor2_4)
     8    0.04    0.07    0.08    2.41 v _172_/Y (sky130_fd_sc_hd__nor2_4)
                                         _100_ (net)
                  0.07    0.00    2.41 v _335_/B2 (sky130_fd_sc_hd__a221o_1)
     1    0.01    0.10    0.36    2.78 v _335_/X (sky130_fd_sc_hd__a221o_1)
                                         net23 (net)
                  0.10    0.00    2.78 v output23/A (sky130_fd_sc_hd__buf_2)
     1    0.03    0.09    0.19    2.97 v output23/X (sky130_fd_sc_hd__buf_2)
                                         dout[3] (net)
                  0.09    0.00    2.97 v dout[3] (out)
                                  2.97   data arrival time

                  0.00    0.00    0.00   clock __VIRTUAL_CLK__ (rise edge)
                          0.00    0.00   clock network delay (ideal)
                          0.25    0.25   clock uncertainty
                          0.00    0.25   clock reconvergence pessimism
                         -2.00   -1.75   output external delay
                                 -1.75   data required time
-----------------------------------------------------------------------------
                                 -1.75   data required time
                                 -2.97   data arrival time
-----------------------------------------------------------------------------
                                  4.72   slack (MET)


Startpoint: din2[1] (input port clocked by __VIRTUAL_CLK__)
Endpoint: dout[1] (output port clocked by __VIRTUAL_CLK__)
Path Group: __VIRTUAL_CLK__
Path Type: min
Corner: Typical

Fanout     Cap    Slew   Delay    Time   Description
-----------------------------------------------------------------------------
                  0.00    0.00    0.00   clock __VIRTUAL_CLK__ (rise edge)
                          0.00    0.00   clock network delay (ideal)
                          2.00    2.00 ^ input external delay
     1    0.00    0.02    0.01    2.01 ^ din2[1] (in)
                                         din2[1] (net)
                  0.02    0.00    2.01 ^ input10/A (sky130_fd_sc_hd__clkbuf_2)
     5    0.03    0.17    0.18    2.19 ^ input10/X (sky130_fd_sc_hd__clkbuf_2)
                                         net10 (net)
                  0.17    0.00    2.19 ^ _175_/A (sky130_fd_sc_hd__clkbuf_4)
    10    0.06    0.20    0.28    2.46 ^ _175_/X (sky130_fd_sc_hd__clkbuf_4)
                                         _103_ (net)
                  0.20    0.00    2.47 ^ _309_/A2 (sky130_fd_sc_hd__o22a_1)
     1    0.01    0.07    0.17    2.64 ^ _309_/X (sky130_fd_sc_hd__o22a_1)
                                         _063_ (net)
                  0.07    0.00    2.64 ^ _317_/A (sky130_fd_sc_hd__or4b_1)
     1    0.01    0.13    0.17    2.81 ^ _317_/X (sky130_fd_sc_hd__or4b_1)
                                         _071_ (net)
                  0.13    0.00    2.81 ^ _318_/A (sky130_fd_sc_hd__buf_1)
     1    0.02    0.23    0.22    3.02 ^ _318_/X (sky130_fd_sc_hd__buf_1)
                                         net21 (net)
                  0.23    0.00    3.03 ^ output21/A (sky130_fd_sc_hd__buf_2)
     1    0.04    0.18    0.25    3.27 ^ output21/X (sky130_fd_sc_hd__buf_2)
                                         dout[1] (net)
                  0.18    0.00    3.27 ^ dout[1] (out)
                                  3.27   data arrival time

                  0.00    0.00    0.00   clock __VIRTUAL_CLK__ (rise edge)
                          0.00    0.00   clock network delay (ideal)
                          0.25    0.25   clock uncertainty
                          0.00    0.25   clock reconvergence pessimism
                         -2.00   -1.75   output external delay
                                 -1.75   data required time
-----------------------------------------------------------------------------
                                 -1.75   data required time
                                 -3.27   data arrival time
-----------------------------------------------------------------------------
                                  5.02   slack (MET)



worst slack corner Typical: 4.5469
