
===========================================================================
 report_power
============================================================================
======================= Fastest Corner ===================================

Group                  Internal  Switching    Leakage      Total
                          Power      Power      Power      Power (Watts)
----------------------------------------------------------------
Sequential             0.00e+00   0.00e+00   0.00e+00   0.00e+00   0.0%
Combinational          5.02e-05   1.30e-04   1.76e-09   1.80e-04 100.0%
Clock                 -7.64e-11   0.00e+00   7.73e-10   6.97e-10   0.0%
Macro                  0.00e+00   0.00e+00   0.00e+00   0.00e+00   0.0%
Pad                    0.00e+00   0.00e+00   0.00e+00   0.00e+00   0.0%
----------------------------------------------------------------
Total                  5.02e-05   1.30e-04   2.54e-09   1.80e-04 100.0%
                          27.8%      72.2%       0.0%

======================= Slowest Corner ===================================

Group                  Internal  Switching    Leakage      Total
                          Power      Power      Power      Power (Watts)
----------------------------------------------------------------
Sequential             0.00e+00   0.00e+00   0.00e+00   0.00e+00   0.0%
Combinational          3.67e-05   8.72e-05   9.89e-07   1.25e-04 100.0%
Clock                 -3.38e-11   0.00e+00   7.75e-10   7.41e-10   0.0%
Macro                  0.00e+00   0.00e+00   0.00e+00   0.00e+00   0.0%
Pad                    0.00e+00   0.00e+00   0.00e+00   0.00e+00   0.0%
----------------------------------------------------------------
Total                  3.67e-05   8.72e-05   9.90e-07   1.25e-04 100.0%
                          29.4%      69.8%       0.8%

======================= Typical Corner ===================================

Group                  Internal  Switching    Leakage      Total
                          Power      Power      Power      Power (Watts)
----------------------------------------------------------------
Sequential             0.00e+00   0.00e+00   0.00e+00   0.00e+00   0.0%
Combinational          4.59e-05   1.11e-04   7.79e-10   1.56e-04 100.0%
Clock                 -2.75e-11   0.00e+00   7.73e-10   7.46e-10   0.0%
Macro                  0.00e+00   0.00e+00   0.00e+00   0.00e+00   0.0%
Pad                    0.00e+00   0.00e+00   0.00e+00   0.00e+00   0.0%
----------------------------------------------------------------
Total                  4.59e-05   1.11e-04   1.55e-09   1.56e-04 100.0%
                          29.3%      70.7%       0.0%

