
===========================================================================
report_checks -unconstrained
===========================================================================
======================= Typical Corner ===================================

Startpoint: _2255_ (rising edge-triggered flip-flop clocked by clk)
Endpoint: _2155_ (rising edge-triggered flip-flop clocked by clk)
Path Group: clk
Path Type: max

Fanout     Cap    Slew   Delay    Time   Description
-----------------------------------------------------------------------------
                  0.00    0.00    0.00   clock clk (rise edge)
                          0.00    0.00   clock network delay (ideal)
                  0.00    0.00    0.00 ^ _2255_/CLK (sky130_fd_sc_hd__dfrtp_2)
     3    0.01    0.05    0.37    0.37 v _2255_/Q (sky130_fd_sc_hd__dfrtp_2)
                                         u_imem.addr[2] (net)
                  0.05    0.00    0.37 v _1029_/A (sky130_fd_sc_hd__or2b_2)
     3    0.01    0.06    0.30    0.67 v _1029_/X (sky130_fd_sc_hd__or2b_2)
                                         _0857_ (net)
                  0.06    0.00    0.67 v _1030_/A (sky130_fd_sc_hd__buf_1)
    10    0.03    0.16    0.20    0.87 v _1030_/X (sky130_fd_sc_hd__buf_1)
                                         _0858_ (net)
                  0.16    0.00    0.87 v _1187_/A3 (sky130_fd_sc_hd__a31o_2)
     1    0.00    0.04    0.28    1.16 v _1187_/X (sky130_fd_sc_hd__a31o_2)
                                         _1003_ (net)
                  0.04    0.00    1.16 v _1189_/A2 (sky130_fd_sc_hd__o21a_2)
     3    0.01    0.05    0.20    1.35 v _1189_/X (sky130_fd_sc_hd__o21a_2)
                                         _1005_ (net)
                  0.05    0.00    1.35 v _1254_/B (sky130_fd_sc_hd__or4b_2)
     1    0.00    0.09    0.61    1.96 v _1254_/X (sky130_fd_sc_hd__or4b_2)
                                         _0203_ (net)
                  0.09    0.00    1.96 v _1255_/D (sky130_fd_sc_hd__or4_2)
     5    0.01    0.15    0.62    2.58 v _1255_/X (sky130_fd_sc_hd__or4_2)
                                         _0204_ (net)
                  0.15    0.00    2.58 v _1427_/A (sky130_fd_sc_hd__or4b_2)
     5    0.01    0.13    0.73    3.31 v _1427_/X (sky130_fd_sc_hd__or4b_2)
                                         _0368_ (net)
                  0.13    0.00    3.31 v _1550_/A (sky130_fd_sc_hd__or4_2)
     4    0.01    0.14    0.74    4.05 v _1550_/X (sky130_fd_sc_hd__or4_2)
                                         _0485_ (net)
                  0.14    0.00    4.05 v _1641_/A (sky130_fd_sc_hd__or4_2)
     5    0.01    0.15    0.75    4.80 v _1641_/X (sky130_fd_sc_hd__or4_2)
                                         _0572_ (net)
                  0.15    0.00    4.80 v _1680_/A (sky130_fd_sc_hd__or3_2)
     3    0.01    0.11    0.54    5.35 v _1680_/X (sky130_fd_sc_hd__or3_2)
                                         _0609_ (net)
                  0.11    0.00    5.35 v _1697_/A1 (sky130_fd_sc_hd__a21o_2)
     1    0.00    0.03    0.20    5.55 v _1697_/X (sky130_fd_sc_hd__a21o_2)
                                         _0625_ (net)
                  0.03    0.00    5.55 v _1699_/A (sky130_fd_sc_hd__or2_2)
     2    0.01    0.08    0.32    5.86 v _1699_/X (sky130_fd_sc_hd__or2_2)
                                         _0627_ (net)
                  0.08    0.00    5.86 v _1700_/B (sky130_fd_sc_hd__xor2_2)
     3    0.01    0.05    0.15    6.01 v _1700_/X (sky130_fd_sc_hd__xor2_2)
                                         _0628_ (net)
                  0.05    0.00    6.01 v _1703_/B (sky130_fd_sc_hd__and2_2)
     2    0.01    0.05    0.20    6.21 v _1703_/X (sky130_fd_sc_hd__and2_2)
                                         _0631_ (net)
                  0.05    0.00    6.21 v _1711_/B1 (sky130_fd_sc_hd__a21o_2)
     1    0.00    0.03    0.18    6.39 v _1711_/X (sky130_fd_sc_hd__a21o_2)
                                         _0638_ (net)
                  0.03    0.00    6.39 v _1712_/B1 (sky130_fd_sc_hd__a21o_2)
     3    0.02    0.06    0.22    6.60 v _1712_/X (sky130_fd_sc_hd__a21o_2)
                                         _0639_ (net)
                  0.06    0.00    6.60 v _1723_/A (sky130_fd_sc_hd__xor2_2)
     1    0.00    0.06    0.17    6.77 v _1723_/X (sky130_fd_sc_hd__xor2_2)
                                         _0650_ (net)
                  0.06    0.00    6.77 v _1728_/B1 (sky130_fd_sc_hd__a221o_2)
     1    0.00    0.05    0.32    7.09 v _1728_/X (sky130_fd_sc_hd__a221o_2)
                                         _0655_ (net)
                  0.05    0.00    7.09 v _1729_/A (sky130_fd_sc_hd__buf_1)
     5    0.01    0.05    0.11    7.20 v _1729_/X (sky130_fd_sc_hd__buf_1)
                                         Result[30] (net)
                  0.05    0.00    7.20 v _1882_/A1 (sky130_fd_sc_hd__mux2_2)
     1    0.00    0.05    0.25    7.45 v _1882_/X (sky130_fd_sc_hd__mux2_2)
                                         _0745_ (net)
                  0.05    0.00    7.45 v _1883_/A (sky130_fd_sc_hd__buf_1)
     1    0.00    0.02    0.08    7.53 v _1883_/X (sky130_fd_sc_hd__buf_1)
                                         _0062_ (net)
                  0.02    0.00    7.53 v _2155_/D (sky130_fd_sc_hd__dfxtp_2)
                                  7.53   data arrival time

                  0.00   10.00   10.00   clock clk (rise edge)
                          0.00   10.00   clock network delay (ideal)
                          0.00   10.00   clock reconvergence pessimism
                                 10.00 ^ _2155_/CLK (sky130_fd_sc_hd__dfxtp_2)
                         -0.11    9.89   library setup time
                                  9.89   data required time
-----------------------------------------------------------------------------
                                  9.89   data required time
                                 -7.53   data arrival time
-----------------------------------------------------------------------------
                                  2.35   slack (MET)




===========================================================================
report_checks --slack_max -0.01
============================================================================
======================= Typical Corner ===================================

No paths found.


===========================================================================
 report_check_types -max_slew -max_cap -max_fanout -violators
============================================================================
======================= Typical Corner ===================================


max slew violations count Typical: 0
max fanout violations count Typical: 0
max cap violations count Typical: 0

===========================================================================
report_parasitic_annotation -report_unannotated
============================================================================
Found 1232 unannotated drivers.
 btn_next
 btn_rst
 clk
 _1027_/X
 _1028_/X
 _1029_/X
 _1030_/X
 _1031_/Y
 _1032_/X
 _1033_/X
 _1034_/X
 _1035_/X
 _1036_/X
 _1037_/X
 _1038_/X
 _1039_/X
 _1040_/X
 _1041_/Y
 _1042_/X
 _1043_/Y
 _1044_/X
 _1045_/X
 _1046_/Y
 _1047_/X
 _1048_/X
 _1049_/X
 _1050_/X
 _1051_/Y
 _1052_/Y
 _1053_/X
 _1054_/X
 _1055_/X
 _1056_/X
 _1057_/X
 _1058_/X
 _1059_/X
 _1060_/X
 _1061_/X
 _1062_/X
 _1063_/X
 _1064_/X
 _1065_/Y
 _1066_/X
 _1067_/X
 _1068_/Y
 _1069_/X
 _1070_/X
 _1071_/X
 _1072_/X
 _1073_/X
 _1074_/X
 _1075_/X
 _1076_/X
 _1077_/X
 _1078_/X
 _1079_/Y
 _1080_/X
 _1081_/X
 _1082_/X
 _1083_/X
 _1084_/X
 _1085_/X
 _1086_/Y
 _1087_/X
 _1088_/Y
 _1089_/X
 _1090_/X
 _1091_/X
 _1092_/X
 _1093_/Y
 _1094_/X
 _1095_/Y
 _1096_/X
 _1097_/X
 _1098_/Y
 _1099_/X
 _1100_/X
 _1101_/X
 _1102_/X
 _1103_/Y
 _1104_/Y
 _1105_/X
 _1106_/X
 _1107_/X
 _1108_/Y
 _1109_/Y
 _1110_/X
 _1111_/Y
 _1112_/Y
 _1113_/X
 _1114_/X
 _1115_/Y
 _1116_/X
 _1117_/X
 _1118_/Y
 _1119_/Y
 _1120_/X
 _1121_/X
 _1122_/X
 _1123_/X
 _1124_/X
 _1125_/X
 _1126_/X
 _1127_/X
 _1128_/X
 _1129_/Y
 _1130_/X
 _1131_/X
 _1132_/X
 _1133_/X
 _1134_/Y
 _1135_/X
 _1136_/X
 _1137_/X
 _1138_/Y
 _1139_/Y
 _1140_/X
 _1141_/X
 _1142_/Y
 _1143_/Y
 _1144_/Y
 _1145_/X
 _1146_/Y
 _1147_/Y
 _1148_/X
 _1149_/Y
 _1150_/Y
 _1151_/X
 _1152_/X
 _1153_/X
 _1154_/X
 _1155_/Y
 _1156_/Y
 _1157_/Y
 _1158_/X
 _1159_/Y
 _1160_/X
 _1161_/X
 _1162_/X
 _1163_/Y
 _1164_/X
 _1165_/Y
 _1166_/Y
 _1167_/Y
 _1168_/X
 _1169_/X
 _1170_/X
 _1171_/X
 _1172_/X
 _1173_/X
 _1174_/X
 _1175_/X
 _1176_/Y
 _1177_/X
 _1178_/Y
 _1179_/Y
 _1180_/Y
 _1181_/X
 _1182_/X
 _1183_/Y
 _1184_/X
 _1185_/X
 _1186_/X
 _1187_/X
 _1188_/X
 _1189_/X
 _1190_/Y
 _1191_/Y
 _1192_/Y
 _1193_/X
 _1194_/X
 _1195_/X
 _1196_/X
 _1197_/Y
 _1198_/Y
 _1199_/X
 _1200_/X
 _1201_/Y
 _1202_/X
 _1203_/X
 _1204_/X
 _1205_/X
 _1206_/X
 _1207_/X
 _1208_/X
 _1209_/X
 _1210_/X
 _1211_/X
 _1212_/X
 _1213_/X
 _1214_/Y
 _1215_/X
 _1216_/Y
 _1217_/X
 _1218_/X
 _1219_/X
 _1220_/X
 _1221_/X
 _1222_/X
 _1223_/X
 _1224_/X
 _1225_/X
 _1226_/X
 _1227_/X
 _1228_/X
 _1229_/Y
 _1230_/Y
 _1231_/X
 _1232_/X
 _1233_/Y
 _1234_/X
 _1235_/X
 _1236_/Y
 _1237_/X
 _1238_/X
 _1239_/X
 _1240_/X
 _1241_/X
 _1242_/X
 _1243_/X
 _1244_/Y
 _1245_/X
 _1246_/X
 _1247_/X
 _1248_/X
 _1249_/Y
 _1250_/Y
 _1251_/X
 _1252_/X
 _1253_/X
 _1254_/X
 _1255_/X
 _1256_/X
 _1257_/X
 _1258_/X
 _1259_/Y
 _1260_/Y
 _1261_/X
 _1262_/X
 _1263_/X
 _1264_/X
 _1265_/Y
 _1266_/X
 _1267_/X
 _1268_/X
 _1269_/X
 _1270_/X
 _1271_/X
 _1272_/Y
 _1273_/X
 _1274_/X
 _1275_/X
 _1276_/X
 _1277_/X
 _1278_/X
 _1279_/X
 _1280_/Y
 _1281_/Y
 _1282_/X
 _1283_/X
 _1284_/Y
 _1285_/X
 _1286_/Y
 _1287_/X
 _1288_/X
 _1289_/X
 _1290_/X
 _1291_/X
 _1292_/X
 _1293_/X
 _1294_/X
 _1295_/X
 _1296_/X
 _1297_/X
 _1298_/X
 _1299_/X
 _1300_/X
 _1301_/Y
 _1302_/Y
 _1303_/X
 _1304_/X
 _1305_/Y
 _1306_/X
 _1307_/X
 _1308_/X
 _1309_/Y
 _1310_/Y
 _1311_/X
 _1312_/X
 _1313_/X
 _1314_/X
 _1315_/X
 _1316_/Y
 _1317_/X
 _1318_/X
 _1319_/X
 _1320_/X
 _1321_/X
 _1322_/X
 _1323_/X
 _1324_/X
 _1325_/X
 _1326_/Y
 _1327_/Y
 _1328_/X
 _1329_/Y
 _1330_/Y
 _1331_/X
 _1332_/Y
 _1333_/Y
 _1334_/Y
 _1335_/X
 _1336_/Y
 _1337_/Y
 _1338_/X
 _1339_/Y
 _1340_/Y
 _1341_/X
 _1342_/X
 _1343_/X
 _1344_/Y
 _1345_/Y
 _1346_/Y
 _1347_/X
 _1348_/X
 _1349_/X
 _1350_/X
 _1351_/Y
 _1352_/Y
 _1353_/X
 _1354_/Y
 _1355_/X
 _1356_/X
 _1357_/X
 _1358_/X
 _1359_/X
 _1360_/X
 _1361_/X
 _1362_/X
 _1363_/X
 _1364_/Y
 _1365_/Y
 _1366_/X
 _1367_/X
 _1368_/Y
 _1369_/X
 _1370_/X
 _1371_/X
 _1372_/X
 _1373_/X
 _1374_/X
 _1375_/X
 _1376_/X
 _1377_/Y
 _1378_/Y
 _1379_/X
 _1380_/X
 _1381_/X
 _1382_/X
 _1383_/Y
 _1384_/X
 _1385_/Y
 _1386_/X
 _1387_/X
 _1388_/X
 _1389_/X
 _1390_/X
 _1391_/X
 _1392_/X
 _1393_/X
 _1394_/X
 _1395_/Y
 _1396_/X
 _1397_/X
 _1398_/Y
 _1399_/Y
 _1400_/Y
 _1401_/Y
 _1402_/X
 _1403_/X
 _1404_/X
 _1405_/X
 _1406_/X
 _1407_/X
 _1408_/X
 _1409_/Y
 _1410_/Y
 _1411_/X
 _1412_/X
 _1413_/X
 _1414_/Y
 _1415_/X
 _1416_/Y
 _1417_/X
 _1418_/X
 _1419_/X
 _1420_/X
 _1421_/X
 _1422_/X
 _1423_/X
 _1424_/X
 _1425_/X
 _1426_/Y
 _1427_/X
 _1428_/X
 _1429_/X
 _1430_/X
 _1431_/Y
 _1432_/Y
 _1433_/Y
 _1434_/Y
 _1435_/Y
 _1436_/X
 _1437_/X
 _1438_/X
 _1439_/X
 _1440_/X
 _1441_/X
 _1442_/X
 _1443_/X
 _1444_/X
 _1445_/X
 _1446_/X
 _1447_/X
 _1448_/Y
 _1449_/Y
 _1450_/X
 _1451_/X
 _1452_/X
 _1453_/X
 _1454_/X
 _1455_/X
 _1456_/Y
 _1457_/X
 _1458_/X
 _1459_/Y
 _1460_/X
 _1461_/X
 _1462_/X
 _1463_/X
 _1464_/X
 _1465_/X
 _1466_/Y
 _1467_/X
 _1468_/X
 _1469_/Y
 _1470_/X
 _1471_/Y
 _1472_/X
 _1473_/X
 _1474_/Y
 _1475_/X
 _1476_/X
 _1477_/X
 _1478_/X
 _1479_/X
 _1480_/X
 _1481_/X
 _1482_/X
 _1483_/X
 _1484_/X
 _1485_/X
 _1486_/X
 _1487_/X
 _1488_/X
 _1489_/X
 _1490_/X
 _1491_/X
 _1492_/X
 _1493_/X
 _1494_/X
 _1495_/Y
 _1496_/X
 _1497_/X
 _1498_/X
 _1499_/X
 _1500_/X
 _1501_/X
 _1502_/X
 _1503_/X
 _1504_/X
 _1505_/X
 _1506_/X
 _1507_/Y
 _1508_/Y
 _1509_/Y
 _1510_/X
 _1511_/X
 _1512_/X
 _1513_/Y
 _1514_/Y
 _1515_/X
 _1516_/X
 _1517_/X
 _1518_/X
 _1519_/X
 _1520_/X
 _1521_/X
 _1522_/Y
 _1523_/X
 _1524_/X
 _1525_/X
 _1526_/X
 _1527_/X
 _1528_/X
 _1529_/Y
 _1530_/Y
 _1531_/X
 _1532_/Y
 _1533_/Y
 _1534_/X
 _1535_/X
 _1536_/X
 _1537_/X
 _1538_/X
 _1539_/X
 _1540_/X
 _1541_/X
 _1542_/X
 _1543_/X
 _1544_/X
 _1545_/X
 _1546_/X
 _1547_/X
 _1548_/X
 _1549_/Y
 _1550_/X
 _1551_/X
 _1552_/Y
 _1553_/X
 _1554_/X
 _1555_/X
 _1556_/X
 _1557_/X
 _1558_/X
 _1559_/X
 _1560_/X
 _1561_/X
 _1562_/X
 _1563_/X
 _1564_/X
 _1565_/X
 _1566_/X
 _1567_/X
 _1568_/Y
 _1569_/X
 _1570_/X
 _1571_/Y
 _1572_/X
 _1573_/X
 _1574_/X
 _1575_/X
 _1576_/X
 _1577_/X
 _1578_/X
 _1579_/X
 _1580_/X
 _1581_/X
 _1582_/X
 _1583_/Y
 _1584_/X
 _1585_/Y
 _1586_/Y
 _1587_/X
 _1588_/X
 _1589_/X
 _1590_/Y
 _1591_/Y
 _1592_/Y
 _1593_/Y
 _1594_/Y
 _1595_/X
 _1596_/X
 _1597_/X
 _1598_/Y
 _1599_/Y
 _1600_/Y
 _1601_/X
 _1602_/X
 _1603_/Y
 _1604_/X
 _1605_/Y
 _1606_/X
 _1607_/X
 _1608_/X
 _1609_/X
 _1610_/X
 _1611_/X
 _1612_/X
 _1613_/X
 _1614_/X
 _1615_/X
 _1616_/Y
 _1617_/Y
 _1618_/X
 _1619_/Y
 _1620_/Y
 _1621_/X
 _1622_/X
 _1623_/X
 _1624_/X
 _1625_/X
 _1626_/X
 _1627_/X
 _1628_/X
 _1629_/X
 _1630_/X
 _1631_/X
 _1632_/X
 _1633_/X
 _1634_/X
 _1635_/X
 _1636_/X
 _1637_/X
 _1638_/Y
 _1639_/X
 _1640_/Y
 _1641_/X
 _1642_/Y
 _1643_/X
 _1644_/Y
 _1645_/Y
 _1646_/Y
 _1647_/X
 _1648_/Y
 _1649_/Y
 _1650_/X
 _1651_/X
 _1652_/X
 _1653_/X
 _1654_/X
 _1655_/X
 _1656_/Y
 _1657_/X
 _1658_/X
 _1659_/Y
 _1660_/X
 _1661_/Y
 _1662_/Y
 _1663_/Y
 _1664_/X
 _1665_/X
 _1666_/X
 _1667_/X
 _1668_/X
 _1669_/X
 _1670_/X
 _1671_/X
 _1672_/X
 _1673_/Y
 _1674_/X
 _1675_/X
 _1676_/X
 _1677_/X
 _1678_/X
 _1679_/Y
 _1680_/X
 _1681_/Y
 _1682_/X
 _1683_/Y
 _1684_/Y
 _1685_/Y
 _1686_/X
 _1687_/X
 _1688_/X
 _1689_/X
 _1690_/X
 _1691_/X
 _1692_/X
 _1693_/X
 _1694_/X
 _1695_/X
 _1696_/X
 _1697_/X
 _1698_/Y
 _1699_/X
 _1700_/X
 _1701_/X
 _1702_/X
 _1703_/X
 _1704_/Y
 _1705_/X
 _1706_/X
 _1707_/X
 _1708_/X
 _1709_/X
 _1710_/X
 _1711_/X
 _1712_/X
 _1713_/X
 _1714_/X
 _1715_/X
 _1716_/X
 _1717_/Y
 _1718_/Y
 _1719_/Y
 _1720_/X
 _1721_/Y
 _1722_/Y
 _1723_/X
 _1724_/X
 _1725_/X
 _1726_/X
 _1727_/X
 _1728_/X
 _1729_/X
 _1730_/X
 _1731_/X
 _1732_/X
 _1733_/X
 _1734_/X
 _1735_/X
 _1736_/X
 _1737_/X
 _1738_/Y
 _1739_/X
 _1740_/X
 _1741_/X
 _1742_/Y
 _1743_/X
 _1744_/Y
 _1745_/Y
 _1746_/X
 _1747_/X
 _1748_/X
 _1749_/X
 _1750_/X
 _1751_/X
 _1752_/X
 _1753_/X
 _1754_/X
 _1755_/X
 _1756_/X
 _1757_/X
 _1758_/X
 _1759_/X
 _1760_/X
 _1761_/X
 _1762_/X
 _1763_/X
 _1764_/X
 _1765_/X
 _1766_/X
 _1767_/X
 _1768_/X
 _1769_/X
 _1770_/X
 _1771_/X
 _1772_/X
 _1773_/X
 _1774_/X
 _1775_/X
 _1776_/X
 _1777_/X
 _1778_/X
 _1779_/X
 _1780_/X
 _1781_/X
 _1782_/X
 _1783_/X
 _1784_/X
 _1785_/X
 _1786_/X
 _1787_/X
 _1788_/X
 _1789_/X
 _1790_/X
 _1791_/X
 _1792_/X
 _1793_/X
 _1794_/X
 _1795_/X
 _1796_/X
 _1797_/X
 _1798_/X
 _1799_/X
 _1800_/X
 _1801_/X
 _1802_/X
 _1803_/X
 _1804_/X
 _1805_/X
 _1806_/X
 _1807_/X
 _1808_/X
 _1809_/X
 _1810_/X
 _1811_/X
 _1812_/X
 _1813_/X
 _1814_/X
 _1815_/X
 _1816_/X
 _1817_/Y
 _1818_/X
 _1819_/X
 _1820_/X
 _1821_/X
 _1822_/X
 _1823_/X
 _1824_/X
 _1825_/X
 _1826_/X
 _1827_/X
 _1828_/X
 _1829_/X
 _1830_/X
 _1831_/X
 _1832_/X
 _1833_/X
 _1834_/X
 _1835_/X
 _1836_/X
 _1837_/X
 _1838_/X
 _1839_/X
 _1840_/X
 _1841_/X
 _1842_/X
 _1843_/X
 _1844_/X
 _1845_/X
 _1846_/X
 _1847_/X
 _1848_/X
 _1849_/X
 _1850_/X
 _1851_/X
 _1852_/X
 _1853_/X
 _1854_/X
 _1855_/X
 _1856_/X
 _1857_/X
 _1858_/X
 _1859_/X
 _1860_/X
 _1861_/X
 _1862_/X
 _1863_/X
 _1864_/X
 _1865_/X
 _1866_/X
 _1867_/X
 _1868_/X
 _1869_/X
 _1870_/X
 _1871_/X
 _1872_/X
 _1873_/X
 _1874_/X
 _1875_/X
 _1876_/X
 _1877_/X
 _1878_/X
 _1879_/X
 _1880_/X
 _1881_/X
 _1882_/X
 _1883_/X
 _1884_/X
 _1885_/X
 _1886_/X
 _1887_/X
 _1888_/X
 _1889_/X
 _1890_/X
 _1891_/X
 _1892_/X
 _1893_/X
 _1894_/X
 _1895_/X
 _1896_/X
 _1897_/X
 _1898_/X
 _1899_/X
 _1900_/X
 _1901_/X
 _1902_/X
 _1903_/X
 _1904_/X
 _1905_/X
 _1906_/X
 _1907_/X
 _1908_/X
 _1909_/X
 _1910_/X
 _1911_/X
 _1912_/X
 _1913_/X
 _1914_/X
 _1915_/X
 _1916_/X
 _1917_/X
 _1918_/X
 _1919_/X
 _1920_/X
 _1921_/X
 _1922_/X
 _1923_/X
 _1924_/X
 _1925_/X
 _1926_/X
 _1927_/X
 _1928_/X
 _1929_/X
 _1930_/X
 _1931_/X
 _1932_/X
 _1933_/X
 _1934_/X
 _1935_/X
 _1936_/X
 _1937_/X
 _1938_/X
 _1939_/X
 _1940_/X
 _1941_/X
 _1942_/X
 _1943_/X
 _1944_/X
 _1945_/X
 _1946_/X
 _1947_/X
 _1948_/X
 _1949_/X
 _1950_/X
 _1951_/X
 _1952_/X
 _1953_/X
 _1954_/X
 _1955_/X
 _1956_/X
 _1957_/X
 _1958_/X
 _1959_/X
 _1960_/X
 _1961_/X
 _1962_/X
 _1963_/X
 _1964_/X
 _1965_/X
 _1966_/X
 _1967_/X
 _1968_/X
 _1969_/X
 _1970_/X
 _1971_/X
 _1972_/X
 _1973_/X
 _1974_/X
 _1975_/X
 _1976_/X
 _1977_/X
 _1978_/X
 _1979_/X
 _1980_/X
 _1981_/X
 _1982_/X
 _1983_/X
 _1984_/X
 _1985_/X
 _1986_/X
 _1987_/X
 _1988_/X
 _1989_/X
 _1990_/X
 _1991_/X
 _1992_/X
 _1993_/X
 _1994_/X
 _1995_/X
 _1996_/X
 _1997_/X
 _1998_/X
 _1999_/X
 _2000_/X
 _2001_/X
 _2002_/X
 _2003_/X
 _2004_/X
 _2005_/X
 _2006_/X
 _2007_/X
 _2008_/X
 _2009_/X
 _2010_/X
 _2011_/X
 _2012_/X
 _2013_/X
 _2014_/X
 _2015_/X
 _2016_/X
 _2017_/X
 _2018_/X
 _2019_/X
 _2020_/X
 _2021_/X
 _2022_/X
 _2023_/X
 _2024_/X
 _2025_/X
 _2026_/X
 _2027_/X
 _2028_/X
 _2029_/X
 _2030_/X
 _2031_/X
 _2032_/X
 _2033_/X
 _2034_/X
 _2035_/X
 _2036_/X
 _2037_/X
 _2038_/X
 _2039_/X
 _2040_/X
 _2041_/X
 _2042_/X
 _2043_/X
 _2044_/X
 _2045_/X
 _2046_/X
 _2047_/X
 _2048_/X
 _2049_/X
 _2050_/X
 _2051_/X
 _2052_/X
 _2053_/X
 _2054_/X
 _2055_/X
 _2056_/X
 _2057_/X
 _2058_/X
 _2059_/X
 _2060_/X
 _2061_/X
 _2062_/X
 _2063_/X
 _2064_/X
 _2065_/X
 _2066_/X
 _2067_/X
 _2068_/X
 _2069_/X
 _2070_/X
 _2071_/X
 _2072_/X
 _2073_/X
 _2074_/X
 _2075_/X
 _2076_/X
 _2077_/X
 _2078_/X
 _2079_/X
 _2080_/X
 _2081_/X
 _2082_/X
 _2083_/X
 _2084_/X
 _2085_/X
 _2086_/X
 _2087_/X
 _2088_/X
 _2089_/X
 _2090_/Y
 _2091_/Y
 _2092_/X
 _2093_/Q
 _2094_/Q
 _2095_/Q
 _2096_/Q
 _2097_/Q
 _2098_/Q
 _2099_/Q
 _2100_/Q
 _2101_/Q
 _2102_/Q
 _2103_/Q
 _2104_/Q
 _2105_/Q
 _2106_/Q
 _2107_/Q
 _2108_/Q
 _2109_/Q
 _2110_/Q
 _2111_/Q
 _2112_/Q
 _2113_/Q
 _2114_/Q
 _2115_/Q
 _2116_/Q
 _2117_/Q
 _2118_/Q
 _2119_/Q
 _2120_/Q
 _2121_/Q
 _2122_/Q
 _2123_/Q
 _2124_/Q
 _2125_/Q
 _2126_/Q
 _2127_/Q
 _2128_/Q
 _2129_/Q
 _2130_/Q
 _2131_/Q
 _2132_/Q
 _2133_/Q
 _2134_/Q
 _2135_/Q
 _2136_/Q
 _2137_/Q
 _2138_/Q
 _2139_/Q
 _2140_/Q
 _2141_/Q
 _2142_/Q
 _2143_/Q
 _2144_/Q
 _2145_/Q
 _2146_/Q
 _2147_/Q
 _2148_/Q
 _2149_/Q
 _2150_/Q
 _2151_/Q
 _2152_/Q
 _2153_/Q
 _2154_/Q
 _2155_/Q
 _2156_/Q
 _2157_/Q
 _2158_/Q
 _2159_/Q
 _2160_/Q
 _2161_/Q
 _2162_/Q
 _2163_/Q
 _2164_/Q
 _2165_/Q
 _2166_/Q
 _2167_/Q
 _2168_/Q
 _2169_/Q
 _2170_/Q
 _2171_/Q
 _2172_/Q
 _2173_/Q
 _2174_/Q
 _2175_/Q
 _2176_/Q
 _2177_/Q
 _2178_/Q
 _2179_/Q
 _2180_/Q
 _2181_/Q
 _2182_/Q
 _2183_/Q
 _2184_/Q
 _2185_/Q
 _2186_/Q
 _2187_/Q
 _2188_/Q
 _2189_/Q
 _2190_/Q
 _2191_/Q
 _2192_/Q
 _2193_/Q
 _2194_/Q
 _2195_/Q
 _2196_/Q
 _2197_/Q
 _2198_/Q
 _2199_/Q
 _2200_/Q
 _2201_/Q
 _2202_/Q
 _2203_/Q
 _2204_/Q
 _2205_/Q
 _2206_/Q
 _2207_/Q
 _2208_/Q
 _2209_/Q
 _2210_/Q
 _2211_/Q
 _2212_/Q
 _2213_/Q
 _2214_/Q
 _2215_/Q
 _2216_/Q
 _2217_/Q
 _2218_/Q
 _2219_/Q
 _2220_/Q
 _2221_/Q
 _2222_/Q
 _2223_/Q
 _2224_/Q
 _2225_/Q
 _2226_/Q
 _2227_/Q
 _2228_/Q
 _2229_/Q
 _2230_/Q
 _2231_/Q
 _2232_/Q
 _2233_/Q
 _2234_/Q
 _2235_/Q
 _2236_/Q
 _2237_/Q
 _2238_/Q
 _2239_/Q
 _2240_/Q
 _2241_/Q
 _2242_/Q
 _2243_/Q
 _2244_/Q
 _2245_/Q
 _2246_/Q
 _2247_/Q
 _2248_/Q
 _2249_/Q
 _2250_/Q
 _2251_/Q
 _2252_/Q
 _2253_/Q
 _2254_/Q
 _2255_/Q
Found 0 partially unannotated drivers.

===========================================================================
max slew violation count 0
max fanout violation count 0
max cap violation count 0
============================================================================

===========================================================================
check_setup -verbose -unconstrained_endpoints -multiple_clock -no_clock -no_input_delay -loops -generated_clocks
===========================================================================
Warning: There are 2 input ports missing set_input_delay.
  btn_next
  btn_rst
Warning: There are 39 unconstrained endpoints.
  Result[0]
  Result[10]
  Result[11]
  Result[12]
  Result[13]
  Result[14]
  Result[15]
  Result[16]
  Result[17]
  Result[18]
  Result[19]
  Result[1]
  Result[20]
  Result[21]
  Result[22]
  Result[23]
  Result[24]
  Result[25]
  Result[26]
  Result[27]
  Result[28]
  Result[29]
  Result[2]
  Result[30]
  Result[31]
  Result[3]
  Result[4]
  Result[5]
  Result[6]
  Result[7]
  Result[8]
  Result[9]
  seg[0]
  seg[1]
  seg[2]
  seg[3]
  seg[4]
  seg[5]
  seg[6]
