
===========================================================================
 report_power
============================================================================
======================= Fastest Corner ===================================

Group                  Internal  Switching    Leakage      Total
                          Power      Power      Power      Power (Watts)
----------------------------------------------------------------
Sequential             6.05e-04   1.85e-03   3.55e-08   2.45e-03  10.2%
Combinational          3.24e-03   1.74e-02   1.04e-07   2.07e-02  86.0%
Clock                  4.68e-04   4.41e-04   6.26e-08   9.09e-04   3.8%
Macro                  0.00e+00   0.00e+00   0.00e+00   0.00e+00   0.0%
Pad                    0.00e+00   0.00e+00   0.00e+00   0.00e+00   0.0%
----------------------------------------------------------------
Total                  4.31e-03   1.97e-02   2.02e-07   2.41e-02 100.0%
                          17.9%      82.1%       0.0%

======================= Slowest Corner ===================================

Group                  Internal  Switching    Leakage      Total
                          Power      Power      Power      Power (Watts)
----------------------------------------------------------------
Sequential             4.21e-04   1.25e-03   6.69e-06   1.67e-03  10.2%
Combinational          2.28e-03   1.18e-02   2.74e-05   1.41e-02  85.9%
Clock                  3.34e-04   2.95e-04   2.61e-06   6.32e-04   3.9%
Macro                  0.00e+00   0.00e+00   0.00e+00   0.00e+00   0.0%
Pad                    0.00e+00   0.00e+00   0.00e+00   0.00e+00   0.0%
----------------------------------------------------------------
Total                  3.03e-03   1.33e-02   3.67e-05   1.64e-02 100.0%
                          18.5%      81.3%       0.2%

======================= Typical Corner ===================================

Group                  Internal  Switching    Leakage      Total
                          Power      Power      Power      Power (Watts)
----------------------------------------------------------------
Sequential             5.27e-04   1.58e-03   2.65e-08   2.10e-03  10.2%
Combinational          2.84e-03   1.49e-02   1.97e-08   1.77e-02  86.0%
Clock                  4.11e-04   3.74e-04   5.67e-08   7.85e-04   3.8%
Macro                  0.00e+00   0.00e+00   0.00e+00   0.00e+00   0.0%
Pad                    0.00e+00   0.00e+00   0.00e+00   0.00e+00   0.0%
----------------------------------------------------------------
Total                  3.77e-03   1.68e-02   1.03e-07   2.06e-02 100.0%
                          18.3%      81.7%       0.0%

