OpenROAD b16bda7e82721d10566ff7e2b68f1ff0be9f9e38 
Features included (+) or not (-): +Charts +GPU +GUI +Python
This program is licensed under the BSD-3 license. See the LICENSE file for details.
Components of this program may be licensed under more restrictive licenses which must be honored.
Top-level design name: semi_cpu_top
Block boundaries: 0 0 177260 187980
Horizontal Tracks Origin: 340, Count: 276, Step: 680
Vertical Tracks Origin: 230, Count: 385, Step: 460
Placement details for the #E side
Virtual pin count:  0
Actual pin count:  39
Total pin count:  39
Tracks count:  138
Tracks per pin:  3
Used tracks count:  115
Unused track count:  23
Starting track index:  11
Placement Map:
[340, 1700, 3060, 4420, 5780, 7140, 8500, 9860, 11220, 12580, 13940, [91m15300[0m, 16660, 18020, [91m19380[0m, 20740, 22100, [91m23460[0m, 24820, 26180, [91m27540[0m, 28900, 30260, [91m31620[0m, 32980, 34340, [91m35700[0m, 37060, 38420, [91m39780[0m, 41140, 42500, [91m43860[0m, 45220, 46580, [91m47940[0m, 49300, 50660, [91m52020[0m, 53380, 54740, [91m56100[0m, 57460, 58820, [91m60180[0m, 61540, 62900, [91m64260[0m, 65620, 66980, [91m68340[0m, 69700, 71060, [91m72420[0m, 73780, 75140, [91m76500[0m, 77860, 79220, [91m80580[0m, 81940, 83300, [91m84660[0m, 86020, 87380, [91m88740[0m, 90100, 91460, [91m92820[0m, 94180, 95540, [91m96900[0m, 98260, 99620, [91m100980[0m, 102340, 103700, [91m105060[0m, 106420, 107780, [91m109140[0m, 110500, 111860, [91m113220[0m, 114580, 115940, [91m117300[0m, 118660, 120020, [91m121380[0m, 122740, 124100, [91m125460[0m, 126820, 128180, [91m129540[0m, 130900, 132260, [91m133620[0m, 134980, 136340, [91m137700[0m, 139060, 140420, [91m141780[0m, 143140, 144500, [91m145860[0m, 147220, 148580, [91m149940[0m, 151300, 152660, [91m154020[0m, 155380, 156740, [91m158100[0m, 159460, 160820, [91m162180[0m, 163540, 164900, [91m166260[0m, 167620, 168980, [91m170340[0m, 171700, 173060, 174420, 175780, 177140, 178500, 179860, 181220, 182580, 183940, 185300, 186660, ]
Indices of used tracks: [11, 14, 17, 20, 23, 26, 29, 32, 35, 38, 41, 44, 47, 50, 53, 56, 59, 62, 65, 68, 71, 74, 77, 80, 83, 86, 89, 92, 95, 98, 101, 104, 107, 110, 113, 116, 119, 122, 125]
---
Placement details for the #W side
Virtual pin count:  0
Actual pin count:  3
Total pin count:  3
Tracks count:  138
Tracks per pin:  46
Used tracks count:  93
Unused track count:  45
Starting track index:  22
Placement Map:
[340, 1700, 3060, 4420, 5780, 7140, 8500, 9860, 11220, 12580, 13940, 15300, 16660, 18020, 19380, 20740, 22100, 23460, 24820, 26180, 27540, 28900, [91m30260[0m, 31620, 32980, 34340, 35700, 37060, 38420, 39780, 41140, 42500, 43860, 45220, 46580, 47940, 49300, 50660, 52020, 53380, 54740, 56100, 57460, 58820, 60180, 61540, 62900, 64260, 65620, 66980, 68340, 69700, 71060, 72420, 73780, 75140, 76500, 77860, 79220, 80580, 81940, 83300, 84660, 86020, 87380, 88740, 90100, 91460, [91m92820[0m, 94180, 95540, 96900, 98260, 99620, 100980, 102340, 103700, 105060, 106420, 107780, 109140, 110500, 111860, 113220, 114580, 115940, 117300, 118660, 120020, 121380, 122740, 124100, 125460, 126820, 128180, 129540, 130900, 132260, 133620, 134980, 136340, 137700, 139060, 140420, 141780, 143140, 144500, 145860, 147220, 148580, 149940, 151300, 152660, 154020, [91m155380[0m, 156740, 158100, 159460, 160820, 162180, 163540, 164900, 166260, 167620, 168980, 170340, 171700, 173060, 174420, 175780, 177140, 178500, 179860, 181220, 182580, 183940, 185300, 186660, ]
Indices of used tracks: [22, 68, 114]
---
