
Magic 8.3 revision 483 - Compiled on Sun Jun  2 18:57:41 UTC 2024.
Starting magic under Tcl interpreter
Using the terminal as the console.
Using NULL graphics device.
Processing system .magicrc file
Sourcing design .magicrc for technology sky130A ...
2 Magic internal units = 1 Lambda
Input style sky130(): scaleFactor=2, multiplier=2
The following types are not handled by extraction and will be treated as non-electrical types:
    ubm 
Scaled tech values by 2 / 1 to match internal grid scaling
Loading sky130A Device Generator Menu ...
Using technology "sky130A", version 1.0.466-0-gbdc9412
Reading LEF data from file /home/pinarizmir/.volare/sky130A/libs.ref/sky130_fd_sc_hd/techlef/sky130_fd_sc_hd__nom.tlef.
This action cannot be undone.
LEF read, Line 78 (Message): Unknown keyword "ANTENNAMODEL" in LEF file; ignoring.
LEF read, Line 79 (Message): Unknown keyword "ANTENNADIFFSIDEAREARATIO" in LEF file; ignoring.
LEF read, Line 112 (Message): Unknown keyword "MINENCLOSEDAREA" in LEF file; ignoring.
LEF read, Line 114 (Message): Unknown keyword "ANTENNAMODEL" in LEF file; ignoring.
LEF read, Line 115 (Message): Unknown keyword "ANTENNADIFFSIDEAREARATIO" in LEF file; ignoring.
LEF read, Line 121 (Message): Unknown keyword "MAXIMUMDENSITY" in LEF file; ignoring.
LEF read, Line 122 (Message): Unknown keyword "DENSITYCHECKWINDOW" in LEF file; ignoring.
LEF read, Line 123 (Message): Unknown keyword "DENSITYCHECKSTEP" in LEF file; ignoring.
LEF read, Line 156 (Message): Unknown keyword "MINENCLOSEDAREA" in LEF file; ignoring.
LEF read, Line 164 (Message): Unknown keyword "ANTENNAMODEL" in LEF file; ignoring.
LEF read, Line 165 (Message): Unknown keyword "ANTENNADIFFSIDEAREARATIO" in LEF file; ignoring.
LEF read, Line 167 (Message): Unknown keyword "MAXIMUMDENSITY" in LEF file; ignoring.
LEF read, Line 168 (Message): Unknown keyword "DENSITYCHECKWINDOW" in LEF file; ignoring.
LEF read, Line 169 (Message): Unknown keyword "DENSITYCHECKSTEP" in LEF file; ignoring.
LEF read, Line 206 (Message): Unknown keyword "ANTENNAMODEL" in LEF file; ignoring.
LEF read, Line 207 (Message): Unknown keyword "ANTENNADIFFSIDEAREARATIO" in LEF file; ignoring.
LEF read, Line 209 (Message): Unknown keyword "MAXIMUMDENSITY" in LEF file; ignoring.
LEF read, Line 210 (Message): Unknown keyword "DENSITYCHECKWINDOW" in LEF file; ignoring.
LEF read, Line 211 (Message): Unknown keyword "DENSITYCHECKSTEP" in LEF file; ignoring.
LEF read, Line 248 (Message): Unknown keyword "ANTENNAMODEL" in LEF file; ignoring.
LEF read, Line 249 (Message): Unknown keyword "ANTENNADIFFSIDEAREARATIO" in LEF file; ignoring.
LEF read, Line 251 (Message): Unknown keyword "MAXIMUMDENSITY" in LEF file; ignoring.
LEF read, Line 252 (Message): Unknown keyword "DENSITYCHECKWINDOW" in LEF file; ignoring.
LEF read, Line 253 (Message): Unknown keyword "DENSITYCHECKSTEP" in LEF file; ignoring.
LEF read, Line 290 (Message): Unknown keyword "ANTENNAMODEL" in LEF file; ignoring.
LEF read, Line 291 (Message): Unknown keyword "ANTENNADIFFSIDEAREARATIO" in LEF file; ignoring.
LEF read: Processed 797 lines.
Reading DEF data from file /openlane/designs/top_module_project6/runs/RUN_2025.05.29_19.10.38/results/routing/top_module_project6.def.
This action cannot be undone.
  Processed 4 vias total.
Cell sky130_fd_sc_hd__diode_2 read from path /home/pinarizmir/.volare/sky130A/libs.ref/sky130_fd_sc_hd/mag
Cell sky130_fd_sc_hd__decap_3 read from path /home/pinarizmir/.volare/sky130A/libs.ref/sky130_fd_sc_hd/mag
Cell sky130_ef_sc_hd__decap_12 read from path /home/pinarizmir/.volare/sky130A/libs.ref/sky130_fd_sc_hd/mag
Cell sky130_fd_sc_hd__fill_2 read from path /home/pinarizmir/.volare/sky130A/libs.ref/sky130_fd_sc_hd/mag
Cell sky130_fd_sc_hd__decap_8 read from path /home/pinarizmir/.volare/sky130A/libs.ref/sky130_fd_sc_hd/mag
Cell sky130_fd_sc_hd__fill_1 read from path /home/pinarizmir/.volare/sky130A/libs.ref/sky130_fd_sc_hd/mag
Cell sky130_fd_sc_hd__decap_6 read from path /home/pinarizmir/.volare/sky130A/libs.ref/sky130_fd_sc_hd/mag
Cell sky130_fd_sc_hd__decap_4 read from path /home/pinarizmir/.volare/sky130A/libs.ref/sky130_fd_sc_hd/mag
Cell sky130_fd_sc_hd__tapvpwrvgnd_1 read from path /home/pinarizmir/.volare/sky130A/libs.ref/sky130_fd_sc_hd/mag
Cell sky130_fd_sc_hd__buf_12 read from path /home/pinarizmir/.volare/sky130A/libs.ref/sky130_fd_sc_hd/mag
Cell sky130_fd_sc_hd__inv_12 read from path /home/pinarizmir/.volare/sky130A/libs.ref/sky130_fd_sc_hd/mag
Cell sky130_fd_sc_hd__or3b_4 read from path /home/pinarizmir/.volare/sky130A/libs.ref/sky130_fd_sc_hd/mag
Cell sky130_fd_sc_hd__nand2_8 read from path /home/pinarizmir/.volare/sky130A/libs.ref/sky130_fd_sc_hd/mag
Cell sky130_fd_sc_hd__o31a_4 read from path /home/pinarizmir/.volare/sky130A/libs.ref/sky130_fd_sc_hd/mag
Cell sky130_fd_sc_hd__clkbuf_16 read from path /home/pinarizmir/.volare/sky130A/libs.ref/sky130_fd_sc_hd/mag
Cell sky130_fd_sc_hd__and2b_4 read from path /home/pinarizmir/.volare/sky130A/libs.ref/sky130_fd_sc_hd/mag
Cell sky130_fd_sc_hd__or2b_4 read from path /home/pinarizmir/.volare/sky130A/libs.ref/sky130_fd_sc_hd/mag
Cell sky130_fd_sc_hd__a21oi_4 read from path /home/pinarizmir/.volare/sky130A/libs.ref/sky130_fd_sc_hd/mag
Cell sky130_fd_sc_hd__a21o_4 read from path /home/pinarizmir/.volare/sky130A/libs.ref/sky130_fd_sc_hd/mag
Cell sky130_fd_sc_hd__and3b_4 read from path /home/pinarizmir/.volare/sky130A/libs.ref/sky130_fd_sc_hd/mag
Cell sky130_fd_sc_hd__nor2b_4 read from path /home/pinarizmir/.volare/sky130A/libs.ref/sky130_fd_sc_hd/mag
Cell sky130_fd_sc_hd__o31a_2 read from path /home/pinarizmir/.volare/sky130A/libs.ref/sky130_fd_sc_hd/mag
Cell sky130_fd_sc_hd__and3_4 read from path /home/pinarizmir/.volare/sky130A/libs.ref/sky130_fd_sc_hd/mag
Cell sky130_fd_sc_hd__or2_2 read from path /home/pinarizmir/.volare/sky130A/libs.ref/sky130_fd_sc_hd/mag
Cell sky130_fd_sc_hd__o31ai_4 read from path /home/pinarizmir/.volare/sky130A/libs.ref/sky130_fd_sc_hd/mag
Cell sky130_fd_sc_hd__o211a_4 read from path /home/pinarizmir/.volare/sky130A/libs.ref/sky130_fd_sc_hd/mag
Cell sky130_fd_sc_hd__mux2_8 read from path /home/pinarizmir/.volare/sky130A/libs.ref/sky130_fd_sc_hd/mag
Cell sky130_fd_sc_hd__and4b_4 read from path /home/pinarizmir/.volare/sky130A/libs.ref/sky130_fd_sc_hd/mag
Cell sky130_fd_sc_hd__or3_4 read from path /home/pinarizmir/.volare/sky130A/libs.ref/sky130_fd_sc_hd/mag
Cell sky130_fd_sc_hd__nor2_1 read from path /home/pinarizmir/.volare/sky130A/libs.ref/sky130_fd_sc_hd/mag
Cell sky130_fd_sc_hd__nor2_8 read from path /home/pinarizmir/.volare/sky130A/libs.ref/sky130_fd_sc_hd/mag
Cell sky130_fd_sc_hd__nor2_2 read from path /home/pinarizmir/.volare/sky130A/libs.ref/sky130_fd_sc_hd/mag
Cell sky130_fd_sc_hd__mux2_4 read from path /home/pinarizmir/.volare/sky130A/libs.ref/sky130_fd_sc_hd/mag
Cell sky130_fd_sc_hd__a22o_4 read from path /home/pinarizmir/.volare/sky130A/libs.ref/sky130_fd_sc_hd/mag
Cell sky130_fd_sc_hd__and2_4 read from path /home/pinarizmir/.volare/sky130A/libs.ref/sky130_fd_sc_hd/mag
Cell sky130_fd_sc_hd__o21ai_4 read from path /home/pinarizmir/.volare/sky130A/libs.ref/sky130_fd_sc_hd/mag
Cell sky130_fd_sc_hd__o311ai_4 read from path /home/pinarizmir/.volare/sky130A/libs.ref/sky130_fd_sc_hd/mag
Cell sky130_fd_sc_hd__a211o_4 read from path /home/pinarizmir/.volare/sky130A/libs.ref/sky130_fd_sc_hd/mag
Cell sky130_fd_sc_hd__o311a_4 read from path /home/pinarizmir/.volare/sky130A/libs.ref/sky130_fd_sc_hd/mag
Cell sky130_fd_sc_hd__or4_4 read from path /home/pinarizmir/.volare/sky130A/libs.ref/sky130_fd_sc_hd/mag
Cell sky130_fd_sc_hd__o21a_4 read from path /home/pinarizmir/.volare/sky130A/libs.ref/sky130_fd_sc_hd/mag
Cell sky130_fd_sc_hd__inv_6 read from path /home/pinarizmir/.volare/sky130A/libs.ref/sky130_fd_sc_hd/mag
Cell sky130_fd_sc_hd__or4bb_4 read from path /home/pinarizmir/.volare/sky130A/libs.ref/sky130_fd_sc_hd/mag
Cell sky130_fd_sc_hd__or2_4 read from path /home/pinarizmir/.volare/sky130A/libs.ref/sky130_fd_sc_hd/mag
Cell sky130_fd_sc_hd__inv_8 read from path /home/pinarizmir/.volare/sky130A/libs.ref/sky130_fd_sc_hd/mag
Cell sky130_fd_sc_hd__a21bo_4 read from path /home/pinarizmir/.volare/sky130A/libs.ref/sky130_fd_sc_hd/mag
Cell sky130_fd_sc_hd__nand2b_2 read from path /home/pinarizmir/.volare/sky130A/libs.ref/sky130_fd_sc_hd/mag
Cell sky130_fd_sc_hd__o211ai_4 read from path /home/pinarizmir/.volare/sky130A/libs.ref/sky130_fd_sc_hd/mag
Cell sky130_fd_sc_hd__nand3b_4 read from path /home/pinarizmir/.volare/sky130A/libs.ref/sky130_fd_sc_hd/mag
Cell sky130_fd_sc_hd__a211oi_4 read from path /home/pinarizmir/.volare/sky130A/libs.ref/sky130_fd_sc_hd/mag
Cell sky130_fd_sc_hd__o21a_2 read from path /home/pinarizmir/.volare/sky130A/libs.ref/sky130_fd_sc_hd/mag
Cell sky130_fd_sc_hd__o31ai_1 read from path /home/pinarizmir/.volare/sky130A/libs.ref/sky130_fd_sc_hd/mag
Cell sky130_fd_sc_hd__a2bb2o_4 read from path /home/pinarizmir/.volare/sky130A/libs.ref/sky130_fd_sc_hd/mag
Cell sky130_fd_sc_hd__mux2_2 read from path /home/pinarizmir/.volare/sky130A/libs.ref/sky130_fd_sc_hd/mag
Cell sky130_fd_sc_hd__nand2_1 read from path /home/pinarizmir/.volare/sky130A/libs.ref/sky130_fd_sc_hd/mag
Cell sky130_fd_sc_hd__o221a_2 read from path /home/pinarizmir/.volare/sky130A/libs.ref/sky130_fd_sc_hd/mag
Cell sky130_fd_sc_hd__mux2_1 read from path /home/pinarizmir/.volare/sky130A/libs.ref/sky130_fd_sc_hd/mag
Cell sky130_fd_sc_hd__o211a_2 read from path /home/pinarizmir/.volare/sky130A/libs.ref/sky130_fd_sc_hd/mag
Cell sky130_fd_sc_hd__inv_4 read from path /home/pinarizmir/.volare/sky130A/libs.ref/sky130_fd_sc_hd/mag
Cell sky130_fd_sc_hd__a2bb2oi_1 read from path /home/pinarizmir/.volare/sky130A/libs.ref/sky130_fd_sc_hd/mag
Cell sky130_fd_sc_hd__nand2_4 read from path /home/pinarizmir/.volare/sky130A/libs.ref/sky130_fd_sc_hd/mag
Cell sky130_fd_sc_hd__o2111a_4 read from path /home/pinarizmir/.volare/sky130A/libs.ref/sky130_fd_sc_hd/mag
Cell sky130_fd_sc_hd__a211o_1 read from path /home/pinarizmir/.volare/sky130A/libs.ref/sky130_fd_sc_hd/mag
Cell sky130_fd_sc_hd__clkinv_8 read from path /home/pinarizmir/.volare/sky130A/libs.ref/sky130_fd_sc_hd/mag
Cell sky130_fd_sc_hd__o2111a_2 read from path /home/pinarizmir/.volare/sky130A/libs.ref/sky130_fd_sc_hd/mag
Cell sky130_fd_sc_hd__o21ai_2 read from path /home/pinarizmir/.volare/sky130A/libs.ref/sky130_fd_sc_hd/mag
Cell sky130_fd_sc_hd__o221a_1 read from path /home/pinarizmir/.volare/sky130A/libs.ref/sky130_fd_sc_hd/mag
Cell sky130_fd_sc_hd__o22a_4 read from path /home/pinarizmir/.volare/sky130A/libs.ref/sky130_fd_sc_hd/mag
Cell sky130_fd_sc_hd__o221a_4 read from path /home/pinarizmir/.volare/sky130A/libs.ref/sky130_fd_sc_hd/mag
Cell sky130_fd_sc_hd__clkinv_16 read from path /home/pinarizmir/.volare/sky130A/libs.ref/sky130_fd_sc_hd/mag
Cell sky130_fd_sc_hd__a211o_2 read from path /home/pinarizmir/.volare/sky130A/libs.ref/sky130_fd_sc_hd/mag
Cell sky130_fd_sc_hd__o211a_1 read from path /home/pinarizmir/.volare/sky130A/libs.ref/sky130_fd_sc_hd/mag
Cell sky130_fd_sc_hd__o2bb2a_4 read from path /home/pinarizmir/.volare/sky130A/libs.ref/sky130_fd_sc_hd/mag
Cell sky130_fd_sc_hd__o221ai_4 read from path /home/pinarizmir/.volare/sky130A/libs.ref/sky130_fd_sc_hd/mag
Cell sky130_fd_sc_hd__a21o_1 read from path /home/pinarizmir/.volare/sky130A/libs.ref/sky130_fd_sc_hd/mag
Cell sky130_fd_sc_hd__a22o_1 read from path /home/pinarizmir/.volare/sky130A/libs.ref/sky130_fd_sc_hd/mag
Cell sky130_fd_sc_hd__o2bb2a_1 read from path /home/pinarizmir/.volare/sky130A/libs.ref/sky130_fd_sc_hd/mag
Cell sky130_fd_sc_hd__a221oi_4 read from path /home/pinarizmir/.volare/sky130A/libs.ref/sky130_fd_sc_hd/mag
Cell sky130_fd_sc_hd__and4_4 read from path /home/pinarizmir/.volare/sky130A/libs.ref/sky130_fd_sc_hd/mag
Cell sky130_fd_sc_hd__a21o_2 read from path /home/pinarizmir/.volare/sky130A/libs.ref/sky130_fd_sc_hd/mag
Cell sky130_fd_sc_hd__clkinv_4 read from path /home/pinarizmir/.volare/sky130A/libs.ref/sky130_fd_sc_hd/mag
Cell sky130_fd_sc_hd__inv_2 read from path /home/pinarizmir/.volare/sky130A/libs.ref/sky130_fd_sc_hd/mag
Cell sky130_fd_sc_hd__nor2_4 read from path /home/pinarizmir/.volare/sky130A/libs.ref/sky130_fd_sc_hd/mag
Cell sky130_fd_sc_hd__o22a_1 read from path /home/pinarizmir/.volare/sky130A/libs.ref/sky130_fd_sc_hd/mag
Cell sky130_fd_sc_hd__a221o_4 read from path /home/pinarizmir/.volare/sky130A/libs.ref/sky130_fd_sc_hd/mag
Cell sky130_fd_sc_hd__a2111oi_2 read from path /home/pinarizmir/.volare/sky130A/libs.ref/sky130_fd_sc_hd/mag
Cell sky130_fd_sc_hd__xor2_1 read from path /home/pinarizmir/.volare/sky130A/libs.ref/sky130_fd_sc_hd/mag
Cell sky130_fd_sc_hd__xor2_4 read from path /home/pinarizmir/.volare/sky130A/libs.ref/sky130_fd_sc_hd/mag
Cell sky130_fd_sc_hd__buf_6 read from path /home/pinarizmir/.volare/sky130A/libs.ref/sky130_fd_sc_hd/mag
Cell sky130_fd_sc_hd__xnor2_4 read from path /home/pinarizmir/.volare/sky130A/libs.ref/sky130_fd_sc_hd/mag
Cell sky130_fd_sc_hd__a2bb2o_1 read from path /home/pinarizmir/.volare/sky130A/libs.ref/sky130_fd_sc_hd/mag
Cell sky130_fd_sc_hd__inv_16 read from path /home/pinarizmir/.volare/sky130A/libs.ref/sky130_fd_sc_hd/mag
Cell sky130_fd_sc_hd__o2111a_1 read from path /home/pinarizmir/.volare/sky130A/libs.ref/sky130_fd_sc_hd/mag
Cell sky130_fd_sc_hd__a22oi_2 read from path /home/pinarizmir/.volare/sky130A/libs.ref/sky130_fd_sc_hd/mag
Cell sky130_fd_sc_hd__o221ai_2 read from path /home/pinarizmir/.volare/sky130A/libs.ref/sky130_fd_sc_hd/mag
Cell sky130_fd_sc_hd__o22ai_4 read from path /home/pinarizmir/.volare/sky130A/libs.ref/sky130_fd_sc_hd/mag
Cell sky130_fd_sc_hd__or2_1 read from path /home/pinarizmir/.volare/sky130A/libs.ref/sky130_fd_sc_hd/mag
Cell sky130_fd_sc_hd__a2bb2o_2 read from path /home/pinarizmir/.volare/sky130A/libs.ref/sky130_fd_sc_hd/mag
Cell sky130_fd_sc_hd__and4b_2 read from path /home/pinarizmir/.volare/sky130A/libs.ref/sky130_fd_sc_hd/mag
Cell sky130_fd_sc_hd__nand4_4 read from path /home/pinarizmir/.volare/sky130A/libs.ref/sky130_fd_sc_hd/mag
Cell sky130_fd_sc_hd__a31o_4 read from path /home/pinarizmir/.volare/sky130A/libs.ref/sky130_fd_sc_hd/mag
Cell sky130_fd_sc_hd__buf_2 read from path /home/pinarizmir/.volare/sky130A/libs.ref/sky130_fd_sc_hd/mag
Cell sky130_fd_sc_hd__o21bai_2 read from path /home/pinarizmir/.volare/sky130A/libs.ref/sky130_fd_sc_hd/mag
Cell sky130_fd_sc_hd__clkbuf_4 read from path /home/pinarizmir/.volare/sky130A/libs.ref/sky130_fd_sc_hd/mag
Cell sky130_fd_sc_hd__o21ba_2 read from path /home/pinarizmir/.volare/sky130A/libs.ref/sky130_fd_sc_hd/mag
Cell sky130_fd_sc_hd__and2_2 read from path /home/pinarizmir/.volare/sky130A/libs.ref/sky130_fd_sc_hd/mag
Cell sky130_fd_sc_hd__xnor2_1 read from path /home/pinarizmir/.volare/sky130A/libs.ref/sky130_fd_sc_hd/mag
Cell sky130_fd_sc_hd__o31ai_2 read from path /home/pinarizmir/.volare/sky130A/libs.ref/sky130_fd_sc_hd/mag
Cell sky130_fd_sc_hd__nor3_4 read from path /home/pinarizmir/.volare/sky130A/libs.ref/sky130_fd_sc_hd/mag
Cell sky130_fd_sc_hd__a31oi_4 read from path /home/pinarizmir/.volare/sky130A/libs.ref/sky130_fd_sc_hd/mag
Cell sky130_fd_sc_hd__xnor2_2 read from path /home/pinarizmir/.volare/sky130A/libs.ref/sky130_fd_sc_hd/mag
Cell sky130_fd_sc_hd__o32a_4 read from path /home/pinarizmir/.volare/sky130A/libs.ref/sky130_fd_sc_hd/mag
Cell sky130_fd_sc_hd__xor2_2 read from path /home/pinarizmir/.volare/sky130A/libs.ref/sky130_fd_sc_hd/mag
Cell sky130_fd_sc_hd__nor2b_2 read from path /home/pinarizmir/.volare/sky130A/libs.ref/sky130_fd_sc_hd/mag
Cell sky130_fd_sc_hd__a211oi_2 read from path /home/pinarizmir/.volare/sky130A/libs.ref/sky130_fd_sc_hd/mag
Cell sky130_fd_sc_hd__and3_2 read from path /home/pinarizmir/.volare/sky130A/libs.ref/sky130_fd_sc_hd/mag
Cell sky130_fd_sc_hd__a21oi_1 read from path /home/pinarizmir/.volare/sky130A/libs.ref/sky130_fd_sc_hd/mag
Cell sky130_fd_sc_hd__a21bo_1 read from path /home/pinarizmir/.volare/sky130A/libs.ref/sky130_fd_sc_hd/mag
Cell sky130_fd_sc_hd__a21boi_4 read from path /home/pinarizmir/.volare/sky130A/libs.ref/sky130_fd_sc_hd/mag
Cell sky130_fd_sc_hd__buf_8 read from path /home/pinarizmir/.volare/sky130A/libs.ref/sky130_fd_sc_hd/mag
Cell sky130_fd_sc_hd__nor3_1 read from path /home/pinarizmir/.volare/sky130A/libs.ref/sky130_fd_sc_hd/mag
Cell sky130_fd_sc_hd__a22oi_4 read from path /home/pinarizmir/.volare/sky130A/libs.ref/sky130_fd_sc_hd/mag
Cell sky130_fd_sc_hd__or2b_2 read from path /home/pinarizmir/.volare/sky130A/libs.ref/sky130_fd_sc_hd/mag
Cell sky130_fd_sc_hd__o2bb2ai_2 read from path /home/pinarizmir/.volare/sky130A/libs.ref/sky130_fd_sc_hd/mag
Cell sky130_fd_sc_hd__a22oi_1 read from path /home/pinarizmir/.volare/sky130A/libs.ref/sky130_fd_sc_hd/mag
Cell sky130_fd_sc_hd__o21bai_4 read from path /home/pinarizmir/.volare/sky130A/libs.ref/sky130_fd_sc_hd/mag
Cell sky130_fd_sc_hd__a31o_1 read from path /home/pinarizmir/.volare/sky130A/libs.ref/sky130_fd_sc_hd/mag
Cell sky130_fd_sc_hd__and2b_2 read from path /home/pinarizmir/.volare/sky130A/libs.ref/sky130_fd_sc_hd/mag
Cell sky130_fd_sc_hd__o21a_1 read from path /home/pinarizmir/.volare/sky130A/libs.ref/sky130_fd_sc_hd/mag
Cell sky130_fd_sc_hd__a31o_2 read from path /home/pinarizmir/.volare/sky130A/libs.ref/sky130_fd_sc_hd/mag
Cell sky130_fd_sc_hd__a21oi_2 read from path /home/pinarizmir/.volare/sky130A/libs.ref/sky130_fd_sc_hd/mag
Cell sky130_fd_sc_hd__a31oi_1 read from path /home/pinarizmir/.volare/sky130A/libs.ref/sky130_fd_sc_hd/mag
Cell sky130_fd_sc_hd__a32o_1 read from path /home/pinarizmir/.volare/sky130A/libs.ref/sky130_fd_sc_hd/mag
Cell sky130_fd_sc_hd__o21ai_1 read from path /home/pinarizmir/.volare/sky130A/libs.ref/sky130_fd_sc_hd/mag
Cell sky130_fd_sc_hd__buf_4 read from path /home/pinarizmir/.volare/sky130A/libs.ref/sky130_fd_sc_hd/mag
Cell sky130_fd_sc_hd__clkbuf_8 read from path /home/pinarizmir/.volare/sky130A/libs.ref/sky130_fd_sc_hd/mag
Cell sky130_fd_sc_hd__clkbuf_1 read from path /home/pinarizmir/.volare/sky130A/libs.ref/sky130_fd_sc_hd/mag
Cell sky130_fd_sc_hd__buf_1 read from path /home/pinarizmir/.volare/sky130A/libs.ref/sky130_fd_sc_hd/mag
Cell sky130_fd_sc_hd__nor3_2 read from path /home/pinarizmir/.volare/sky130A/libs.ref/sky130_fd_sc_hd/mag
Cell sky130_fd_sc_hd__and2_1 read from path /home/pinarizmir/.volare/sky130A/libs.ref/sky130_fd_sc_hd/mag
Cell sky130_fd_sc_hd__nand3_4 read from path /home/pinarizmir/.volare/sky130A/libs.ref/sky130_fd_sc_hd/mag
Cell sky130_fd_sc_hd__nor4_1 read from path /home/pinarizmir/.volare/sky130A/libs.ref/sky130_fd_sc_hd/mag
Cell sky130_fd_sc_hd__a2bb2oi_4 read from path /home/pinarizmir/.volare/sky130A/libs.ref/sky130_fd_sc_hd/mag
Cell sky130_fd_sc_hd__clkbuf_2 read from path /home/pinarizmir/.volare/sky130A/libs.ref/sky130_fd_sc_hd/mag
Cell sky130_fd_sc_hd__or4b_4 read from path /home/pinarizmir/.volare/sky130A/libs.ref/sky130_fd_sc_hd/mag
Cell sky130_fd_sc_hd__o21ba_4 read from path /home/pinarizmir/.volare/sky130A/libs.ref/sky130_fd_sc_hd/mag
Cell sky130_fd_sc_hd__nand2_2 read from path /home/pinarizmir/.volare/sky130A/libs.ref/sky130_fd_sc_hd/mag
Cell sky130_fd_sc_hd__a311oi_4 read from path /home/pinarizmir/.volare/sky130A/libs.ref/sky130_fd_sc_hd/mag
Cell sky130_fd_sc_hd__dlymetal6s2s_1 read from path /home/pinarizmir/.volare/sky130A/libs.ref/sky130_fd_sc_hd/mag
Cell sky130_fd_sc_hd__nor2b_1 read from path /home/pinarizmir/.volare/sky130A/libs.ref/sky130_fd_sc_hd/mag
Cell sky130_fd_sc_hd__dfxtp_4 read from path /home/pinarizmir/.volare/sky130A/libs.ref/sky130_fd_sc_hd/mag
Cell sky130_fd_sc_hd__dfxtp_2 read from path /home/pinarizmir/.volare/sky130A/libs.ref/sky130_fd_sc_hd/mag
Cell sky130_fd_sc_hd__dfxtp_1 read from path /home/pinarizmir/.volare/sky130A/libs.ref/sky130_fd_sc_hd/mag
Cell sky130_fd_sc_hd__dfrtp_4 read from path /home/pinarizmir/.volare/sky130A/libs.ref/sky130_fd_sc_hd/mag
Cell sky130_fd_sc_hd__clkinv_2 read from path /home/pinarizmir/.volare/sky130A/libs.ref/sky130_fd_sc_hd/mag
Cell sky130_fd_sc_hd__clkinvlp_4 read from path /home/pinarizmir/.volare/sky130A/libs.ref/sky130_fd_sc_hd/mag
Cell sky130_fd_sc_hd__clkinvlp_2 read from path /home/pinarizmir/.volare/sky130A/libs.ref/sky130_fd_sc_hd/mag
Cell sky130_fd_sc_hd__clkinv_1 read from path /home/pinarizmir/.volare/sky130A/libs.ref/sky130_fd_sc_hd/mag
Cell sky130_fd_sc_hd__bufinv_16 read from path /home/pinarizmir/.volare/sky130A/libs.ref/sky130_fd_sc_hd/mag
  Processed 106978 subcell instances total.
  Processed 16 pins total.
  Processed 2 special nets total.
  Processed 3576 nets total.
DEF read: Processed 254784 lines.
Moving label "RF.registers\[15\]\[21\]" from metal2 to via2 in cell top_module_project6.
Moving label "RF.registers\[20\]\[14\]" from metal2 to via2 in cell top_module_project6.
Moving label "RF.registers\[20\]\[17\]" from metal2 to via2 in cell top_module_project6.
Moving label "RF.registers\[25\]\[17\]" from metal2 to via2 in cell top_module_project6.
Moving label "RF.registers\[4\]\[26\]" from metal2 to via2 in cell top_module_project6.
Moving label "RF.registers\[5\]\[22\]" from metal2 to via2 in cell top_module_project6.
Moving label "RF.registers\[9\]\[29\]" from metal2 to via2 in cell top_module_project6.
Moving label "RF.registers\[9\]\[30\]" from metal3 to via3 in cell top_module_project6.
Moving label "RF.registers\[9\]\[9\]" from metal2 to via2 in cell top_module_project6.
Moving label "SSD.count\[19\]" from metal3 to via3 in cell top_module_project6.
Moving label "_0010_" from metal2 to via2 in cell top_module_project6.
Moving label "_0013_" from metal2 to via2 in cell top_module_project6.
Moving label "_0020_" from metal3 to via3 in cell top_module_project6.
Moving label "_0027_" from metal2 to via2 in cell top_module_project6.
Moving label "_0031_" from metal2 to via2 in cell top_module_project6.
Moving label "_0034_" from metal2 to via2 in cell top_module_project6.
Moving label "_0047_" from metal2 to via2 in cell top_module_project6.
Moving label "_0059_" from metal3 to via3 in cell top_module_project6.
Moving label "_0067_" from metal2 to via2 in cell top_module_project6.
Moving label "_0079_" from metal2 to via2 in cell top_module_project6.
Moving label "_0110_" from metal3 to via3 in cell top_module_project6.
Moving label "_0117_" from metal2 to via2 in cell top_module_project6.
Moving label "_0118_" from metal2 to via2 in cell top_module_project6.
Moving label "_0153_" from metal3 to via3 in cell top_module_project6.
Moving label "_0164_" from metal2 to via2 in cell top_module_project6.
Moving label "_0174_" from metal3 to via3 in cell top_module_project6.
Moving label "_0179_" from metal3 to via3 in cell top_module_project6.
Moving label "_0184_" from metal2 to via2 in cell top_module_project6.
Moving label "_0195_" from metal2 to via2 in cell top_module_project6.
Moving label "_0198_" from metal3 to via3 in cell top_module_project6.
Moving label "_0215_" from metal3 to via3 in cell top_module_project6.
Moving label "_0241_" from metal2 to via2 in cell top_module_project6.
Moving label "_0242_" from metal3 to via3 in cell top_module_project6.
Moving label "_0249_" from metal2 to via2 in cell top_module_project6.
Moving label "_0256_" from metal3 to via3 in cell top_module_project6.
Moving label "_0263_" from metal2 to via2 in cell top_module_project6.
Moving label "_0307_" from metal1 to via1 in cell top_module_project6.
Moving label "_0310_" from metal2 to via1 in cell top_module_project6.
Moving label "_0331_" from metal2 to via2 in cell top_module_project6.
Moving label "_0337_" from metal2 to via2 in cell top_module_project6.
Moving label "_0344_" from metal3 to via2 in cell top_module_project6.
Moving label "_0353_" from metal2 to via2 in cell top_module_project6.
Moving label "_0357_" from metal2 to via2 in cell top_module_project6.
Moving label "_0358_" from metal3 to via3 in cell top_module_project6.
Moving label "_0372_" from metal2 to via2 in cell top_module_project6.
Moving label "_0373_" from metal3 to via3 in cell top_module_project6.
Moving label "_0381_" from metal2 to via2 in cell top_module_project6.
Moving label "_0394_" from metal2 to via2 in cell top_module_project6.
Moving label "_0451_" from metal3 to via3 in cell top_module_project6.
Moving label "_0466_" from metal2 to via2 in cell top_module_project6.
Moving label "_0476_" from metal2 to via2 in cell top_module_project6.
Moving label "_0492_" from metal2 to via2 in cell top_module_project6.
Moving label "_0524_" from metal2 to via2 in cell top_module_project6.
Moving label "_0568_" from metal2 to via2 in cell top_module_project6.
Moving label "_0575_" from metal2 to via2 in cell top_module_project6.
Moving label "_0594_" from metal2 to via2 in cell top_module_project6.
Moving label "_0596_" from metal2 to via2 in cell top_module_project6.
Moving label "_0600_" from metal2 to via2 in cell top_module_project6.
Moving label "_0607_" from metal4 to via4 in cell top_module_project6.
Moving label "_0636_" from metal3 to via3 in cell top_module_project6.
Moving label "_0637_" from metal2 to via2 in cell top_module_project6.
Moving label "_0656_" from metal2 to via2 in cell top_module_project6.
Moving label "_0658_" from metal2 to via2 in cell top_module_project6.
Moving label "_0701_" from metal2 to via2 in cell top_module_project6.
Moving label "_0710_" from metal3 to via3 in cell top_module_project6.
Moving label "_0714_" from metal3 to via3 in cell top_module_project6.
Moving label "_0715_" from metal2 to via2 in cell top_module_project6.
Moving label "_0734_" from metal2 to via2 in cell top_module_project6.
Moving label "_0760_" from metal3 to via3 in cell top_module_project6.
Moving label "_0772_" from metal2 to via2 in cell top_module_project6.
Moving label "_0778_" from metal2 to via2 in cell top_module_project6.
Moving label "_0793_" from metal2 to via2 in cell top_module_project6.
Moving label "_0826_" from metal2 to via2 in cell top_module_project6.
Moving label "_0836_" from metal2 to via2 in cell top_module_project6.
Moving label "_0837_" from metal1 to viali in cell top_module_project6.
Moving label "_0841_" from metal2 to via2 in cell top_module_project6.
Moving label "_0843_" from metal2 to via2 in cell top_module_project6.
Moving label "_0851_" from metal2 to via2 in cell top_module_project6.
Moving label "_0878_" from metal3 to via3 in cell top_module_project6.
Moving label "_0888_" from metal2 to via2 in cell top_module_project6.
Moving label "_0892_" from metal2 to via2 in cell top_module_project6.
Moving label "_0899_" from metal2 to via2 in cell top_module_project6.
Moving label "_0914_" from metal2 to via2 in cell top_module_project6.
Moving label "_0934_" from metal2 to via2 in cell top_module_project6.
Moving label "_0935_" from metal2 to via2 in cell top_module_project6.
Moving label "_0950_" from metal2 to via2 in cell top_module_project6.
Moving label "_0953_" from metal1 to viali in cell top_module_project6.
Moving label "_0973_" from metal2 to via2 in cell top_module_project6.
Moving label "_1013_" from metal3 to via3 in cell top_module_project6.
Moving label "_1020_" from metal2 to via2 in cell top_module_project6.
Moving label "_1024_" from metal2 to via2 in cell top_module_project6.
Moving label "_1054_" from metal2 to via2 in cell top_module_project6.
Moving label "_1057_" from metal2 to via2 in cell top_module_project6.
Moving label "_1069_" from metal2 to via2 in cell top_module_project6.
Moving label "_1071_" from metal2 to via2 in cell top_module_project6.
Moving label "_1080_" from metal2 to via1 in cell top_module_project6.
Moving label "_1097_" from metal2 to via2 in cell top_module_project6.
Moving label "_1098_" from metal2 to via2 in cell top_module_project6.
Moving label "_1106_" from metal3 to via3 in cell top_module_project6.
Moving label "_1108_" from metal2 to via2 in cell top_module_project6.
Moving label "_1124_" from metal2 to via2 in cell top_module_project6.
Moving label "_1125_" from metal2 to via2 in cell top_module_project6.
Moving label "_1127_" from metal2 to via2 in cell top_module_project6.
Moving label "_1132_" from metal2 to via2 in cell top_module_project6.
Moving label "_1136_" from metal3 to via3 in cell top_module_project6.
Moving label "_1157_" from metal1 to via1 in cell top_module_project6.
Moving label "_1166_" from metal2 to via2 in cell top_module_project6.
Moving label "_1227_" from metal2 to via2 in cell top_module_project6.
Moving label "_1262_" from metal2 to via2 in cell top_module_project6.
Moving label "_1270_" from metal2 to via2 in cell top_module_project6.
Moving label "_1279_" from metal2 to via2 in cell top_module_project6.
Moving label "_1292_" from metal3 to via3 in cell top_module_project6.
Moving label "_1321_" from metal2 to via2 in cell top_module_project6.
Moving label "_1341_" from metal3 to via3 in cell top_module_project6.
Moving label "_1369_" from metal2 to via2 in cell top_module_project6.
Moving label "_1391_" from metal2 to via1 in cell top_module_project6.
Moving label "_1420_" from metal2 to via2 in cell top_module_project6.
Moving label "_1448_" from metal2 to via2 in cell top_module_project6.
Moving label "_1466_" from metal2 to via2 in cell top_module_project6.
Moving label "_1484_" from metal2 to via2 in cell top_module_project6.
Moving label "_1515_" from metal2 to via2 in cell top_module_project6.
Moving label "_1525_" from metal2 to via2 in cell top_module_project6.
Moving label "_1534_" from metal2 to via2 in cell top_module_project6.
Moving label "_1591_" from metal2 to via2 in cell top_module_project6.
Moving label "_1612_" from metal2 to via2 in cell top_module_project6.
Moving label "_1661_" from metal2 to via2 in cell top_module_project6.
Moving label "_1662_" from metal2 to via2 in cell top_module_project6.
Moving label "_1676_" from metal2 to via2 in cell top_module_project6.
Moving label "_1720_" from metal2 to via2 in cell top_module_project6.
Moving label "_1726_" from metal2 to via2 in cell top_module_project6.
Moving label "_1742_" from metal2 to via2 in cell top_module_project6.
Moving label "_1743_" from metal2 to via2 in cell top_module_project6.
Moving label "_1744_" from metal3 to via3 in cell top_module_project6.
Moving label "_1766_" from metal2 to via2 in cell top_module_project6.
Moving label "_1779_" from metal3 to via3 in cell top_module_project6.
Moving label "_1782_" from metal2 to via2 in cell top_module_project6.
Moving label "_1794_" from metal3 to via3 in cell top_module_project6.
Moving label "_1801_" from metal2 to via2 in cell top_module_project6.
Moving label "_1811_" from metal2 to via2 in cell top_module_project6.
Moving label "_1866_" from metal3 to via3 in cell top_module_project6.
Moving label "_1874_" from metal3 to via3 in cell top_module_project6.
Moving label "_1881_" from metal2 to via2 in cell top_module_project6.
Moving label "_1885_" from metal3 to via3 in cell top_module_project6.
Moving label "_1886_" from metal1 to via1 in cell top_module_project6.
Moving label "_1897_" from metal2 to via2 in cell top_module_project6.
Moving label "_1903_" from metal3 to via3 in cell top_module_project6.
Moving label "_1911_" from metal2 to via2 in cell top_module_project6.
Moving label "_1914_" from metal2 to via2 in cell top_module_project6.
Moving label "_1917_" from metal2 to via2 in cell top_module_project6.
Moving label "_1927_" from metal3 to via3 in cell top_module_project6.
Moving label "_1952_" from metal3 to via2 in cell top_module_project6.
Moving label "_1976_" from metal2 to via2 in cell top_module_project6.
Moving label "_1983_" from metal2 to via2 in cell top_module_project6.
Moving label "_1987_" from metal2 to via2 in cell top_module_project6.
Moving label "_1989_" from metal2 to via2 in cell top_module_project6.
Moving label "_2000_" from metal2 to via2 in cell top_module_project6.
Moving label "_2001_" from metal3 to via3 in cell top_module_project6.
Moving label "_2010_" from metal2 to via2 in cell top_module_project6.
Moving label "_2012_" from metal3 to via3 in cell top_module_project6.
Moving label "_2020_" from metal3 to via3 in cell top_module_project6.
Moving label "_2025_" from metal2 to via2 in cell top_module_project6.
Moving label "_2067_" from metal2 to via2 in cell top_module_project6.
Moving label "_2069_" from metal2 to via2 in cell top_module_project6.
Moving label "_2074_" from metal3 to via3 in cell top_module_project6.
Moving label "_2079_" from metal1 to via1 in cell top_module_project6.
Moving label "_2084_" from metal2 to via2 in cell top_module_project6.
Moving label "_2087_" from metal2 to via2 in cell top_module_project6.
Moving label "_2109_" from metal2 to via2 in cell top_module_project6.
Moving label "_2126_" from metal2 to via2 in cell top_module_project6.
Moving label "_2129_" from metal2 to via2 in cell top_module_project6.
Moving label "_2137_" from metal2 to via2 in cell top_module_project6.
Moving label "_2140_" from metal2 to via2 in cell top_module_project6.
Moving label "_2150_" from metal2 to via2 in cell top_module_project6.
Moving label "_2166_" from metal3 to via3 in cell top_module_project6.
Moving label "_2168_" from metal3 to via3 in cell top_module_project6.
Moving label "_2171_" from metal2 to via2 in cell top_module_project6.
Moving label "_2188_" from metal2 to via2 in cell top_module_project6.
Moving label "_2190_" from metal2 to via2 in cell top_module_project6.
Moving label "_2199_" from metal2 to via2 in cell top_module_project6.
Moving label "_2212_" from metal2 to via2 in cell top_module_project6.
Moving label "_2218_" from metal2 to via2 in cell top_module_project6.
Moving label "_2221_" from metal2 to via2 in cell top_module_project6.
Moving label "_2230_" from metal2 to via2 in cell top_module_project6.
Moving label "_2244_" from metal2 to via2 in cell top_module_project6.
Moving label "_2246_" from metal2 to via2 in cell top_module_project6.
Moving label "_2261_" from metal2 to via2 in cell top_module_project6.
Moving label "_2263_" from metal3 to via3 in cell top_module_project6.
Moving label "_2277_" from metal2 to via2 in cell top_module_project6.
Moving label "_2279_" from metal2 to via2 in cell top_module_project6.
Moving label "_2282_" from metal2 to via2 in cell top_module_project6.
Moving label "_2284_" from metal2 to via2 in cell top_module_project6.
Moving label "_2304_" from metal2 to via2 in cell top_module_project6.
Moving label "clknet_2_0_0_clk" from metal2 to via2 in cell top_module_project6.
Moving label "clknet_2_1_0_clk" from metal2 to via2 in cell top_module_project6.
Moving label "clknet_2_2_0_clk" from metal2 to via2 in cell top_module_project6.
Moving label "clknet_2_3_0_clk" from metal2 to via2 in cell top_module_project6.
Moving label "clknet_4_0_0_clk" from metal3 to via3 in cell top_module_project6.
Moving label "clknet_4_10_0_clk" from metal2 to via2 in cell top_module_project6.
Moving label "clknet_4_11_0_clk" from metal2 to via2 in cell top_module_project6.
Moving label "clknet_4_12_0_clk" from metal2 to via2 in cell top_module_project6.
Moving label "clknet_4_14_0_clk" from metal3 to via3 in cell top_module_project6.
Moving label "clknet_4_15_0_clk" from metal3 to via3 in cell top_module_project6.
Moving label "clknet_4_2_0_clk" from metal2 to via2 in cell top_module_project6.
Moving label "clknet_4_4_0_clk" from metal3 to via3 in cell top_module_project6.
Moving label "clknet_4_5_0_clk" from metal2 to via2 in cell top_module_project6.
Moving label "clknet_4_7_0_clk" from metal3 to via3 in cell top_module_project6.
Moving label "clknet_4_8_0_clk" from metal2 to via2 in cell top_module_project6.
Moving label "clknet_4_9_0_clk" from metal2 to via2 in cell top_module_project6.
Moving label "net118" from metal2 to via2 in cell top_module_project6.
Moving label "net129" from metal2 to via2 in cell top_module_project6.
Moving label "net144" from metal3 to via2 in cell top_module_project6.
Moving label "net15" from metal2 to via2 in cell top_module_project6.
Moving label "net162" from metal3 to via3 in cell top_module_project6.
Moving label "net167" from metal2 to via2 in cell top_module_project6.
Moving label "net172" from metal2 to via2 in cell top_module_project6.
Moving label "net197" from metal3 to via3 in cell top_module_project6.
Moving label "net20" from metal3 to via3 in cell top_module_project6.
Moving label "net205" from metal2 to via2 in cell top_module_project6.
Moving label "net207" from metal2 to via2 in cell top_module_project6.
Moving label "net244" from metal2 to via2 in cell top_module_project6.
Moving label "net262" from metal2 to via2 in cell top_module_project6.
Moving label "net273" from metal3 to via3 in cell top_module_project6.
Moving label "net286" from metal2 to via2 in cell top_module_project6.
Moving label "net3" from metal2 to via1 in cell top_module_project6.
Moving label "net324" from metal2 to via2 in cell top_module_project6.
Moving label "net348" from metal2 to via2 in cell top_module_project6.
Moving label "net352" from metal2 to via2 in cell top_module_project6.
Moving label "net356" from metal2 to via2 in cell top_module_project6.
Moving label "net431" from metal2 to via2 in cell top_module_project6.
Moving label "net496" from metal1 to via1 in cell top_module_project6.
Moving label "net539" from metal2 to via2 in cell top_module_project6.
Moving label "net593" from metal2 to via2 in cell top_module_project6.
Moving label "net599" from metal2 to via2 in cell top_module_project6.
Moving label "net607" from metal2 to via2 in cell top_module_project6.
Moving label "net612" from metal2 to via2 in cell top_module_project6.
Moving label "net613" from metal2 to via2 in cell top_module_project6.
Moving label "net628" from metal2 to via2 in cell top_module_project6.
Moving label "net632" from metal2 to via2 in cell top_module_project6.
Moving label "net634" from metal2 to via2 in cell top_module_project6.
Moving label "net641" from metal2 to via2 in cell top_module_project6.
Moving label "net658" from metal2 to via2 in cell top_module_project6.
Moving label "net664" from metal2 to via2 in cell top_module_project6.
Moving label "net70" from metal2 to via2 in cell top_module_project6.
Moving label "net77" from metal2 to via2 in cell top_module_project6.
Root cell box:
           width x height  (   llx,  lly  ), (   urx,  ury  )  area (units^2)

microns:  1000.000 x 1000.000  ( 0.000,  0.000), ( 1000.000,  1000.000)  1000000.000
lambda:   100000.00 x 100000.00  (  0.00,  0.00 ), ( 100000.00,  100000.00)  10000000000.00
internal: 200000 x 200000  (     0,  0    ), ( 200000,  200000)  40000000000
   Copying output for cell sky130_ef_sc_hd__decap_12 from $PDKPATH/libs.ref/sky130_fd_sc_hd/gds/sky130_fd_sc_hd.gds
   Copying output for cell sky130_fd_sc_hd__decap_3 from $PDKPATH/libs.ref/sky130_fd_sc_hd/gds/sky130_fd_sc_hd.gds
   Copying output for cell sky130_fd_sc_hd__fill_1 from $PDKPATH/libs.ref/sky130_fd_sc_hd/gds/sky130_fd_sc_hd.gds
   Copying output for cell sky130_fd_sc_hd__tapvpwrvgnd_1 from $PDKPATH/libs.ref/sky130_fd_sc_hd/gds/sky130_fd_sc_hd.gds
   Copying output for cell sky130_fd_sc_hd__decap_4 from $PDKPATH/libs.ref/sky130_fd_sc_hd/gds/sky130_fd_sc_hd.gds
   Copying output for cell sky130_fd_sc_hd__fill_2 from $PDKPATH/libs.ref/sky130_fd_sc_hd/gds/sky130_fd_sc_hd.gds
   Copying output for cell sky130_fd_sc_hd__dfxtp_4 from $PDKPATH/libs.ref/sky130_fd_sc_hd/gds/sky130_fd_sc_hd.gds
   Copying output for cell sky130_fd_sc_hd__diode_2 from $PDKPATH/libs.ref/sky130_fd_sc_hd/gds/sky130_fd_sc_hd.gds
   Copying output for cell sky130_fd_sc_hd__decap_6 from $PDKPATH/libs.ref/sky130_fd_sc_hd/gds/sky130_fd_sc_hd.gds
   Copying output for cell sky130_fd_sc_hd__dfxtp_1 from $PDKPATH/libs.ref/sky130_fd_sc_hd/gds/sky130_fd_sc_hd.gds
   Copying output for cell sky130_fd_sc_hd__decap_8 from $PDKPATH/libs.ref/sky130_fd_sc_hd/gds/sky130_fd_sc_hd.gds
   Copying output for cell sky130_fd_sc_hd__clkinv_4 from $PDKPATH/libs.ref/sky130_fd_sc_hd/gds/sky130_fd_sc_hd.gds
   Copying output for cell sky130_fd_sc_hd__mux2_8 from $PDKPATH/libs.ref/sky130_fd_sc_hd/gds/sky130_fd_sc_hd.gds
   Copying output for cell sky130_fd_sc_hd__buf_12 from $PDKPATH/libs.ref/sky130_fd_sc_hd/gds/sky130_fd_sc_hd.gds
   Copying output for cell sky130_fd_sc_hd__and3_2 from $PDKPATH/libs.ref/sky130_fd_sc_hd/gds/sky130_fd_sc_hd.gds
   Copying output for cell sky130_fd_sc_hd__mux2_4 from $PDKPATH/libs.ref/sky130_fd_sc_hd/gds/sky130_fd_sc_hd.gds
   Copying output for cell sky130_fd_sc_hd__o2111a_4 from $PDKPATH/libs.ref/sky130_fd_sc_hd/gds/sky130_fd_sc_hd.gds
   Copying output for cell sky130_fd_sc_hd__buf_6 from $PDKPATH/libs.ref/sky130_fd_sc_hd/gds/sky130_fd_sc_hd.gds
   Copying output for cell sky130_fd_sc_hd__o31ai_4 from $PDKPATH/libs.ref/sky130_fd_sc_hd/gds/sky130_fd_sc_hd.gds
   Copying output for cell sky130_fd_sc_hd__o31a_2 from $PDKPATH/libs.ref/sky130_fd_sc_hd/gds/sky130_fd_sc_hd.gds
   Copying output for cell sky130_fd_sc_hd__or2_1 from $PDKPATH/libs.ref/sky130_fd_sc_hd/gds/sky130_fd_sc_hd.gds
   Copying output for cell sky130_fd_sc_hd__clkbuf_16 from $PDKPATH/libs.ref/sky130_fd_sc_hd/gds/sky130_fd_sc_hd.gds
   Copying output for cell sky130_fd_sc_hd__o21ai_2 from $PDKPATH/libs.ref/sky130_fd_sc_hd/gds/sky130_fd_sc_hd.gds
   Copying output for cell sky130_fd_sc_hd__a211o_4 from $PDKPATH/libs.ref/sky130_fd_sc_hd/gds/sky130_fd_sc_hd.gds
   Copying output for cell sky130_fd_sc_hd__clkbuf_8 from $PDKPATH/libs.ref/sky130_fd_sc_hd/gds/sky130_fd_sc_hd.gds
   Copying output for cell sky130_fd_sc_hd__buf_4 from $PDKPATH/libs.ref/sky130_fd_sc_hd/gds/sky130_fd_sc_hd.gds
   Copying output for cell sky130_fd_sc_hd__clkbuf_4 from $PDKPATH/libs.ref/sky130_fd_sc_hd/gds/sky130_fd_sc_hd.gds
   Copying output for cell sky130_fd_sc_hd__clkinv_1 from $PDKPATH/libs.ref/sky130_fd_sc_hd/gds/sky130_fd_sc_hd.gds
   Copying output for cell sky130_fd_sc_hd__or4b_4 from $PDKPATH/libs.ref/sky130_fd_sc_hd/gds/sky130_fd_sc_hd.gds
   Copying output for cell sky130_fd_sc_hd__buf_8 from $PDKPATH/libs.ref/sky130_fd_sc_hd/gds/sky130_fd_sc_hd.gds
   Copying output for cell sky130_fd_sc_hd__inv_16 from $PDKPATH/libs.ref/sky130_fd_sc_hd/gds/sky130_fd_sc_hd.gds
   Copying output for cell sky130_fd_sc_hd__o221a_4 from $PDKPATH/libs.ref/sky130_fd_sc_hd/gds/sky130_fd_sc_hd.gds
   Copying output for cell sky130_fd_sc_hd__a21o_1 from $PDKPATH/libs.ref/sky130_fd_sc_hd/gds/sky130_fd_sc_hd.gds
   Copying output for cell sky130_fd_sc_hd__a31o_4 from $PDKPATH/libs.ref/sky130_fd_sc_hd/gds/sky130_fd_sc_hd.gds
   Copying output for cell sky130_fd_sc_hd__or2b_4 from $PDKPATH/libs.ref/sky130_fd_sc_hd/gds/sky130_fd_sc_hd.gds
   Copying output for cell sky130_fd_sc_hd__o32a_4 from $PDKPATH/libs.ref/sky130_fd_sc_hd/gds/sky130_fd_sc_hd.gds
   Copying output for cell sky130_fd_sc_hd__a22o_1 from $PDKPATH/libs.ref/sky130_fd_sc_hd/gds/sky130_fd_sc_hd.gds
   Copying output for cell sky130_fd_sc_hd__or2_4 from $PDKPATH/libs.ref/sky130_fd_sc_hd/gds/sky130_fd_sc_hd.gds
   Copying output for cell sky130_fd_sc_hd__nor2_4 from $PDKPATH/libs.ref/sky130_fd_sc_hd/gds/sky130_fd_sc_hd.gds
   Copying output for cell sky130_fd_sc_hd__o21ai_4 from $PDKPATH/libs.ref/sky130_fd_sc_hd/gds/sky130_fd_sc_hd.gds
   Copying output for cell sky130_fd_sc_hd__mux2_2 from $PDKPATH/libs.ref/sky130_fd_sc_hd/gds/sky130_fd_sc_hd.gds
   Copying output for cell sky130_fd_sc_hd__o21a_4 from $PDKPATH/libs.ref/sky130_fd_sc_hd/gds/sky130_fd_sc_hd.gds
   Copying output for cell sky130_fd_sc_hd__o22a_4 from $PDKPATH/libs.ref/sky130_fd_sc_hd/gds/sky130_fd_sc_hd.gds
   Copying output for cell sky130_fd_sc_hd__xnor2_4 from $PDKPATH/libs.ref/sky130_fd_sc_hd/gds/sky130_fd_sc_hd.gds
   Copying output for cell sky130_fd_sc_hd__nor2_8 from $PDKPATH/libs.ref/sky130_fd_sc_hd/gds/sky130_fd_sc_hd.gds
   Copying output for cell sky130_fd_sc_hd__nand2_8 from $PDKPATH/libs.ref/sky130_fd_sc_hd/gds/sky130_fd_sc_hd.gds
   Copying output for cell sky130_fd_sc_hd__a22o_4 from $PDKPATH/libs.ref/sky130_fd_sc_hd/gds/sky130_fd_sc_hd.gds
   Copying output for cell sky130_fd_sc_hd__nor2_2 from $PDKPATH/libs.ref/sky130_fd_sc_hd/gds/sky130_fd_sc_hd.gds
   Copying output for cell sky130_fd_sc_hd__inv_8 from $PDKPATH/libs.ref/sky130_fd_sc_hd/gds/sky130_fd_sc_hd.gds
   Copying output for cell sky130_fd_sc_hd__and4_4 from $PDKPATH/libs.ref/sky130_fd_sc_hd/gds/sky130_fd_sc_hd.gds
   Copying output for cell sky130_fd_sc_hd__o22a_1 from $PDKPATH/libs.ref/sky130_fd_sc_hd/gds/sky130_fd_sc_hd.gds
   Copying output for cell sky130_fd_sc_hd__and2_4 from $PDKPATH/libs.ref/sky130_fd_sc_hd/gds/sky130_fd_sc_hd.gds
   Copying output for cell sky130_fd_sc_hd__buf_2 from $PDKPATH/libs.ref/sky130_fd_sc_hd/gds/sky130_fd_sc_hd.gds
   Copying output for cell sky130_fd_sc_hd__clkinvlp_2 from $PDKPATH/libs.ref/sky130_fd_sc_hd/gds/sky130_fd_sc_hd.gds
   Copying output for cell sky130_fd_sc_hd__inv_4 from $PDKPATH/libs.ref/sky130_fd_sc_hd/gds/sky130_fd_sc_hd.gds
   Copying output for cell sky130_fd_sc_hd__xor2_4 from $PDKPATH/libs.ref/sky130_fd_sc_hd/gds/sky130_fd_sc_hd.gds
   Copying output for cell sky130_fd_sc_hd__inv_6 from $PDKPATH/libs.ref/sky130_fd_sc_hd/gds/sky130_fd_sc_hd.gds
   Copying output for cell sky130_fd_sc_hd__o211a_4 from $PDKPATH/libs.ref/sky130_fd_sc_hd/gds/sky130_fd_sc_hd.gds
   Copying output for cell sky130_fd_sc_hd__o221a_1 from $PDKPATH/libs.ref/sky130_fd_sc_hd/gds/sky130_fd_sc_hd.gds
   Copying output for cell sky130_fd_sc_hd__nand3_4 from $PDKPATH/libs.ref/sky130_fd_sc_hd/gds/sky130_fd_sc_hd.gds
   Copying output for cell sky130_fd_sc_hd__o221ai_4 from $PDKPATH/libs.ref/sky130_fd_sc_hd/gds/sky130_fd_sc_hd.gds
   Copying output for cell sky130_fd_sc_hd__clkinv_16 from $PDKPATH/libs.ref/sky130_fd_sc_hd/gds/sky130_fd_sc_hd.gds
   Copying output for cell sky130_fd_sc_hd__o2bb2a_4 from $PDKPATH/libs.ref/sky130_fd_sc_hd/gds/sky130_fd_sc_hd.gds
   Copying output for cell sky130_fd_sc_hd__a2bb2o_2 from $PDKPATH/libs.ref/sky130_fd_sc_hd/gds/sky130_fd_sc_hd.gds
   Copying output for cell sky130_fd_sc_hd__clkbuf_1 from $PDKPATH/libs.ref/sky130_fd_sc_hd/gds/sky130_fd_sc_hd.gds
   Copying output for cell sky130_fd_sc_hd__a2bb2o_4 from $PDKPATH/libs.ref/sky130_fd_sc_hd/gds/sky130_fd_sc_hd.gds
   Copying output for cell sky130_fd_sc_hd__or3_4 from $PDKPATH/libs.ref/sky130_fd_sc_hd/gds/sky130_fd_sc_hd.gds
   Copying output for cell sky130_fd_sc_hd__nand3b_4 from $PDKPATH/libs.ref/sky130_fd_sc_hd/gds/sky130_fd_sc_hd.gds
   Copying output for cell sky130_fd_sc_hd__inv_12 from $PDKPATH/libs.ref/sky130_fd_sc_hd/gds/sky130_fd_sc_hd.gds
   Copying output for cell sky130_fd_sc_hd__a21o_4 from $PDKPATH/libs.ref/sky130_fd_sc_hd/gds/sky130_fd_sc_hd.gds
   Copying output for cell sky130_fd_sc_hd__dfxtp_2 from $PDKPATH/libs.ref/sky130_fd_sc_hd/gds/sky130_fd_sc_hd.gds
   Copying output for cell sky130_fd_sc_hd__o31a_4 from $PDKPATH/libs.ref/sky130_fd_sc_hd/gds/sky130_fd_sc_hd.gds
   Copying output for cell sky130_fd_sc_hd__o2111a_2 from $PDKPATH/libs.ref/sky130_fd_sc_hd/gds/sky130_fd_sc_hd.gds
   Copying output for cell sky130_fd_sc_hd__and3b_4 from $PDKPATH/libs.ref/sky130_fd_sc_hd/gds/sky130_fd_sc_hd.gds
   Copying output for cell sky130_fd_sc_hd__xor2_2 from $PDKPATH/libs.ref/sky130_fd_sc_hd/gds/sky130_fd_sc_hd.gds
   Copying output for cell sky130_fd_sc_hd__or2b_2 from $PDKPATH/libs.ref/sky130_fd_sc_hd/gds/sky130_fd_sc_hd.gds
   Copying output for cell sky130_fd_sc_hd__nand2_1 from $PDKPATH/libs.ref/sky130_fd_sc_hd/gds/sky130_fd_sc_hd.gds
   Copying output for cell sky130_fd_sc_hd__o211a_2 from $PDKPATH/libs.ref/sky130_fd_sc_hd/gds/sky130_fd_sc_hd.gds
   Copying output for cell sky130_fd_sc_hd__and3_4 from $PDKPATH/libs.ref/sky130_fd_sc_hd/gds/sky130_fd_sc_hd.gds
   Copying output for cell sky130_fd_sc_hd__and2b_2 from $PDKPATH/libs.ref/sky130_fd_sc_hd/gds/sky130_fd_sc_hd.gds
   Copying output for cell sky130_fd_sc_hd__inv_2 from $PDKPATH/libs.ref/sky130_fd_sc_hd/gds/sky130_fd_sc_hd.gds
   Copying output for cell sky130_fd_sc_hd__mux2_1 from $PDKPATH/libs.ref/sky130_fd_sc_hd/gds/sky130_fd_sc_hd.gds
   Copying output for cell sky130_fd_sc_hd__nand2_4 from $PDKPATH/libs.ref/sky130_fd_sc_hd/gds/sky130_fd_sc_hd.gds
   Copying output for cell sky130_fd_sc_hd__nand2b_2 from $PDKPATH/libs.ref/sky130_fd_sc_hd/gds/sky130_fd_sc_hd.gds
   Copying output for cell sky130_fd_sc_hd__or2_2 from $PDKPATH/libs.ref/sky130_fd_sc_hd/gds/sky130_fd_sc_hd.gds
   Copying output for cell sky130_fd_sc_hd__a21o_2 from $PDKPATH/libs.ref/sky130_fd_sc_hd/gds/sky130_fd_sc_hd.gds
   Copying output for cell sky130_fd_sc_hd__a21oi_4 from $PDKPATH/libs.ref/sky130_fd_sc_hd/gds/sky130_fd_sc_hd.gds
   Copying output for cell sky130_fd_sc_hd__clkinv_2 from $PDKPATH/libs.ref/sky130_fd_sc_hd/gds/sky130_fd_sc_hd.gds
   Copying output for cell sky130_fd_sc_hd__buf_1 from $PDKPATH/libs.ref/sky130_fd_sc_hd/gds/sky130_fd_sc_hd.gds
   Copying output for cell sky130_fd_sc_hd__a211o_1 from $PDKPATH/libs.ref/sky130_fd_sc_hd/gds/sky130_fd_sc_hd.gds
   Copying output for cell sky130_fd_sc_hd__clkbuf_2 from $PDKPATH/libs.ref/sky130_fd_sc_hd/gds/sky130_fd_sc_hd.gds
   Copying output for cell sky130_fd_sc_hd__or4_4 from $PDKPATH/libs.ref/sky130_fd_sc_hd/gds/sky130_fd_sc_hd.gds
   Copying output for cell sky130_fd_sc_hd__or3b_4 from $PDKPATH/libs.ref/sky130_fd_sc_hd/gds/sky130_fd_sc_hd.gds
   Copying output for cell sky130_fd_sc_hd__o22ai_4 from $PDKPATH/libs.ref/sky130_fd_sc_hd/gds/sky130_fd_sc_hd.gds
   Copying output for cell sky130_fd_sc_hd__and2_2 from $PDKPATH/libs.ref/sky130_fd_sc_hd/gds/sky130_fd_sc_hd.gds
   Copying output for cell sky130_fd_sc_hd__xor2_1 from $PDKPATH/libs.ref/sky130_fd_sc_hd/gds/sky130_fd_sc_hd.gds
   Copying output for cell sky130_fd_sc_hd__o211a_1 from $PDKPATH/libs.ref/sky130_fd_sc_hd/gds/sky130_fd_sc_hd.gds
   Copying output for cell sky130_fd_sc_hd__nand2_2 from $PDKPATH/libs.ref/sky130_fd_sc_hd/gds/sky130_fd_sc_hd.gds
   Copying output for cell sky130_fd_sc_hd__a211oi_4 from $PDKPATH/libs.ref/sky130_fd_sc_hd/gds/sky130_fd_sc_hd.gds
   Copying output for cell sky130_fd_sc_hd__clkinv_8 from $PDKPATH/libs.ref/sky130_fd_sc_hd/gds/sky130_fd_sc_hd.gds
   Copying output for cell sky130_fd_sc_hd__a211o_2 from $PDKPATH/libs.ref/sky130_fd_sc_hd/gds/sky130_fd_sc_hd.gds
   Copying output for cell sky130_fd_sc_hd__a31oi_4 from $PDKPATH/libs.ref/sky130_fd_sc_hd/gds/sky130_fd_sc_hd.gds
   Copying output for cell sky130_fd_sc_hd__a21bo_4 from $PDKPATH/libs.ref/sky130_fd_sc_hd/gds/sky130_fd_sc_hd.gds
   Copying output for cell sky130_fd_sc_hd__dfrtp_4 from $PDKPATH/libs.ref/sky130_fd_sc_hd/gds/sky130_fd_sc_hd.gds
   Copying output for cell sky130_fd_sc_hd__o21bai_4 from $PDKPATH/libs.ref/sky130_fd_sc_hd/gds/sky130_fd_sc_hd.gds
   Copying output for cell sky130_fd_sc_hd__or4bb_4 from $PDKPATH/libs.ref/sky130_fd_sc_hd/gds/sky130_fd_sc_hd.gds
   Copying output for cell sky130_fd_sc_hd__nor3_4 from $PDKPATH/libs.ref/sky130_fd_sc_hd/gds/sky130_fd_sc_hd.gds
   Copying output for cell sky130_fd_sc_hd__xnor2_2 from $PDKPATH/libs.ref/sky130_fd_sc_hd/gds/sky130_fd_sc_hd.gds
   Copying output for cell sky130_fd_sc_hd__o21bai_2 from $PDKPATH/libs.ref/sky130_fd_sc_hd/gds/sky130_fd_sc_hd.gds
   Copying output for cell sky130_fd_sc_hd__a21oi_1 from $PDKPATH/libs.ref/sky130_fd_sc_hd/gds/sky130_fd_sc_hd.gds
   Copying output for cell sky130_fd_sc_hd__o2111a_1 from $PDKPATH/libs.ref/sky130_fd_sc_hd/gds/sky130_fd_sc_hd.gds
   Copying output for cell sky130_fd_sc_hd__nor2b_2 from $PDKPATH/libs.ref/sky130_fd_sc_hd/gds/sky130_fd_sc_hd.gds
   Copying output for cell sky130_fd_sc_hd__o221ai_2 from $PDKPATH/libs.ref/sky130_fd_sc_hd/gds/sky130_fd_sc_hd.gds
   Copying output for cell sky130_fd_sc_hd__o31ai_1 from $PDKPATH/libs.ref/sky130_fd_sc_hd/gds/sky130_fd_sc_hd.gds
   Copying output for cell sky130_fd_sc_hd__a221o_4 from $PDKPATH/libs.ref/sky130_fd_sc_hd/gds/sky130_fd_sc_hd.gds
   Copying output for cell sky130_fd_sc_hd__nor2_1 from $PDKPATH/libs.ref/sky130_fd_sc_hd/gds/sky130_fd_sc_hd.gds
   Copying output for cell sky130_fd_sc_hd__o21a_1 from $PDKPATH/libs.ref/sky130_fd_sc_hd/gds/sky130_fd_sc_hd.gds
   Copying output for cell sky130_fd_sc_hd__clkinvlp_4 from $PDKPATH/libs.ref/sky130_fd_sc_hd/gds/sky130_fd_sc_hd.gds
   Copying output for cell sky130_fd_sc_hd__o311a_4 from $PDKPATH/libs.ref/sky130_fd_sc_hd/gds/sky130_fd_sc_hd.gds
   Copying output for cell sky130_fd_sc_hd__xnor2_1 from $PDKPATH/libs.ref/sky130_fd_sc_hd/gds/sky130_fd_sc_hd.gds
   Copying output for cell sky130_fd_sc_hd__a32o_1 from $PDKPATH/libs.ref/sky130_fd_sc_hd/gds/sky130_fd_sc_hd.gds
   Copying output for cell sky130_fd_sc_hd__nor3_1 from $PDKPATH/libs.ref/sky130_fd_sc_hd/gds/sky130_fd_sc_hd.gds
   Copying output for cell sky130_fd_sc_hd__a22oi_4 from $PDKPATH/libs.ref/sky130_fd_sc_hd/gds/sky130_fd_sc_hd.gds
   Copying output for cell sky130_fd_sc_hd__bufinv_16 from $PDKPATH/libs.ref/sky130_fd_sc_hd/gds/sky130_fd_sc_hd.gds
   Copying output for cell sky130_fd_sc_hd__nor3_2 from $PDKPATH/libs.ref/sky130_fd_sc_hd/gds/sky130_fd_sc_hd.gds
   Copying output for cell sky130_fd_sc_hd__o31ai_2 from $PDKPATH/libs.ref/sky130_fd_sc_hd/gds/sky130_fd_sc_hd.gds
   Copying output for cell sky130_fd_sc_hd__nor4_1 from $PDKPATH/libs.ref/sky130_fd_sc_hd/gds/sky130_fd_sc_hd.gds
   Copying output for cell sky130_fd_sc_hd__o211ai_4 from $PDKPATH/libs.ref/sky130_fd_sc_hd/gds/sky130_fd_sc_hd.gds
   Copying output for cell sky130_fd_sc_hd__a31o_2 from $PDKPATH/libs.ref/sky130_fd_sc_hd/gds/sky130_fd_sc_hd.gds
   Copying output for cell sky130_fd_sc_hd__and2b_4 from $PDKPATH/libs.ref/sky130_fd_sc_hd/gds/sky130_fd_sc_hd.gds
   Copying output for cell sky130_fd_sc_hd__o221a_2 from $PDKPATH/libs.ref/sky130_fd_sc_hd/gds/sky130_fd_sc_hd.gds
   Copying output for cell sky130_fd_sc_hd__o21ba_4 from $PDKPATH/libs.ref/sky130_fd_sc_hd/gds/sky130_fd_sc_hd.gds
   Copying output for cell sky130_fd_sc_hd__o2bb2a_1 from $PDKPATH/libs.ref/sky130_fd_sc_hd/gds/sky130_fd_sc_hd.gds
   Copying output for cell sky130_fd_sc_hd__a21boi_4 from $PDKPATH/libs.ref/sky130_fd_sc_hd/gds/sky130_fd_sc_hd.gds
   Copying output for cell sky130_fd_sc_hd__o21ba_2 from $PDKPATH/libs.ref/sky130_fd_sc_hd/gds/sky130_fd_sc_hd.gds
   Copying output for cell sky130_fd_sc_hd__a2bb2oi_1 from $PDKPATH/libs.ref/sky130_fd_sc_hd/gds/sky130_fd_sc_hd.gds
   Copying output for cell sky130_fd_sc_hd__dlymetal6s2s_1 from $PDKPATH/libs.ref/sky130_fd_sc_hd/gds/sky130_fd_sc_hd.gds
   Copying output for cell sky130_fd_sc_hd__a211oi_2 from $PDKPATH/libs.ref/sky130_fd_sc_hd/gds/sky130_fd_sc_hd.gds
   Copying output for cell sky130_fd_sc_hd__a221oi_4 from $PDKPATH/libs.ref/sky130_fd_sc_hd/gds/sky130_fd_sc_hd.gds
   Copying output for cell sky130_fd_sc_hd__o21a_2 from $PDKPATH/libs.ref/sky130_fd_sc_hd/gds/sky130_fd_sc_hd.gds
   Copying output for cell sky130_fd_sc_hd__a31o_1 from $PDKPATH/libs.ref/sky130_fd_sc_hd/gds/sky130_fd_sc_hd.gds
   Copying output for cell sky130_fd_sc_hd__and4b_2 from $PDKPATH/libs.ref/sky130_fd_sc_hd/gds/sky130_fd_sc_hd.gds
   Copying output for cell sky130_fd_sc_hd__nor2b_4 from $PDKPATH/libs.ref/sky130_fd_sc_hd/gds/sky130_fd_sc_hd.gds
   Copying output for cell sky130_fd_sc_hd__a31oi_1 from $PDKPATH/libs.ref/sky130_fd_sc_hd/gds/sky130_fd_sc_hd.gds
   Copying output for cell sky130_fd_sc_hd__a22oi_1 from $PDKPATH/libs.ref/sky130_fd_sc_hd/gds/sky130_fd_sc_hd.gds
   Copying output for cell sky130_fd_sc_hd__a2bb2oi_4 from $PDKPATH/libs.ref/sky130_fd_sc_hd/gds/sky130_fd_sc_hd.gds
   Copying output for cell sky130_fd_sc_hd__nor2b_1 from $PDKPATH/libs.ref/sky130_fd_sc_hd/gds/sky130_fd_sc_hd.gds
   Copying output for cell sky130_fd_sc_hd__nand4_4 from $PDKPATH/libs.ref/sky130_fd_sc_hd/gds/sky130_fd_sc_hd.gds
   Copying output for cell sky130_fd_sc_hd__and4b_4 from $PDKPATH/libs.ref/sky130_fd_sc_hd/gds/sky130_fd_sc_hd.gds
   Copying output for cell sky130_fd_sc_hd__a311oi_4 from $PDKPATH/libs.ref/sky130_fd_sc_hd/gds/sky130_fd_sc_hd.gds
   Copying output for cell sky130_fd_sc_hd__o311ai_4 from $PDKPATH/libs.ref/sky130_fd_sc_hd/gds/sky130_fd_sc_hd.gds
   Copying output for cell sky130_fd_sc_hd__a22oi_2 from $PDKPATH/libs.ref/sky130_fd_sc_hd/gds/sky130_fd_sc_hd.gds
   Copying output for cell sky130_fd_sc_hd__a21oi_2 from $PDKPATH/libs.ref/sky130_fd_sc_hd/gds/sky130_fd_sc_hd.gds
   Copying output for cell sky130_fd_sc_hd__a21bo_1 from $PDKPATH/libs.ref/sky130_fd_sc_hd/gds/sky130_fd_sc_hd.gds
   Copying output for cell sky130_fd_sc_hd__o2bb2ai_2 from $PDKPATH/libs.ref/sky130_fd_sc_hd/gds/sky130_fd_sc_hd.gds
   Copying output for cell sky130_fd_sc_hd__and2_1 from $PDKPATH/libs.ref/sky130_fd_sc_hd/gds/sky130_fd_sc_hd.gds
   Copying output for cell sky130_fd_sc_hd__a2111oi_2 from $PDKPATH/libs.ref/sky130_fd_sc_hd/gds/sky130_fd_sc_hd.gds
   Copying output for cell sky130_fd_sc_hd__o21ai_1 from $PDKPATH/libs.ref/sky130_fd_sc_hd/gds/sky130_fd_sc_hd.gds
   Copying output for cell sky130_fd_sc_hd__a2bb2o_1 from $PDKPATH/libs.ref/sky130_fd_sc_hd/gds/sky130_fd_sc_hd.gds
   Generating output for cell top_module_project6
[INFO]: GDS Write Complete
