
===========================================================================
report_checks -unconstrained
===========================================================================
======================= Typical Corner ===================================

Startpoint: op[2] (input port clocked by __VIRTUAL_CLK__)
Endpoint: dout[7] (output port clocked by __VIRTUAL_CLK__)
Path Group: __VIRTUAL_CLK__
Path Type: max

Fanout     Cap    Slew   Delay    Time   Description
-----------------------------------------------------------------------------
                  0.00    0.00    0.00   clock __VIRTUAL_CLK__ (rise edge)
                          0.00    0.00   clock network delay (ideal)
                          2.00    2.00 ^ input external delay
     1    0.00    0.02    0.01    2.01 ^ op[2] (in)
                                         op[2] (net)
                  0.02    0.00    2.01 ^ input19/A (sky130_fd_sc_hd__clkbuf_4)
     7    0.04    0.14    0.20    2.22 ^ input19/X (sky130_fd_sc_hd__clkbuf_4)
                                         net19 (net)
                  0.14    0.00    2.22 ^ _235_/C (sky130_fd_sc_hd__nand3b_4)
     5    0.02    0.09    0.13    2.35 v _235_/Y (sky130_fd_sc_hd__nand3b_4)
                                         _163_ (net)
                  0.09    0.00    2.35 v _242_/C (sky130_fd_sc_hd__and3_1)
     2    0.01    0.08    0.25    2.60 v _242_/X (sky130_fd_sc_hd__and3_1)
                                         _000_ (net)
                  0.08    0.00    2.61 v _245_/B (sky130_fd_sc_hd__or3_4)
     2    0.00    0.06    0.38    2.99 v _245_/X (sky130_fd_sc_hd__or3_4)
                                         _003_ (net)
                  0.06    0.00    2.99 v _247_/B (sky130_fd_sc_hd__and3b_2)
     3    0.02    0.08    0.26    3.25 v _247_/X (sky130_fd_sc_hd__and3b_2)
                                         _005_ (net)
                  0.08    0.00    3.25 v _250_/A2 (sky130_fd_sc_hd__o21ai_4)
     4    0.02    0.20    0.21    3.46 ^ _250_/Y (sky130_fd_sc_hd__o21ai_4)
                                         _008_ (net)
                  0.20    0.00    3.47 ^ _257_/A1 (sky130_fd_sc_hd__a311o_4)
     5    0.02    0.10    0.28    3.75 ^ _257_/X (sky130_fd_sc_hd__a311o_4)
                                         _015_ (net)
                  0.10    0.00    3.75 ^ _276_/A3 (sky130_fd_sc_hd__a311oi_4)
     3    0.01    0.09    0.11    3.86 v _276_/Y (sky130_fd_sc_hd__a311oi_4)
                                         _033_ (net)
                  0.09    0.00    3.86 v _296_/B (sky130_fd_sc_hd__or3_1)
     1    0.00    0.07    0.39    4.25 v _296_/X (sky130_fd_sc_hd__or3_1)
                                         _052_ (net)
                  0.07    0.00    4.25 v _302_/A3 (sky130_fd_sc_hd__a31o_1)
     1    0.00    0.03    0.22    4.47 v _302_/X (sky130_fd_sc_hd__a31o_1)
                                         net27 (net)
                  0.03    0.00    4.47 v output27/A (sky130_fd_sc_hd__buf_2)
     1    0.03    0.09    0.18    4.65 v output27/X (sky130_fd_sc_hd__buf_2)
                                         dout[7] (net)
                  0.09    0.00    4.65 v dout[7] (out)
                                  4.65   data arrival time

                  0.00   10.00   10.00   clock __VIRTUAL_CLK__ (rise edge)
                          0.00   10.00   clock network delay (ideal)
                         -0.25    9.75   clock uncertainty
                          0.00    9.75   clock reconvergence pessimism
                         -2.00    7.75   output external delay
                                  7.75   data required time
-----------------------------------------------------------------------------
                                  7.75   data required time
                                 -4.65   data arrival time
-----------------------------------------------------------------------------
                                  3.10   slack (MET)




===========================================================================
report_checks --slack_max -0.01
============================================================================
======================= Typical Corner ===================================

No paths found.


===========================================================================
 report_check_types -max_slew -max_cap -max_fanout -violators
============================================================================
======================= Typical Corner ===================================


max slew violations count Typical: 0
max fanout violations count Typical: 0
max cap violations count Typical: 0

===========================================================================
report_parasitic_annotation -report_unannotated
============================================================================
Found 0 unannotated drivers.
Found 126 partially unannotated drivers.
 din1[7]
 din2[0]
 din2[4]
 _171_/X
 _173_/X
 _174_/Y
 _175_/X
 _176_/X
 _178_/X
 _179_/X
 _180_/Y
 _183_/Y
 _184_/X
 _186_/X
 _187_/Y
 _189_/Y
 _194_/X
 _195_/X
 _197_/X
 _198_/X
 _199_/X
 _200_/Y
 _201_/X
 _203_/X
 _205_/X
 _206_/X
 _208_/X
 _209_/Y
 _210_/Y
 _211_/X
 _212_/X
 _213_/X
 _214_/Y
 _215_/Y
 _216_/Y
 _218_/X
 _223_/Y
 _224_/X
 _225_/X
 _226_/Y
 _228_/Y
 _230_/X
 _231_/Y
 _232_/X
 _235_/Y
 _237_/Y
 _238_/Y
 _239_/Y
 _240_/X
 _241_/Y
 _244_/X
 _245_/X
 _246_/X
 _251_/X
 _252_/Y
 _255_/X
 _256_/Y
 _257_/X
 _258_/X
 _259_/Y
 _262_/Y
 _263_/X
 _264_/Y
 _265_/X
 _266_/X
 _267_/X
 _268_/X
 _269_/Y
 _270_/X
 _271_/Y
 _272_/X
 _274_/X
 _276_/Y
 _277_/X
 _278_/Y
 _281_/Y
 _282_/X
 _285_/Y
 _286_/Y
 _290_/X
 _291_/X
 _292_/Y
 _293_/X
 _294_/X
 _295_/Y
 _296_/X
 _297_/Y
 _299_/Y
 _300_/X
 _302_/X
 _304_/Y
 _306_/Y
 _308_/Y
 _311_/X
 _312_/X
 _313_/Y
 _315_/Y
 _316_/X
 _320_/Y
 _323_/Y
 _325_/Y
 _329_/Y
 _330_/X
 _334_/X
 _336_/X
 _338_/X
 _341_/X
 _343_/X
 _344_/Y
 _346_/X
 clone1/Y
 input1/X
 input10/X
 input11/X
 input12/X
 input13/X
 input14/X
 input15/X
 input16/X
 input17/X
 input18/X
 input19/X
 input2/X
 input5/X
 input6/X
 input9/X

===========================================================================
max slew violation count 0
max fanout violation count 0
max cap violation count 0
============================================================================

===========================================================================
check_setup -verbose -unconstrained_endpoints -multiple_clock -no_clock -no_input_delay -loops -generated_clocks
===========================================================================
