
===========================================================================
report_checks -path_delay min (Hold)
============================================================================
======================= Typical Corner ===================================

Startpoint: din2[5] (input port clocked by __VIRTUAL_CLK__)
Endpoint: dout[5] (output port clocked by __VIRTUAL_CLK__)
Path Group: __VIRTUAL_CLK__
Path Type: min

Fanout     Cap    Slew   Delay    Time   Description
-----------------------------------------------------------------------------
                  0.00    0.00    0.00   clock __VIRTUAL_CLK__ (rise edge)
                          0.00    0.00   clock network delay (ideal)
                          2.00    2.00 ^ input external delay
     1    0.00    0.02    0.01    2.01 ^ din2[5] (in)
                                         din2[5] (net)
                  0.02    0.00    2.01 ^ input14/A (sky130_fd_sc_hd__buf_2)
     5    0.01    0.08    0.12    2.12 ^ input14/X (sky130_fd_sc_hd__buf_2)
                                         net14 (net)
                  0.08    0.00    2.12 ^ _233_/A1 (sky130_fd_sc_hd__a311o_1)
     1    0.00    0.05    0.14    2.26 ^ _233_/X (sky130_fd_sc_hd__a311o_1)
                                         _161_ (net)
                  0.05    0.00    2.26 ^ _267_/B1 (sky130_fd_sc_hd__a211o_1)
     1    0.00    0.03    0.08    2.34 ^ _267_/X (sky130_fd_sc_hd__a211o_1)
                                         net25 (net)
                  0.03    0.00    2.34 ^ output25/A (sky130_fd_sc_hd__buf_2)
     1    0.03    0.17    0.18    2.52 ^ output25/X (sky130_fd_sc_hd__buf_2)
                                         dout[5] (net)
                  0.17    0.00    2.52 ^ dout[5] (out)
                                  2.52   data arrival time

                  0.00    0.00    0.00   clock __VIRTUAL_CLK__ (rise edge)
                          0.00    0.00   clock network delay (ideal)
                          0.25    0.25   clock uncertainty
                          0.00    0.25   clock reconvergence pessimism
                         -2.00   -1.75   output external delay
                                 -1.75   data required time
-----------------------------------------------------------------------------
                                 -1.75   data required time
                                 -2.52   data arrival time
-----------------------------------------------------------------------------
                                  4.27   slack (MET)


Startpoint: din1[0] (input port clocked by __VIRTUAL_CLK__)
Endpoint: dout[0] (output port clocked by __VIRTUAL_CLK__)
Path Group: __VIRTUAL_CLK__
Path Type: min

Fanout     Cap    Slew   Delay    Time   Description
-----------------------------------------------------------------------------
                  0.00    0.00    0.00   clock __VIRTUAL_CLK__ (rise edge)
                          0.00    0.00   clock network delay (ideal)
                          2.00    2.00 ^ input external delay
     1    0.00    0.02    0.01    2.01 ^ din1[0] (in)
                                         din1[0] (net)
                  0.02    0.00    2.01 ^ input1/A (sky130_fd_sc_hd__buf_1)
     2    0.00    0.06    0.08    2.09 ^ input1/X (sky130_fd_sc_hd__buf_1)
                                         net1 (net)
                  0.06    0.00    2.09 ^ _190_/A (sky130_fd_sc_hd__buf_2)
    10    0.02    0.12    0.16    2.24 ^ _190_/X (sky130_fd_sc_hd__buf_2)
                                         _118_ (net)
                  0.12    0.00    2.24 ^ _307_/A2 (sky130_fd_sc_hd__a31o_1)
     1    0.00    0.03    0.14    2.38 ^ _307_/X (sky130_fd_sc_hd__a31o_1)
                                         net20 (net)
                  0.03    0.00    2.38 ^ output20/A (sky130_fd_sc_hd__buf_2)
     1    0.03    0.17    0.18    2.56 ^ output20/X (sky130_fd_sc_hd__buf_2)
                                         dout[0] (net)
                  0.17    0.00    2.56 ^ dout[0] (out)
                                  2.56   data arrival time

                  0.00    0.00    0.00   clock __VIRTUAL_CLK__ (rise edge)
                          0.00    0.00   clock network delay (ideal)
                          0.25    0.25   clock uncertainty
                          0.00    0.25   clock reconvergence pessimism
                         -2.00   -1.75   output external delay
                                 -1.75   data required time
-----------------------------------------------------------------------------
                                 -1.75   data required time
                                 -2.56   data arrival time
-----------------------------------------------------------------------------
                                  4.31   slack (MET)


Startpoint: din1[6] (input port clocked by __VIRTUAL_CLK__)
Endpoint: dout[6] (output port clocked by __VIRTUAL_CLK__)
Path Group: __VIRTUAL_CLK__
Path Type: min

Fanout     Cap    Slew   Delay    Time   Description
-----------------------------------------------------------------------------
                  0.00    0.00    0.00   clock __VIRTUAL_CLK__ (rise edge)
                          0.00    0.00   clock network delay (ideal)
                          2.00    2.00 v input external delay
     1    0.00    0.01    0.00    2.00 v din1[6] (in)
                                         din1[6] (net)
                  0.01    0.00    2.00 v input7/A (sky130_fd_sc_hd__clkbuf_2)
     5    0.01    0.05    0.10    2.10 v input7/X (sky130_fd_sc_hd__clkbuf_2)
                                         net7 (net)
                  0.05    0.00    2.10 v _289_/A1 (sky130_fd_sc_hd__o211ai_1)
     1    0.00    0.07    0.16    2.26 ^ _289_/Y (sky130_fd_sc_hd__o211ai_1)
                                         _046_ (net)
                  0.07    0.00    2.26 ^ _290_/B1 (sky130_fd_sc_hd__a31o_1)
     1    0.00    0.04    0.09    2.35 ^ _290_/X (sky130_fd_sc_hd__a31o_1)
                                         _047_ (net)
                  0.04    0.00    2.35 ^ _291_/B1 (sky130_fd_sc_hd__a21o_1)
     1    0.00    0.03    0.06    2.41 ^ _291_/X (sky130_fd_sc_hd__a21o_1)
                                         net26 (net)
                  0.03    0.00    2.41 ^ output26/A (sky130_fd_sc_hd__buf_2)
     1    0.03    0.17    0.18    2.59 ^ output26/X (sky130_fd_sc_hd__buf_2)
                                         dout[6] (net)
                  0.17    0.00    2.59 ^ dout[6] (out)
                                  2.59   data arrival time

                  0.00    0.00    0.00   clock __VIRTUAL_CLK__ (rise edge)
                          0.00    0.00   clock network delay (ideal)
                          0.25    0.25   clock uncertainty
                          0.00    0.25   clock reconvergence pessimism
                         -2.00   -1.75   output external delay
                                 -1.75   data required time
-----------------------------------------------------------------------------
                                 -1.75   data required time
                                 -2.59   data arrival time
-----------------------------------------------------------------------------
                                  4.34   slack (MET)


Startpoint: din1[4] (input port clocked by __VIRTUAL_CLK__)
Endpoint: dout[4] (output port clocked by __VIRTUAL_CLK__)
Path Group: __VIRTUAL_CLK__
Path Type: min

Fanout     Cap    Slew   Delay    Time   Description
-----------------------------------------------------------------------------
                  0.00    0.00    0.00   clock __VIRTUAL_CLK__ (rise edge)
                          0.00    0.00   clock network delay (ideal)
                          2.00    2.00 ^ input external delay
     1    0.00    0.02    0.01    2.01 ^ din1[4] (in)
                                         din1[4] (net)
                  0.02    0.00    2.01 ^ input5/A (sky130_fd_sc_hd__buf_2)
     6    0.02    0.09    0.12    2.13 ^ input5/X (sky130_fd_sc_hd__buf_2)
                                         net5 (net)
                  0.09    0.00    2.13 ^ _341_/A2 (sky130_fd_sc_hd__a31o_1)
     1    0.00    0.04    0.13    2.26 ^ _341_/X (sky130_fd_sc_hd__a31o_1)
                                         _092_ (net)
                  0.04    0.00    2.26 ^ _346_/B (sky130_fd_sc_hd__or3_4)
     1    0.00    0.02    0.09    2.35 ^ _346_/X (sky130_fd_sc_hd__or3_4)
                                         _097_ (net)
                  0.02    0.00    2.35 ^ _347_/A (sky130_fd_sc_hd__clkbuf_1)
     1    0.00    0.03    0.06    2.42 ^ _347_/X (sky130_fd_sc_hd__clkbuf_1)
                                         net24 (net)
                  0.03    0.00    2.42 ^ output24/A (sky130_fd_sc_hd__buf_2)
     1    0.03    0.17    0.18    2.60 ^ output24/X (sky130_fd_sc_hd__buf_2)
                                         dout[4] (net)
                  0.17    0.00    2.60 ^ dout[4] (out)
                                  2.60   data arrival time

                  0.00    0.00    0.00   clock __VIRTUAL_CLK__ (rise edge)
                          0.00    0.00   clock network delay (ideal)
                          0.25    0.25   clock uncertainty
                          0.00    0.25   clock reconvergence pessimism
                         -2.00   -1.75   output external delay
                                 -1.75   data required time
-----------------------------------------------------------------------------
                                 -1.75   data required time
                                 -2.60   data arrival time
-----------------------------------------------------------------------------
                                  4.35   slack (MET)


Startpoint: din1[6] (input port clocked by __VIRTUAL_CLK__)
Endpoint: dout[7] (output port clocked by __VIRTUAL_CLK__)
Path Group: __VIRTUAL_CLK__
Path Type: min

Fanout     Cap    Slew   Delay    Time   Description
-----------------------------------------------------------------------------
                  0.00    0.00    0.00   clock __VIRTUAL_CLK__ (rise edge)
                          0.00    0.00   clock network delay (ideal)
                          2.00    2.00 ^ input external delay
     1    0.00    0.02    0.01    2.01 ^ din1[6] (in)
                                         din1[6] (net)
                  0.02    0.00    2.01 ^ input7/A (sky130_fd_sc_hd__clkbuf_2)
     5    0.01    0.07    0.11    2.12 ^ input7/X (sky130_fd_sc_hd__clkbuf_2)
                                         net7 (net)
                  0.07    0.00    2.12 ^ _270_/A (sky130_fd_sc_hd__and2_1)
     3    0.01    0.07    0.13    2.25 ^ _270_/X (sky130_fd_sc_hd__and2_1)
                                         _027_ (net)
                  0.07    0.00    2.25 ^ _296_/A (sky130_fd_sc_hd__or3_1)
     1    0.00    0.04    0.10    2.35 ^ _296_/X (sky130_fd_sc_hd__or3_1)
                                         _052_ (net)
                  0.04    0.00    2.35 ^ _302_/A3 (sky130_fd_sc_hd__a31o_1)
     1    0.00    0.03    0.12    2.46 ^ _302_/X (sky130_fd_sc_hd__a31o_1)
                                         net27 (net)
                  0.03    0.00    2.46 ^ output27/A (sky130_fd_sc_hd__buf_2)
     1    0.03    0.17    0.18    2.65 ^ output27/X (sky130_fd_sc_hd__buf_2)
                                         dout[7] (net)
                  0.17    0.00    2.65 ^ dout[7] (out)
                                  2.65   data arrival time

                  0.00    0.00    0.00   clock __VIRTUAL_CLK__ (rise edge)
                          0.00    0.00   clock network delay (ideal)
                          0.25    0.25   clock uncertainty
                          0.00    0.25   clock reconvergence pessimism
                         -2.00   -1.75   output external delay
                                 -1.75   data required time
-----------------------------------------------------------------------------
                                 -1.75   data required time
                                 -2.65   data arrival time
-----------------------------------------------------------------------------
                                  4.40   slack (MET)


Startpoint: din2[3] (input port clocked by __VIRTUAL_CLK__)
Endpoint: dout[3] (output port clocked by __VIRTUAL_CLK__)
Path Group: __VIRTUAL_CLK__
Path Type: min

Fanout     Cap    Slew   Delay    Time   Description
-----------------------------------------------------------------------------
                  0.00    0.00    0.00   clock __VIRTUAL_CLK__ (rise edge)
                          0.00    0.00   clock network delay (ideal)
                          2.00    2.00 ^ input external delay
     1    0.00    0.02    0.01    2.01 ^ din2[3] (in)
                                         din2[3] (net)
                  0.02    0.00    2.01 ^ input12/A (sky130_fd_sc_hd__clkbuf_2)
     3    0.01    0.06    0.10    2.11 ^ input12/X (sky130_fd_sc_hd__clkbuf_2)
                                         net12 (net)
                  0.06    0.00    2.11 ^ _191_/A (sky130_fd_sc_hd__buf_4)
    10    0.03    0.10    0.15    2.26 ^ _191_/X (sky130_fd_sc_hd__buf_4)
                                         _119_ (net)
                  0.10    0.00    2.26 ^ _334_/A1 (sky130_fd_sc_hd__a311o_1)
     1    0.00    0.04    0.15    2.41 ^ _334_/X (sky130_fd_sc_hd__a311o_1)
                                         _086_ (net)
                  0.04    0.00    2.41 ^ _335_/C1 (sky130_fd_sc_hd__a221o_1)
     1    0.00    0.03    0.08    2.49 ^ _335_/X (sky130_fd_sc_hd__a221o_1)
                                         net23 (net)
                  0.03    0.00    2.49 ^ output23/A (sky130_fd_sc_hd__buf_2)
     1    0.03    0.17    0.18    2.68 ^ output23/X (sky130_fd_sc_hd__buf_2)
                                         dout[3] (net)
                  0.17    0.00    2.68 ^ dout[3] (out)
                                  2.68   data arrival time

                  0.00    0.00    0.00   clock __VIRTUAL_CLK__ (rise edge)
                          0.00    0.00   clock network delay (ideal)
                          0.25    0.25   clock uncertainty
                          0.00    0.25   clock reconvergence pessimism
                         -2.00   -1.75   output external delay
                                 -1.75   data required time
-----------------------------------------------------------------------------
                                 -1.75   data required time
                                 -2.68   data arrival time
-----------------------------------------------------------------------------
                                  4.43   slack (MET)


Startpoint: op[2] (input port clocked by __VIRTUAL_CLK__)
Endpoint: dout[2] (output port clocked by __VIRTUAL_CLK__)
Path Group: __VIRTUAL_CLK__
Path Type: min

Fanout     Cap    Slew   Delay    Time   Description
-----------------------------------------------------------------------------
                  0.00    0.00    0.00   clock __VIRTUAL_CLK__ (rise edge)
                          0.00    0.00   clock network delay (ideal)
                          2.00    2.00 ^ input external delay
     1    0.00    0.02    0.01    2.01 ^ op[2] (in)
                                         op[2] (net)
                  0.02    0.00    2.01 ^ input19/A (sky130_fd_sc_hd__clkbuf_4)
     7    0.03    0.11    0.16    2.17 ^ input19/X (sky130_fd_sc_hd__clkbuf_4)
                                         net19 (net)
                  0.11    0.00    2.17 ^ _265_/A (sky130_fd_sc_hd__and3_2)
     7    0.01    0.09    0.21    2.39 ^ _265_/X (sky130_fd_sc_hd__and3_2)
                                         _023_ (net)
                  0.09    0.00    2.39 ^ _326_/A2 (sky130_fd_sc_hd__a31o_1)
     1    0.00    0.03    0.13    2.51 ^ _326_/X (sky130_fd_sc_hd__a31o_1)
                                         net22 (net)
                  0.03    0.00    2.51 ^ output22/A (sky130_fd_sc_hd__buf_2)
     1    0.03    0.17    0.18    2.70 ^ output22/X (sky130_fd_sc_hd__buf_2)
                                         dout[2] (net)
                  0.17    0.00    2.70 ^ dout[2] (out)
                                  2.70   data arrival time

                  0.00    0.00    0.00   clock __VIRTUAL_CLK__ (rise edge)
                          0.00    0.00   clock network delay (ideal)
                          0.25    0.25   clock uncertainty
                          0.00    0.25   clock reconvergence pessimism
                         -2.00   -1.75   output external delay
                                 -1.75   data required time
-----------------------------------------------------------------------------
                                 -1.75   data required time
                                 -2.70   data arrival time
-----------------------------------------------------------------------------
                                  4.45   slack (MET)


Startpoint: din1[1] (input port clocked by __VIRTUAL_CLK__)
Endpoint: dout[1] (output port clocked by __VIRTUAL_CLK__)
Path Group: __VIRTUAL_CLK__
Path Type: min

Fanout     Cap    Slew   Delay    Time   Description
-----------------------------------------------------------------------------
                  0.00    0.00    0.00   clock __VIRTUAL_CLK__ (rise edge)
                          0.00    0.00   clock network delay (ideal)
                          2.00    2.00 v input external delay
     1    0.00    0.01    0.00    2.00 v din1[1] (in)
                                         din1[1] (net)
                  0.01    0.00    2.00 v input2/A (sky130_fd_sc_hd__dlymetal6s2s_1)
     4    0.01    0.07    0.14    2.14 v input2/X (sky130_fd_sc_hd__dlymetal6s2s_1)
                                         net2 (net)
                  0.07    0.00    2.14 v _173_/A (sky130_fd_sc_hd__clkbuf_4)
    10    0.02    0.06    0.17    2.31 v _173_/X (sky130_fd_sc_hd__clkbuf_4)
                                         _101_ (net)
                  0.06    0.00    2.31 v _313_/A (sky130_fd_sc_hd__nor2_1)
     1    0.00    0.06    0.08    2.40 ^ _313_/Y (sky130_fd_sc_hd__nor2_1)
                                         _067_ (net)
                  0.06    0.00    2.40 ^ _317_/C (sky130_fd_sc_hd__or4b_1)
     1    0.00    0.03    0.09    2.49 ^ _317_/X (sky130_fd_sc_hd__or4b_1)
                                         _071_ (net)
                  0.03    0.00    2.49 ^ _318_/A (sky130_fd_sc_hd__buf_1)
     1    0.00    0.03    0.07    2.55 ^ _318_/X (sky130_fd_sc_hd__buf_1)
                                         net21 (net)
                  0.03    0.00    2.55 ^ output21/A (sky130_fd_sc_hd__buf_2)
     1    0.03    0.17    0.18    2.73 ^ output21/X (sky130_fd_sc_hd__buf_2)
                                         dout[1] (net)
                  0.17    0.00    2.73 ^ dout[1] (out)
                                  2.73   data arrival time

                  0.00    0.00    0.00   clock __VIRTUAL_CLK__ (rise edge)
                          0.00    0.00   clock network delay (ideal)
                          0.25    0.25   clock uncertainty
                          0.00    0.25   clock reconvergence pessimism
                         -2.00   -1.75   output external delay
                                 -1.75   data required time
-----------------------------------------------------------------------------
                                 -1.75   data required time
                                 -2.73   data arrival time
-----------------------------------------------------------------------------
                                  4.48   slack (MET)



worst slack corner Typical: 4.2733
