OpenROAD b16bda7e82721d10566ff7e2b68f1ff0be9f9e38 
Features included (+) or not (-): +Charts +GPU +GUI +Python
This program is licensed under the BSD-3 license. See the LICENSE file for details.
Components of this program may be licensed under more restrictive licenses which must be honored.
define_corners Typical
read_liberty -corner Typical /home/pinarizmir/.volare/sky130A/libs.ref/sky130_fd_sc_hd/lib/sky130_fd_sc_hd__tt_025C_1v80.lib
Using 1e-12 for capacitance...
Using 1e+03 for resistance...
Using 1e-09 for time...
Using 1e+00 for voltage...
Using 1e-03 for current...
Using 1e-09 for power...
Using 1e-06 for distance...
[INFO]: Reading ODB at '/openlane/designs/top_module_project4/runs/RUN_2025.05.27_18.11.56/tmp/placement/8-resizer.odb'…
Reading design constraints file at '/openlane/scripts/base.sdc'…
[INFO]: Setting output delay to: 3.0
[INFO]: Setting input delay to: 3.0
[INFO]: Setting load to: 0.033442
[INFO]: Setting clock uncertainty to: 0.25
[INFO]: Setting clock transition to: 0.15
[INFO]: Setting timing derate to: 5.0 %
Placement Analysis
---------------------------------
total displacement          0.0 u
average displacement        0.0 u
max displacement            0.0 u
original HPWL         2766206.4 u
legalized HPWL        2774540.6 u
delta HPWL                    0 %

[INFO DPL-0020] Mirrored 2686 instances
[INFO DPL-0021] HPWL before          2774540.6 u
[INFO DPL-0022] HPWL after           2766206.4 u
[INFO DPL-0023] HPWL delta               -0.3 %
Setting global connections for newly added cells…
Writing OpenROAD database to '/openlane/designs/top_module_project4/runs/RUN_2025.05.27_18.11.56/results/placement/top_module_project4.odb'…
Writing netlist to '/openlane/designs/top_module_project4/runs/RUN_2025.05.27_18.11.56/results/placement/top_module_project4.nl.v'…
Writing powered netlist to '/openlane/designs/top_module_project4/runs/RUN_2025.05.27_18.11.56/results/placement/top_module_project4.pnl.v'…
Writing layout to '/openlane/designs/top_module_project4/runs/RUN_2025.05.27_18.11.56/results/placement/top_module_project4.def'…
