
===========================================================================
report_checks -unconstrained
===========================================================================
======================= Typical Corner ===================================

Startpoint: _4063_ (rising edge-triggered flip-flop clocked by clk)
Endpoint: _4130_ (rising edge-triggered flip-flop clocked by clk)
Path Group: clk
Path Type: max

Fanout     Cap    Slew   Delay    Time   Description
-----------------------------------------------------------------------------
                  0.00    0.00    0.00   clock clk (rise edge)
                          0.00    0.00   clock network delay (ideal)
                  0.00    0.00    0.00 ^ _4063_/CLK (sky130_fd_sc_hd__dfrtp_2)
     6    0.01    0.07    0.40    0.40 v _4063_/Q (sky130_fd_sc_hd__dfrtp_2)
                                         u_imem.addr[1] (net)
                  0.07    0.00    0.40 v _2038_/A (sky130_fd_sc_hd__buf_1)
    10    0.04    0.21    0.24    0.64 v _2038_/X (sky130_fd_sc_hd__buf_1)
                                         _0424_ (net)
                  0.21    0.00    0.64 v _2059_/A1 (sky130_fd_sc_hd__mux2_2)
     5    0.02    0.08    0.37    1.01 v _2059_/X (sky130_fd_sc_hd__mux2_2)
                                         _0445_ (net)
                  0.08    0.00    1.01 v _2060_/A2 (sky130_fd_sc_hd__a21o_2)
     2    0.01    0.04    0.23    1.24 v _2060_/X (sky130_fd_sc_hd__a21o_2)
                                         _0446_ (net)
                  0.04    0.00    1.24 v _2064_/A2 (sky130_fd_sc_hd__a211o_2)
     7    0.02    0.09    0.38    1.62 v _2064_/X (sky130_fd_sc_hd__a211o_2)
                                         _0450_ (net)
                  0.09    0.00    1.62 v _2135_/A2 (sky130_fd_sc_hd__a21oi_2)
     2    0.01    0.11    0.16    1.78 ^ _2135_/Y (sky130_fd_sc_hd__a21oi_2)
                                         _0521_ (net)
                  0.11    0.00    1.78 ^ _2136_/A (sky130_fd_sc_hd__buf_1)
    10    0.03    0.39    0.34    2.12 ^ _2136_/X (sky130_fd_sc_hd__buf_1)
                                         _0522_ (net)
                  0.39    0.00    2.12 ^ _2797_/S (sky130_fd_sc_hd__mux2_2)
     2    0.00    0.05    0.39    2.51 v _2797_/X (sky130_fd_sc_hd__mux2_2)
                                         _1168_ (net)
                  0.05    0.00    2.51 v _2811_/A2 (sky130_fd_sc_hd__o211a_2)
     2    0.01    0.05    0.25    2.76 v _2811_/X (sky130_fd_sc_hd__o211a_2)
                                         _1182_ (net)
                  0.05    0.00    2.76 v _2966_/A3 (sky130_fd_sc_hd__o31a_2)
     3    0.00    0.06    0.29    3.05 v _2966_/X (sky130_fd_sc_hd__o31a_2)
                                         _1323_ (net)
                  0.06    0.00    3.05 v _2997_/A (sky130_fd_sc_hd__or4_2)
     2    0.01    0.11    0.68    3.73 v _2997_/X (sky130_fd_sc_hd__or4_2)
                                         _1352_ (net)
                  0.11    0.00    3.73 v _2999_/B (sky130_fd_sc_hd__or4bb_2)
     6    0.02    0.15    0.70    4.42 v _2999_/X (sky130_fd_sc_hd__or4bb_2)
                                         _1354_ (net)
                  0.15    0.00    4.42 v _3040_/B1 (sky130_fd_sc_hd__a2111oi_2)
     5    0.01    0.48    0.52    4.94 ^ _3040_/Y (sky130_fd_sc_hd__a2111oi_2)
                                         _1392_ (net)
                  0.48    0.00    4.94 ^ _3135_/A1 (sky130_fd_sc_hd__a21o_2)
     5    0.02    0.13    0.27    5.22 ^ _3135_/X (sky130_fd_sc_hd__a21o_2)
                                         _1481_ (net)
                  0.13    0.00    5.22 ^ _3190_/D_N (sky130_fd_sc_hd__or4b_2)
     5    0.01    0.13    0.65    5.86 v _3190_/X (sky130_fd_sc_hd__or4b_2)
                                         _1532_ (net)
                  0.13    0.00    5.86 v _3206_/B (sky130_fd_sc_hd__and2b_2)
     1    0.00    0.03    0.22    6.08 v _3206_/X (sky130_fd_sc_hd__and2b_2)
                                         _1547_ (net)
                  0.03    0.00    6.08 v _3207_/B (sky130_fd_sc_hd__or2_2)
     2    0.01    0.06    0.28    6.35 v _3207_/X (sky130_fd_sc_hd__or2_2)
                                         _1548_ (net)
                  0.06    0.00    6.35 v _3208_/B (sky130_fd_sc_hd__and2_2)
     3    0.01    0.05    0.22    6.57 v _3208_/X (sky130_fd_sc_hd__and2_2)
                                         _1549_ (net)
                  0.05    0.00    6.57 v _3210_/A (sky130_fd_sc_hd__or2_2)
     4    0.01    0.07    0.31    6.88 v _3210_/X (sky130_fd_sc_hd__or2_2)
                                         _1551_ (net)
                  0.07    0.00    6.88 v _3238_/C1 (sky130_fd_sc_hd__a2111o_2)
     2    0.01    0.07    0.42    7.30 v _3238_/X (sky130_fd_sc_hd__a2111o_2)
                                         _1577_ (net)
                  0.07    0.00    7.30 v _3251_/A2 (sky130_fd_sc_hd__a21o_2)
     3    0.01    0.05    0.24    7.54 v _3251_/X (sky130_fd_sc_hd__a21o_2)
                                         _1589_ (net)
                  0.05    0.00    7.54 v _3265_/A1 (sky130_fd_sc_hd__a21oi_2)
     3    0.01    0.17    0.18    7.72 ^ _3265_/Y (sky130_fd_sc_hd__a21oi_2)
                                         _1602_ (net)
                  0.17    0.00    7.72 ^ _3274_/A2 (sky130_fd_sc_hd__o21ai_2)
     1    0.00    0.04    0.06    7.78 v _3274_/Y (sky130_fd_sc_hd__o21ai_2)
                                         _1610_ (net)
                  0.04    0.00    7.78 v _3275_/C (sky130_fd_sc_hd__and3_2)
     2    0.00    0.04    0.20    7.98 v _3275_/X (sky130_fd_sc_hd__and3_2)
                                         _1611_ (net)
                  0.04    0.00    7.98 v _3276_/A (sky130_fd_sc_hd__buf_1)
     8    0.01    0.08    0.13    8.11 v _3276_/X (sky130_fd_sc_hd__buf_1)
                                         _1612_ (net)
                  0.08    0.00    8.11 v _3346_/A1 (sky130_fd_sc_hd__mux2_2)
     1    0.00    0.05    0.27    8.38 v _3346_/X (sky130_fd_sc_hd__mux2_2)
                                         _1650_ (net)
                  0.05    0.00    8.38 v _3347_/A (sky130_fd_sc_hd__buf_1)
     1    0.00    0.02    0.08    8.46 v _3347_/X (sky130_fd_sc_hd__buf_1)
                                         _0068_ (net)
                  0.02    0.00    8.46 v _4130_/D (sky130_fd_sc_hd__dfxtp_2)
                                  8.46   data arrival time

                  0.00   10.00   10.00   clock clk (rise edge)
                          0.00   10.00   clock network delay (ideal)
                          0.00   10.00   clock reconvergence pessimism
                                 10.00 ^ _4130_/CLK (sky130_fd_sc_hd__dfxtp_2)
                         -0.11    9.89   library setup time
                                  9.89   data required time
-----------------------------------------------------------------------------
                                  9.89   data required time
                                 -8.46   data arrival time
-----------------------------------------------------------------------------
                                  1.43   slack (MET)




===========================================================================
report_checks --slack_max -0.01
============================================================================
======================= Typical Corner ===================================

No paths found.


===========================================================================
 report_check_types -max_slew -max_cap -max_fanout -violators
============================================================================
======================= Typical Corner ===================================


max slew violations count Typical: 0
max fanout violations count Typical: 0
max cap violations count Typical: 0

===========================================================================
report_parasitic_annotation -report_unannotated
============================================================================
Found 2451 unannotated drivers.
 btn_next
 btn_rst
 clk
 _2024_/X
 _2025_/X
 _2026_/X
 _2027_/Y
 _2028_/X
 _2029_/X
 _2030_/X
 _2031_/Y
 _2032_/Y
 _2033_/X
 _2034_/X
 _2035_/X
 _2036_/X
 _2037_/Y
 _2038_/X
 _2039_/Y
 _2040_/Y
 _2041_/Y
 _2042_/X
 _2043_/X
 _2044_/X
 _2045_/Y
 _2046_/X
 _2047_/X
 _2048_/X
 _2049_/Y
 _2050_/Y
 _2051_/X
 _2052_/X
 _2053_/X
 _2054_/X
 _2055_/X
 _2056_/X
 _2057_/Y
 _2058_/Y
 _2059_/X
 _2060_/X
 _2061_/Y
 _2062_/X
 _2063_/X
 _2064_/X
 _2065_/X
 _2066_/X
 _2067_/X
 _2068_/X
 _2069_/Y
 _2070_/X
 _2071_/X
 _2072_/X
 _2073_/X
 _2074_/X
 _2075_/Y
 _2076_/X
 _2077_/Y
 _2078_/X
 _2079_/X
 _2080_/X
 _2081_/X
 _2082_/X
 _2083_/Y
 _2084_/X
 _2085_/X
 _2086_/X
 _2087_/X
 _2088_/X
 _2089_/X
 _2090_/X
 _2091_/X
 _2092_/X
 _2093_/X
 _2094_/X
 _2095_/X
 _2096_/Y
 _2097_/X
 _2098_/X
 _2099_/X
 _2100_/Y
 _2101_/X
 _2102_/X
 _2103_/X
 _2104_/X
 _2105_/Y
 _2106_/Y
 _2107_/Y
 _2108_/Y
 _2109_/Y
 _2110_/X
 _2111_/X
 _2112_/Y
 _2113_/X
 _2114_/X
 _2115_/X
 _2116_/Y
 _2117_/X
 _2118_/X
 _2119_/X
 _2120_/X
 _2121_/Y
 _2122_/X
 _2123_/Y
 _2124_/X
 _2125_/X
 _2126_/X
 _2127_/Y
 _2128_/X
 _2129_/X
 _2130_/X
 _2131_/X
 _2132_/X
 _2133_/Y
 _2134_/X
 _2135_/Y
 _2136_/X
 _2137_/X
 _2138_/X
 _2139_/X
 _2140_/X
 _2141_/X
 _2142_/X
 _2143_/X
 _2144_/X
 _2145_/X
 _2146_/Y
 _2147_/Y
 _2148_/Y
 _2149_/X
 _2150_/X
 _2151_/X
 _2152_/X
 _2153_/Y
 _2154_/X
 _2155_/X
 _2156_/X
 _2157_/X
 _2158_/X
 _2159_/X
 _2160_/Y
 _2161_/X
 _2162_/X
 _2163_/Y
 _2164_/X
 _2165_/Y
 _2166_/Y
 _2167_/X
 _2168_/X
 _2169_/X
 _2170_/X
 _2171_/X
 _2172_/X
 _2173_/X
 _2174_/X
 _2175_/X
 _2176_/X
 _2177_/X
 _2178_/X
 _2179_/X
 _2180_/X
 _2181_/X
 _2182_/X
 _2183_/X
 _2184_/X
 _2185_/X
 _2186_/X
 _2187_/X
 _2188_/X
 _2189_/X
 _2190_/Y
 _2191_/Y
 _2192_/X
 _2193_/X
 _2194_/X
 _2195_/X
 _2196_/X
 _2197_/X
 _2198_/X
 _2199_/X
 _2200_/X
 _2201_/X
 _2202_/X
 _2203_/X
 _2204_/X
 _2205_/X
 _2206_/X
 _2207_/X
 _2208_/X
 _2209_/X
 _2210_/X
 _2211_/X
 _2212_/X
 _2213_/X
 _2214_/X
 _2215_/X
 _2216_/X
 _2217_/X
 _2218_/Y
 _2219_/Y
 _2220_/X
 _2221_/X
 _2222_/Y
 _2223_/X
 _2224_/X
 _2225_/Y
 _2226_/X
 _2227_/X
 _2228_/X
 _2229_/X
 _2230_/X
 _2231_/X
 _2232_/X
 _2233_/X
 _2234_/X
 _2235_/X
 _2236_/X
 _2237_/X
 _2238_/X
 _2239_/Y
 _2240_/X
 _2241_/X
 _2242_/X
 _2243_/Y
 _2244_/Y
 _2245_/X
 _2246_/Y
 _2247_/X
 _2248_/X
 _2249_/X
 _2250_/Y
 _2251_/Y
 _2252_/X
 _2253_/X
 _2254_/X
 _2255_/X
 _2256_/X
 _2257_/X
 _2258_/X
 _2259_/X
 _2260_/X
 _2261_/X
 _2262_/X
 _2263_/Y
 _2264_/Y
 _2265_/X
 _2266_/X
 _2267_/X
 _2268_/X
 _2269_/X
 _2270_/X
 _2271_/X
 _2272_/X
 _2273_/X
 _2274_/Y
 _2275_/X
 _2276_/X
 _2277_/Y
 _2278_/X
 _2279_/X
 _2280_/X
 _2281_/X
 _2282_/X
 _2283_/X
 _2284_/Y
 _2285_/X
 _2286_/X
 _2287_/Y
 _2288_/X
 _2289_/X
 _2290_/X
 _2291_/Y
 _2292_/X
 _2293_/X
 _2294_/Y
 _2295_/X
 _2296_/X
 _2297_/Y
 _2298_/Y
 _2299_/Y
 _2300_/X
 _2301_/Y
 _2302_/Y
 _2303_/X
 _2304_/X
 _2305_/X
 _2306_/X
 _2307_/X
 _2308_/X
 _2309_/X
 _2310_/X
 _2311_/X
 _2312_/X
 _2313_/X
 _2314_/X
 _2315_/X
 _2316_/X
 _2317_/X
 _2318_/Y
 _2319_/X
 _2320_/Y
 _2321_/Y
 _2322_/X
 _2323_/Y
 _2324_/X
 _2325_/X
 _2326_/X
 _2327_/Y
 _2328_/Y
 _2329_/Y
 _2330_/Y
 _2331_/Y
 _2332_/X
 _2333_/Y
 _2334_/X
 _2335_/X
 _2336_/X
 _2337_/X
 _2338_/X
 _2339_/X
 _2340_/X
 _2341_/X
 _2342_/X
 _2343_/X
 _2344_/X
 _2345_/X
 _2346_/X
 _2347_/Y
 _2348_/X
 _2349_/Y
 _2350_/X
 _2351_/X
 _2352_/X
 _2353_/X
 _2354_/X
 _2355_/X
 _2356_/X
 _2357_/X
 _2358_/Y
 _2359_/Y
 _2360_/X
 _2361_/Y
 _2362_/Y
 _2363_/X
 _2364_/X
 _2365_/X
 _2366_/X
 _2367_/Y
 _2368_/Y
 _2369_/X
 _2370_/X
 _2371_/Y
 _2372_/X
 _2373_/Y
 _2374_/Y
 _2375_/X
 _2376_/X
 _2377_/X
 _2378_/X
 _2379_/X
 _2380_/X
 _2381_/X
 _2382_/Y
 _2383_/Y
 _2384_/X
 _2385_/Y
 _2386_/Y
 _2387_/X
 _2388_/X
 _2389_/Y
 _2390_/Y
 _2391_/X
 _2392_/X
 _2393_/X
 _2394_/Y
 _2395_/Y
 _2396_/X
 _2397_/X
 _2398_/Y
 _2399_/X
 _2400_/X
 _2401_/Y
 _2402_/X
 _2403_/Y
 _2404_/Y
 _2405_/Y
 _2406_/Y
 _2407_/X
 _2408_/Y
 _2409_/X
 _2410_/X
 _2411_/X
 _2412_/X
 _2413_/X
 _2414_/Y
 _2415_/X
 _2416_/X
 _2417_/X
 _2418_/X
 _2419_/X
 _2420_/X
 _2421_/X
 _2422_/X
 _2423_/X
 _2424_/X
 _2425_/X
 _2426_/X
 _2427_/Y
 _2428_/X
 _2429_/Y
 _2430_/X
 _2431_/X
 _2432_/X
 _2433_/X
 _2434_/X
 _2435_/X
 _2436_/X
 _2437_/X
 _2438_/X
 _2439_/X
 _2440_/X
 _2441_/Y
 _2442_/X
 _2443_/X
 _2444_/X
 _2445_/X
 _2446_/X
 _2447_/X
 _2448_/X
 _2449_/X
 _2450_/X
 _2451_/X
 _2452_/X
 _2453_/X
 _2454_/X
 _2455_/X
 _2456_/X
 _2457_/X
 _2458_/X
 _2459_/X
 _2460_/X
 _2461_/X
 _2462_/X
 _2463_/Y
 _2464_/X
 _2465_/X
 _2466_/X
 _2467_/X
 _2468_/X
 _2469_/X
 _2470_/X
 _2471_/X
 _2472_/X
 _2473_/X
 _2474_/X
 _2475_/X
 _2476_/X
 _2477_/Y
 _2478_/X
 _2479_/X
 _2480_/X
 _2481_/Y
 _2482_/X
 _2483_/X
 _2484_/X
 _2485_/X
 _2486_/X
 _2487_/X
 _2488_/X
 _2489_/X
 _2490_/X
 _2491_/X
 _2492_/X
 _2493_/X
 _2494_/X
 _2495_/X
 _2496_/X
 _2497_/X
 _2498_/X
 _2499_/X
 _2500_/X
 _2501_/X
 _2502_/Y
 _2503_/X
 _2504_/X
 _2505_/X
 _2506_/X
 _2507_/X
 _2508_/X
 _2509_/X
 _2510_/X
 _2511_/X
 _2512_/X
 _2513_/X
 _2514_/X
 _2515_/X
 _2516_/Y
 _2517_/X
 _2518_/Y
 _2519_/X
 _2520_/X
 _2521_/X
 _2522_/X
 _2523_/X
 _2524_/X
 _2525_/X
 _2526_/X
 _2527_/Y
 _2528_/X
 _2529_/X
 _2530_/X
 _2531_/X
 _2532_/X
 _2533_/X
 _2534_/X
 _2535_/X
 _2536_/X
 _2537_/X
 _2538_/X
 _2539_/X
 _2540_/X
 _2541_/X
 _2542_/X
 _2543_/X
 _2544_/Y
 _2545_/X
 _2546_/Y
 _2547_/X
 _2548_/Y
 _2549_/X
 _2550_/X
 _2551_/X
 _2552_/X
 _2553_/X
 _2554_/X
 _2555_/X
 _2556_/X
 _2557_/X
 _2558_/X
 _2559_/Y
 _2560_/X
 _2561_/X
 _2562_/X
 _2563_/X
 _2564_/X
 _2565_/X
 _2566_/X
 _2567_/X
 _2568_/X
 _2569_/X
 _2570_/Y
 _2571_/X
 _2572_/X
 _2573_/X
 _2574_/X
 _2575_/X
 _2576_/X
 _2577_/X
 _2578_/Y
 _2579_/X
 _2580_/X
 _2581_/X
 _2582_/X
 _2583_/X
 _2584_/X
 _2585_/X
 _2586_/X
 _2587_/X
 _2588_/X
 _2589_/X
 _2590_/X
 _2591_/X
 _2592_/X
 _2593_/X
 _2594_/Y
 _2595_/X
 _2596_/X
 _2597_/X
 _2598_/X
 _2599_/X
 _2600_/X
 _2601_/X
 _2602_/X
 _2603_/X
 _2604_/X
 _2605_/X
 _2606_/X
 _2607_/X
 _2608_/X
 _2609_/X
 _2610_/X
 _2611_/X
 _2612_/X
 _2613_/X
 _2614_/X
 _2615_/X
 _2616_/Y
 _2617_/X
 _2618_/X
 _2619_/X
 _2620_/X
 _2621_/X
 _2622_/X
 _2623_/X
 _2624_/X
 _2625_/X
 _2626_/X
 _2627_/X
 _2628_/X
 _2629_/X
 _2630_/X
 _2631_/X
 _2632_/X
 _2633_/X
 _2634_/Y
 _2635_/X
 _2636_/X
 _2637_/X
 _2638_/X
 _2639_/X
 _2640_/X
 _2641_/X
 _2642_/X
 _2643_/X
 _2644_/X
 _2645_/Y
 _2646_/X
 _2647_/X
 _2648_/X
 _2649_/X
 _2650_/X
 _2651_/X
 _2652_/X
 _2653_/Y
 _2654_/X
 _2655_/X
 _2656_/X
 _2657_/X
 _2658_/X
 _2659_/X
 _2660_/X
 _2661_/X
 _2662_/Y
 _2663_/Y
 _2664_/Y
 _2665_/X
 _2666_/X
 _2667_/X
 _2668_/X
 _2669_/X
 _2670_/X
 _2671_/X
 _2672_/X
 _2673_/X
 _2674_/X
 _2675_/X
 _2676_/X
 _2677_/X
 _2678_/Y
 _2679_/X
 _2680_/X
 _2681_/X
 _2682_/X
 _2683_/X
 _2684_/X
 _2685_/X
 _2686_/X
 _2687_/X
 _2688_/X
 _2689_/X
 _2690_/X
 _2691_/X
 _2692_/X
 _2693_/X
 _2694_/X
 _2695_/X
 _2696_/X
 _2697_/X
 _2698_/X
 _2699_/Y
 _2700_/X
 _2701_/Y
 _2702_/X
 _2703_/X
 _2704_/X
 _2705_/X
 _2706_/X
 _2707_/X
 _2708_/X
 _2709_/Y
 _2710_/X
 _2711_/X
 _2712_/X
 _2713_/X
 _2714_/X
 _2715_/X
 _2716_/X
 _2717_/X
 _2718_/X
 _2719_/Y
 _2720_/Y
 _2721_/X
 _2722_/X
 _2723_/X
 _2724_/X
 _2725_/X
 _2726_/X
 _2727_/X
 _2728_/X
 _2729_/X
 _2730_/X
 _2731_/X
 _2732_/X
 _2733_/X
 _2734_/X
 _2735_/X
 _2736_/X
 _2737_/Y
 _2738_/Y
 _2739_/X
 _2740_/X
 _2741_/X
 _2742_/X
 _2743_/X
 _2744_/X
 _2745_/X
 _2746_/X
 _2747_/X
 _2748_/X
 _2749_/X
 _2750_/X
 _2751_/X
 _2752_/X
 _2753_/X
 _2754_/Y
 _2755_/X
 _2756_/X
 _2757_/X
 _2758_/X
 _2759_/X
 _2760_/X
 _2761_/X
 _2762_/X
 _2763_/X
 _2764_/X
 _2765_/X
 _2766_/X
 _2767_/X
 _2768_/X
 _2769_/Y
 _2770_/Y
 _2771_/X
 _2772_/Y
 _2773_/X
 _2774_/X
 _2775_/Y
 _2776_/X
 _2777_/X
 _2778_/X
 _2779_/X
 _2780_/X
 _2781_/X
 _2782_/X
 _2783_/X
 _2784_/X
 _2785_/X
 _2786_/X
 _2787_/X
 _2788_/X
 _2789_/X
 _2790_/X
 _2791_/X
 _2792_/X
 _2793_/X
 _2794_/X
 _2795_/X
 _2796_/X
 _2797_/X
 _2798_/X
 _2799_/X
 _2800_/X
 _2801_/X
 _2802_/X
 _2803_/X
 _2804_/X
 _2805_/X
 _2806_/X
 _2807_/X
 _2808_/X
 _2809_/X
 _2810_/X
 _2811_/X
 _2812_/Y
 _2813_/Y
 _2814_/X
 _2815_/X
 _2816_/X
 _2817_/X
 _2818_/X
 _2819_/X
 _2820_/X
 _2821_/Y
 _2822_/X
 _2823_/X
 _2824_/X
 _2825_/X
 _2826_/X
 _2827_/X
 _2828_/X
 _2829_/X
 _2830_/X
 _2831_/Y
 _2832_/X
 _2833_/X
 _2834_/X
 _2835_/X
 _2836_/X
 _2837_/X
 _2838_/X
 _2839_/Y
 _2840_/X
 _2841_/X
 _2842_/X
 _2843_/X
 _2844_/X
 _2845_/X
 _2846_/X
 _2847_/X
 _2848_/Y
 _2849_/X
 _2850_/X
 _2851_/X
 _2852_/X
 _2853_/X
 _2854_/X
 _2855_/X
 _2856_/X
 _2857_/X
 _2858_/X
 _2859_/X
 _2860_/X
 _2861_/X
 _2862_/X
 _2863_/X
 _2864_/X
 _2865_/X
 _2866_/X
 _2867_/X
 _2868_/X
 _2869_/X
 _2870_/X
 _2871_/X
 _2872_/X
 _2873_/X
 _2874_/Y
 _2875_/X
 _2876_/X
 _2877_/X
 _2878_/X
 _2879_/X
 _2880_/X
 _2881_/Y
 _2882_/X
 _2883_/X
 _2884_/X
 _2885_/Y
 _2886_/X
 _2887_/Y
 _2888_/X
 _2889_/Y
 _2890_/X
 _2891_/X
 _2892_/X
 _2893_/Y
 _2894_/Y
 _2895_/Y
 _2896_/X
 _2897_/Y
 _2898_/X
 _2899_/X
 _2900_/X
 _2901_/X
 _2902_/Y
 _2903_/X
 _2904_/X
 _2905_/Y
 _2906_/X
 _2907_/X
 _2908_/Y
 _2909_/Y
 _2910_/X
 _2911_/Y
 _2912_/X
 _2913_/Y
 _2914_/X
 _2915_/X
 _2916_/Y
 _2917_/Y
 _2918_/X
 _2919_/X
 _2920_/X
 _2921_/X
 _2922_/X
 _2923_/X
 _2924_/X
 _2925_/X
 _2926_/X
 _2927_/X
 _2928_/X
 _2929_/X
 _2930_/X
 _2931_/X
 _2932_/X
 _2933_/X
 _2934_/X
 _2935_/X
 _2936_/Y
 _2937_/Y
 _2938_/Y
 _2939_/Y
 _2940_/X
 _2941_/Y
 _2942_/X
 _2943_/Y
 _2944_/Y
 _2945_/X
 _2946_/X
 _2947_/Y
 _2948_/Y
 _2949_/X
 _2950_/X
 _2951_/X
 _2952_/X
 _2953_/X
 _2954_/X
 _2955_/Y
 _2956_/X
 _2957_/Y
 _2958_/Y
 _2959_/Y
 _2960_/X
 _2961_/Y
 _2962_/X
 _2963_/X
 _2964_/X
 _2965_/X
 _2966_/X
 _2967_/Y
 _2968_/X
 _2969_/X
 _2970_/Y
 _2971_/X
 _2972_/X
 _2973_/Y
 _2974_/Y
 _2975_/X
 _2976_/X
 _2977_/X
 _2978_/X
 _2979_/X
 _2980_/Y
 _2981_/X
 _2982_/X
 _2983_/X
 _2984_/Y
 _2985_/Y
 _2986_/X
 _2987_/Y
 _2988_/X
 _2989_/X
 _2990_/X
 _2991_/X
 _2992_/Y
 _2993_/X
 _2994_/Y
 _2995_/X
 _2996_/X
 _2997_/X
 _2998_/X
 _2999_/X
 _3000_/X
 _3001_/Y
 _3002_/Y
 _3003_/Y
 _3004_/X
 _3005_/X
 _3006_/X
 _3007_/X
 _3008_/X
 _3009_/Y
 _3010_/X
 _3011_/Y
 _3012_/Y
 _3013_/Y
 _3014_/X
 _3015_/Y
 _3016_/X
 _3017_/X
 _3018_/X
 _3019_/X
 _3020_/Y
 _3021_/X
 _3022_/Y
 _3023_/X
 _3024_/X
 _3025_/Y
 _3026_/Y
 _3027_/X
 _3028_/X
 _3029_/X
 _3030_/X
 _3031_/X
 _3032_/Y
 _3033_/Y
 _3034_/X
 _3035_/Y
 _3036_/Y
 _3037_/X
 _3038_/X
 _3039_/X
 _3040_/Y
 _3041_/X
 _3042_/X
 _3043_/X
 _3044_/X
 _3045_/X
 _3046_/X
 _3047_/Y
 _3048_/Y
 _3049_/Y
 _3050_/X
 _3051_/X
 _3052_/X
 _3053_/X
 _3054_/Y
 _3055_/X
 _3056_/Y
 _3057_/X
 _3058_/Y
 _3059_/Y
 _3060_/Y
 _3061_/Y
 _3062_/X
 _3063_/X
 _3064_/X
 _3065_/Y
 _3066_/X
 _3067_/X
 _3068_/Y
 _3069_/X
 _3070_/X
 _3071_/X
 _3072_/X
 _3073_/X
 _3074_/X
 _3075_/Y
 _3076_/X
 _3077_/X
 _3078_/Y
 _3079_/Y
 _3080_/Y
 _3081_/Y
 _3082_/Y
 _3083_/X
 _3084_/X
 _3085_/X
 _3086_/Y
 _3087_/X
 _3088_/X
 _3089_/Y
 _3090_/Y
 _3091_/Y
 _3092_/X
 _3093_/Y
 _3094_/X
 _3095_/Y
 _3096_/X
 _3097_/Y
 _3098_/X
 _3099_/X
 _3100_/X
 _3101_/X
 _3102_/X
 _3103_/Y
 _3104_/Y
 _3105_/X
 _3106_/X
 _3107_/Y
 _3108_/X
 _3109_/X
 _3110_/X
 _3111_/X
 _3112_/X
 _3113_/X
 _3114_/Y
 _3115_/Y
 _3116_/Y
 _3117_/Y
 _3118_/X
 _3119_/X
 _3120_/X
 _3121_/X
 _3122_/Y
 _3123_/Y
 _3124_/X
 _3125_/Y
 _3126_/X
 _3127_/X
 _3128_/X
 _3129_/X
 _3130_/X
 _3131_/X
 _3132_/X
 _3133_/X
 _3134_/Y
 _3135_/X
 _3136_/Y
 _3137_/Y
 _3138_/X
 _3139_/X
 _3140_/X
 _3141_/X
 _3142_/X
 _3143_/X
 _3144_/X
 _3145_/Y
 _3146_/X
 _3147_/Y
 _3148_/Y
 _3149_/X
 _3150_/Y
 _3151_/X
 _3152_/X
 _3153_/X
 _3154_/Y
 _3155_/Y
 _3156_/Y
 _3157_/Y
 _3158_/X
 _3159_/Y
 _3160_/X
 _3161_/Y
 _3162_/X
 _3163_/Y
 _3164_/X
 _3165_/X
 _3166_/X
 _3167_/X
 _3168_/Y
 _3169_/Y
 _3170_/Y
 _3171_/X
 _3172_/Y
 _3173_/Y
 _3174_/X
 _3175_/X
 _3176_/Y
 _3177_/X
 _3178_/Y
 _3179_/Y
 _3180_/X
 _3181_/Y
 _3182_/X
 _3183_/Y
 _3184_/X
 _3185_/Y
 _3186_/X
 _3187_/X
 _3188_/X
 _3189_/X
 _3190_/X
 _3191_/Y
 _3192_/Y
 _3193_/Y
 _3194_/X
 _3195_/Y
 _3196_/X
 _3197_/Y
 _3198_/Y
 _3199_/X
 _3200_/X
 _3201_/X
 _3202_/X
 _3203_/X
 _3204_/X
 _3205_/X
 _3206_/X
 _3207_/X
 _3208_/X
 _3209_/Y
 _3210_/X
 _3211_/X
 _3212_/Y
 _3213_/X
 _3214_/X
 _3215_/X
 _3216_/X
 _3217_/Y
 _3218_/X
 _3219_/Y
 _3220_/Y
 _3221_/X
 _3222_/Y
 _3223_/Y
 _3224_/X
 _3225_/Y
 _3226_/X
 _3227_/X
 _3228_/X
 _3229_/X
 _3230_/Y
 _3231_/X
 _3232_/Y
 _3233_/X
 _3234_/Y
 _3235_/Y
 _3236_/Y
 _3237_/X
 _3238_/X
 _3239_/Y
 _3240_/Y
 _3241_/X
 _3242_/X
 _3243_/X
 _3244_/X
 _3245_/Y
 _3246_/X
 _3247_/Y
 _3248_/Y
 _3249_/X
 _3250_/Y
 _3251_/X
 _3252_/Y
 _3253_/X
 _3254_/X
 _3255_/X
 _3256_/X
 _3257_/Y
 _3258_/X
 _3259_/Y
 _3260_/X
 _3261_/Y
 _3262_/Y
 _3263_/X
 _3264_/X
 _3265_/Y
 _3266_/Y
 _3267_/X
 _3268_/X
 _3269_/X
 _3270_/X
 _3271_/X
 _3272_/Y
 _3273_/X
 _3274_/Y
 _3275_/X
 _3276_/X
 _3277_/X
 _3278_/X
 _3279_/X
 _3280_/Y
 _3281_/X
 _3282_/X
 _3283_/X
 _3284_/X
 _3285_/X
 _3286_/X
 _3287_/X
 _3288_/X
 _3289_/X
 _3290_/X
 _3291_/X
 _3292_/X
 _3293_/X
 _3294_/X
 _3295_/X
 _3296_/X
 _3297_/X
 _3298_/X
 _3299_/X
 _3300_/X
 _3301_/X
 _3302_/X
 _3303_/X
 _3304_/X
 _3305_/X
 _3306_/X
 _3307_/X
 _3308_/X
 _3309_/X
 _3310_/X
 _3311_/X
 _3312_/X
 _3313_/X
 _3314_/X
 _3315_/X
 _3316_/X
 _3317_/X
 _3318_/X
 _3319_/X
 _3320_/X
 _3321_/X
 _3322_/X
 _3323_/X
 _3324_/X
 _3325_/X
 _3326_/X
 _3327_/X
 _3328_/X
 _3329_/X
 _3330_/X
 _3331_/X
 _3332_/X
 _3333_/X
 _3334_/X
 _3335_/X
 _3336_/X
 _3337_/X
 _3338_/X
 _3339_/X
 _3340_/X
 _3341_/X
 _3342_/X
 _3343_/X
 _3344_/X
 _3345_/X
 _3346_/X
 _3347_/X
 _3348_/Y
 _3349_/X
 _3350_/Y
 _3351_/X
 _3352_/X
 _3353_/X
 _3354_/X
 _3355_/X
 _3356_/X
 _3357_/X
 _3358_/X
 _3359_/X
 _3360_/X
 _3361_/X
 _3362_/X
 _3363_/X
 _3364_/X
 _3365_/X
 _3366_/X
 _3367_/X
 _3368_/X
 _3369_/X
 _3370_/X
 _3371_/X
 _3372_/X
 _3373_/X
 _3374_/X
 _3375_/X
 _3376_/X
 _3377_/X
 _3378_/X
 _3379_/X
 _3380_/X
 _3381_/X
 _3382_/X
 _3383_/X
 _3384_/X
 _3385_/X
 _3386_/X
 _3387_/X
 _3388_/X
 _3389_/X
 _3390_/X
 _3391_/X
 _3392_/X
 _3393_/X
 _3394_/X
 _3395_/X
 _3396_/X
 _3397_/X
 _3398_/X
 _3399_/X
 _3400_/X
 _3401_/X
 _3402_/X
 _3403_/X
 _3404_/X
 _3405_/X
 _3406_/X
 _3407_/X
 _3408_/X
 _3409_/X
 _3410_/X
 _3411_/X
 _3412_/X
 _3413_/X
 _3414_/X
 _3415_/X
 _3416_/X
 _3417_/X
 _3418_/X
 _3419_/Y
 _3420_/X
 _3421_/X
 _3422_/X
 _3423_/X
 _3424_/X
 _3425_/X
 _3426_/X
 _3427_/X
 _3428_/X
 _3429_/X
 _3430_/X
 _3431_/X
 _3432_/X
 _3433_/X
 _3434_/X
 _3435_/X
 _3436_/X
 _3437_/X
 _3438_/X
 _3439_/X
 _3440_/X
 _3441_/X
 _3442_/X
 _3443_/X
 _3444_/X
 _3445_/X
 _3446_/X
 _3447_/X
 _3448_/X
 _3449_/X
 _3450_/X
 _3451_/X
 _3452_/X
 _3453_/X
 _3454_/X
 _3455_/X
 _3456_/X
 _3457_/X
 _3458_/X
 _3459_/X
 _3460_/X
 _3461_/X
 _3462_/X
 _3463_/X
 _3464_/X
 _3465_/X
 _3466_/X
 _3467_/X
 _3468_/X
 _3469_/X
 _3470_/X
 _3471_/X
 _3472_/X
 _3473_/X
 _3474_/X
 _3475_/X
 _3476_/X
 _3477_/X
 _3478_/X
 _3479_/X
 _3480_/X
 _3481_/X
 _3482_/X
 _3483_/X
 _3484_/X
 _3485_/X
 _3486_/X
 _3487_/X
 _3488_/X
 _3489_/X
 _3490_/X
 _3491_/X
 _3492_/X
 _3493_/X
 _3494_/X
 _3495_/X
 _3496_/X
 _3497_/X
 _3498_/X
 _3499_/X
 _3500_/X
 _3501_/X
 _3502_/X
 _3503_/X
 _3504_/X
 _3505_/X
 _3506_/X
 _3507_/X
 _3508_/X
 _3509_/X
 _3510_/X
 _3511_/X
 _3512_/X
 _3513_/X
 _3514_/X
 _3515_/X
 _3516_/X
 _3517_/X
 _3518_/X
 _3519_/X
 _3520_/X
 _3521_/X
 _3522_/X
 _3523_/X
 _3524_/X
 _3525_/X
 _3526_/X
 _3527_/X
 _3528_/X
 _3529_/X
 _3530_/X
 _3531_/X
 _3532_/X
 _3533_/X
 _3534_/X
 _3535_/X
 _3536_/X
 _3537_/X
 _3538_/X
 _3539_/X
 _3540_/X
 _3541_/X
 _3542_/X
 _3543_/X
 _3544_/X
 _3545_/X
 _3546_/X
 _3547_/X
 _3548_/X
 _3549_/X
 _3550_/X
 _3551_/X
 _3552_/X
 _3553_/X
 _3554_/X
 _3555_/X
 _3556_/X
 _3557_/X
 _3558_/X
 _3559_/X
 _3560_/X
 _3561_/X
 _3562_/X
 _3563_/X
 _3564_/X
 _3565_/X
 _3566_/X
 _3567_/X
 _3568_/X
 _3569_/X
 _3570_/X
 _3571_/X
 _3572_/X
 _3573_/X
 _3574_/X
 _3575_/X
 _3576_/X
 _3577_/X
 _3578_/X
 _3579_/X
 _3580_/X
 _3581_/X
 _3582_/X
 _3583_/X
 _3584_/X
 _3585_/X
 _3586_/X
 _3587_/X
 _3588_/X
 _3589_/X
 _3590_/X
 _3591_/X
 _3592_/X
 _3593_/X
 _3594_/X
 _3595_/X
 _3596_/X
 _3597_/X
 _3598_/X
 _3599_/X
 _3600_/X
 _3601_/X
 _3602_/X
 _3603_/X
 _3604_/X
 _3605_/X
 _3606_/X
 _3607_/X
 _3608_/X
 _3609_/X
 _3610_/X
 _3611_/X
 _3612_/X
 _3613_/X
 _3614_/X
 _3615_/X
 _3616_/X
 _3617_/X
 _3618_/X
 _3619_/X
 _3620_/X
 _3621_/X
 _3622_/X
 _3623_/X
 _3624_/X
 _3625_/X
 _3626_/X
 _3627_/X
 _3628_/X
 _3629_/X
 _3630_/X
 _3631_/X
 _3632_/X
 _3633_/X
 _3634_/X
 _3635_/X
 _3636_/X
 _3637_/X
 _3638_/X
 _3639_/X
 _3640_/X
 _3641_/X
 _3642_/X
 _3643_/X
 _3644_/X
 _3645_/X
 _3646_/X
 _3647_/X
 _3648_/X
 _3649_/X
 _3650_/X
 _3651_/X
 _3652_/X
 _3653_/X
 _3654_/X
 _3655_/X
 _3656_/X
 _3657_/X
 _3658_/X
 _3659_/X
 _3660_/X
 _3661_/X
 _3662_/X
 _3663_/X
 _3664_/X
 _3665_/X
 _3666_/X
 _3667_/X
 _3668_/X
 _3669_/X
 _3670_/X
 _3671_/X
 _3672_/X
 _3673_/X
 _3674_/X
 _3675_/X
 _3676_/X
 _3677_/X
 _3678_/X
 _3679_/X
 _3680_/X
 _3681_/X
 _3682_/X
 _3683_/X
 _3684_/X
 _3685_/X
 _3686_/X
 _3687_/X
 _3688_/X
 _3689_/X
 _3690_/X
 _3691_/X
 _3692_/X
 _3693_/X
 _3694_/X
 _3695_/X
 _3696_/X
 _3697_/X
 _3698_/X
 _3699_/X
 _3700_/X
 _3701_/X
 _3702_/X
 _3703_/X
 _3704_/X
 _3705_/X
 _3706_/X
 _3707_/X
 _3708_/X
 _3709_/X
 _3710_/X
 _3711_/X
 _3712_/X
 _3713_/X
 _3714_/X
 _3715_/X
 _3716_/X
 _3717_/X
 _3718_/X
 _3719_/X
 _3720_/X
 _3721_/X
 _3722_/X
 _3723_/X
 _3724_/X
 _3725_/X
 _3726_/X
 _3727_/X
 _3728_/X
 _3729_/X
 _3730_/X
 _3731_/X
 _3732_/X
 _3733_/X
 _3734_/X
 _3735_/X
 _3736_/X
 _3737_/X
 _3738_/X
 _3739_/X
 _3740_/X
 _3741_/X
 _3742_/X
 _3743_/X
 _3744_/X
 _3745_/X
 _3746_/X
 _3747_/X
 _3748_/X
 _3749_/X
 _3750_/X
 _3751_/X
 _3752_/X
 _3753_/X
 _3754_/X
 _3755_/X
 _3756_/X
 _3757_/X
 _3758_/X
 _3759_/X
 _3760_/X
 _3761_/X
 _3762_/X
 _3763_/X
 _3764_/X
 _3765_/X
 _3766_/X
 _3767_/X
 _3768_/X
 _3769_/X
 _3770_/X
 _3771_/X
 _3772_/X
 _3773_/X
 _3774_/X
 _3775_/X
 _3776_/X
 _3777_/X
 _3778_/X
 _3779_/X
 _3780_/X
 _3781_/X
 _3782_/X
 _3783_/X
 _3784_/X
 _3785_/X
 _3786_/X
 _3787_/X
 _3788_/X
 _3789_/X
 _3790_/X
 _3791_/X
 _3792_/X
 _3793_/X
 _3794_/X
 _3795_/X
 _3796_/X
 _3797_/X
 _3798_/X
 _3799_/X
 _3800_/X
 _3801_/X
 _3802_/X
 _3803_/X
 _3804_/X
 _3805_/X
 _3806_/X
 _3807_/X
 _3808_/X
 _3809_/X
 _3810_/X
 _3811_/X
 _3812_/X
 _3813_/X
 _3814_/X
 _3815_/X
 _3816_/X
 _3817_/X
 _3818_/X
 _3819_/X
 _3820_/X
 _3821_/X
 _3822_/X
 _3823_/X
 _3824_/X
 _3825_/X
 _3826_/X
 _3827_/X
 _3828_/X
 _3829_/X
 _3830_/X
 _3831_/X
 _3832_/X
 _3833_/X
 _3834_/X
 _3835_/X
 _3836_/X
 _3837_/X
 _3838_/X
 _3839_/X
 _3840_/X
 _3841_/X
 _3842_/X
 _3843_/X
 _3844_/X
 _3845_/X
 _3846_/X
 _3847_/X
 _3848_/X
 _3849_/X
 _3850_/X
 _3851_/X
 _3852_/X
 _3853_/X
 _3854_/X
 _3855_/X
 _3856_/X
 _3857_/X
 _3858_/X
 _3859_/X
 _3860_/X
 _3861_/X
 _3862_/X
 _3863_/X
 _3864_/X
 _3865_/X
 _3866_/X
 _3867_/X
 _3868_/X
 _3869_/X
 _3870_/X
 _3871_/X
 _3872_/X
 _3873_/X
 _3874_/X
 _3875_/X
 _3876_/X
 _3877_/X
 _3878_/X
 _3879_/X
 _3880_/X
 _3881_/X
 _3882_/X
 _3883_/X
 _3884_/Y
 _3885_/X
 _3886_/X
 _3887_/X
 _3888_/X
 _3889_/X
 _3890_/X
 _3891_/X
 _3892_/X
 _3893_/X
 _3894_/X
 _3895_/X
 _3896_/X
 _3897_/X
 _3898_/X
 _3899_/X
 _3900_/X
 _3901_/X
 _3902_/X
 _3903_/X
 _3904_/X
 _3905_/X
 _3906_/X
 _3907_/X
 _3908_/X
 _3909_/X
 _3910_/X
 _3911_/X
 _3912_/X
 _3913_/X
 _3914_/X
 _3915_/X
 _3916_/X
 _3917_/X
 _3918_/X
 _3919_/X
 _3920_/X
 _3921_/X
 _3922_/X
 _3923_/X
 _3924_/X
 _3925_/X
 _3926_/X
 _3927_/X
 _3928_/X
 _3929_/X
 _3930_/X
 _3931_/X
 _3932_/X
 _3933_/X
 _3934_/X
 _3935_/X
 _3936_/X
 _3937_/X
 _3938_/X
 _3939_/X
 _3940_/X
 _3941_/X
 _3942_/X
 _3943_/X
 _3944_/X
 _3945_/X
 _3946_/X
 _3947_/X
 _3948_/X
 _3949_/X
 _3950_/X
 _3951_/X
 _3952_/Y
 _3953_/X
 _3954_/X
 _3955_/X
 _3956_/X
 _3957_/X
 _3958_/X
 _3959_/X
 _3960_/X
 _3961_/X
 _3962_/X
 _3963_/X
 _3964_/X
 _3965_/X
 _3966_/X
 _3967_/X
 _3968_/X
 _3969_/X
 _3970_/X
 _3971_/X
 _3972_/X
 _3973_/X
 _3974_/X
 _3975_/X
 _3976_/X
 _3977_/X
 _3978_/X
 _3979_/X
 _3980_/X
 _3981_/X
 _3982_/X
 _3983_/X
 _3984_/X
 _3985_/X
 _3986_/X
 _3987_/X
 _3988_/X
 _3989_/X
 _3990_/X
 _3991_/X
 _3992_/X
 _3993_/X
 _3994_/X
 _3995_/X
 _3996_/X
 _3997_/X
 _3998_/X
 _3999_/X
 _4000_/X
 _4001_/X
 _4002_/X
 _4003_/X
 _4004_/X
 _4005_/X
 _4006_/X
 _4007_/X
 _4008_/X
 _4009_/X
 _4010_/X
 _4011_/X
 _4012_/X
 _4013_/X
 _4014_/X
 _4015_/X
 _4016_/X
 _4017_/X
 _4018_/X
 _4019_/X
 _4020_/X
 _4021_/X
 _4022_/X
 _4023_/X
 _4024_/X
 _4025_/X
 _4026_/X
 _4027_/X
 _4028_/X
 _4029_/X
 _4030_/X
 _4031_/X
 _4032_/X
 _4033_/X
 _4034_/X
 _4035_/X
 _4036_/X
 _4037_/X
 _4038_/X
 _4039_/X
 _4040_/X
 _4041_/X
 _4042_/X
 _4043_/X
 _4044_/X
 _4045_/X
 _4046_/X
 _4047_/X
 _4048_/X
 _4049_/X
 _4050_/X
 _4051_/X
 _4052_/X
 _4053_/X
 _4054_/X
 _4055_/X
 _4056_/X
 _4057_/X
 _4058_/X
 _4059_/X
 _4060_/X
 _4061_/X
 _4062_/Q
 _4063_/Q
 _4064_/Q
 _4065_/Q
 _4066_/Q
 _4067_/Q
 _4068_/Q
 _4069_/Q
 _4070_/Q
 _4071_/Q
 _4072_/Q
 _4073_/Q
 _4074_/Q
 _4075_/Q
 _4076_/Q
 _4077_/Q
 _4078_/Q
 _4079_/Q
 _4080_/Q
 _4081_/Q
 _4082_/Q
 _4083_/Q
 _4084_/Q
 _4085_/Q
 _4086_/Q
 _4087_/Q
 _4088_/Q
 _4089_/Q
 _4090_/Q
 _4091_/Q
 _4092_/Q
 _4093_/Q
 _4094_/Q
 _4095_/Q
 _4096_/Q
 _4097_/Q
 _4098_/Q
 _4099_/Q
 _4100_/Q
 _4101_/Q
 _4102_/Q
 _4103_/Q
 _4104_/Q
 _4105_/Q
 _4106_/Q
 _4107_/Q
 _4108_/Q
 _4109_/Q
 _4110_/Q
 _4111_/Q
 _4112_/Q
 _4113_/Q
 _4114_/Q
 _4115_/Q
 _4116_/Q
 _4117_/Q
 _4118_/Q
 _4119_/Q
 _4120_/Q
 _4121_/Q
 _4122_/Q
 _4123_/Q
 _4124_/Q
 _4125_/Q
 _4126_/Q
 _4127_/Q
 _4128_/Q
 _4129_/Q
 _4130_/Q
 _4131_/Q
 _4132_/Q
 _4133_/Q
 _4134_/Q
 _4135_/Q
 _4136_/Q
 _4137_/Q
 _4138_/Q
 _4139_/Q
 _4140_/Q
 _4141_/Q
 _4142_/Q
 _4143_/Q
 _4144_/Q
 _4145_/Q
 _4146_/Q
 _4147_/Q
 _4148_/Q
 _4149_/Q
 _4150_/Q
 _4151_/Q
 _4152_/Q
 _4153_/Q
 _4154_/Q
 _4155_/Q
 _4156_/Q
 _4157_/Q
 _4158_/Q
 _4159_/Q
 _4160_/Q
 _4161_/Q
 _4162_/Q
 _4163_/Q
 _4164_/Q
 _4165_/Q
 _4166_/Q
 _4167_/Q
 _4168_/Q
 _4169_/Q
 _4170_/Q
 _4171_/Q
 _4172_/Q
 _4173_/Q
 _4174_/Q
 _4175_/Q
 _4176_/Q
 _4177_/Q
 _4178_/Q
 _4179_/Q
 _4180_/Q
 _4181_/Q
 _4182_/Q
 _4183_/Q
 _4184_/Q
 _4185_/Q
 _4186_/Q
 _4187_/Q
 _4188_/Q
 _4189_/Q
 _4190_/Q
 _4191_/Q
 _4192_/Q
 _4193_/Q
 _4194_/Q
 _4195_/Q
 _4196_/Q
 _4197_/Q
 _4198_/Q
 _4199_/Q
 _4200_/Q
 _4201_/Q
 _4202_/Q
 _4203_/Q
 _4204_/Q
 _4205_/Q
 _4206_/Q
 _4207_/Q
 _4208_/Q
 _4209_/Q
 _4210_/Q
 _4211_/Q
 _4212_/Q
 _4213_/Q
 _4214_/Q
 _4215_/Q
 _4216_/Q
 _4217_/Q
 _4218_/Q
 _4219_/Q
 _4220_/Q
 _4221_/Q
 _4222_/Q
 _4223_/Q
 _4224_/Q
 _4225_/Q
 _4226_/Q
 _4227_/Q
 _4228_/Q
 _4229_/Q
 _4230_/Q
 _4231_/Q
 _4232_/Q
 _4233_/Q
 _4234_/Q
 _4235_/Q
 _4236_/Q
 _4237_/Q
 _4238_/Q
 _4239_/Q
 _4240_/Q
 _4241_/Q
 _4242_/Q
 _4243_/Q
 _4244_/Q
 _4245_/Q
 _4246_/Q
 _4247_/Q
 _4248_/Q
 _4249_/Q
 _4250_/Q
 _4251_/Q
 _4252_/Q
 _4253_/Q
 _4254_/Q
 _4255_/Q
 _4256_/Q
 _4257_/Q
 _4258_/Q
 _4259_/Q
 _4260_/Q
 _4261_/Q
 _4262_/Q
 _4263_/Q
 _4264_/Q
 _4265_/Q
 _4266_/Q
 _4267_/Q
 _4268_/Q
 _4269_/Q
 _4270_/Q
 _4271_/Q
 _4272_/Q
 _4273_/Q
 _4274_/Q
 _4275_/Q
 _4276_/Q
 _4277_/Q
 _4278_/Q
 _4279_/Q
 _4280_/Q
 _4281_/Q
 _4282_/Q
 _4283_/Q
 _4284_/Q
 _4285_/Q
 _4286_/Q
 _4287_/Q
 _4288_/Q
 _4289_/Q
 _4290_/Q
 _4291_/Q
 _4292_/Q
 _4293_/Q
 _4294_/Q
 _4295_/Q
 _4296_/Q
 _4297_/Q
 _4298_/Q
 _4299_/Q
 _4300_/Q
 _4301_/Q
 _4302_/Q
 _4303_/Q
 _4304_/Q
 _4305_/Q
 _4306_/Q
 _4307_/Q
 _4308_/Q
 _4309_/Q
 _4310_/Q
 _4311_/Q
 _4312_/Q
 _4313_/Q
 _4314_/Q
 _4315_/Q
 _4316_/Q
 _4317_/Q
 _4318_/Q
 _4319_/Q
 _4320_/Q
 _4321_/Q
 _4322_/Q
 _4323_/Q
 _4324_/Q
 _4325_/Q
 _4326_/Q
 _4327_/Q
 _4328_/Q
 _4329_/Q
 _4330_/Q
 _4331_/Q
 _4332_/Q
 _4333_/Q
 _4334_/Q
 _4335_/Q
 _4336_/Q
 _4337_/Q
 _4338_/Q
 _4339_/Q
 _4340_/Q
 _4341_/Q
 _4342_/Q
 _4343_/Q
 _4344_/Q
 _4345_/Q
 _4346_/Q
 _4347_/Q
 _4348_/Q
 _4349_/Q
 _4350_/Q
 _4351_/Q
 _4352_/Q
 _4353_/Q
 _4354_/Q
 _4355_/Q
 _4356_/Q
 _4357_/Q
 _4358_/Q
 _4359_/Q
 _4360_/Q
 _4361_/Q
 _4362_/Q
 _4363_/Q
 _4364_/Q
 _4365_/Q
 _4366_/Q
 _4367_/Q
 _4368_/Q
 _4369_/Q
 _4370_/Q
 _4371_/Q
 _4372_/Q
 _4373_/Q
 _4374_/Q
 _4375_/Q
 _4376_/Q
 _4377_/Q
 _4378_/Q
 _4379_/Q
 _4380_/Q
 _4381_/Q
 _4382_/Q
 _4383_/Q
 _4384_/Q
 _4385_/Q
 _4386_/Q
 _4387_/Q
 _4388_/Q
 _4389_/Q
 _4390_/Q
 _4391_/Q
 _4392_/Q
 _4393_/Q
 _4394_/Q
 _4395_/Q
 _4396_/Q
 _4397_/Q
 _4398_/Q
 _4399_/Q
 _4400_/Q
 _4401_/Q
 _4402_/Q
 _4403_/Q
 _4404_/Q
 _4405_/Q
 _4406_/Q
 _4407_/Q
 _4408_/Q
 _4409_/Q
 _4410_/Q
 _4411_/Q
 _4412_/Q
 _4413_/Q
 _4414_/Q
 _4415_/Q
 _4416_/Q
 _4417_/Q
 _4418_/Q
 _4419_/Q
 _4420_/Q
 _4421_/Q
 _4422_/Q
 _4423_/Q
 _4424_/Q
 _4425_/Q
 _4426_/Q
 _4427_/Q
 _4428_/Q
 _4429_/Q
 _4430_/Q
 _4431_/Q
 _4432_/Q
 _4433_/Q
 _4434_/Q
 _4435_/Q
 _4436_/Q
 _4437_/Q
 _4438_/Q
 _4439_/Q
 _4440_/Q
 _4441_/Q
 _4442_/Q
 _4443_/Q
 _4444_/Q
 _4445_/Q
 _4446_/Q
 _4447_/Q
 _4448_/Q
 _4449_/Q
 _4450_/Q
 _4451_/Q
 _4452_/Q
 _4453_/Q
 _4454_/Q
 _4455_/Q
 _4456_/Q
 _4457_/Q
 _4458_/Q
 _4459_/Q
 _4460_/Q
 _4461_/Q
 _4462_/Q
 _4463_/Q
 _4464_/Q
 _4465_/Q
 _4466_/Q
 _4467_/Q
 _4468_/Q
 _4469_/Q
 _4470_/Q
 _4471_/Q
Found 0 partially unannotated drivers.

===========================================================================
max slew violation count 0
max fanout violation count 0
max cap violation count 0
============================================================================

===========================================================================
check_setup -verbose -unconstrained_endpoints -multiple_clock -no_clock -no_input_delay -loops -generated_clocks
===========================================================================
Warning: There are 2 input ports missing set_input_delay.
  btn_next
  btn_rst
Warning: There are 14 unconstrained endpoints.
  seg_high[0]
  seg_high[1]
  seg_high[2]
  seg_high[3]
  seg_high[4]
  seg_high[5]
  seg_high[6]
  seg_low[0]
  seg_low[1]
  seg_low[2]
  seg_low[3]
  seg_low[4]
  seg_low[5]
  seg_low[6]
