Thu Jun 05 09:32:55 +0000 2025 - Executing "{openroad -exit -no_init -python /openlane/scripts/odbpy/lefutil.py get_metal_layers -o /openlane/designs/Fifth_Project/runs/RUN_2025.06.05_09.32.55/tmp/layers.list /home/bugrakurgn/.volare/sky130A/libs.ref/sky130_fd_sc_hd/techlef/sky130_fd_sc_hd__nom.tlef}"

Thu Jun 05 09:32:56 +0000 2025 - Executing "{/openlane/scripts/mergeLef.py -o /openlane/designs/Fifth_Project/runs/RUN_2025.06.05_09.32.55/tmp/merged.nom.lef -i /home/bugrakurgn/.volare/sky130A/libs.ref/sky130_fd_sc_hd/techlef/sky130_fd_sc_hd__nom.tlef {/home/bugrakurgn/.volare/sky130A/libs.ref/sky130_fd_sc_hd/lef/sky130_ef_sc_hd.lef /home/bugrakurgn/.volare/sky130A/libs.ref/sky130_fd_sc_hd/lef/sky130_fd_sc_hd.lef} |& tee /dev/null}"

Thu Jun 05 09:32:56 +0000 2025 - Executing "{/openlane/scripts/mergeLef.py -o /openlane/designs/Fifth_Project/runs/RUN_2025.06.05_09.32.55/tmp/merged.min.lef -i /home/bugrakurgn/.volare/sky130A/libs.ref/sky130_fd_sc_hd/techlef/sky130_fd_sc_hd__min.tlef {/home/bugrakurgn/.volare/sky130A/libs.ref/sky130_fd_sc_hd/lef/sky130_ef_sc_hd.lef /home/bugrakurgn/.volare/sky130A/libs.ref/sky130_fd_sc_hd/lef/sky130_fd_sc_hd.lef} |& tee /dev/null}"

Thu Jun 05 09:32:56 +0000 2025 - Executing "{/openlane/scripts/mergeLef.py -o /openlane/designs/Fifth_Project/runs/RUN_2025.06.05_09.32.55/tmp/merged.max.lef -i /home/bugrakurgn/.volare/sky130A/libs.ref/sky130_fd_sc_hd/techlef/sky130_fd_sc_hd__max.tlef {/home/bugrakurgn/.volare/sky130A/libs.ref/sky130_fd_sc_hd/lef/sky130_ef_sc_hd.lef /home/bugrakurgn/.volare/sky130A/libs.ref/sky130_fd_sc_hd/lef/sky130_fd_sc_hd.lef} |& tee /dev/null}"

Thu Jun 05 09:32:56 +0000 2025 - Executing "{python3 /openlane/scripts/mergeLib.py --output /openlane/designs/Fifth_Project/runs/RUN_2025.06.05_09.32.55/tmp/synthesis/merged.lib --name sky130A_merged /home/bugrakurgn/.volare/sky130A/libs.ref/sky130_fd_sc_hd/lib/sky130_fd_sc_hd__tt_025C_1v80.lib}"

Thu Jun 05 09:32:56 +0000 2025 - Executing "{python3 /openlane/scripts/libtrim.py --cell-file /openlane/designs/Fifth_Project/runs/RUN_2025.06.05_09.32.55/tmp/synthesis/trimmed.lib.exclude.list --output /openlane/designs/Fifth_Project/runs/RUN_2025.06.05_09.32.55/tmp/synthesis/trimmed.lib /openlane/designs/Fifth_Project/runs/RUN_2025.06.05_09.32.55/tmp/synthesis/merged.lib}"

Thu Jun 05 09:32:56 +0000 2025 - Executing "{python3 /openlane/scripts/libtrim.py --cell-file /openlane/designs/Fifth_Project/runs/RUN_2025.06.05_09.32.55/tmp/cts/cts.lib.exclude.list --output /openlane/designs/Fifth_Project/runs/RUN_2025.06.05_09.32.55/tmp/cts/cts.lib /home/bugrakurgn/.volare/sky130A/libs.ref/sky130_fd_sc_hd/lib/sky130_fd_sc_hd__tt_025C_1v80.lib}"

Thu Jun 05 09:32:57 +0000 2025 - Executing "{python3 /openlane/scripts/libtrim.py --cell-file /openlane/designs/Fifth_Project/runs/RUN_2025.06.05_09.32.55/tmp/cts/cts-fastest.lib.exclude.list --output /openlane/designs/Fifth_Project/runs/RUN_2025.06.05_09.32.55/tmp/cts/cts-fastest.lib /home/bugrakurgn/.volare/sky130A/libs.ref/sky130_fd_sc_hd/lib/sky130_fd_sc_hd__ff_n40C_1v95.lib}"

Thu Jun 05 09:32:57 +0000 2025 - Executing "{python3 /openlane/scripts/libtrim.py --cell-file /openlane/designs/Fifth_Project/runs/RUN_2025.06.05_09.32.55/tmp/cts/cts-slowest.lib.exclude.list --output /openlane/designs/Fifth_Project/runs/RUN_2025.06.05_09.32.55/tmp/cts/cts-slowest.lib /home/bugrakurgn/.volare/sky130A/libs.ref/sky130_fd_sc_hd/lib/sky130_fd_sc_hd__ss_100C_1v60.lib}"

Thu Jun 05 09:32:58 +0000 2025 - Executing "{python3 /openlane/scripts/new_tracks.py -i /home/bugrakurgn/.volare/sky130A/libs.tech/openlane/sky130_fd_sc_hd/tracks.info -o /openlane/designs/Fifth_Project/runs/RUN_2025.06.05_09.32.55/tmp/routing/config.tracks}"

Thu Jun 05 09:32:58 +0000 2025 - Executing "{echo {OpenLane e73fb3c57e687a0023fcd4dcfd1566ecd478362a} > /openlane/designs/Fifth_Project/runs/RUN_2025.06.05_09.32.55/OPENLANE_COMMIT}"

Thu Jun 05 09:32:58 +0000 2025 - Executing "{yosys -c /openlane/scripts/yosys/blackbox.tcl}"

Thu Jun 05 09:32:58 +0000 2025 - Executing "{verilator -Wall --lint-only --Wno-DECLFILENAME --top-module semi_cpu_top /openlane/designs/Fifth_Project/runs/RUN_2025.06.05_09.32.55/tmp/synthesis/blackbox/sky130_fd_sc_hd__blackbox.v /openlane/designs/Fifth_Project/src/cse224_lab5_20210702025.v -Wno-fatal --relative-includes |& tee /openlane/designs/Fifth_Project/runs/RUN_2025.06.05_09.32.55/logs/synthesis/linter.log /dev/null}"

Thu Jun 05 09:32:58 +0000 2025 - Executing "{sed -E {s/^([[:space:]]+)pg_pin(.*)/\1pin\2\n\1    direction : "inout";/g} /home/bugrakurgn/.volare/sky130A/libs.ref/sky130_fd_sc_hd/lib/sky130_fd_sc_hd__tt_025C_1v80.lib > /openlane/designs/Fifth_Project/runs/RUN_2025.06.05_09.32.55/tmp/synthesis/1-sky130_fd_sc_hd__tt_025C_1v80.no_pg.lib}"

Thu Jun 05 09:32:58 +0000 2025 - Executing "{sed -E {s/^([[:space:]]+)pg_pin(.*)/\1pin\2\n\1    direction : "inout";/g} /openlane/designs/Fifth_Project/runs/RUN_2025.06.05_09.32.55/tmp/synthesis/trimmed.lib > /openlane/designs/Fifth_Project/runs/RUN_2025.06.05_09.32.55/tmp/synthesis/1-trimmed.no_pg.lib}"

Thu Jun 05 09:32:58 +0000 2025 - Executing "yosys -c /openlane/scripts/yosys/synth.tcl |& tee /dev/null /openlane/designs/Fifth_Project/runs/RUN_2025.06.05_09.32.55/logs/synthesis/1-synthesis.log"

Thu Jun 05 09:32:58 +0000 2025 - Executing "{yosys -c /openlane/scripts/yosys/synth.tcl |& tee /dev/null /openlane/designs/Fifth_Project/runs/RUN_2025.06.05_09.32.55/logs/synthesis/1-synthesis.log}"

Thu Jun 05 09:33:02 +0000 2025 - Executing "{sed -i.bak -e {s/\(set ::env(CURRENT_NETLIST)\).*/\1 \/openlane\/designs\/Fifth_Project\/runs\/RUN_2025.06.05_09.32.55\/results\/synthesis\/semi_cpu_top.v/} /openlane/designs/Fifth_Project/runs/RUN_2025.06.05_09.32.55/config.tcl}"

Thu Jun 05 09:33:02 +0000 2025 - Executing "{sed -i.bak /defparam/d /openlane/designs/Fifth_Project/runs/RUN_2025.06.05_09.32.55/results/synthesis/semi_cpu_top.v}"

Thu Jun 05 09:33:02 +0000 2025 - Executing "sta -exit -no_init /openlane/scripts/openroad/sta/multi_corner.tcl |& tee /dev/null /openlane/designs/Fifth_Project/runs/RUN_2025.06.05_09.32.55/logs/synthesis/2-sta.log"

Thu Jun 05 09:33:02 +0000 2025 - Executing "{sta -exit -no_init /openlane/scripts/openroad/sta/multi_corner.tcl |& tee /dev/null /openlane/designs/Fifth_Project/runs/RUN_2025.06.05_09.32.55/logs/synthesis/2-sta.log}"

Thu Jun 05 09:33:03 +0000 2025 - Executing "openroad -exit /openlane/scripts/openroad/floorplan.tcl |& tee /dev/null /openlane/designs/Fifth_Project/runs/RUN_2025.06.05_09.32.55/logs/floorplan/3-initial_fp.log"

Thu Jun 05 09:33:03 +0000 2025 - Executing "{openroad -exit /openlane/scripts/openroad/floorplan.tcl |& tee /dev/null /openlane/designs/Fifth_Project/runs/RUN_2025.06.05_09.32.55/logs/floorplan/3-initial_fp.log}"

Thu Jun 05 09:33:04 +0000 2025 - Executing "{openroad -exit -no_init -python /openlane/scripts/odbpy/defutil.py extract_core_dims --output-data /openlane/designs/Fifth_Project/runs/RUN_2025.06.05_09.32.55/tmp/dimensions.txt --input-lef /openlane/designs/Fifth_Project/runs/RUN_2025.06.05_09.32.55/tmp/merged.nom.lef /openlane/designs/Fifth_Project/runs/RUN_2025.06.05_09.32.55/tmp/floorplan/3-initial_fp.def}"

Thu Jun 05 09:33:04 +0000 2025 - Executing "{openroad -exit -no_init -python /openlane/scripts/odbpy/io_place.py --config /openlane/designs/Fifth_Project/pin_order.cfg --hor-layer met3 --ver-layer met2 --ver-width-mult 2 --hor-width-mult 2 --hor-extension 0 --ver-extension 0 --length 4 --unmatched-error --input-lef /openlane/designs/Fifth_Project/runs/RUN_2025.06.05_09.32.55/tmp/merged.nom.lef --output-def /openlane/designs/Fifth_Project/runs/RUN_2025.06.05_09.32.55/tmp/floorplan/4-io.def --output /openlane/designs/Fifth_Project/runs/RUN_2025.06.05_09.32.55/tmp/floorplan/4-io.odb /openlane/designs/Fifth_Project/runs/RUN_2025.06.05_09.32.55/tmp/floorplan/3-initial_fp.odb |& tee /dev/null /openlane/designs/Fifth_Project/runs/RUN_2025.06.05_09.32.55/logs/floorplan/4-place_io.log}"

Thu Jun 05 09:33:05 +0000 2025 - Executing "openroad -exit /openlane/scripts/openroad/tapcell.tcl |& tee /dev/null /openlane/designs/Fifth_Project/runs/RUN_2025.06.05_09.32.55/logs/floorplan/5-tap.log"

Thu Jun 05 09:33:05 +0000 2025 - Executing "{openroad -exit /openlane/scripts/openroad/tapcell.tcl |& tee /dev/null /openlane/designs/Fifth_Project/runs/RUN_2025.06.05_09.32.55/logs/floorplan/5-tap.log}"

Thu Jun 05 09:33:05 +0000 2025 - Executing "openroad -exit /openlane/scripts/openroad/pdn.tcl |& tee /dev/null /openlane/designs/Fifth_Project/runs/RUN_2025.06.05_09.32.55/logs/floorplan/6-pdn.log"

Thu Jun 05 09:33:05 +0000 2025 - Executing "{openroad -exit /openlane/scripts/openroad/pdn.tcl |& tee /dev/null /openlane/designs/Fifth_Project/runs/RUN_2025.06.05_09.32.55/logs/floorplan/6-pdn.log}"

Thu Jun 05 09:33:06 +0000 2025 - Executing "{openroad -exit -no_init -python /openlane/scripts/odbpy/random_place.py --input-lef /openlane/designs/Fifth_Project/runs/RUN_2025.06.05_09.32.55/tmp/merged.nom.lef --output-def /openlane/designs/Fifth_Project/runs/RUN_2025.06.05_09.32.55/tmp/placement/7-global.def --output /openlane/designs/Fifth_Project/runs/RUN_2025.06.05_09.32.55/tmp/placement/7-global.odb /openlane/designs/Fifth_Project/runs/RUN_2025.06.05_09.32.55/results/floorplan/semi_cpu_top.odb |& tee /dev/null /openlane/designs/Fifth_Project/runs/RUN_2025.06.05_09.32.55/logs/placement/7-global.log}"

Thu Jun 05 09:33:07 +0000 2025 - Executing "openroad -exit /openlane/scripts/openroad/resizer.tcl |& tee /dev/null /openlane/designs/Fifth_Project/runs/RUN_2025.06.05_09.32.55/logs/placement/8-resizer.log"

Thu Jun 05 09:33:07 +0000 2025 - Executing "{openroad -exit /openlane/scripts/openroad/resizer.tcl |& tee /dev/null /openlane/designs/Fifth_Project/runs/RUN_2025.06.05_09.32.55/logs/placement/8-resizer.log}"

Thu Jun 05 09:33:09 +0000 2025 - Executing "{sed -i.bak -e {s/\(set ::env(CURRENT_NETLIST)\).*/\1 \/openlane\/designs\/Fifth_Project\/runs\/RUN_2025.06.05_09.32.55\/tmp\/placement\/8-resizer.nl.v/} /openlane/designs/Fifth_Project/runs/RUN_2025.06.05_09.32.55/config.tcl}"

Thu Jun 05 09:33:09 +0000 2025 - Executing "openroad -exit /openlane/scripts/openroad/dpl.tcl |& tee /dev/null /openlane/designs/Fifth_Project/runs/RUN_2025.06.05_09.32.55/logs/placement/9-detailed.log"

Thu Jun 05 09:33:09 +0000 2025 - Executing "{openroad -exit /openlane/scripts/openroad/dpl.tcl |& tee /dev/null /openlane/designs/Fifth_Project/runs/RUN_2025.06.05_09.32.55/logs/placement/9-detailed.log}"

Thu Jun 05 09:33:10 +0000 2025 - Executing "{sed -i.bak -e {s/\(set ::env(CURRENT_NETLIST)\).*/\1 \/openlane\/designs\/Fifth_Project\/runs\/RUN_2025.06.05_09.32.55\/results\/placement\/semi_cpu_top.nl.v/} /openlane/designs/Fifth_Project/runs/RUN_2025.06.05_09.32.55/config.tcl}"

Thu Jun 05 09:33:10 +0000 2025 - Executing "openroad -exit /openlane/scripts/openroad/sta/multi_corner.tcl |& tee /dev/null /openlane/designs/Fifth_Project/runs/RUN_2025.06.05_09.32.55/logs/placement/10-dpl_sta.log"

Thu Jun 05 09:33:10 +0000 2025 - Executing "{openroad -exit /openlane/scripts/openroad/sta/multi_corner.tcl |& tee /dev/null /openlane/designs/Fifth_Project/runs/RUN_2025.06.05_09.32.55/logs/placement/10-dpl_sta.log}"

Thu Jun 05 09:33:11 +0000 2025 - Executing "openroad -exit /openlane/scripts/openroad/cts.tcl |& tee /dev/null /openlane/designs/Fifth_Project/runs/RUN_2025.06.05_09.32.55/logs/cts/11-cts.log"

Thu Jun 05 09:33:11 +0000 2025 - Executing "{openroad -exit /openlane/scripts/openroad/cts.tcl |& tee /dev/null /openlane/designs/Fifth_Project/runs/RUN_2025.06.05_09.32.55/logs/cts/11-cts.log}"

Thu Jun 05 09:33:20 +0000 2025 - Executing "openroad -exit /openlane/scripts/openroad/sta/multi_corner.tcl |& tee /dev/null /openlane/designs/Fifth_Project/runs/RUN_2025.06.05_09.32.55/logs/cts/12-cts_sta.log"

Thu Jun 05 09:33:20 +0000 2025 - Executing "{openroad -exit /openlane/scripts/openroad/sta/multi_corner.tcl |& tee /dev/null /openlane/designs/Fifth_Project/runs/RUN_2025.06.05_09.32.55/logs/cts/12-cts_sta.log}"

Thu Jun 05 09:33:21 +0000 2025 - Executing "openroad -exit /openlane/scripts/openroad/resizer_timing.tcl |& tee /dev/null /openlane/designs/Fifth_Project/runs/RUN_2025.06.05_09.32.55/logs/cts/13-resizer.log"

Thu Jun 05 09:33:21 +0000 2025 - Executing "{openroad -exit /openlane/scripts/openroad/resizer_timing.tcl |& tee /dev/null /openlane/designs/Fifth_Project/runs/RUN_2025.06.05_09.32.55/logs/cts/13-resizer.log}"

Thu Jun 05 09:33:38 +0000 2025 - Executing "{sed -i.bak -e {s/\(set ::env(CURRENT_NETLIST)\).*/\1 \/openlane\/designs\/Fifth_Project\/runs\/RUN_2025.06.05_09.32.55\/tmp\/cts\/13-semi_cpu_top.resized.nl.v/} /openlane/designs/Fifth_Project/runs/RUN_2025.06.05_09.32.55/config.tcl}"

Thu Jun 05 09:33:38 +0000 2025 - Executing "openroad -exit /openlane/scripts/openroad/resizer_routing_design.tcl |& tee /dev/null /openlane/designs/Fifth_Project/runs/RUN_2025.06.05_09.32.55/logs/routing/14-resizer_design.log"

Thu Jun 05 09:33:38 +0000 2025 - Executing "{openroad -exit /openlane/scripts/openroad/resizer_routing_design.tcl |& tee /dev/null /openlane/designs/Fifth_Project/runs/RUN_2025.06.05_09.32.55/logs/routing/14-resizer_design.log}"

Thu Jun 05 09:33:56 +0000 2025 - Executing "{python3 /openlane/scripts/write_runtime.py --conclude --seconds --time-in 1749116036 {flow failed}}"

Thu Jun 05 09:33:56 +0000 2025 - Executing "{python3 /openlane/scripts/generate_reports.py -d /openlane/designs/Fifth_Project --design_name semi_cpu_top --tag RUN_2025.06.05_09.32.55 --output_file /openlane/designs/Fifth_Project/runs/RUN_2025.06.05_09.32.55/reports/metrics.csv --man_report /openlane/designs/Fifth_Project/runs/RUN_2025.06.05_09.32.55/reports/manufacturability.rpt --run_path /openlane/designs/Fifth_Project/runs/RUN_2025.06.05_09.32.55}"

